INFO: 2024-01-25 12:16:25 Argument batch_size: 8
INFO: 2024-01-25 12:16:25 Argument block_num: 9
INFO: 2024-01-25 12:16:25 Argument code_test: False
INFO: 2024-01-25 12:16:25 Argument cut_off: True
INFO: 2024-01-25 12:16:25 Argument data_train_path: ./../data/data_48/train/
INFO: 2024-01-25 12:16:25 Argument data_val_path: ./../data/data_48/val/data_val_chr19_48.npy
INFO: 2024-01-25 12:16:25 Argument device_id: 0
INFO: 2024-01-25 12:16:25 Argument dynamics: True
INFO: 2024-01-25 12:16:25 Argument early_stoppage_epochs: 5
INFO: 2024-01-25 12:16:25 Argument early_stoppage_start: 400
INFO: 2024-01-25 12:16:25 Argument epoch: 150
INFO: 2024-01-25 12:16:25 Argument learning_rate: None
INFO: 2024-01-25 12:16:25 Argument local_rank: 0
INFO: 2024-01-25 12:16:25 Argument loss: single_channel_L1_no_vgg
INFO: 2024-01-25 12:16:25 Argument max_HiC: 150
INFO: 2024-01-25 12:16:25 Argument num_gpu: 1
INFO: 2024-01-25 12:16:25 Argument num_workers: 1
INFO: 2024-01-25 12:16:25 Argument patch_size: 48
INFO: 2024-01-25 12:16:25 Argument resume_epoch: 0
INFO: 2024-01-25 12:16:25 Argument resume_path: None
INFO: 2024-01-25 12:16:25 Argument rgb: False
INFO: 2024-01-25 12:16:25 Argument train_dataset: hic
INFO: 2024-01-25 12:16:25 Argument val_datasets: ['hic']
INFO: Defualt learning rate schedule
INFO: 2024-01-25 12:17:02 epoch:0 dataset: 1/17 step: 0/203 time:1.28+16.56 loss_avg:2.8245e-01
INFO: 2024-01-25 12:17:04 epoch:0 dataset: 1/17 step: 1/203 time:0.01+1.40 loss_avg:2.7487e-01
INFO: 2024-01-25 12:17:05 epoch:0 dataset: 1/17 step: 2/203 time:0.02+1.45 loss_avg:3.0299e-01
INFO: 2024-01-25 12:17:06 epoch:0 dataset: 1/17 step: 3/203 time:0.01+1.39 loss_avg:3.3876e-01
INFO: 2024-01-25 12:17:08 epoch:0 dataset: 1/17 step: 4/203 time:0.01+1.40 loss_avg:2.7740e-01
INFO: 2024-01-25 12:17:09 epoch:0 dataset: 1/17 step: 5/203 time:0.01+1.41 loss_avg:2.8804e-01
INFO: 2024-01-25 12:17:11 epoch:0 dataset: 1/17 step: 6/203 time:0.01+1.37 loss_avg:3.1715e-01
INFO: 2024-01-25 12:17:12 epoch:0 dataset: 1/17 step: 7/203 time:0.00+1.37 loss_avg:3.2875e-01
INFO: 2024-01-25 12:17:13 epoch:0 dataset: 1/17 step: 8/203 time:0.01+1.37 loss_avg:2.7455e-01
INFO: 2024-01-25 12:17:15 epoch:0 dataset: 1/17 step: 9/203 time:0.01+1.45 loss_avg:2.7585e-01
INFO: 2024-01-25 12:17:16 epoch:0 dataset: 1/17 step: 10/203 time:0.01+1.46 loss_avg:3.3938e-01
INFO: 2024-01-25 12:17:18 epoch:0 dataset: 1/17 step: 11/203 time:0.01+1.53 loss_avg:2.8418e-01
INFO: 2024-01-25 12:17:19 epoch:0 dataset: 1/17 step: 12/203 time:0.01+1.08 loss_avg:2.6814e-01
INFO: 2024-01-25 12:17:20 epoch:0 dataset: 1/17 step: 13/203 time:0.00+1.32 loss_avg:2.9145e-01
INFO: 2024-01-25 12:17:22 epoch:0 dataset: 1/17 step: 14/203 time:0.03+1.50 loss_avg:2.8362e-01
INFO: 2024-01-25 12:17:23 epoch:0 dataset: 1/17 step: 15/203 time:0.02+1.42 loss_avg:3.1153e-01
INFO: 2024-01-25 12:17:25 epoch:0 dataset: 1/17 step: 16/203 time:0.02+1.43 loss_avg:3.3470e-01
INFO: 2024-01-25 12:17:26 epoch:0 dataset: 1/17 step: 17/203 time:0.01+1.38 loss_avg:2.6998e-01
INFO: 2024-01-25 12:17:28 epoch:0 dataset: 1/17 step: 18/203 time:0.02+1.39 loss_avg:3.1375e-01
INFO: 2024-01-25 12:17:29 epoch:0 dataset: 1/17 step: 19/203 time:0.01+1.40 loss_avg:2.8009e-01
INFO: 2024-01-25 12:17:30 epoch:0 dataset: 1/17 step: 20/203 time:0.02+1.40 loss_avg:2.7674e-01
INFO: 2024-01-25 12:17:32 epoch:0 dataset: 1/17 step: 21/203 time:0.02+1.41 loss_avg:2.8913e-01
INFO: 2024-01-25 12:17:33 epoch:0 dataset: 1/17 step: 22/203 time:0.02+1.23 loss_avg:2.5222e-01
INFO: 2024-01-25 12:17:34 epoch:0 dataset: 1/17 step: 23/203 time:0.00+0.52 loss_avg:2.9108e-01
INFO: 2024-01-25 12:17:34 epoch:0 dataset: 1/17 step: 24/203 time:0.00+0.51 loss_avg:2.7257e-01
INFO: 2024-01-25 12:17:35 epoch:0 dataset: 1/17 step: 25/203 time:0.00+0.52 loss_avg:3.0509e-01
INFO: 2024-01-25 12:17:35 epoch:0 dataset: 1/17 step: 26/203 time:0.00+0.57 loss_avg:2.8283e-01
INFO: 2024-01-25 12:17:36 epoch:0 dataset: 1/17 step: 27/203 time:0.00+0.58 loss_avg:3.2441e-01
INFO: 2024-01-25 12:17:36 epoch:0 dataset: 1/17 step: 28/203 time:0.00+0.49 loss_avg:2.9357e-01
INFO: 2024-01-25 12:17:37 epoch:0 dataset: 1/17 step: 29/203 time:0.00+0.57 loss_avg:2.9757e-01
INFO: 2024-01-25 12:17:38 epoch:0 dataset: 1/17 step: 30/203 time:0.03+1.38 loss_avg:3.2443e-01
INFO: 2024-01-25 12:17:40 epoch:0 dataset: 1/17 step: 31/203 time:0.03+1.38 loss_avg:2.6418e-01
INFO: 2024-01-25 12:17:41 epoch:0 dataset: 1/17 step: 32/203 time:0.03+1.41 loss_avg:2.7721e-01
INFO: 2024-01-25 12:17:42 epoch:0 dataset: 1/17 step: 33/203 time:0.01+0.81 loss_avg:2.6060e-01
INFO: 2024-01-25 12:17:43 epoch:0 dataset: 1/17 step: 34/203 time:0.03+1.22 loss_avg:3.0501e-01
INFO: 2024-01-25 12:17:44 epoch:0 dataset: 1/17 step: 35/203 time:0.01+0.78 loss_avg:3.3773e-01
INFO: 2024-01-25 12:17:45 epoch:0 dataset: 1/17 step: 36/203 time:0.03+1.39 loss_avg:3.0601e-01
INFO: 2024-01-25 12:17:47 epoch:0 dataset: 1/17 step: 37/203 time:0.03+1.45 loss_avg:2.9461e-01
INFO: 2024-01-25 12:17:48 epoch:0 dataset: 1/17 step: 38/203 time:0.03+1.17 loss_avg:2.5133e-01
INFO: 2024-01-25 12:17:49 epoch:0 dataset: 1/17 step: 39/203 time:0.03+1.42 loss_avg:3.0719e-01
INFO: 2024-01-25 12:17:52 epoch:0 dataset: 1/17 step: 40/203 time:0.03+2.20 loss_avg:2.9825e-01
INFO: 2024-01-25 12:17:53 epoch:0 dataset: 1/17 step: 41/203 time:0.03+1.41 loss_avg:2.5743e-01
INFO: 2024-01-25 12:17:54 epoch:0 dataset: 1/17 step: 42/203 time:0.01+0.58 loss_avg:2.7369e-01
INFO: 2024-01-25 12:17:55 epoch:0 dataset: 1/17 step: 43/203 time:0.00+0.93 loss_avg:2.0362e-01
INFO: 2024-01-25 12:17:56 epoch:0 dataset: 1/17 step: 44/203 time:0.00+1.26 loss_avg:2.7747e-01
INFO: 2024-01-25 12:17:57 epoch:0 dataset: 1/17 step: 45/203 time:0.03+1.41 loss_avg:2.5535e-01
INFO: 2024-01-25 12:17:59 epoch:0 dataset: 1/17 step: 46/203 time:0.01+1.24 loss_avg:3.2981e-01
INFO: 2024-01-25 12:18:01 epoch:0 dataset: 1/17 step: 47/203 time:0.00+2.59 loss_avg:2.7660e-01
INFO: 2024-01-25 12:18:02 epoch:0 dataset: 1/17 step: 48/203 time:0.01+0.92 loss_avg:2.5884e-01
INFO: 2024-01-25 12:18:04 epoch:0 dataset: 1/17 step: 49/203 time:0.01+1.48 loss_avg:2.5951e-01
INFO: 2024-01-25 12:18:05 epoch:0 dataset: 1/17 step: 50/203 time:0.01+1.49 loss_avg:2.8206e-01
INFO: 2024-01-25 12:18:07 epoch:0 dataset: 1/17 step: 51/203 time:0.01+1.48 loss_avg:2.8602e-01
INFO: 2024-01-25 12:18:08 epoch:0 dataset: 1/17 step: 52/203 time:0.01+1.43 loss_avg:2.0461e-01
INFO: 2024-01-25 12:18:09 epoch:0 dataset: 1/17 step: 53/203 time:0.01+1.38 loss_avg:3.0978e-01
INFO: 2024-01-25 12:18:11 epoch:0 dataset: 1/17 step: 54/203 time:0.01+1.38 loss_avg:2.7527e-01
INFO: 2024-01-25 12:18:12 epoch:0 dataset: 1/17 step: 55/203 time:0.01+1.00 loss_avg:3.0624e-01
INFO: 2024-01-25 12:18:14 epoch:0 dataset: 1/17 step: 56/203 time:0.01+1.84 loss_avg:2.3544e-01
INFO: 2024-01-25 12:18:15 epoch:0 dataset: 1/17 step: 57/203 time:0.03+1.39 loss_avg:2.8329e-01
INFO: 2024-01-25 12:18:17 epoch:0 dataset: 1/17 step: 58/203 time:0.03+1.70 loss_avg:2.6921e-01
INFO: 2024-01-25 12:18:19 epoch:0 dataset: 1/17 step: 59/203 time:0.02+1.74 loss_avg:2.9112e-01
INFO: 2024-01-25 12:18:21 epoch:0 dataset: 1/17 step: 60/203 time:0.01+2.05 loss_avg:2.8301e-01
INFO: 2024-01-25 12:18:23 epoch:0 dataset: 1/17 step: 61/203 time:0.01+2.64 loss_avg:2.9410e-01
INFO: 2024-01-25 12:18:25 epoch:0 dataset: 1/17 step: 62/203 time:0.01+2.16 loss_avg:2.2731e-01
INFO: 2024-01-25 12:18:27 epoch:0 dataset: 1/17 step: 63/203 time:0.01+1.27 loss_avg:2.9014e-01
INFO: 2024-01-25 12:18:28 epoch:0 dataset: 1/17 step: 64/203 time:0.01+1.43 loss_avg:2.4270e-01
INFO: 2024-01-25 12:18:29 epoch:0 dataset: 1/17 step: 65/203 time:0.00+1.29 loss_avg:2.9154e-01
INFO: 2024-01-25 12:18:31 epoch:0 dataset: 1/17 step: 66/203 time:0.02+1.28 loss_avg:2.7276e-01
INFO: 2024-01-25 12:18:32 epoch:0 dataset: 1/17 step: 67/203 time:0.01+0.89 loss_avg:2.6927e-01
INFO: 2024-01-25 12:18:34 epoch:0 dataset: 1/17 step: 68/203 time:0.01+2.03 loss_avg:2.3462e-01
INFO: 2024-01-25 12:18:36 epoch:0 dataset: 1/17 step: 69/203 time:0.01+2.18 loss_avg:3.1453e-01
INFO: 2024-01-25 12:18:37 epoch:0 dataset: 1/17 step: 70/203 time:0.00+1.09 loss_avg:3.1172e-01
INFO: 2024-01-25 12:18:39 epoch:0 dataset: 1/17 step: 71/203 time:0.00+2.19 loss_avg:3.0032e-01
INFO: 2024-01-25 12:18:41 epoch:0 dataset: 1/17 step: 72/203 time:0.02+2.06 loss_avg:2.3455e-01
INFO: 2024-01-25 12:18:43 epoch:0 dataset: 1/17 step: 73/203 time:0.00+2.02 loss_avg:2.6385e-01
INFO: 2024-01-25 12:18:46 epoch:0 dataset: 1/17 step: 74/203 time:0.01+2.69 loss_avg:3.2835e-01
INFO: 2024-01-25 12:18:48 epoch:0 dataset: 1/17 step: 75/203 time:0.01+1.77 loss_avg:3.1215e-01
INFO: 2024-01-25 12:18:49 epoch:0 dataset: 1/17 step: 76/203 time:0.01+1.02 loss_avg:2.8422e-01
INFO: 2024-01-25 12:18:50 epoch:0 dataset: 1/17 step: 77/203 time:0.00+1.28 loss_avg:2.3702e-01
INFO: 2024-01-25 12:18:52 epoch:0 dataset: 1/17 step: 78/203 time:0.03+1.48 loss_avg:2.4075e-01
INFO: 2024-01-25 12:18:53 epoch:0 dataset: 1/17 step: 79/203 time:0.03+1.48 loss_avg:2.6781e-01
INFO: 2024-01-25 12:18:54 epoch:0 dataset: 1/17 step: 80/203 time:0.02+0.62 loss_avg:2.5340e-01
INFO: 2024-01-25 12:18:54 epoch:0 dataset: 1/17 step: 81/203 time:0.00+0.62 loss_avg:2.7613e-01
INFO: 2024-01-25 12:18:56 epoch:0 dataset: 1/17 step: 82/203 time:0.00+1.25 loss_avg:2.3860e-01
INFO: 2024-01-25 12:18:56 epoch:0 dataset: 1/17 step: 83/203 time:0.02+0.75 loss_avg:2.7156e-01
INFO: 2024-01-25 12:18:59 epoch:0 dataset: 1/17 step: 84/203 time:0.01+2.13 loss_avg:2.9843e-01
INFO: 2024-01-25 12:19:01 epoch:0 dataset: 1/17 step: 85/203 time:0.01+1.99 loss_avg:2.5057e-01
INFO: 2024-01-25 12:19:02 epoch:0 dataset: 1/17 step: 86/203 time:0.00+1.82 loss_avg:2.8856e-01
INFO: 2024-01-25 12:19:04 epoch:0 dataset: 1/17 step: 87/203 time:0.00+1.76 loss_avg:2.8578e-01
INFO: 2024-01-25 12:19:06 epoch:0 dataset: 1/17 step: 88/203 time:0.00+1.77 loss_avg:2.6376e-01
INFO: 2024-01-25 12:19:08 epoch:0 dataset: 1/17 step: 89/203 time:0.00+2.62 loss_avg:3.0647e-01
INFO: 2024-01-25 12:19:09 epoch:0 dataset: 1/17 step: 90/203 time:0.02+0.62 loss_avg:2.7981e-01
INFO: 2024-01-25 12:19:11 epoch:0 dataset: 1/17 step: 91/203 time:0.00+1.96 loss_avg:2.0711e-01
INFO: 2024-01-25 12:19:13 epoch:0 dataset: 1/17 step: 92/203 time:0.00+2.12 loss_avg:2.5915e-01
INFO: 2024-01-25 12:19:15 epoch:0 dataset: 1/17 step: 93/203 time:0.00+1.77 loss_avg:2.5626e-01
INFO: 2024-01-25 12:19:17 epoch:0 dataset: 1/17 step: 94/203 time:0.00+1.77 loss_avg:2.6347e-01
INFO: 2024-01-25 12:19:19 epoch:0 dataset: 1/17 step: 95/203 time:0.00+1.75 loss_avg:2.3449e-01
INFO: 2024-01-25 12:19:21 epoch:0 dataset: 1/17 step: 96/203 time:0.00+2.18 loss_avg:2.7937e-01
INFO: 2024-01-25 12:19:23 epoch:0 dataset: 1/17 step: 97/203 time:0.00+1.99 loss_avg:2.9193e-01
INFO: 2024-01-25 12:19:24 epoch:0 dataset: 1/17 step: 98/203 time:0.00+1.77 loss_avg:2.9420e-01
INFO: 2024-01-25 12:19:26 epoch:0 dataset: 1/17 step: 99/203 time:0.00+1.73 loss_avg:2.7425e-01
INFO: 2024-01-25 12:19:28 epoch:0 dataset: 1/17 step: 100/203 time:0.00+2.11 loss_avg:2.5035e-01
INFO: 2024-01-25 12:19:30 epoch:0 dataset: 1/17 step: 101/203 time:0.00+1.71 loss_avg:2.5434e-01
INFO: 2024-01-25 12:19:32 epoch:0 dataset: 1/17 step: 102/203 time:0.00+1.74 loss_avg:2.3565e-01
INFO: 2024-01-25 12:19:34 epoch:0 dataset: 1/17 step: 103/203 time:0.00+1.96 loss_avg:2.3518e-01
INFO: 2024-01-25 12:19:36 epoch:0 dataset: 1/17 step: 104/203 time:0.00+1.95 loss_avg:2.6788e-01
INFO: 2024-01-25 12:19:37 epoch:0 dataset: 1/17 step: 105/203 time:0.00+1.75 loss_avg:2.9987e-01
INFO: 2024-01-25 12:19:39 epoch:0 dataset: 1/17 step: 106/203 time:0.00+1.79 loss_avg:3.0580e-01
INFO: 2024-01-25 12:19:41 epoch:0 dataset: 1/17 step: 107/203 time:0.00+1.77 loss_avg:2.9794e-01
INFO: 2024-01-25 12:19:43 epoch:0 dataset: 1/17 step: 108/203 time:0.00+1.72 loss_avg:2.7297e-01
INFO: 2024-01-25 12:19:44 epoch:0 dataset: 1/17 step: 109/203 time:0.00+1.72 loss_avg:3.0227e-01
INFO: 2024-01-25 12:19:46 epoch:0 dataset: 1/17 step: 110/203 time:0.01+1.43 loss_avg:3.2537e-01
INFO: 2024-01-25 12:19:46 epoch:0 dataset: 1/17 step: 111/203 time:0.01+0.57 loss_avg:2.7175e-01
INFO: 2024-01-25 12:19:48 epoch:0 dataset: 1/17 step: 112/203 time:0.00+1.48 loss_avg:3.1163e-01
INFO: 2024-01-25 12:19:50 epoch:0 dataset: 1/17 step: 113/203 time:0.00+1.70 loss_avg:2.4244e-01
INFO: 2024-01-25 12:19:52 epoch:0 dataset: 1/17 step: 114/203 time:0.01+1.87 loss_avg:2.9126e-01
INFO: 2024-01-25 12:19:53 epoch:0 dataset: 1/17 step: 115/203 time:0.00+1.70 loss_avg:2.3300e-01
INFO: 2024-01-25 12:19:55 epoch:0 dataset: 1/17 step: 116/203 time:0.00+1.77 loss_avg:2.7098e-01
INFO: 2024-01-25 12:19:57 epoch:0 dataset: 1/17 step: 117/203 time:0.01+1.72 loss_avg:3.3033e-01
INFO: 2024-01-25 12:19:58 epoch:0 dataset: 1/17 step: 118/203 time:0.02+1.23 loss_avg:2.4863e-01
INFO: 2024-01-25 12:19:59 epoch:0 dataset: 1/17 step: 119/203 time:0.03+1.43 loss_avg:3.1042e-01
INFO: 2024-01-25 12:20:01 epoch:0 dataset: 1/17 step: 120/203 time:0.02+1.97 loss_avg:2.5667e-01
INFO: 2024-01-25 12:20:03 epoch:0 dataset: 1/17 step: 121/203 time:0.00+1.76 loss_avg:2.5835e-01
INFO: 2024-01-25 12:20:05 epoch:0 dataset: 1/17 step: 122/203 time:0.00+1.78 loss_avg:2.6536e-01
INFO: 2024-01-25 12:20:07 epoch:0 dataset: 1/17 step: 123/203 time:0.00+1.71 loss_avg:3.0158e-01
INFO: 2024-01-25 12:20:09 epoch:0 dataset: 1/17 step: 124/203 time:0.00+1.83 loss_avg:3.0936e-01
INFO: 2024-01-25 12:20:10 epoch:0 dataset: 1/17 step: 125/203 time:0.01+1.23 loss_avg:2.3198e-01
INFO: 2024-01-25 12:20:11 epoch:0 dataset: 1/17 step: 126/203 time:0.01+0.76 loss_avg:2.9753e-01
INFO: 2024-01-25 12:20:11 epoch:0 dataset: 1/17 step: 127/203 time:0.00+0.75 loss_avg:3.0363e-01
INFO: 2024-01-25 12:20:12 epoch:0 dataset: 1/17 step: 128/203 time:0.00+1.02 loss_avg:2.8718e-01
INFO: 2024-01-25 12:20:14 epoch:0 dataset: 1/17 step: 129/203 time:0.00+1.80 loss_avg:2.5281e-01
INFO: 2024-01-25 12:20:15 epoch:0 dataset: 1/17 step: 130/203 time:0.00+0.52 loss_avg:2.8834e-01
INFO: 2024-01-25 12:20:16 epoch:0 dataset: 1/17 step: 131/203 time:0.00+0.97 loss_avg:2.9664e-01
INFO: 2024-01-25 12:20:17 epoch:0 dataset: 1/17 step: 132/203 time:0.01+1.28 loss_avg:3.1078e-01
INFO: 2024-01-25 12:20:18 epoch:0 dataset: 1/17 step: 133/203 time:0.00+1.17 loss_avg:2.4460e-01
INFO: 2024-01-25 12:20:19 epoch:0 dataset: 1/17 step: 134/203 time:0.01+0.82 loss_avg:3.3665e-01
INFO: 2024-01-25 12:20:21 epoch:0 dataset: 1/17 step: 135/203 time:0.00+1.71 loss_avg:2.6816e-01
INFO: 2024-01-25 12:20:23 epoch:0 dataset: 1/17 step: 136/203 time:0.01+2.28 loss_avg:3.0694e-01
INFO: 2024-01-25 12:20:24 epoch:0 dataset: 1/17 step: 137/203 time:0.01+1.47 loss_avg:2.5433e-01
INFO: 2024-01-25 12:20:25 epoch:0 dataset: 1/17 step: 138/203 time:0.01+1.06 loss_avg:2.1946e-01
INFO: 2024-01-25 12:20:26 epoch:0 dataset: 1/17 step: 139/203 time:0.02+0.61 loss_avg:2.9033e-01
INFO: 2024-01-25 12:20:28 epoch:0 dataset: 1/17 step: 140/203 time:0.00+1.49 loss_avg:2.7631e-01
INFO: 2024-01-25 12:20:29 epoch:0 dataset: 1/17 step: 141/203 time:0.01+1.49 loss_avg:2.6284e-01
INFO: 2024-01-25 12:20:31 epoch:0 dataset: 1/17 step: 142/203 time:0.01+1.49 loss_avg:2.7123e-01
INFO: 2024-01-25 12:20:32 epoch:0 dataset: 1/17 step: 143/203 time:0.00+1.49 loss_avg:2.7308e-01
INFO: 2024-01-25 12:20:34 epoch:0 dataset: 1/17 step: 144/203 time:0.01+1.85 loss_avg:2.5290e-01
INFO: 2024-01-25 12:20:36 epoch:0 dataset: 1/17 step: 145/203 time:0.01+2.09 loss_avg:2.8071e-01
INFO: 2024-01-25 12:20:39 epoch:0 dataset: 1/17 step: 146/203 time:0.00+2.99 loss_avg:2.2809e-01
INFO: 2024-01-25 12:20:41 epoch:0 dataset: 1/17 step: 147/203 time:0.02+2.44 loss_avg:2.6618e-01
INFO: 2024-01-25 12:20:44 epoch:0 dataset: 1/17 step: 148/203 time:0.00+2.09 loss_avg:2.5278e-01
INFO: 2024-01-25 12:20:45 epoch:0 dataset: 1/17 step: 149/203 time:0.00+1.92 loss_avg:2.4547e-01
INFO: 2024-01-25 12:20:47 epoch:0 dataset: 1/17 step: 150/203 time:0.00+1.70 loss_avg:3.0105e-01
INFO: 2024-01-25 12:20:49 epoch:0 dataset: 1/17 step: 151/203 time:0.00+1.89 loss_avg:2.4850e-01
INFO: 2024-01-25 12:20:51 epoch:0 dataset: 1/17 step: 152/203 time:0.00+1.80 loss_avg:3.0226e-01
INFO: 2024-01-25 12:20:53 epoch:0 dataset: 1/17 step: 153/203 time:0.01+1.64 loss_avg:2.4141e-01
INFO: 2024-01-25 12:20:53 epoch:0 dataset: 1/17 step: 154/203 time:0.02+0.59 loss_avg:2.6606e-01
INFO: 2024-01-25 12:20:54 epoch:0 dataset: 1/17 step: 155/203 time:0.00+0.51 loss_avg:2.4731e-01
INFO: 2024-01-25 12:20:55 epoch:0 dataset: 1/17 step: 156/203 time:0.00+1.23 loss_avg:2.9696e-01
INFO: 2024-01-25 12:20:57 epoch:0 dataset: 1/17 step: 157/203 time:0.02+2.60 loss_avg:2.5644e-01
INFO: 2024-01-25 12:21:00 epoch:0 dataset: 1/17 step: 158/203 time:0.03+2.04 loss_avg:2.6716e-01
INFO: 2024-01-25 12:21:01 epoch:0 dataset: 1/17 step: 159/203 time:0.03+1.12 loss_avg:2.2287e-01
INFO: 2024-01-25 12:21:01 epoch:0 dataset: 1/17 step: 160/203 time:0.01+0.69 loss_avg:2.7321e-01
INFO: 2024-01-25 12:21:03 epoch:0 dataset: 1/17 step: 161/203 time:0.01+1.21 loss_avg:2.7204e-01
INFO: 2024-01-25 12:21:03 epoch:0 dataset: 1/17 step: 162/203 time:0.01+0.61 loss_avg:2.5288e-01
INFO: 2024-01-25 12:21:04 epoch:0 dataset: 1/17 step: 163/203 time:0.00+0.68 loss_avg:2.7992e-01
INFO: 2024-01-25 12:21:05 epoch:0 dataset: 1/17 step: 164/203 time:0.01+0.68 loss_avg:3.0922e-01
INFO: 2024-01-25 12:21:05 epoch:0 dataset: 1/17 step: 165/203 time:0.00+0.87 loss_avg:2.4841e-01
INFO: 2024-01-25 12:21:06 epoch:0 dataset: 1/17 step: 166/203 time:0.00+0.83 loss_avg:3.1070e-01
INFO: 2024-01-25 12:21:07 epoch:0 dataset: 1/17 step: 167/203 time:0.02+0.83 loss_avg:2.6829e-01
INFO: 2024-01-25 12:21:08 epoch:0 dataset: 1/17 step: 168/203 time:0.03+1.28 loss_avg:2.7917e-01
INFO: 2024-01-25 12:21:10 epoch:0 dataset: 1/17 step: 169/203 time:0.03+1.47 loss_avg:2.8885e-01
INFO: 2024-01-25 12:21:11 epoch:0 dataset: 1/17 step: 170/203 time:0.03+1.49 loss_avg:3.1607e-01
INFO: 2024-01-25 12:21:13 epoch:0 dataset: 1/17 step: 171/203 time:0.03+1.48 loss_avg:2.5245e-01
INFO: 2024-01-25 12:21:15 epoch:0 dataset: 1/17 step: 172/203 time:0.03+1.50 loss_avg:2.8440e-01
INFO: 2024-01-25 12:21:16 epoch:0 dataset: 1/17 step: 173/203 time:0.03+1.42 loss_avg:2.4567e-01
INFO: 2024-01-25 12:21:17 epoch:0 dataset: 1/17 step: 174/203 time:0.03+1.43 loss_avg:3.3852e-01
INFO: 2024-01-25 12:21:19 epoch:0 dataset: 1/17 step: 175/203 time:0.03+1.20 loss_avg:2.8133e-01
INFO: 2024-01-25 12:21:21 epoch:0 dataset: 1/17 step: 176/203 time:0.00+1.86 loss_avg:2.6524e-01
INFO: 2024-01-25 12:21:22 epoch:0 dataset: 1/17 step: 177/203 time:0.00+1.67 loss_avg:2.2973e-01
INFO: 2024-01-25 12:21:24 epoch:0 dataset: 1/17 step: 178/203 time:0.02+1.40 loss_avg:2.9145e-01
INFO: 2024-01-25 12:21:25 epoch:0 dataset: 1/17 step: 179/203 time:0.02+1.45 loss_avg:3.2198e-01
INFO: 2024-01-25 12:21:27 epoch:0 dataset: 1/17 step: 180/203 time:0.01+1.48 loss_avg:2.5003e-01
INFO: 2024-01-25 12:21:28 epoch:0 dataset: 1/17 step: 181/203 time:0.01+1.33 loss_avg:3.2957e-01
INFO: 2024-01-25 12:21:29 epoch:0 dataset: 1/17 step: 182/203 time:0.02+1.12 loss_avg:2.5658e-01
INFO: 2024-01-25 12:21:31 epoch:0 dataset: 1/17 step: 183/203 time:0.03+1.48 loss_avg:2.6493e-01
INFO: 2024-01-25 12:21:32 epoch:0 dataset: 1/17 step: 184/203 time:0.03+1.46 loss_avg:2.4487e-01
INFO: 2024-01-25 12:21:33 epoch:0 dataset: 1/17 step: 185/203 time:0.01+0.65 loss_avg:2.6587e-01
INFO: 2024-01-25 12:21:34 epoch:0 dataset: 1/17 step: 186/203 time:0.00+1.11 loss_avg:2.8164e-01
INFO: 2024-01-25 12:21:34 epoch:0 dataset: 1/17 step: 187/203 time:0.01+0.61 loss_avg:2.6631e-01
INFO: 2024-01-25 12:21:36 epoch:0 dataset: 1/17 step: 188/203 time:0.00+1.12 loss_avg:2.5812e-01
INFO: 2024-01-25 12:21:37 epoch:0 dataset: 1/17 step: 189/203 time:0.03+1.52 loss_avg:2.6837e-01
INFO: 2024-01-25 12:21:38 epoch:0 dataset: 1/17 step: 190/203 time:0.02+0.69 loss_avg:2.9940e-01
INFO: 2024-01-25 12:21:39 epoch:0 dataset: 1/17 step: 191/203 time:0.00+1.11 loss_avg:2.6917e-01
INFO: 2024-01-25 12:21:42 epoch:0 dataset: 1/17 step: 192/203 time:0.01+2.55 loss_avg:2.6680e-01
INFO: 2024-01-25 12:21:43 epoch:0 dataset: 1/17 step: 193/203 time:0.01+1.93 loss_avg:2.9187e-01
INFO: 2024-01-25 12:21:45 epoch:0 dataset: 1/17 step: 194/203 time:0.00+1.85 loss_avg:2.5294e-01
INFO: 2024-01-25 12:21:47 epoch:0 dataset: 1/17 step: 195/203 time:0.00+1.80 loss_avg:2.6302e-01
INFO: 2024-01-25 12:21:49 epoch:0 dataset: 1/17 step: 196/203 time:0.00+1.82 loss_avg:2.9242e-01
INFO: 2024-01-25 12:21:51 epoch:0 dataset: 1/17 step: 197/203 time:0.00+2.24 loss_avg:2.7369e-01
INFO: 2024-01-25 12:21:53 epoch:0 dataset: 1/17 step: 198/203 time:0.01+1.85 loss_avg:3.0983e-01
INFO: 2024-01-25 12:21:54 epoch:0 dataset: 1/17 step: 199/203 time:0.01+1.03 loss_avg:2.5864e-01
INFO: 2024-01-25 12:21:55 epoch:0 dataset: 1/17 step: 200/203 time:0.01+1.39 loss_avg:2.6785e-01
INFO: 2024-01-25 12:21:57 epoch:0 dataset: 1/17 step: 201/203 time:0.01+1.40 loss_avg:2.8149e-01
INFO: 2024-01-25 12:21:58 epoch:0 dataset: 1/17 step: 202/203 time:0.01+1.42 loss_avg:2.6384e-01
INFO: Training on data_train_chr1_48.npy complete.
INFO: 2024-01-25 12:22:00 epoch:0 dataset: 2/17 step: 0/157 time:1.29+0.56 loss_avg:2.2755e-01
INFO: 2024-01-25 12:22:01 epoch:0 dataset: 2/17 step: 1/157 time:0.01+0.50 loss_avg:2.0978e-01
INFO: 2024-01-25 12:22:01 epoch:0 dataset: 2/17 step: 2/157 time:0.00+0.50 loss_avg:1.5908e-01
INFO: 2024-01-25 12:22:03 epoch:0 dataset: 2/17 step: 3/157 time:0.00+1.40 loss_avg:2.0517e-01
INFO: 2024-01-25 12:22:03 epoch:0 dataset: 2/17 step: 4/157 time:0.01+0.50 loss_avg:1.7494e-01
INFO: 2024-01-25 12:22:04 epoch:0 dataset: 2/17 step: 5/157 time:0.00+1.08 loss_avg:1.8609e-01
INFO: 2024-01-25 12:22:05 epoch:0 dataset: 2/17 step: 6/157 time:0.01+0.75 loss_avg:2.3049e-01
INFO: 2024-01-25 12:22:07 epoch:0 dataset: 2/17 step: 7/157 time:0.01+1.74 loss_avg:2.2857e-01
INFO: 2024-01-25 12:22:09 epoch:0 dataset: 2/17 step: 8/157 time:0.00+1.81 loss_avg:1.9906e-01
INFO: 2024-01-25 12:22:10 epoch:0 dataset: 2/17 step: 9/157 time:0.01+1.87 loss_avg:2.1549e-01
INFO: 2024-01-25 12:22:12 epoch:0 dataset: 2/17 step: 10/157 time:0.01+2.03 loss_avg:1.9551e-01
INFO: 2024-01-25 12:22:15 epoch:0 dataset: 2/17 step: 11/157 time:0.01+2.18 loss_avg:2.2846e-01
INFO: 2024-01-25 12:22:16 epoch:0 dataset: 2/17 step: 12/157 time:0.01+1.76 loss_avg:2.0643e-01
INFO: 2024-01-25 12:22:18 epoch:0 dataset: 2/17 step: 13/157 time:0.00+1.51 loss_avg:2.3523e-01
INFO: 2024-01-25 12:22:20 epoch:0 dataset: 2/17 step: 14/157 time:0.00+1.66 loss_avg:2.2521e-01
INFO: 2024-01-25 12:22:22 epoch:0 dataset: 2/17 step: 15/157 time:0.01+2.59 loss_avg:2.1378e-01
INFO: 2024-01-25 12:22:24 epoch:0 dataset: 2/17 step: 16/157 time:0.01+1.48 loss_avg:2.2253e-01
INFO: 2024-01-25 12:22:24 epoch:0 dataset: 2/17 step: 17/157 time:0.01+0.63 loss_avg:1.9467e-01
INFO: 2024-01-25 12:22:25 epoch:0 dataset: 2/17 step: 18/157 time:0.01+0.76 loss_avg:1.9970e-01
INFO: 2024-01-25 12:22:26 epoch:0 dataset: 2/17 step: 19/157 time:0.01+0.84 loss_avg:1.9588e-01
INFO: 2024-01-25 12:22:27 epoch:0 dataset: 2/17 step: 20/157 time:0.01+0.92 loss_avg:1.9938e-01
INFO: 2024-01-25 12:22:28 epoch:0 dataset: 2/17 step: 21/157 time:0.01+1.33 loss_avg:2.2463e-01
INFO: 2024-01-25 12:22:29 epoch:0 dataset: 2/17 step: 22/157 time:0.01+0.71 loss_avg:2.1897e-01
INFO: 2024-01-25 12:22:30 epoch:0 dataset: 2/17 step: 23/157 time:0.00+1.42 loss_avg:2.1463e-01
INFO: 2024-01-25 12:22:32 epoch:0 dataset: 2/17 step: 24/157 time:0.01+1.51 loss_avg:2.2531e-01
INFO: 2024-01-25 12:22:33 epoch:0 dataset: 2/17 step: 25/157 time:0.01+1.50 loss_avg:2.2694e-01
INFO: 2024-01-25 12:22:35 epoch:0 dataset: 2/17 step: 26/157 time:0.00+1.49 loss_avg:2.2936e-01
INFO: 2024-01-25 12:22:36 epoch:0 dataset: 2/17 step: 27/157 time:0.01+1.49 loss_avg:1.9936e-01
INFO: 2024-01-25 12:22:38 epoch:0 dataset: 2/17 step: 28/157 time:0.01+1.49 loss_avg:2.1818e-01
INFO: 2024-01-25 12:22:40 epoch:0 dataset: 2/17 step: 29/157 time:0.01+1.77 loss_avg:2.2730e-01
INFO: 2024-01-25 12:22:41 epoch:0 dataset: 2/17 step: 30/157 time:0.01+1.48 loss_avg:2.2232e-01
INFO: 2024-01-25 12:22:42 epoch:0 dataset: 2/17 step: 31/157 time:0.01+1.29 loss_avg:1.8983e-01
INFO: 2024-01-25 12:22:43 epoch:0 dataset: 2/17 step: 32/157 time:0.00+0.78 loss_avg:1.9190e-01
INFO: 2024-01-25 12:22:45 epoch:0 dataset: 2/17 step: 33/157 time:0.01+1.48 loss_avg:2.1176e-01
INFO: 2024-01-25 12:22:46 epoch:0 dataset: 2/17 step: 34/157 time:0.00+1.49 loss_avg:2.2402e-01
INFO: 2024-01-25 12:22:48 epoch:0 dataset: 2/17 step: 35/157 time:0.01+1.78 loss_avg:2.2286e-01
INFO: 2024-01-25 12:22:50 epoch:0 dataset: 2/17 step: 36/157 time:0.01+2.55 loss_avg:1.9876e-01
INFO: 2024-01-25 12:22:53 epoch:0 dataset: 2/17 step: 37/157 time:0.01+2.03 loss_avg:2.2603e-01
INFO: 2024-01-25 12:22:54 epoch:0 dataset: 2/17 step: 38/157 time:0.00+1.74 loss_avg:2.2105e-01
INFO: 2024-01-25 12:22:56 epoch:0 dataset: 2/17 step: 39/157 time:0.00+1.80 loss_avg:2.2851e-01
INFO: 2024-01-25 12:22:58 epoch:0 dataset: 2/17 step: 40/157 time:0.00+1.91 loss_avg:2.3170e-01
INFO: 2024-01-25 12:23:00 epoch:0 dataset: 2/17 step: 41/157 time:0.01+2.08 loss_avg:2.1209e-01
INFO: 2024-01-25 12:23:02 epoch:0 dataset: 2/17 step: 42/157 time:0.01+1.78 loss_avg:2.0536e-01
INFO: 2024-01-25 12:23:04 epoch:0 dataset: 2/17 step: 43/157 time:0.01+1.99 loss_avg:2.1489e-01
INFO: 2024-01-25 12:23:06 epoch:0 dataset: 2/17 step: 44/157 time:0.00+1.78 loss_avg:2.1529e-01
INFO: 2024-01-25 12:23:08 epoch:0 dataset: 2/17 step: 45/157 time:0.00+2.06 loss_avg:2.1110e-01
INFO: 2024-01-25 12:23:10 epoch:0 dataset: 2/17 step: 46/157 time:0.02+2.30 loss_avg:2.2803e-01
INFO: 2024-01-25 12:23:12 epoch:0 dataset: 2/17 step: 47/157 time:0.01+2.15 loss_avg:2.1767e-01
INFO: 2024-01-25 12:23:15 epoch:0 dataset: 2/17 step: 48/157 time:0.02+2.55 loss_avg:1.9926e-01
INFO: 2024-01-25 12:23:17 epoch:0 dataset: 2/17 step: 49/157 time:0.01+2.54 loss_avg:2.2367e-01
INFO: 2024-01-25 12:23:20 epoch:0 dataset: 2/17 step: 50/157 time:0.01+2.49 loss_avg:2.2277e-01
INFO: 2024-01-25 12:23:22 epoch:0 dataset: 2/17 step: 51/157 time:0.00+1.70 loss_avg:2.0420e-01
INFO: 2024-01-25 12:23:24 epoch:0 dataset: 2/17 step: 52/157 time:0.01+2.55 loss_avg:2.2102e-01
INFO: 2024-01-25 12:23:26 epoch:0 dataset: 2/17 step: 53/157 time:0.01+1.76 loss_avg:1.9920e-01
INFO: 2024-01-25 12:23:27 epoch:0 dataset: 2/17 step: 54/157 time:0.01+0.93 loss_avg:2.2947e-01
INFO: 2024-01-25 12:23:27 epoch:0 dataset: 2/17 step: 55/157 time:0.00+0.70 loss_avg:1.9845e-01
INFO: 2024-01-25 12:23:30 epoch:0 dataset: 2/17 step: 56/157 time:0.00+2.26 loss_avg:2.2020e-01
INFO: 2024-01-25 12:23:32 epoch:0 dataset: 2/17 step: 57/157 time:0.02+2.19 loss_avg:2.2237e-01
INFO: 2024-01-25 12:23:34 epoch:0 dataset: 2/17 step: 58/157 time:0.00+1.76 loss_avg:2.2636e-01
INFO: 2024-01-25 12:23:37 epoch:0 dataset: 2/17 step: 59/157 time:0.00+2.80 loss_avg:2.1452e-01
INFO: 2024-01-25 12:23:39 epoch:0 dataset: 2/17 step: 60/157 time:0.02+2.82 loss_avg:2.0581e-01
INFO: 2024-01-25 12:23:42 epoch:0 dataset: 2/17 step: 61/157 time:0.02+2.77 loss_avg:2.0508e-01
INFO: 2024-01-25 12:23:44 epoch:0 dataset: 2/17 step: 62/157 time:0.02+2.31 loss_avg:2.2220e-01
INFO: 2024-01-25 12:23:46 epoch:0 dataset: 2/17 step: 63/157 time:0.00+1.74 loss_avg:1.6993e-01
INFO: 2024-01-25 12:23:48 epoch:0 dataset: 2/17 step: 64/157 time:0.00+1.80 loss_avg:2.2323e-01
INFO: 2024-01-25 12:23:50 epoch:0 dataset: 2/17 step: 65/157 time:0.00+1.75 loss_avg:2.0948e-01
INFO: 2024-01-25 12:23:52 epoch:0 dataset: 2/17 step: 66/157 time:0.00+1.78 loss_avg:2.2414e-01
INFO: 2024-01-25 12:23:54 epoch:0 dataset: 2/17 step: 67/157 time:0.01+2.47 loss_avg:2.1832e-01
INFO: 2024-01-25 12:23:57 epoch:0 dataset: 2/17 step: 68/157 time:0.01+2.65 loss_avg:2.3143e-01
INFO: 2024-01-25 12:23:59 epoch:0 dataset: 2/17 step: 69/157 time:0.01+2.61 loss_avg:1.9973e-01
INFO: 2024-01-25 12:24:02 epoch:0 dataset: 2/17 step: 70/157 time:0.01+2.39 loss_avg:2.1453e-01
INFO: 2024-01-25 12:24:04 epoch:0 dataset: 2/17 step: 71/157 time:0.01+2.33 loss_avg:2.0235e-01
INFO: 2024-01-25 12:24:06 epoch:0 dataset: 2/17 step: 72/157 time:0.01+1.60 loss_avg:1.7203e-01
INFO: 2024-01-25 12:24:07 epoch:0 dataset: 2/17 step: 73/157 time:0.01+1.45 loss_avg:2.0436e-01
INFO: 2024-01-25 12:24:09 epoch:0 dataset: 2/17 step: 74/157 time:0.00+1.47 loss_avg:2.2088e-01
INFO: 2024-01-25 12:24:11 epoch:0 dataset: 2/17 step: 75/157 time:0.00+2.25 loss_avg:2.3100e-01
INFO: 2024-01-25 12:24:14 epoch:0 dataset: 2/17 step: 76/157 time:0.00+3.49 loss_avg:2.1265e-01
INFO: 2024-01-25 12:24:18 epoch:0 dataset: 2/17 step: 77/157 time:0.01+3.47 loss_avg:2.2236e-01
INFO: 2024-01-25 12:24:20 epoch:0 dataset: 2/17 step: 78/157 time:0.01+2.39 loss_avg:2.3115e-01
INFO: 2024-01-25 12:24:24 epoch:0 dataset: 2/17 step: 79/157 time:0.01+3.43 loss_avg:2.2699e-01
INFO: 2024-01-25 12:24:26 epoch:0 dataset: 2/17 step: 80/157 time:0.01+2.43 loss_avg:2.0905e-01
INFO: 2024-01-25 12:24:28 epoch:0 dataset: 2/17 step: 81/157 time:0.01+2.05 loss_avg:2.1202e-01
INFO: 2024-01-25 12:24:30 epoch:0 dataset: 2/17 step: 82/157 time:0.01+2.32 loss_avg:1.8840e-01
INFO: 2024-01-25 12:24:33 epoch:0 dataset: 2/17 step: 83/157 time:0.01+2.02 loss_avg:2.3136e-01
INFO: 2024-01-25 12:24:35 epoch:0 dataset: 2/17 step: 84/157 time:0.00+2.46 loss_avg:2.3531e-01
INFO: 2024-01-25 12:24:37 epoch:0 dataset: 2/17 step: 85/157 time:0.00+2.22 loss_avg:2.1649e-01
INFO: 2024-01-25 12:24:39 epoch:0 dataset: 2/17 step: 86/157 time:0.01+1.51 loss_avg:2.1493e-01
INFO: 2024-01-25 12:24:41 epoch:0 dataset: 2/17 step: 87/157 time:0.01+2.59 loss_avg:2.1303e-01
INFO: 2024-01-25 12:24:43 epoch:0 dataset: 2/17 step: 88/157 time:0.01+2.04 loss_avg:2.1575e-01
INFO: 2024-01-25 12:24:46 epoch:0 dataset: 2/17 step: 89/157 time:0.01+2.44 loss_avg:2.1740e-01
INFO: 2024-01-25 12:24:48 epoch:0 dataset: 2/17 step: 90/157 time:0.01+1.86 loss_avg:2.1697e-01
INFO: 2024-01-25 12:24:50 epoch:0 dataset: 2/17 step: 91/157 time:0.00+2.05 loss_avg:2.1597e-01
INFO: 2024-01-25 12:24:52 epoch:0 dataset: 2/17 step: 92/157 time:0.00+2.57 loss_avg:1.9856e-01
INFO: 2024-01-25 12:24:55 epoch:0 dataset: 2/17 step: 93/157 time:0.01+2.62 loss_avg:2.3346e-01
INFO: 2024-01-25 12:24:57 epoch:0 dataset: 2/17 step: 94/157 time:0.01+1.78 loss_avg:2.2240e-01
INFO: 2024-01-25 12:24:59 epoch:0 dataset: 2/17 step: 95/157 time:0.01+2.25 loss_avg:2.3325e-01
INFO: 2024-01-25 12:25:01 epoch:0 dataset: 2/17 step: 96/157 time:0.01+2.36 loss_avg:1.8689e-01
INFO: 2024-01-25 12:25:04 epoch:0 dataset: 2/17 step: 97/157 time:0.01+2.49 loss_avg:1.8620e-01
INFO: 2024-01-25 12:25:06 epoch:0 dataset: 2/17 step: 98/157 time:0.01+2.42 loss_avg:2.2178e-01
INFO: 2024-01-25 12:25:09 epoch:0 dataset: 2/17 step: 99/157 time:0.01+2.74 loss_avg:2.2003e-01
INFO: 2024-01-25 12:25:11 epoch:0 dataset: 2/17 step: 100/157 time:0.01+2.07 loss_avg:1.7329e-01
INFO: 2024-01-25 12:25:13 epoch:0 dataset: 2/17 step: 101/157 time:0.01+2.36 loss_avg:2.1454e-01
INFO: 2024-01-25 12:25:16 epoch:0 dataset: 2/17 step: 102/157 time:0.01+2.44 loss_avg:1.8251e-01
INFO: 2024-01-25 12:25:19 epoch:0 dataset: 2/17 step: 103/157 time:0.01+2.82 loss_avg:2.2564e-01
INFO: 2024-01-25 12:25:21 epoch:0 dataset: 2/17 step: 104/157 time:0.01+2.24 loss_avg:2.2724e-01
INFO: 2024-01-25 12:25:24 epoch:0 dataset: 2/17 step: 105/157 time:0.00+2.53 loss_avg:2.1263e-01
INFO: 2024-01-25 12:25:26 epoch:0 dataset: 2/17 step: 106/157 time:0.01+2.58 loss_avg:2.1910e-01
INFO: 2024-01-25 12:25:28 epoch:0 dataset: 2/17 step: 107/157 time:0.01+2.28 loss_avg:2.3086e-01
INFO: 2024-01-25 12:25:31 epoch:0 dataset: 2/17 step: 108/157 time:0.01+2.21 loss_avg:2.2961e-01
INFO: 2024-01-25 12:25:33 epoch:0 dataset: 2/17 step: 109/157 time:0.01+2.13 loss_avg:2.2239e-01
INFO: 2024-01-25 12:25:34 epoch:0 dataset: 2/17 step: 110/157 time:0.01+1.00 loss_avg:2.3168e-01
INFO: 2024-01-25 12:25:36 epoch:0 dataset: 2/17 step: 111/157 time:0.01+2.17 loss_avg:2.0811e-01
INFO: 2024-01-25 12:25:39 epoch:0 dataset: 2/17 step: 112/157 time:0.01+2.54 loss_avg:2.1005e-01
INFO: 2024-01-25 12:25:41 epoch:0 dataset: 2/17 step: 113/157 time:0.01+2.02 loss_avg:1.9528e-01
INFO: 2024-01-25 12:25:43 epoch:0 dataset: 2/17 step: 114/157 time:0.01+2.19 loss_avg:2.2073e-01
INFO: 2024-01-25 12:25:44 epoch:0 dataset: 2/17 step: 115/157 time:0.01+1.75 loss_avg:2.2435e-01
INFO: 2024-01-25 12:25:47 epoch:0 dataset: 2/17 step: 116/157 time:0.00+2.19 loss_avg:2.1341e-01
INFO: 2024-01-25 12:25:48 epoch:0 dataset: 2/17 step: 117/157 time:0.01+1.62 loss_avg:1.9625e-01
INFO: 2024-01-25 12:25:51 epoch:0 dataset: 2/17 step: 118/157 time:0.02+2.61 loss_avg:2.2911e-01
INFO: 2024-01-25 12:25:54 epoch:0 dataset: 2/17 step: 119/157 time:0.02+2.55 loss_avg:2.1270e-01
INFO: 2024-01-25 12:25:56 epoch:0 dataset: 2/17 step: 120/157 time:0.00+2.30 loss_avg:2.2008e-01
INFO: 2024-01-25 12:25:59 epoch:0 dataset: 2/17 step: 121/157 time:0.02+2.93 loss_avg:2.2610e-01
INFO: 2024-01-25 12:26:01 epoch:0 dataset: 2/17 step: 122/157 time:0.01+2.37 loss_avg:2.0128e-01
INFO: 2024-01-25 12:26:04 epoch:0 dataset: 2/17 step: 123/157 time:0.00+2.42 loss_avg:2.2528e-01
INFO: 2024-01-25 12:26:06 epoch:0 dataset: 2/17 step: 124/157 time:0.01+2.62 loss_avg:2.2106e-01
INFO: 2024-01-25 12:26:09 epoch:0 dataset: 2/17 step: 125/157 time:0.02+2.61 loss_avg:2.1138e-01
INFO: 2024-01-25 12:26:11 epoch:0 dataset: 2/17 step: 126/157 time:0.02+2.34 loss_avg:2.3576e-01
INFO: 2024-01-25 12:26:13 epoch:0 dataset: 2/17 step: 127/157 time:0.01+2.28 loss_avg:2.1734e-01
INFO: 2024-01-25 12:26:16 epoch:0 dataset: 2/17 step: 128/157 time:0.00+2.47 loss_avg:2.0791e-01
INFO: 2024-01-25 12:26:18 epoch:0 dataset: 2/17 step: 129/157 time:0.01+2.10 loss_avg:2.1942e-01
INFO: 2024-01-25 12:26:20 epoch:0 dataset: 2/17 step: 130/157 time:0.01+1.71 loss_avg:2.1860e-01
INFO: 2024-01-25 12:26:21 epoch:0 dataset: 2/17 step: 131/157 time:0.02+1.52 loss_avg:2.1947e-01
INFO: 2024-01-25 12:26:23 epoch:0 dataset: 2/17 step: 132/157 time:0.01+1.54 loss_avg:2.2008e-01
INFO: 2024-01-25 12:26:24 epoch:0 dataset: 2/17 step: 133/157 time:0.01+1.32 loss_avg:2.3099e-01
INFO: 2024-01-25 12:26:25 epoch:0 dataset: 2/17 step: 134/157 time:0.00+1.28 loss_avg:2.2503e-01
INFO: 2024-01-25 12:26:27 epoch:0 dataset: 2/17 step: 135/157 time:0.01+1.39 loss_avg:2.2241e-01
INFO: 2024-01-25 12:26:29 epoch:0 dataset: 2/17 step: 136/157 time:0.00+2.31 loss_avg:1.9048e-01
INFO: 2024-01-25 12:26:31 epoch:0 dataset: 2/17 step: 137/157 time:0.00+2.08 loss_avg:2.1986e-01
INFO: 2024-01-25 12:26:33 epoch:0 dataset: 2/17 step: 138/157 time:0.01+2.18 loss_avg:2.3392e-01
INFO: 2024-01-25 12:26:36 epoch:0 dataset: 2/17 step: 139/157 time:0.01+2.57 loss_avg:2.2869e-01
INFO: 2024-01-25 12:26:39 epoch:0 dataset: 2/17 step: 140/157 time:0.01+2.60 loss_avg:2.1762e-01
INFO: 2024-01-25 12:26:40 epoch:0 dataset: 2/17 step: 141/157 time:0.01+1.35 loss_avg:2.0801e-01
INFO: 2024-01-25 12:26:41 epoch:0 dataset: 2/17 step: 142/157 time:0.01+1.31 loss_avg:2.1506e-01
INFO: 2024-01-25 12:26:43 epoch:0 dataset: 2/17 step: 143/157 time:0.01+1.44 loss_avg:2.2630e-01
INFO: 2024-01-25 12:26:44 epoch:0 dataset: 2/17 step: 144/157 time:0.01+1.44 loss_avg:1.9175e-01
INFO: 2024-01-25 12:26:45 epoch:0 dataset: 2/17 step: 145/157 time:0.01+1.18 loss_avg:1.9596e-01
INFO: 2024-01-25 12:26:47 epoch:0 dataset: 2/17 step: 146/157 time:0.01+1.51 loss_avg:2.0936e-01
INFO: 2024-01-25 12:26:49 epoch:0 dataset: 2/17 step: 147/157 time:0.01+2.38 loss_avg:2.1279e-01
INFO: 2024-01-25 12:26:52 epoch:0 dataset: 2/17 step: 148/157 time:0.01+2.29 loss_avg:2.1696e-01
INFO: 2024-01-25 12:26:54 epoch:0 dataset: 2/17 step: 149/157 time:0.01+2.41 loss_avg:2.1374e-01
INFO: 2024-01-25 12:26:56 epoch:0 dataset: 2/17 step: 150/157 time:0.00+1.91 loss_avg:2.2753e-01
INFO: 2024-01-25 12:26:57 epoch:0 dataset: 2/17 step: 151/157 time:0.01+1.27 loss_avg:1.7869e-01
INFO: 2024-01-25 12:26:59 epoch:0 dataset: 2/17 step: 152/157 time:0.01+1.50 loss_avg:2.2525e-01
INFO: 2024-01-25 12:27:01 epoch:0 dataset: 2/17 step: 153/157 time:0.01+2.07 loss_avg:2.0998e-01
INFO: 2024-01-25 12:27:03 epoch:0 dataset: 2/17 step: 154/157 time:0.01+2.32 loss_avg:2.2034e-01
INFO: 2024-01-25 12:27:05 epoch:0 dataset: 2/17 step: 155/157 time:0.01+2.25 loss_avg:2.1981e-01
INFO: 2024-01-25 12:27:08 epoch:0 dataset: 2/17 step: 156/157 time:0.01+2.61 loss_avg:1.8239e-01
INFO: Training on data_train_chr5_48.npy complete.
INFO: 2024-01-25 12:27:12 epoch:0 dataset: 3/17 step: 0/160 time:1.17+2.46 loss_avg:2.3508e-01
INFO: 2024-01-25 12:27:13 epoch:0 dataset: 3/17 step: 1/160 time:0.00+1.72 loss_avg:2.3280e-01
INFO: 2024-01-25 12:27:15 epoch:0 dataset: 3/17 step: 2/160 time:0.00+1.90 loss_avg:2.2374e-01
INFO: 2024-01-25 12:27:18 epoch:0 dataset: 3/17 step: 3/160 time:0.01+2.57 loss_avg:2.3487e-01
INFO: 2024-01-25 12:27:20 epoch:0 dataset: 3/17 step: 4/160 time:0.01+2.05 loss_avg:2.2817e-01
INFO: 2024-01-25 12:27:21 epoch:0 dataset: 3/17 step: 5/160 time:0.01+1.34 loss_avg:1.7239e-01
INFO: 2024-01-25 12:27:22 epoch:0 dataset: 3/17 step: 6/160 time:0.01+1.21 loss_avg:2.2433e-01
INFO: 2024-01-25 12:27:24 epoch:0 dataset: 3/17 step: 7/160 time:0.01+1.51 loss_avg:2.4262e-01
INFO: 2024-01-25 12:27:26 epoch:0 dataset: 3/17 step: 8/160 time:0.01+1.53 loss_avg:2.2083e-01
INFO: 2024-01-25 12:27:27 epoch:0 dataset: 3/17 step: 9/160 time:0.01+1.38 loss_avg:2.1721e-01
INFO: 2024-01-25 12:27:28 epoch:0 dataset: 3/17 step: 10/160 time:0.01+1.53 loss_avg:2.2421e-01
INFO: 2024-01-25 12:27:30 epoch:0 dataset: 3/17 step: 11/160 time:0.01+1.51 loss_avg:2.0015e-01
INFO: 2024-01-25 12:27:31 epoch:0 dataset: 3/17 step: 12/160 time:0.01+1.51 loss_avg:2.0094e-01
INFO: 2024-01-25 12:27:33 epoch:0 dataset: 3/17 step: 13/160 time:0.01+1.51 loss_avg:2.2665e-01
INFO: 2024-01-25 12:27:34 epoch:0 dataset: 3/17 step: 14/160 time:0.01+0.97 loss_avg:2.1324e-01
INFO: 2024-01-25 12:27:35 epoch:0 dataset: 3/17 step: 15/160 time:0.01+0.72 loss_avg:1.8728e-01
INFO: 2024-01-25 12:27:36 epoch:0 dataset: 3/17 step: 16/160 time:0.01+1.16 loss_avg:2.3053e-01
INFO: 2024-01-25 12:27:37 epoch:0 dataset: 3/17 step: 17/160 time:0.00+0.68 loss_avg:2.1507e-01
INFO: 2024-01-25 12:27:37 epoch:0 dataset: 3/17 step: 18/160 time:0.01+0.72 loss_avg:2.4013e-01
INFO: 2024-01-25 12:27:39 epoch:0 dataset: 3/17 step: 19/160 time:0.00+1.47 loss_avg:2.1384e-01
INFO: 2024-01-25 12:27:41 epoch:0 dataset: 3/17 step: 20/160 time:0.01+2.54 loss_avg:2.0893e-01
INFO: 2024-01-25 12:27:44 epoch:0 dataset: 3/17 step: 21/160 time:0.01+2.32 loss_avg:2.2406e-01
INFO: 2024-01-25 12:27:46 epoch:0 dataset: 3/17 step: 22/160 time:0.01+2.61 loss_avg:1.8928e-01
INFO: 2024-01-25 12:27:49 epoch:0 dataset: 3/17 step: 23/160 time:0.01+2.56 loss_avg:2.1748e-01
INFO: 2024-01-25 12:27:51 epoch:0 dataset: 3/17 step: 24/160 time:0.01+1.73 loss_avg:2.2443e-01
INFO: 2024-01-25 12:27:53 epoch:0 dataset: 3/17 step: 25/160 time:0.01+2.18 loss_avg:1.9572e-01
INFO: 2024-01-25 12:27:55 epoch:0 dataset: 3/17 step: 26/160 time:0.01+2.54 loss_avg:2.4477e-01
INFO: 2024-01-25 12:27:58 epoch:0 dataset: 3/17 step: 27/160 time:0.00+2.23 loss_avg:1.9172e-01
INFO: 2024-01-25 12:27:59 epoch:0 dataset: 3/17 step: 28/160 time:0.00+1.85 loss_avg:2.3808e-01
INFO: 2024-01-25 12:28:01 epoch:0 dataset: 3/17 step: 29/160 time:0.00+1.90 loss_avg:2.1330e-01
INFO: 2024-01-25 12:28:02 epoch:0 dataset: 3/17 step: 30/160 time:0.01+1.20 loss_avg:2.0992e-01
INFO: 2024-01-25 12:28:05 epoch:0 dataset: 3/17 step: 31/160 time:0.01+2.32 loss_avg:2.0298e-01
INFO: 2024-01-25 12:28:07 epoch:0 dataset: 3/17 step: 32/160 time:0.01+2.59 loss_avg:2.0168e-01
INFO: 2024-01-25 12:28:10 epoch:0 dataset: 3/17 step: 33/160 time:0.01+2.56 loss_avg:1.9819e-01
INFO: 2024-01-25 12:28:13 epoch:0 dataset: 3/17 step: 34/160 time:0.01+2.61 loss_avg:1.9915e-01
INFO: 2024-01-25 12:28:15 epoch:0 dataset: 3/17 step: 35/160 time:0.01+2.30 loss_avg:2.1223e-01
INFO: 2024-01-25 12:28:16 epoch:0 dataset: 3/17 step: 36/160 time:0.01+1.45 loss_avg:2.0553e-01
INFO: 2024-01-25 12:28:18 epoch:0 dataset: 3/17 step: 37/160 time:0.01+1.46 loss_avg:2.3037e-01
INFO: 2024-01-25 12:28:19 epoch:0 dataset: 3/17 step: 38/160 time:0.01+1.46 loss_avg:2.1260e-01
INFO: 2024-01-25 12:28:21 epoch:0 dataset: 3/17 step: 39/160 time:0.01+1.49 loss_avg:2.2502e-01
INFO: 2024-01-25 12:28:23 epoch:0 dataset: 3/17 step: 40/160 time:0.01+2.13 loss_avg:2.1876e-01
INFO: 2024-01-25 12:28:26 epoch:0 dataset: 3/17 step: 41/160 time:0.01+2.67 loss_avg:2.0911e-01
INFO: 2024-01-25 12:28:28 epoch:0 dataset: 3/17 step: 42/160 time:0.02+2.42 loss_avg:2.0801e-01
INFO: 2024-01-25 12:28:31 epoch:0 dataset: 3/17 step: 43/160 time:0.01+3.26 loss_avg:2.0811e-01
INFO: 2024-01-25 12:28:34 epoch:0 dataset: 3/17 step: 44/160 time:0.01+2.28 loss_avg:2.1834e-01
INFO: 2024-01-25 12:28:36 epoch:0 dataset: 3/17 step: 45/160 time:0.01+2.42 loss_avg:2.1238e-01
INFO: 2024-01-25 12:28:38 epoch:0 dataset: 3/17 step: 46/160 time:0.01+1.94 loss_avg:2.2118e-01
INFO: 2024-01-25 12:28:40 epoch:0 dataset: 3/17 step: 47/160 time:0.01+2.39 loss_avg:2.0988e-01
INFO: 2024-01-25 12:28:43 epoch:0 dataset: 3/17 step: 48/160 time:0.01+2.25 loss_avg:1.9925e-01
INFO: 2024-01-25 12:28:45 epoch:0 dataset: 3/17 step: 49/160 time:0.01+2.06 loss_avg:2.0773e-01
INFO: 2024-01-25 12:28:47 epoch:0 dataset: 3/17 step: 50/160 time:0.01+2.61 loss_avg:2.2594e-01
INFO: 2024-01-25 12:28:51 epoch:0 dataset: 3/17 step: 51/160 time:0.01+3.38 loss_avg:2.1911e-01
INFO: 2024-01-25 12:28:53 epoch:0 dataset: 3/17 step: 52/160 time:0.00+2.37 loss_avg:2.1900e-01
INFO: 2024-01-25 12:28:56 epoch:0 dataset: 3/17 step: 53/160 time:0.01+3.00 loss_avg:2.2246e-01
INFO: 2024-01-25 12:28:59 epoch:0 dataset: 3/17 step: 54/160 time:0.02+2.76 loss_avg:1.8480e-01
INFO: 2024-01-25 12:29:02 epoch:0 dataset: 3/17 step: 55/160 time:0.01+2.74 loss_avg:1.9817e-01
INFO: 2024-01-25 12:29:05 epoch:0 dataset: 3/17 step: 56/160 time:0.02+3.44 loss_avg:2.0848e-01
INFO: 2024-01-25 12:29:08 epoch:0 dataset: 3/17 step: 57/160 time:0.02+3.33 loss_avg:2.0865e-01
INFO: 2024-01-25 12:29:10 epoch:0 dataset: 3/17 step: 58/160 time:0.01+2.00 loss_avg:2.1219e-01
INFO: 2024-01-25 12:29:13 epoch:0 dataset: 3/17 step: 59/160 time:0.01+2.37 loss_avg:2.3221e-01
INFO: 2024-01-25 12:29:15 epoch:0 dataset: 3/17 step: 60/160 time:0.02+2.54 loss_avg:2.3134e-01
INFO: 2024-01-25 12:29:18 epoch:0 dataset: 3/17 step: 61/160 time:0.01+2.58 loss_avg:2.1929e-01
INFO: 2024-01-25 12:29:20 epoch:0 dataset: 3/17 step: 62/160 time:0.01+2.30 loss_avg:2.1284e-01
INFO: 2024-01-25 12:29:22 epoch:0 dataset: 3/17 step: 63/160 time:0.01+1.46 loss_avg:1.9828e-01
INFO: 2024-01-25 12:29:23 epoch:0 dataset: 3/17 step: 64/160 time:0.02+1.46 loss_avg:2.2063e-01
INFO: 2024-01-25 12:29:26 epoch:0 dataset: 3/17 step: 65/160 time:0.01+2.45 loss_avg:2.0824e-01
INFO: 2024-01-25 12:29:28 epoch:0 dataset: 3/17 step: 66/160 time:0.01+2.51 loss_avg:2.0331e-01
INFO: 2024-01-25 12:29:31 epoch:0 dataset: 3/17 step: 67/160 time:0.02+2.60 loss_avg:2.3603e-01
INFO: 2024-01-25 12:29:34 epoch:0 dataset: 3/17 step: 68/160 time:0.02+2.60 loss_avg:2.1126e-01
INFO: 2024-01-25 12:29:36 epoch:0 dataset: 3/17 step: 69/160 time:0.02+2.18 loss_avg:2.3532e-01
INFO: 2024-01-25 12:29:37 epoch:0 dataset: 3/17 step: 70/160 time:0.00+1.71 loss_avg:2.0876e-01
INFO: 2024-01-25 12:29:40 epoch:0 dataset: 3/17 step: 71/160 time:0.00+2.73 loss_avg:2.2446e-01
INFO: 2024-01-25 12:29:44 epoch:0 dataset: 3/17 step: 72/160 time:0.01+3.41 loss_avg:2.1732e-01
INFO: 2024-01-25 12:29:47 epoch:0 dataset: 3/17 step: 73/160 time:0.01+3.49 loss_avg:1.9981e-01
INFO: 2024-01-25 12:29:50 epoch:0 dataset: 3/17 step: 74/160 time:0.01+2.93 loss_avg:2.0875e-01
INFO: 2024-01-25 12:29:52 epoch:0 dataset: 3/17 step: 75/160 time:0.01+1.80 loss_avg:2.2753e-01
INFO: 2024-01-25 12:29:53 epoch:0 dataset: 3/17 step: 76/160 time:0.01+1.19 loss_avg:2.1841e-01
INFO: 2024-01-25 12:29:55 epoch:0 dataset: 3/17 step: 77/160 time:0.01+2.31 loss_avg:2.2287e-01
INFO: 2024-01-25 12:29:57 epoch:0 dataset: 3/17 step: 78/160 time:0.01+1.83 loss_avg:2.2308e-01
INFO: 2024-01-25 12:29:59 epoch:0 dataset: 3/17 step: 79/160 time:0.00+1.81 loss_avg:2.2840e-01
INFO: 2024-01-25 12:30:01 epoch:0 dataset: 3/17 step: 80/160 time:0.01+1.80 loss_avg:2.1967e-01
INFO: 2024-01-25 12:30:02 epoch:0 dataset: 3/17 step: 81/160 time:0.00+1.10 loss_avg:2.2576e-01
INFO: 2024-01-25 12:30:03 epoch:0 dataset: 3/17 step: 82/160 time:0.01+1.51 loss_avg:2.1382e-01
INFO: 2024-01-25 12:30:05 epoch:0 dataset: 3/17 step: 83/160 time:0.01+1.99 loss_avg:2.2120e-01
INFO: 2024-01-25 12:30:08 epoch:0 dataset: 3/17 step: 84/160 time:0.01+2.33 loss_avg:2.4822e-01
INFO: 2024-01-25 12:30:10 epoch:0 dataset: 3/17 step: 85/160 time:0.02+2.05 loss_avg:2.4020e-01
INFO: 2024-01-25 12:30:12 epoch:0 dataset: 3/17 step: 86/160 time:0.00+1.75 loss_avg:2.1535e-01
INFO: 2024-01-25 12:30:13 epoch:0 dataset: 3/17 step: 87/160 time:0.00+1.83 loss_avg:2.1292e-01
INFO: 2024-01-25 12:30:16 epoch:0 dataset: 3/17 step: 88/160 time:0.01+2.67 loss_avg:2.2300e-01
INFO: 2024-01-25 12:30:19 epoch:0 dataset: 3/17 step: 89/160 time:0.02+2.55 loss_avg:1.7872e-01
INFO: 2024-01-25 12:30:21 epoch:0 dataset: 3/17 step: 90/160 time:0.01+2.01 loss_avg:2.2262e-01
INFO: 2024-01-25 12:30:22 epoch:0 dataset: 3/17 step: 91/160 time:0.02+1.35 loss_avg:2.2054e-01
INFO: 2024-01-25 12:30:23 epoch:0 dataset: 3/17 step: 92/160 time:0.02+1.00 loss_avg:2.1034e-01
INFO: 2024-01-25 12:30:24 epoch:0 dataset: 3/17 step: 93/160 time:0.01+1.29 loss_avg:2.2897e-01
INFO: 2024-01-25 12:30:26 epoch:0 dataset: 3/17 step: 94/160 time:0.01+1.73 loss_avg:2.1765e-01
INFO: 2024-01-25 12:30:28 epoch:0 dataset: 3/17 step: 95/160 time:0.00+2.09 loss_avg:2.0482e-01
INFO: 2024-01-25 12:30:30 epoch:0 dataset: 3/17 step: 96/160 time:0.01+1.53 loss_avg:2.3359e-01
INFO: 2024-01-25 12:30:31 epoch:0 dataset: 3/17 step: 97/160 time:0.01+1.50 loss_avg:2.0853e-01
INFO: 2024-01-25 12:30:32 epoch:0 dataset: 3/17 step: 98/160 time:0.01+1.13 loss_avg:2.3457e-01
INFO: 2024-01-25 12:30:34 epoch:0 dataset: 3/17 step: 99/160 time:0.01+1.53 loss_avg:2.1152e-01
INFO: 2024-01-25 12:30:35 epoch:0 dataset: 3/17 step: 100/160 time:0.02+1.08 loss_avg:2.3495e-01
INFO: 2024-01-25 12:30:36 epoch:0 dataset: 3/17 step: 101/160 time:0.00+1.22 loss_avg:2.0728e-01
INFO: 2024-01-25 12:30:38 epoch:0 dataset: 3/17 step: 102/160 time:0.01+1.53 loss_avg:2.0940e-01
INFO: 2024-01-25 12:30:40 epoch:0 dataset: 3/17 step: 103/160 time:0.02+2.08 loss_avg:2.1228e-01
INFO: 2024-01-25 12:30:42 epoch:0 dataset: 3/17 step: 104/160 time:0.02+2.50 loss_avg:2.3131e-01
INFO: 2024-01-25 12:30:45 epoch:0 dataset: 3/17 step: 105/160 time:0.01+2.46 loss_avg:1.8538e-01
INFO: 2024-01-25 12:30:47 epoch:0 dataset: 3/17 step: 106/160 time:0.02+2.45 loss_avg:2.0433e-01
INFO: 2024-01-25 12:30:51 epoch:0 dataset: 3/17 step: 107/160 time:0.02+3.46 loss_avg:2.3787e-01
INFO: 2024-01-25 12:30:53 epoch:0 dataset: 3/17 step: 108/160 time:0.02+2.23 loss_avg:2.1486e-01
INFO: 2024-01-25 12:30:56 epoch:0 dataset: 3/17 step: 109/160 time:0.02+3.38 loss_avg:2.3398e-01
INFO: 2024-01-25 12:31:00 epoch:0 dataset: 3/17 step: 110/160 time:0.02+3.43 loss_avg:2.0503e-01
INFO: 2024-01-25 12:31:03 epoch:0 dataset: 3/17 step: 111/160 time:0.02+3.03 loss_avg:2.1319e-01
INFO: 2024-01-25 12:31:04 epoch:0 dataset: 3/17 step: 112/160 time:0.01+1.41 loss_avg:2.2092e-01
INFO: 2024-01-25 12:31:07 epoch:0 dataset: 3/17 step: 113/160 time:0.01+2.28 loss_avg:2.2561e-01
INFO: 2024-01-25 12:31:09 epoch:0 dataset: 3/17 step: 114/160 time:0.02+2.55 loss_avg:2.1098e-01
INFO: 2024-01-25 12:31:11 epoch:0 dataset: 3/17 step: 115/160 time:0.02+1.43 loss_avg:2.1525e-01
INFO: 2024-01-25 12:31:12 epoch:0 dataset: 3/17 step: 116/160 time:0.01+1.23 loss_avg:1.8095e-01
INFO: 2024-01-25 12:31:13 epoch:0 dataset: 3/17 step: 117/160 time:0.01+1.10 loss_avg:2.3297e-01
INFO: 2024-01-25 12:31:14 epoch:0 dataset: 3/17 step: 118/160 time:0.00+1.32 loss_avg:2.4291e-01
INFO: 2024-01-25 12:31:17 epoch:0 dataset: 3/17 step: 119/160 time:0.01+2.55 loss_avg:2.0365e-01
INFO: 2024-01-25 12:31:20 epoch:0 dataset: 3/17 step: 120/160 time:0.02+2.57 loss_avg:2.2745e-01
INFO: 2024-01-25 12:31:22 epoch:0 dataset: 3/17 step: 121/160 time:0.02+2.58 loss_avg:2.1835e-01
INFO: 2024-01-25 12:31:25 epoch:0 dataset: 3/17 step: 122/160 time:0.02+2.58 loss_avg:2.1551e-01
INFO: 2024-01-25 12:31:26 epoch:0 dataset: 3/17 step: 123/160 time:0.02+1.50 loss_avg:2.1349e-01
INFO: 2024-01-25 12:31:29 epoch:0 dataset: 3/17 step: 124/160 time:0.01+2.44 loss_avg:1.8683e-01
INFO: 2024-01-25 12:31:31 epoch:0 dataset: 3/17 step: 125/160 time:0.02+2.44 loss_avg:2.1616e-01
INFO: 2024-01-25 12:31:33 epoch:0 dataset: 3/17 step: 126/160 time:0.02+1.47 loss_avg:2.2456e-01
INFO: 2024-01-25 12:31:34 epoch:0 dataset: 3/17 step: 127/160 time:0.01+1.47 loss_avg:2.1771e-01
INFO: 2024-01-25 12:31:36 epoch:0 dataset: 3/17 step: 128/160 time:0.02+1.39 loss_avg:2.3235e-01
INFO: 2024-01-25 12:31:37 epoch:0 dataset: 3/17 step: 129/160 time:0.01+1.39 loss_avg:2.0900e-01
INFO: 2024-01-25 12:31:38 epoch:0 dataset: 3/17 step: 130/160 time:0.01+1.43 loss_avg:2.2247e-01
INFO: 2024-01-25 12:31:40 epoch:0 dataset: 3/17 step: 131/160 time:0.01+1.42 loss_avg:2.3703e-01
INFO: 2024-01-25 12:31:41 epoch:0 dataset: 3/17 step: 132/160 time:0.01+1.49 loss_avg:2.3319e-01
INFO: 2024-01-25 12:31:43 epoch:0 dataset: 3/17 step: 133/160 time:0.02+1.74 loss_avg:2.2152e-01
INFO: 2024-01-25 12:31:45 epoch:0 dataset: 3/17 step: 134/160 time:0.02+1.80 loss_avg:2.2588e-01
INFO: 2024-01-25 12:31:47 epoch:0 dataset: 3/17 step: 135/160 time:0.02+1.86 loss_avg:2.2355e-01
INFO: 2024-01-25 12:31:49 epoch:0 dataset: 3/17 step: 136/160 time:0.02+1.77 loss_avg:2.2799e-01
INFO: 2024-01-25 12:31:50 epoch:0 dataset: 3/17 step: 137/160 time:0.01+1.49 loss_avg:2.0735e-01
INFO: 2024-01-25 12:31:52 epoch:0 dataset: 3/17 step: 138/160 time:0.02+2.29 loss_avg:2.2652e-01
INFO: 2024-01-25 12:31:55 epoch:0 dataset: 3/17 step: 139/160 time:0.00+2.29 loss_avg:2.2988e-01
INFO: 2024-01-25 12:31:57 epoch:0 dataset: 3/17 step: 140/160 time:0.00+2.39 loss_avg:1.9051e-01
INFO: 2024-01-25 12:31:59 epoch:0 dataset: 3/17 step: 141/160 time:0.01+2.31 loss_avg:2.2791e-01
INFO: 2024-01-25 12:32:00 epoch:0 dataset: 3/17 step: 142/160 time:0.01+0.68 loss_avg:2.3381e-01
INFO: 2024-01-25 12:32:01 epoch:0 dataset: 3/17 step: 143/160 time:0.00+0.74 loss_avg:2.2021e-01
INFO: 2024-01-25 12:32:02 epoch:0 dataset: 3/17 step: 144/160 time:0.00+1.20 loss_avg:2.2699e-01
INFO: 2024-01-25 12:32:03 epoch:0 dataset: 3/17 step: 145/160 time:0.00+0.68 loss_avg:2.1171e-01
INFO: 2024-01-25 12:32:04 epoch:0 dataset: 3/17 step: 146/160 time:0.00+0.94 loss_avg:2.1661e-01
INFO: 2024-01-25 12:32:05 epoch:0 dataset: 3/17 step: 147/160 time:0.01+1.31 loss_avg:2.3720e-01
INFO: 2024-01-25 12:32:07 epoch:0 dataset: 3/17 step: 148/160 time:0.01+1.58 loss_avg:2.2831e-01
INFO: 2024-01-25 12:32:08 epoch:0 dataset: 3/17 step: 149/160 time:0.02+1.50 loss_avg:2.3350e-01
INFO: 2024-01-25 12:32:10 epoch:0 dataset: 3/17 step: 150/160 time:0.02+1.65 loss_avg:2.3051e-01
INFO: 2024-01-25 12:32:11 epoch:0 dataset: 3/17 step: 151/160 time:0.02+0.93 loss_avg:1.8924e-01
INFO: 2024-01-25 12:32:12 epoch:0 dataset: 3/17 step: 152/160 time:0.01+1.41 loss_avg:2.1180e-01
INFO: 2024-01-25 12:32:14 epoch:0 dataset: 3/17 step: 153/160 time:0.01+1.43 loss_avg:2.3778e-01
INFO: 2024-01-25 12:32:15 epoch:0 dataset: 3/17 step: 154/160 time:0.01+1.49 loss_avg:1.9983e-01
INFO: 2024-01-25 12:32:17 epoch:0 dataset: 3/17 step: 155/160 time:0.02+1.48 loss_avg:2.1790e-01
INFO: 2024-01-25 12:32:18 epoch:0 dataset: 3/17 step: 156/160 time:0.01+1.45 loss_avg:2.2859e-01
INFO: 2024-01-25 12:32:20 epoch:0 dataset: 3/17 step: 157/160 time:0.02+1.41 loss_avg:2.1631e-01
INFO: 2024-01-25 12:32:21 epoch:0 dataset: 3/17 step: 158/160 time:0.01+1.74 loss_avg:2.3875e-01
INFO: 2024-01-25 12:32:22 epoch:0 dataset: 3/17 step: 159/160 time:0.00+0.53 loss_avg:2.0277e-01
INFO: Training on data_train_chr4_48.npy complete.
INFO: 2024-01-25 12:32:23 epoch:0 dataset: 4/17 step: 0/164 time:0.42+0.59 loss_avg:2.1972e-01
INFO: 2024-01-25 12:32:23 epoch:0 dataset: 4/17 step: 1/164 time:0.00+0.67 loss_avg:2.3200e-01
INFO: 2024-01-25 12:32:24 epoch:0 dataset: 4/17 step: 2/164 time:0.00+0.61 loss_avg:2.2277e-01
INFO: 2024-01-25 12:32:25 epoch:0 dataset: 4/17 step: 3/164 time:0.01+1.11 loss_avg:2.1416e-01
INFO: 2024-01-25 12:32:27 epoch:0 dataset: 4/17 step: 4/164 time:0.00+1.76 loss_avg:2.1107e-01
INFO: 2024-01-25 12:32:29 epoch:0 dataset: 4/17 step: 5/164 time:0.00+1.77 loss_avg:2.2013e-01
INFO: 2024-01-25 12:32:31 epoch:0 dataset: 4/17 step: 6/164 time:0.00+1.88 loss_avg:2.3211e-01
INFO: 2024-01-25 12:32:32 epoch:0 dataset: 4/17 step: 7/164 time:0.00+1.66 loss_avg:2.1969e-01
INFO: 2024-01-25 12:32:34 epoch:0 dataset: 4/17 step: 8/164 time:0.00+1.78 loss_avg:2.2390e-01
INFO: 2024-01-25 12:32:36 epoch:0 dataset: 4/17 step: 9/164 time:0.01+2.19 loss_avg:2.2548e-01
INFO: 2024-01-25 12:32:38 epoch:0 dataset: 4/17 step: 10/164 time:0.00+1.95 loss_avg:2.1340e-01
INFO: 2024-01-25 12:32:40 epoch:0 dataset: 4/17 step: 11/164 time:0.01+2.05 loss_avg:2.2259e-01
INFO: 2024-01-25 12:32:42 epoch:0 dataset: 4/17 step: 12/164 time:0.01+1.48 loss_avg:2.2665e-01
INFO: 2024-01-25 12:32:42 epoch:0 dataset: 4/17 step: 13/164 time:0.01+0.64 loss_avg:2.2565e-01
INFO: 2024-01-25 12:32:43 epoch:0 dataset: 4/17 step: 14/164 time:0.00+0.64 loss_avg:2.2833e-01
INFO: 2024-01-25 12:32:44 epoch:0 dataset: 4/17 step: 15/164 time:0.01+1.07 loss_avg:2.2196e-01
INFO: 2024-01-25 12:32:45 epoch:0 dataset: 4/17 step: 16/164 time:0.00+0.63 loss_avg:2.2219e-01
INFO: 2024-01-25 12:32:46 epoch:0 dataset: 4/17 step: 17/164 time:0.00+1.09 loss_avg:2.2166e-01
INFO: 2024-01-25 12:32:47 epoch:0 dataset: 4/17 step: 18/164 time:0.01+1.47 loss_avg:2.1621e-01
INFO: 2024-01-25 12:32:49 epoch:0 dataset: 4/17 step: 19/164 time:0.00+1.96 loss_avg:2.2739e-01
INFO: 2024-01-25 12:32:51 epoch:0 dataset: 4/17 step: 20/164 time:0.00+1.73 loss_avg:2.1938e-01
INFO: 2024-01-25 12:32:53 epoch:0 dataset: 4/17 step: 21/164 time:0.00+2.21 loss_avg:2.1599e-01
INFO: 2024-01-25 12:32:56 epoch:0 dataset: 4/17 step: 22/164 time:0.00+2.92 loss_avg:2.3446e-01
INFO: 2024-01-25 12:32:58 epoch:0 dataset: 4/17 step: 23/164 time:0.01+2.26 loss_avg:2.2386e-01
INFO: 2024-01-25 12:33:00 epoch:0 dataset: 4/17 step: 24/164 time:0.01+1.85 loss_avg:2.2181e-01
INFO: 2024-01-25 12:33:02 epoch:0 dataset: 4/17 step: 25/164 time:0.00+1.90 loss_avg:2.2107e-01
INFO: 2024-01-25 12:33:05 epoch:0 dataset: 4/17 step: 26/164 time:0.00+2.40 loss_avg:1.9665e-01
INFO: 2024-01-25 12:33:07 epoch:0 dataset: 4/17 step: 27/164 time:0.01+2.70 loss_avg:2.2239e-01
INFO: 2024-01-25 12:33:09 epoch:0 dataset: 4/17 step: 28/164 time:0.01+2.15 loss_avg:2.0509e-01
INFO: 2024-01-25 12:33:11 epoch:0 dataset: 4/17 step: 29/164 time:0.00+1.77 loss_avg:2.2494e-01
INFO: 2024-01-25 12:33:13 epoch:0 dataset: 4/17 step: 30/164 time:0.00+1.84 loss_avg:2.2360e-01
INFO: 2024-01-25 12:33:15 epoch:0 dataset: 4/17 step: 31/164 time:0.00+2.06 loss_avg:1.9871e-01
INFO: 2024-01-25 12:33:17 epoch:0 dataset: 4/17 step: 32/164 time:0.00+1.85 loss_avg:2.1685e-01
INFO: 2024-01-25 12:33:19 epoch:0 dataset: 4/17 step: 33/164 time:0.00+1.70 loss_avg:2.3017e-01
INFO: 2024-01-25 12:33:20 epoch:0 dataset: 4/17 step: 34/164 time:0.00+1.68 loss_avg:2.2107e-01
INFO: 2024-01-25 12:33:22 epoch:0 dataset: 4/17 step: 35/164 time:0.00+1.71 loss_avg:1.9508e-01
INFO: 2024-01-25 12:33:24 epoch:0 dataset: 4/17 step: 36/164 time:0.00+1.89 loss_avg:1.9651e-01
INFO: 2024-01-25 12:33:26 epoch:0 dataset: 4/17 step: 37/164 time:0.01+2.43 loss_avg:2.2098e-01
INFO: 2024-01-25 12:33:29 epoch:0 dataset: 4/17 step: 38/164 time:0.01+2.17 loss_avg:2.0673e-01
INFO: 2024-01-25 12:33:31 epoch:0 dataset: 4/17 step: 39/164 time:0.01+2.42 loss_avg:2.3071e-01
INFO: 2024-01-25 12:33:34 epoch:0 dataset: 4/17 step: 40/164 time:0.01+2.53 loss_avg:1.9823e-01
INFO: 2024-01-25 12:33:36 epoch:0 dataset: 4/17 step: 41/164 time:0.01+2.55 loss_avg:1.9664e-01
INFO: 2024-01-25 12:33:38 epoch:0 dataset: 4/17 step: 42/164 time:0.01+1.71 loss_avg:2.3326e-01
INFO: 2024-01-25 12:33:39 epoch:0 dataset: 4/17 step: 43/164 time:0.01+1.41 loss_avg:2.1673e-01
INFO: 2024-01-25 12:33:41 epoch:0 dataset: 4/17 step: 44/164 time:0.01+1.50 loss_avg:2.4490e-01
INFO: 2024-01-25 12:33:42 epoch:0 dataset: 4/17 step: 45/164 time:0.01+1.50 loss_avg:2.1718e-01
INFO: 2024-01-25 12:33:44 epoch:0 dataset: 4/17 step: 46/164 time:0.01+1.73 loss_avg:2.3099e-01
INFO: 2024-01-25 12:33:46 epoch:0 dataset: 4/17 step: 47/164 time:0.01+1.91 loss_avg:2.2480e-01
INFO: 2024-01-25 12:33:48 epoch:0 dataset: 4/17 step: 48/164 time:0.01+2.24 loss_avg:2.2672e-01
INFO: 2024-01-25 12:33:50 epoch:0 dataset: 4/17 step: 49/164 time:0.01+1.66 loss_avg:2.1529e-01
INFO: 2024-01-25 12:33:52 epoch:0 dataset: 4/17 step: 50/164 time:0.02+2.18 loss_avg:2.2704e-01
INFO: 2024-01-25 12:33:55 epoch:0 dataset: 4/17 step: 51/164 time:0.00+3.34 loss_avg:2.1821e-01
INFO: 2024-01-25 12:33:59 epoch:0 dataset: 4/17 step: 52/164 time:0.01+3.32 loss_avg:2.1889e-01
INFO: 2024-01-25 12:34:01 epoch:0 dataset: 4/17 step: 53/164 time:0.01+2.36 loss_avg:1.8782e-01
INFO: 2024-01-25 12:34:03 epoch:0 dataset: 4/17 step: 54/164 time:0.01+1.42 loss_avg:1.8864e-01
INFO: 2024-01-25 12:34:04 epoch:0 dataset: 4/17 step: 55/164 time:0.00+1.39 loss_avg:2.2235e-01
INFO: 2024-01-25 12:34:05 epoch:0 dataset: 4/17 step: 56/164 time:0.02+1.40 loss_avg:2.2481e-01
INFO: 2024-01-25 12:34:07 epoch:0 dataset: 4/17 step: 57/164 time:0.02+1.43 loss_avg:2.1812e-01
INFO: 2024-01-25 12:34:08 epoch:0 dataset: 4/17 step: 58/164 time:0.02+1.46 loss_avg:2.2369e-01
INFO: 2024-01-25 12:34:10 epoch:0 dataset: 4/17 step: 59/164 time:0.02+1.48 loss_avg:2.2818e-01
INFO: 2024-01-25 12:34:12 epoch:0 dataset: 4/17 step: 60/164 time:0.01+2.03 loss_avg:2.3023e-01
INFO: 2024-01-25 12:34:14 epoch:0 dataset: 4/17 step: 61/164 time:0.02+2.07 loss_avg:2.2338e-01
INFO: 2024-01-25 12:34:16 epoch:0 dataset: 4/17 step: 62/164 time:0.02+1.84 loss_avg:2.1406e-01
INFO: 2024-01-25 12:34:17 epoch:0 dataset: 4/17 step: 63/164 time:0.01+0.92 loss_avg:2.1630e-01
INFO: 2024-01-25 12:34:18 epoch:0 dataset: 4/17 step: 64/164 time:0.02+1.10 loss_avg:2.2586e-01
INFO: 2024-01-25 12:34:18 epoch:0 dataset: 4/17 step: 65/164 time:0.00+0.58 loss_avg:2.3627e-01
INFO: 2024-01-25 12:34:19 epoch:0 dataset: 4/17 step: 66/164 time:0.00+0.85 loss_avg:2.2566e-01
INFO: 2024-01-25 12:34:20 epoch:0 dataset: 4/17 step: 67/164 time:0.00+0.62 loss_avg:2.2679e-01
INFO: 2024-01-25 12:34:21 epoch:0 dataset: 4/17 step: 68/164 time:0.00+0.73 loss_avg:2.2640e-01
INFO: 2024-01-25 12:34:22 epoch:0 dataset: 4/17 step: 69/164 time:0.00+1.04 loss_avg:2.2369e-01
INFO: 2024-01-25 12:34:23 epoch:0 dataset: 4/17 step: 70/164 time:0.00+1.46 loss_avg:2.3274e-01
INFO: 2024-01-25 12:34:25 epoch:0 dataset: 4/17 step: 71/164 time:0.00+1.76 loss_avg:2.2136e-01
INFO: 2024-01-25 12:34:27 epoch:0 dataset: 4/17 step: 72/164 time:0.00+1.97 loss_avg:2.3076e-01
INFO: 2024-01-25 12:34:29 epoch:0 dataset: 4/17 step: 73/164 time:0.00+2.15 loss_avg:2.3133e-01
INFO: 2024-01-25 12:34:31 epoch:0 dataset: 4/17 step: 74/164 time:0.00+2.19 loss_avg:2.2437e-01
INFO: 2024-01-25 12:34:33 epoch:0 dataset: 4/17 step: 75/164 time:0.00+1.65 loss_avg:2.2873e-01
INFO: 2024-01-25 12:34:34 epoch:0 dataset: 4/17 step: 76/164 time:0.02+1.67 loss_avg:2.1891e-01
INFO: 2024-01-25 12:34:36 epoch:0 dataset: 4/17 step: 77/164 time:0.02+1.29 loss_avg:2.2954e-01
INFO: 2024-01-25 12:34:38 epoch:0 dataset: 4/17 step: 78/164 time:0.00+2.10 loss_avg:2.4011e-01
INFO: 2024-01-25 12:34:41 epoch:0 dataset: 4/17 step: 79/164 time:0.01+2.59 loss_avg:2.2335e-01
INFO: 2024-01-25 12:34:42 epoch:0 dataset: 4/17 step: 80/164 time:0.02+1.40 loss_avg:2.2858e-01
INFO: 2024-01-25 12:34:43 epoch:0 dataset: 4/17 step: 81/164 time:0.02+1.52 loss_avg:2.1722e-01
INFO: 2024-01-25 12:34:45 epoch:0 dataset: 4/17 step: 82/164 time:0.02+1.62 loss_avg:2.3120e-01
INFO: 2024-01-25 12:34:47 epoch:0 dataset: 4/17 step: 83/164 time:0.02+1.49 loss_avg:2.3300e-01
INFO: 2024-01-25 12:34:48 epoch:0 dataset: 4/17 step: 84/164 time:0.01+1.49 loss_avg:2.2371e-01
INFO: 2024-01-25 12:34:50 epoch:0 dataset: 4/17 step: 85/164 time:0.02+1.48 loss_avg:2.2528e-01
INFO: 2024-01-25 12:34:51 epoch:0 dataset: 4/17 step: 86/164 time:0.01+1.49 loss_avg:2.2031e-01
INFO: 2024-01-25 12:34:53 epoch:0 dataset: 4/17 step: 87/164 time:0.01+1.49 loss_avg:2.2676e-01
INFO: 2024-01-25 12:34:54 epoch:0 dataset: 4/17 step: 88/164 time:0.01+1.50 loss_avg:2.3047e-01
INFO: 2024-01-25 12:34:56 epoch:0 dataset: 4/17 step: 89/164 time:0.02+1.50 loss_avg:2.2595e-01
INFO: 2024-01-25 12:34:57 epoch:0 dataset: 4/17 step: 90/164 time:0.02+1.48 loss_avg:2.2701e-01
INFO: 2024-01-25 12:35:00 epoch:0 dataset: 4/17 step: 91/164 time:0.00+2.55 loss_avg:2.2575e-01
INFO: 2024-01-25 12:35:01 epoch:0 dataset: 4/17 step: 92/164 time:0.02+1.73 loss_avg:2.2056e-01
INFO: 2024-01-25 12:35:04 epoch:0 dataset: 4/17 step: 93/164 time:0.02+2.08 loss_avg:2.1663e-01
INFO: 2024-01-25 12:35:06 epoch:0 dataset: 4/17 step: 94/164 time:0.02+2.17 loss_avg:2.0601e-01
INFO: 2024-01-25 12:35:08 epoch:0 dataset: 4/17 step: 95/164 time:0.00+1.98 loss_avg:2.3464e-01
INFO: 2024-01-25 12:35:11 epoch:0 dataset: 4/17 step: 96/164 time:0.00+3.39 loss_avg:2.2769e-01
INFO: 2024-01-25 12:35:14 epoch:0 dataset: 4/17 step: 97/164 time:0.01+2.97 loss_avg:2.2274e-01
INFO: 2024-01-25 12:35:16 epoch:0 dataset: 4/17 step: 98/164 time:0.01+1.99 loss_avg:2.2377e-01
INFO: 2024-01-25 12:35:18 epoch:0 dataset: 4/17 step: 99/164 time:0.01+1.82 loss_avg:2.2359e-01
INFO: 2024-01-25 12:35:20 epoch:0 dataset: 4/17 step: 100/164 time:0.01+1.69 loss_avg:2.1443e-01
INFO: 2024-01-25 12:35:21 epoch:0 dataset: 4/17 step: 101/164 time:0.01+1.74 loss_avg:2.2850e-01
INFO: 2024-01-25 12:35:23 epoch:0 dataset: 4/17 step: 102/164 time:0.01+1.75 loss_avg:1.9449e-01
INFO: 2024-01-25 12:35:25 epoch:0 dataset: 4/17 step: 103/164 time:0.01+1.74 loss_avg:2.4313e-01
INFO: 2024-01-25 12:35:27 epoch:0 dataset: 4/17 step: 104/164 time:0.01+2.00 loss_avg:2.2934e-01
INFO: 2024-01-25 12:35:30 epoch:0 dataset: 4/17 step: 105/164 time:0.01+2.64 loss_avg:2.3585e-01
INFO: 2024-01-25 12:35:31 epoch:0 dataset: 4/17 step: 106/164 time:0.01+1.68 loss_avg:2.1682e-01
INFO: 2024-01-25 12:35:33 epoch:0 dataset: 4/17 step: 107/164 time:0.01+1.66 loss_avg:2.1535e-01
INFO: 2024-01-25 12:35:35 epoch:0 dataset: 4/17 step: 108/164 time:0.01+1.71 loss_avg:2.1953e-01
INFO: 2024-01-25 12:35:36 epoch:0 dataset: 4/17 step: 109/164 time:0.01+1.74 loss_avg:2.3844e-01
INFO: 2024-01-25 12:35:38 epoch:0 dataset: 4/17 step: 110/164 time:0.01+1.95 loss_avg:2.2798e-01
INFO: 2024-01-25 12:35:40 epoch:0 dataset: 4/17 step: 111/164 time:0.01+1.74 loss_avg:2.1780e-01
INFO: 2024-01-25 12:35:42 epoch:0 dataset: 4/17 step: 112/164 time:0.01+1.74 loss_avg:2.2207e-01
INFO: 2024-01-25 12:35:44 epoch:0 dataset: 4/17 step: 113/164 time:0.01+1.72 loss_avg:1.9189e-01
INFO: 2024-01-25 12:35:45 epoch:0 dataset: 4/17 step: 114/164 time:0.01+1.71 loss_avg:2.2196e-01
INFO: 2024-01-25 12:35:47 epoch:0 dataset: 4/17 step: 115/164 time:0.01+1.67 loss_avg:1.9748e-01
INFO: 2024-01-25 12:35:49 epoch:0 dataset: 4/17 step: 116/164 time:0.00+1.68 loss_avg:2.2718e-01
INFO: 2024-01-25 12:35:50 epoch:0 dataset: 4/17 step: 117/164 time:0.01+1.73 loss_avg:2.0361e-01
INFO: 2024-01-25 12:35:52 epoch:0 dataset: 4/17 step: 118/164 time:0.01+1.71 loss_avg:2.1940e-01
INFO: 2024-01-25 12:35:54 epoch:0 dataset: 4/17 step: 119/164 time:0.01+1.69 loss_avg:1.9097e-01
INFO: 2024-01-25 12:35:55 epoch:0 dataset: 4/17 step: 120/164 time:0.01+1.70 loss_avg:2.3083e-01
INFO: 2024-01-25 12:35:57 epoch:0 dataset: 4/17 step: 121/164 time:0.01+1.74 loss_avg:2.2564e-01
INFO: 2024-01-25 12:35:59 epoch:0 dataset: 4/17 step: 122/164 time:0.01+1.73 loss_avg:1.9302e-01
INFO: 2024-01-25 12:36:01 epoch:0 dataset: 4/17 step: 123/164 time:0.00+1.91 loss_avg:2.3124e-01
INFO: 2024-01-25 12:36:03 epoch:0 dataset: 4/17 step: 124/164 time:0.01+1.74 loss_avg:2.2452e-01
INFO: 2024-01-25 12:36:04 epoch:0 dataset: 4/17 step: 125/164 time:0.01+1.74 loss_avg:2.0621e-01
INFO: 2024-01-25 12:36:06 epoch:0 dataset: 4/17 step: 126/164 time:0.01+2.02 loss_avg:2.3093e-01
INFO: 2024-01-25 12:36:08 epoch:0 dataset: 4/17 step: 127/164 time:0.01+1.72 loss_avg:2.1721e-01
INFO: 2024-01-25 12:36:10 epoch:0 dataset: 4/17 step: 128/164 time:0.01+2.01 loss_avg:2.2102e-01
INFO: 2024-01-25 12:36:11 epoch:0 dataset: 4/17 step: 129/164 time:0.01+1.20 loss_avg:2.2560e-01
INFO: 2024-01-25 12:36:14 epoch:0 dataset: 4/17 step: 130/164 time:0.01+2.16 loss_avg:2.2110e-01
INFO: 2024-01-25 12:36:15 epoch:0 dataset: 4/17 step: 131/164 time:0.00+1.75 loss_avg:2.1977e-01
INFO: 2024-01-25 12:36:17 epoch:0 dataset: 4/17 step: 132/164 time:0.00+1.76 loss_avg:2.2489e-01
INFO: 2024-01-25 12:36:18 epoch:0 dataset: 4/17 step: 133/164 time:0.00+1.36 loss_avg:2.1794e-01
INFO: 2024-01-25 12:36:19 epoch:0 dataset: 4/17 step: 134/164 time:0.00+0.96 loss_avg:2.2654e-01
INFO: 2024-01-25 12:36:21 epoch:0 dataset: 4/17 step: 135/164 time:0.01+1.35 loss_avg:2.1827e-01
INFO: 2024-01-25 12:36:22 epoch:0 dataset: 4/17 step: 136/164 time:0.01+1.24 loss_avg:2.1924e-01
INFO: 2024-01-25 12:36:23 epoch:0 dataset: 4/17 step: 137/164 time:0.02+0.80 loss_avg:2.2964e-01
INFO: 2024-01-25 12:36:23 epoch:0 dataset: 4/17 step: 138/164 time:0.00+0.68 loss_avg:2.3126e-01
INFO: 2024-01-25 12:36:24 epoch:0 dataset: 4/17 step: 139/164 time:0.00+1.01 loss_avg:2.0461e-01
INFO: 2024-01-25 12:36:25 epoch:0 dataset: 4/17 step: 140/164 time:0.01+0.82 loss_avg:2.4020e-01
INFO: 2024-01-25 12:36:27 epoch:0 dataset: 4/17 step: 141/164 time:0.00+1.38 loss_avg:2.3471e-01
INFO: 2024-01-25 12:36:27 epoch:0 dataset: 4/17 step: 142/164 time:0.01+0.76 loss_avg:2.0977e-01
INFO: 2024-01-25 12:36:29 epoch:0 dataset: 4/17 step: 143/164 time:0.00+1.15 loss_avg:2.2987e-01
INFO: 2024-01-25 12:36:30 epoch:0 dataset: 4/17 step: 144/164 time:0.02+1.11 loss_avg:2.2127e-01
INFO: 2024-01-25 12:36:31 epoch:0 dataset: 4/17 step: 145/164 time:0.00+1.14 loss_avg:2.2806e-01
INFO: 2024-01-25 12:36:33 epoch:0 dataset: 4/17 step: 146/164 time:0.00+1.77 loss_avg:2.4383e-01
INFO: 2024-01-25 12:36:35 epoch:0 dataset: 4/17 step: 147/164 time:0.00+2.03 loss_avg:2.2073e-01
INFO: 2024-01-25 12:36:37 epoch:0 dataset: 4/17 step: 148/164 time:0.02+2.01 loss_avg:2.1721e-01
INFO: 2024-01-25 12:36:38 epoch:0 dataset: 4/17 step: 149/164 time:0.00+1.68 loss_avg:2.1224e-01
INFO: 2024-01-25 12:36:40 epoch:0 dataset: 4/17 step: 150/164 time:0.00+1.67 loss_avg:2.2905e-01
INFO: 2024-01-25 12:36:42 epoch:0 dataset: 4/17 step: 151/164 time:0.00+1.96 loss_avg:2.1478e-01
INFO: 2024-01-25 12:36:44 epoch:0 dataset: 4/17 step: 152/164 time:0.01+2.43 loss_avg:1.9707e-01
INFO: 2024-01-25 12:36:46 epoch:0 dataset: 4/17 step: 153/164 time:0.01+1.72 loss_avg:2.1676e-01
INFO: 2024-01-25 12:36:48 epoch:0 dataset: 4/17 step: 154/164 time:0.01+1.69 loss_avg:2.3224e-01
INFO: 2024-01-25 12:36:49 epoch:0 dataset: 4/17 step: 155/164 time:0.02+1.40 loss_avg:2.2560e-01
INFO: 2024-01-25 12:36:51 epoch:0 dataset: 4/17 step: 156/164 time:0.01+1.44 loss_avg:2.3020e-01
INFO: 2024-01-25 12:36:52 epoch:0 dataset: 4/17 step: 157/164 time:0.01+1.50 loss_avg:2.2664e-01
INFO: 2024-01-25 12:36:54 epoch:0 dataset: 4/17 step: 158/164 time:0.02+1.50 loss_avg:2.2126e-01
INFO: 2024-01-25 12:36:55 epoch:0 dataset: 4/17 step: 159/164 time:0.02+1.48 loss_avg:2.1881e-01
INFO: 2024-01-25 12:36:57 epoch:0 dataset: 4/17 step: 160/164 time:0.01+1.50 loss_avg:2.0457e-01
INFO: 2024-01-25 12:36:58 epoch:0 dataset: 4/17 step: 161/164 time:0.02+1.46 loss_avg:2.2252e-01
INFO: 2024-01-25 12:37:00 epoch:0 dataset: 4/17 step: 162/164 time:0.01+1.49 loss_avg:2.2385e-01
INFO: 2024-01-25 12:37:01 epoch:0 dataset: 4/17 step: 163/164 time:0.01+1.49 loss_avg:2.2397e-01
INFO: Training on data_train_chr3_48.npy complete.
INFO: 2024-01-25 12:37:04 epoch:0 dataset: 5/17 step: 0/92 time:1.06+1.49 loss_avg:2.2548e-01
INFO: 2024-01-25 12:37:06 epoch:0 dataset: 5/17 step: 1/92 time:0.01+1.71 loss_avg:2.1168e-01
INFO: 2024-01-25 12:37:07 epoch:0 dataset: 5/17 step: 2/92 time:0.01+1.80 loss_avg:2.1739e-01
INFO: 2024-01-25 12:37:10 epoch:0 dataset: 5/17 step: 3/92 time:0.01+2.49 loss_avg:2.1580e-01
INFO: 2024-01-25 12:37:12 epoch:0 dataset: 5/17 step: 4/92 time:0.01+1.72 loss_avg:2.1379e-01
INFO: 2024-01-25 12:37:13 epoch:0 dataset: 5/17 step: 5/92 time:0.01+1.73 loss_avg:1.8828e-01
INFO: 2024-01-25 12:37:15 epoch:0 dataset: 5/17 step: 6/92 time:0.01+2.09 loss_avg:2.2114e-01
INFO: 2024-01-25 12:37:17 epoch:0 dataset: 5/17 step: 7/92 time:0.01+1.83 loss_avg:2.1721e-01
INFO: 2024-01-25 12:37:19 epoch:0 dataset: 5/17 step: 8/92 time:0.01+2.09 loss_avg:2.1907e-01
INFO: 2024-01-25 12:37:20 epoch:0 dataset: 5/17 step: 9/92 time:0.02+0.89 loss_avg:2.3692e-01
INFO: 2024-01-25 12:37:21 epoch:0 dataset: 5/17 step: 10/92 time:0.00+0.92 loss_avg:2.2902e-01
INFO: 2024-01-25 12:37:22 epoch:0 dataset: 5/17 step: 11/92 time:0.02+0.79 loss_avg:2.2169e-01
INFO: 2024-01-25 12:37:23 epoch:0 dataset: 5/17 step: 12/92 time:0.00+1.47 loss_avg:2.2167e-01
INFO: 2024-01-25 12:37:25 epoch:0 dataset: 5/17 step: 13/92 time:0.00+1.74 loss_avg:2.2555e-01
INFO: 2024-01-25 12:37:27 epoch:0 dataset: 5/17 step: 14/92 time:0.00+1.73 loss_avg:2.1351e-01
INFO: 2024-01-25 12:37:29 epoch:0 dataset: 5/17 step: 15/92 time:0.00+1.67 loss_avg:2.1100e-01
INFO: 2024-01-25 12:37:30 epoch:0 dataset: 5/17 step: 16/92 time:0.00+1.68 loss_avg:2.1828e-01
INFO: 2024-01-25 12:37:32 epoch:0 dataset: 5/17 step: 17/92 time:0.00+1.68 loss_avg:2.4038e-01
INFO: 2024-01-25 12:37:34 epoch:0 dataset: 5/17 step: 18/92 time:0.00+1.72 loss_avg:1.9399e-01
INFO: 2024-01-25 12:37:36 epoch:0 dataset: 5/17 step: 19/92 time:0.01+2.17 loss_avg:1.9627e-01
INFO: 2024-01-25 12:37:37 epoch:0 dataset: 5/17 step: 20/92 time:0.01+0.68 loss_avg:2.2916e-01
INFO: 2024-01-25 12:37:38 epoch:0 dataset: 5/17 step: 21/92 time:0.01+1.49 loss_avg:2.1014e-01
INFO: 2024-01-25 12:37:40 epoch:0 dataset: 5/17 step: 22/92 time:0.01+1.79 loss_avg:2.2731e-01
INFO: 2024-01-25 12:37:42 epoch:0 dataset: 5/17 step: 23/92 time:0.00+1.81 loss_avg:2.1398e-01
INFO: 2024-01-25 12:37:44 epoch:0 dataset: 5/17 step: 24/92 time:0.01+2.23 loss_avg:2.1805e-01
INFO: 2024-01-25 12:37:46 epoch:0 dataset: 5/17 step: 25/92 time:0.01+2.06 loss_avg:1.9211e-01
INFO: 2024-01-25 12:37:48 epoch:0 dataset: 5/17 step: 26/92 time:0.01+1.53 loss_avg:2.2220e-01
INFO: 2024-01-25 12:37:49 epoch:0 dataset: 5/17 step: 27/92 time:0.01+1.37 loss_avg:2.1622e-01
INFO: 2024-01-25 12:37:49 epoch:0 dataset: 5/17 step: 28/92 time:0.00+0.52 loss_avg:2.1711e-01
INFO: 2024-01-25 12:37:50 epoch:0 dataset: 5/17 step: 29/92 time:0.00+0.74 loss_avg:1.8713e-01
INFO: 2024-01-25 12:37:51 epoch:0 dataset: 5/17 step: 30/92 time:0.00+0.56 loss_avg:2.2550e-01
INFO: 2024-01-25 12:37:52 epoch:0 dataset: 5/17 step: 31/92 time:0.00+1.39 loss_avg:2.2171e-01
INFO: 2024-01-25 12:37:54 epoch:0 dataset: 5/17 step: 32/92 time:0.00+2.00 loss_avg:2.1951e-01
INFO: 2024-01-25 12:37:56 epoch:0 dataset: 5/17 step: 33/92 time:0.00+1.73 loss_avg:2.0887e-01
INFO: 2024-01-25 12:37:58 epoch:0 dataset: 5/17 step: 34/92 time:0.00+2.08 loss_avg:2.0657e-01
INFO: 2024-01-25 12:38:00 epoch:0 dataset: 5/17 step: 35/92 time:0.00+1.97 loss_avg:2.1269e-01
INFO: 2024-01-25 12:38:01 epoch:0 dataset: 5/17 step: 36/92 time:0.01+1.39 loss_avg:1.9593e-01
INFO: 2024-01-25 12:38:03 epoch:0 dataset: 5/17 step: 37/92 time:0.01+1.41 loss_avg:2.1120e-01
INFO: 2024-01-25 12:38:05 epoch:0 dataset: 5/17 step: 38/92 time:0.01+2.06 loss_avg:2.2956e-01
INFO: 2024-01-25 12:38:07 epoch:0 dataset: 5/17 step: 39/92 time:0.01+2.59 loss_avg:2.2777e-01
INFO: 2024-01-25 12:38:09 epoch:0 dataset: 5/17 step: 40/92 time:0.01+1.79 loss_avg:2.1748e-01
INFO: 2024-01-25 12:38:11 epoch:0 dataset: 5/17 step: 41/92 time:0.00+1.89 loss_avg:2.2039e-01
INFO: 2024-01-25 12:38:13 epoch:0 dataset: 5/17 step: 42/92 time:0.02+2.03 loss_avg:2.1956e-01
INFO: 2024-01-25 12:38:14 epoch:0 dataset: 5/17 step: 43/92 time:0.02+0.69 loss_avg:2.1718e-01
INFO: 2024-01-25 12:38:15 epoch:0 dataset: 5/17 step: 44/92 time:0.00+1.54 loss_avg:2.1597e-01
INFO: 2024-01-25 12:38:16 epoch:0 dataset: 5/17 step: 45/92 time:0.00+0.73 loss_avg:2.2350e-01
INFO: 2024-01-25 12:38:17 epoch:0 dataset: 5/17 step: 46/92 time:0.00+1.28 loss_avg:1.9485e-01
INFO: 2024-01-25 12:38:19 epoch:0 dataset: 5/17 step: 47/92 time:0.01+1.40 loss_avg:2.2065e-01
INFO: 2024-01-25 12:38:20 epoch:0 dataset: 5/17 step: 48/92 time:0.01+1.45 loss_avg:2.2056e-01
INFO: 2024-01-25 12:38:22 epoch:0 dataset: 5/17 step: 49/92 time:0.01+1.40 loss_avg:1.9459e-01
INFO: 2024-01-25 12:38:22 epoch:0 dataset: 5/17 step: 50/92 time:0.01+0.55 loss_avg:2.0539e-01
INFO: 2024-01-25 12:38:24 epoch:0 dataset: 5/17 step: 51/92 time:0.01+1.30 loss_avg:1.7261e-01
INFO: 2024-01-25 12:38:25 epoch:0 dataset: 5/17 step: 52/92 time:0.01+1.53 loss_avg:2.2750e-01
INFO: 2024-01-25 12:38:26 epoch:0 dataset: 5/17 step: 53/92 time:0.01+1.34 loss_avg:2.1831e-01
INFO: 2024-01-25 12:38:28 epoch:0 dataset: 5/17 step: 54/92 time:0.02+1.47 loss_avg:2.2428e-01
INFO: 2024-01-25 12:38:29 epoch:0 dataset: 5/17 step: 55/92 time:0.02+1.32 loss_avg:2.3377e-01
INFO: 2024-01-25 12:38:31 epoch:0 dataset: 5/17 step: 56/92 time:0.00+2.05 loss_avg:2.0922e-01
INFO: 2024-01-25 12:38:34 epoch:0 dataset: 5/17 step: 57/92 time:0.00+2.33 loss_avg:1.9438e-01
INFO: 2024-01-25 12:38:35 epoch:0 dataset: 5/17 step: 58/92 time:0.01+1.75 loss_avg:2.2098e-01
INFO: 2024-01-25 12:38:38 epoch:0 dataset: 5/17 step: 59/92 time:0.01+2.19 loss_avg:2.2093e-01
INFO: 2024-01-25 12:38:40 epoch:0 dataset: 5/17 step: 60/92 time:0.01+2.61 loss_avg:2.2396e-01
INFO: 2024-01-25 12:38:42 epoch:0 dataset: 5/17 step: 61/92 time:0.01+1.43 loss_avg:1.9470e-01
INFO: 2024-01-25 12:38:43 epoch:0 dataset: 5/17 step: 62/92 time:0.01+1.42 loss_avg:1.9481e-01
INFO: 2024-01-25 12:38:44 epoch:0 dataset: 5/17 step: 63/92 time:0.01+1.36 loss_avg:2.2054e-01
INFO: 2024-01-25 12:38:46 epoch:0 dataset: 5/17 step: 64/92 time:0.01+1.30 loss_avg:2.1444e-01
INFO: 2024-01-25 12:38:47 epoch:0 dataset: 5/17 step: 65/92 time:0.00+1.61 loss_avg:2.2577e-01
INFO: 2024-01-25 12:38:48 epoch:0 dataset: 5/17 step: 66/92 time:0.02+0.65 loss_avg:2.2762e-01
INFO: 2024-01-25 12:38:49 epoch:0 dataset: 5/17 step: 67/92 time:0.02+1.10 loss_avg:2.1259e-01
INFO: 2024-01-25 12:38:51 epoch:0 dataset: 5/17 step: 68/92 time:0.00+1.73 loss_avg:2.1218e-01
INFO: 2024-01-25 12:38:53 epoch:0 dataset: 5/17 step: 69/92 time:0.00+1.83 loss_avg:2.0594e-01
INFO: 2024-01-25 12:38:55 epoch:0 dataset: 5/17 step: 70/92 time:0.01+2.16 loss_avg:2.1734e-01
INFO: 2024-01-25 12:38:57 epoch:0 dataset: 5/17 step: 71/92 time:0.01+1.92 loss_avg:2.1401e-01
INFO: 2024-01-25 12:38:59 epoch:0 dataset: 5/17 step: 72/92 time:0.00+1.79 loss_avg:2.1511e-01
INFO: 2024-01-25 12:39:00 epoch:0 dataset: 5/17 step: 73/92 time:0.00+1.88 loss_avg:2.1651e-01
INFO: 2024-01-25 12:39:03 epoch:0 dataset: 5/17 step: 74/92 time:0.01+2.34 loss_avg:2.1961e-01
INFO: 2024-01-25 12:39:05 epoch:0 dataset: 5/17 step: 75/92 time:0.00+1.92 loss_avg:1.9890e-01
INFO: 2024-01-25 12:39:07 epoch:0 dataset: 5/17 step: 76/92 time:0.01+2.01 loss_avg:2.2564e-01
INFO: 2024-01-25 12:39:08 epoch:0 dataset: 5/17 step: 77/92 time:0.01+1.47 loss_avg:2.0373e-01
INFO: 2024-01-25 12:39:10 epoch:0 dataset: 5/17 step: 78/92 time:0.01+1.40 loss_avg:2.1556e-01
INFO: 2024-01-25 12:39:11 epoch:0 dataset: 5/17 step: 79/92 time:0.02+1.40 loss_avg:2.3872e-01
INFO: 2024-01-25 12:39:13 epoch:0 dataset: 5/17 step: 80/92 time:0.02+1.94 loss_avg:2.2069e-01
INFO: 2024-01-25 12:39:15 epoch:0 dataset: 5/17 step: 81/92 time:0.01+1.69 loss_avg:1.9671e-01
INFO: 2024-01-25 12:39:17 epoch:0 dataset: 5/17 step: 82/92 time:0.00+2.20 loss_avg:2.0193e-01
INFO: 2024-01-25 12:39:19 epoch:0 dataset: 5/17 step: 83/92 time:0.01+1.88 loss_avg:2.2716e-01
INFO: 2024-01-25 12:39:21 epoch:0 dataset: 5/17 step: 84/92 time:0.00+1.78 loss_avg:2.2329e-01
INFO: 2024-01-25 12:39:23 epoch:0 dataset: 5/17 step: 85/92 time:0.01+2.08 loss_avg:2.1979e-01
INFO: 2024-01-25 12:39:25 epoch:0 dataset: 5/17 step: 86/92 time:0.00+1.86 loss_avg:2.2437e-01
INFO: 2024-01-25 12:39:26 epoch:0 dataset: 5/17 step: 87/92 time:0.01+1.46 loss_avg:2.2169e-01
INFO: 2024-01-25 12:39:27 epoch:0 dataset: 5/17 step: 88/92 time:0.01+1.40 loss_avg:2.1656e-01
INFO: 2024-01-25 12:39:29 epoch:0 dataset: 5/17 step: 89/92 time:0.01+1.47 loss_avg:1.8756e-01
INFO: 2024-01-25 12:39:30 epoch:0 dataset: 5/17 step: 90/92 time:0.01+1.48 loss_avg:2.0162e-01
INFO: 2024-01-25 12:39:32 epoch:0 dataset: 5/17 step: 91/92 time:0.01+1.40 loss_avg:2.3224e-01
INFO: Training on data_train_chr18_48.npy complete.
INFO: 2024-01-25 12:39:35 epoch:0 dataset: 6/17 step: 0/125 time:1.27+1.57 loss_avg:2.1420e-01
INFO: 2024-01-25 12:39:36 epoch:0 dataset: 6/17 step: 1/125 time:0.01+1.53 loss_avg:2.2566e-01
INFO: 2024-01-25 12:39:38 epoch:0 dataset: 6/17 step: 2/125 time:0.01+1.56 loss_avg:1.7229e-01
INFO: 2024-01-25 12:39:40 epoch:0 dataset: 6/17 step: 3/125 time:0.01+2.27 loss_avg:2.2460e-01
INFO: 2024-01-25 12:39:42 epoch:0 dataset: 6/17 step: 4/125 time:0.01+2.02 loss_avg:2.1638e-01
INFO: 2024-01-25 12:39:43 epoch:0 dataset: 6/17 step: 5/125 time:0.01+0.87 loss_avg:2.1768e-01
INFO: 2024-01-25 12:39:44 epoch:0 dataset: 6/17 step: 6/125 time:0.01+1.38 loss_avg:2.0627e-01
INFO: 2024-01-25 12:39:46 epoch:0 dataset: 6/17 step: 7/125 time:0.01+1.75 loss_avg:2.2083e-01
INFO: 2024-01-25 12:39:48 epoch:0 dataset: 6/17 step: 8/125 time:0.00+1.68 loss_avg:2.0647e-01
INFO: 2024-01-25 12:39:50 epoch:0 dataset: 6/17 step: 9/125 time:0.00+1.67 loss_avg:2.2549e-01
INFO: 2024-01-25 12:39:51 epoch:0 dataset: 6/17 step: 10/125 time:0.01+1.72 loss_avg:2.2729e-01
INFO: 2024-01-25 12:39:53 epoch:0 dataset: 6/17 step: 11/125 time:0.01+1.87 loss_avg:1.9214e-01
INFO: 2024-01-25 12:39:55 epoch:0 dataset: 6/17 step: 12/125 time:0.00+1.80 loss_avg:2.3380e-01
INFO: 2024-01-25 12:39:57 epoch:0 dataset: 6/17 step: 13/125 time:0.01+1.75 loss_avg:2.2870e-01
INFO: 2024-01-25 12:39:59 epoch:0 dataset: 6/17 step: 14/125 time:0.00+2.07 loss_avg:2.3688e-01
INFO: 2024-01-25 12:40:01 epoch:0 dataset: 6/17 step: 15/125 time:0.01+1.93 loss_avg:2.1628e-01
INFO: 2024-01-25 12:40:02 epoch:0 dataset: 6/17 step: 16/125 time:0.01+1.75 loss_avg:2.3242e-01
INFO: 2024-01-25 12:40:04 epoch:0 dataset: 6/17 step: 17/125 time:0.00+1.74 loss_avg:2.2212e-01
INFO: 2024-01-25 12:40:06 epoch:0 dataset: 6/17 step: 18/125 time:0.00+2.00 loss_avg:2.1898e-01
INFO: 2024-01-25 12:40:08 epoch:0 dataset: 6/17 step: 19/125 time:0.02+1.37 loss_avg:2.1523e-01
INFO: 2024-01-25 12:40:09 epoch:0 dataset: 6/17 step: 20/125 time:0.02+0.99 loss_avg:2.2310e-01
INFO: 2024-01-25 12:40:11 epoch:0 dataset: 6/17 step: 21/125 time:0.01+2.07 loss_avg:2.1910e-01
INFO: 2024-01-25 12:40:12 epoch:0 dataset: 6/17 step: 22/125 time:0.01+1.49 loss_avg:2.1065e-01
INFO: 2024-01-25 12:40:14 epoch:0 dataset: 6/17 step: 23/125 time:0.02+2.12 loss_avg:2.2042e-01
INFO: 2024-01-25 12:40:17 epoch:0 dataset: 6/17 step: 24/125 time:0.02+2.58 loss_avg:2.3355e-01
INFO: 2024-01-25 12:40:20 epoch:0 dataset: 6/17 step: 25/125 time:0.02+2.57 loss_avg:2.2035e-01
INFO: 2024-01-25 12:40:22 epoch:0 dataset: 6/17 step: 26/125 time:0.03+2.62 loss_avg:2.1967e-01
INFO: 2024-01-25 12:40:24 epoch:0 dataset: 6/17 step: 27/125 time:0.02+1.75 loss_avg:2.2344e-01
INFO: 2024-01-25 12:40:26 epoch:0 dataset: 6/17 step: 28/125 time:0.00+1.70 loss_avg:2.0801e-01
INFO: 2024-01-25 12:40:27 epoch:0 dataset: 6/17 step: 29/125 time:0.00+1.70 loss_avg:2.3066e-01
INFO: 2024-01-25 12:40:29 epoch:0 dataset: 6/17 step: 30/125 time:0.00+1.69 loss_avg:2.2618e-01
INFO: 2024-01-25 12:40:31 epoch:0 dataset: 6/17 step: 31/125 time:0.00+1.92 loss_avg:2.1448e-01
INFO: 2024-01-25 12:40:33 epoch:0 dataset: 6/17 step: 32/125 time:0.01+2.02 loss_avg:2.0381e-01
INFO: 2024-01-25 12:40:35 epoch:0 dataset: 6/17 step: 33/125 time:0.00+2.05 loss_avg:2.3146e-01
INFO: 2024-01-25 12:40:37 epoch:0 dataset: 6/17 step: 34/125 time:0.00+2.00 loss_avg:2.1792e-01
INFO: 2024-01-25 12:40:40 epoch:0 dataset: 6/17 step: 35/125 time:0.01+2.56 loss_avg:2.2528e-01
INFO: 2024-01-25 12:40:42 epoch:0 dataset: 6/17 step: 36/125 time:0.01+2.56 loss_avg:2.2403e-01
INFO: 2024-01-25 12:40:45 epoch:0 dataset: 6/17 step: 37/125 time:0.01+2.63 loss_avg:2.1918e-01
INFO: 2024-01-25 12:40:46 epoch:0 dataset: 6/17 step: 38/125 time:0.02+1.62 loss_avg:2.1944e-01
INFO: 2024-01-25 12:40:49 epoch:0 dataset: 6/17 step: 39/125 time:0.01+2.32 loss_avg:2.1477e-01
INFO: 2024-01-25 12:40:51 epoch:0 dataset: 6/17 step: 40/125 time:0.02+2.48 loss_avg:2.2072e-01
INFO: 2024-01-25 12:40:54 epoch:0 dataset: 6/17 step: 41/125 time:0.02+2.57 loss_avg:2.1886e-01
INFO: 2024-01-25 12:40:56 epoch:0 dataset: 6/17 step: 42/125 time:0.02+2.56 loss_avg:1.8560e-01
INFO: 2024-01-25 12:40:59 epoch:0 dataset: 6/17 step: 43/125 time:0.01+2.83 loss_avg:2.2658e-01
INFO: 2024-01-25 12:41:01 epoch:0 dataset: 6/17 step: 44/125 time:0.02+1.75 loss_avg:2.0943e-01
INFO: 2024-01-25 12:41:03 epoch:0 dataset: 6/17 step: 45/125 time:0.02+1.49 loss_avg:1.9972e-01
INFO: 2024-01-25 12:41:04 epoch:0 dataset: 6/17 step: 46/125 time:0.01+1.73 loss_avg:1.7072e-01
INFO: 2024-01-25 12:41:06 epoch:0 dataset: 6/17 step: 47/125 time:0.01+1.47 loss_avg:2.0806e-01
INFO: 2024-01-25 12:41:07 epoch:0 dataset: 6/17 step: 48/125 time:0.02+1.50 loss_avg:2.2422e-01
INFO: 2024-01-25 12:41:08 epoch:0 dataset: 6/17 step: 49/125 time:0.02+0.93 loss_avg:2.3825e-01
INFO: 2024-01-25 12:41:10 epoch:0 dataset: 6/17 step: 50/125 time:0.02+1.43 loss_avg:2.1963e-01
INFO: 2024-01-25 12:41:12 epoch:0 dataset: 6/17 step: 51/125 time:0.02+1.97 loss_avg:2.1996e-01
INFO: 2024-01-25 12:41:13 epoch:0 dataset: 6/17 step: 52/125 time:0.02+1.76 loss_avg:2.3066e-01
INFO: 2024-01-25 12:41:15 epoch:0 dataset: 6/17 step: 53/125 time:0.02+1.72 loss_avg:2.2839e-01
INFO: 2024-01-25 12:41:17 epoch:0 dataset: 6/17 step: 54/125 time:0.02+1.49 loss_avg:2.3869e-01
INFO: 2024-01-25 12:41:18 epoch:0 dataset: 6/17 step: 55/125 time:0.02+1.48 loss_avg:2.0968e-01
INFO: 2024-01-25 12:41:20 epoch:0 dataset: 6/17 step: 56/125 time:0.02+1.36 loss_avg:2.3673e-01
INFO: 2024-01-25 12:41:21 epoch:0 dataset: 6/17 step: 57/125 time:0.03+1.55 loss_avg:2.2879e-01
INFO: 2024-01-25 12:41:23 epoch:0 dataset: 6/17 step: 58/125 time:0.00+1.85 loss_avg:2.1620e-01
INFO: 2024-01-25 12:41:25 epoch:0 dataset: 6/17 step: 59/125 time:0.00+1.73 loss_avg:2.2567e-01
INFO: 2024-01-25 12:41:27 epoch:0 dataset: 6/17 step: 60/125 time:0.00+1.88 loss_avg:2.1891e-01
INFO: 2024-01-25 12:41:28 epoch:0 dataset: 6/17 step: 61/125 time:0.01+0.96 loss_avg:2.2132e-01
INFO: 2024-01-25 12:41:28 epoch:0 dataset: 6/17 step: 62/125 time:0.01+0.69 loss_avg:2.1749e-01
INFO: 2024-01-25 12:41:29 epoch:0 dataset: 6/17 step: 63/125 time:0.01+0.95 loss_avg:2.3685e-01
INFO: 2024-01-25 12:41:30 epoch:0 dataset: 6/17 step: 64/125 time:0.01+0.74 loss_avg:2.1569e-01
INFO: 2024-01-25 12:41:31 epoch:0 dataset: 6/17 step: 65/125 time:0.00+0.84 loss_avg:2.1379e-01
INFO: 2024-01-25 12:41:33 epoch:0 dataset: 6/17 step: 66/125 time:0.01+1.81 loss_avg:2.0365e-01
INFO: 2024-01-25 12:41:35 epoch:0 dataset: 6/17 step: 67/125 time:0.01+2.48 loss_avg:2.1355e-01
INFO: 2024-01-25 12:41:38 epoch:0 dataset: 6/17 step: 68/125 time:0.01+2.71 loss_avg:1.6478e-01
INFO: 2024-01-25 12:41:41 epoch:0 dataset: 6/17 step: 69/125 time:0.01+2.70 loss_avg:2.2984e-01
INFO: 2024-01-25 12:41:43 epoch:0 dataset: 6/17 step: 70/125 time:0.01+2.07 loss_avg:2.3690e-01
INFO: 2024-01-25 12:41:44 epoch:0 dataset: 6/17 step: 71/125 time:0.00+1.75 loss_avg:2.0037e-01
INFO: 2024-01-25 12:41:46 epoch:0 dataset: 6/17 step: 72/125 time:0.00+1.76 loss_avg:2.2060e-01
INFO: 2024-01-25 12:41:48 epoch:0 dataset: 6/17 step: 73/125 time:0.00+1.74 loss_avg:2.2929e-01
INFO: 2024-01-25 12:41:50 epoch:0 dataset: 6/17 step: 74/125 time:0.00+1.69 loss_avg:2.2280e-01
INFO: 2024-01-25 12:41:51 epoch:0 dataset: 6/17 step: 75/125 time:0.00+1.74 loss_avg:2.0601e-01
INFO: 2024-01-25 12:41:53 epoch:0 dataset: 6/17 step: 76/125 time:0.02+1.44 loss_avg:2.2025e-01
INFO: 2024-01-25 12:41:55 epoch:0 dataset: 6/17 step: 77/125 time:0.02+1.74 loss_avg:2.2959e-01
INFO: 2024-01-25 12:41:56 epoch:0 dataset: 6/17 step: 78/125 time:0.02+1.51 loss_avg:2.1896e-01
INFO: 2024-01-25 12:41:58 epoch:0 dataset: 6/17 step: 79/125 time:0.02+1.48 loss_avg:2.0420e-01
INFO: 2024-01-25 12:41:58 epoch:0 dataset: 6/17 step: 80/125 time:0.02+0.74 loss_avg:2.1480e-01
INFO: 2024-01-25 12:42:00 epoch:0 dataset: 6/17 step: 81/125 time:0.02+1.20 loss_avg:1.9806e-01
INFO: 2024-01-25 12:42:00 epoch:0 dataset: 6/17 step: 82/125 time:0.01+0.67 loss_avg:2.2047e-01
INFO: 2024-01-25 12:42:01 epoch:0 dataset: 6/17 step: 83/125 time:0.00+0.64 loss_avg:1.9335e-01
INFO: 2024-01-25 12:42:02 epoch:0 dataset: 6/17 step: 84/125 time:0.00+1.08 loss_avg:2.2280e-01
INFO: 2024-01-25 12:42:03 epoch:0 dataset: 6/17 step: 85/125 time:0.00+1.28 loss_avg:2.2548e-01
INFO: 2024-01-25 12:42:04 epoch:0 dataset: 6/17 step: 86/125 time:0.00+0.94 loss_avg:2.1869e-01
INFO: 2024-01-25 12:42:05 epoch:0 dataset: 6/17 step: 87/125 time:0.00+0.87 loss_avg:2.2428e-01
INFO: 2024-01-25 12:42:06 epoch:0 dataset: 6/17 step: 88/125 time:0.01+1.16 loss_avg:2.3671e-01
INFO: 2024-01-25 12:42:08 epoch:0 dataset: 6/17 step: 89/125 time:0.01+1.35 loss_avg:2.1155e-01
INFO: 2024-01-25 12:42:09 epoch:0 dataset: 6/17 step: 90/125 time:0.01+1.53 loss_avg:2.2929e-01
INFO: 2024-01-25 12:42:11 epoch:0 dataset: 6/17 step: 91/125 time:0.01+1.52 loss_avg:2.1024e-01
INFO: 2024-01-25 12:42:12 epoch:0 dataset: 6/17 step: 92/125 time:0.01+1.30 loss_avg:2.1049e-01
INFO: 2024-01-25 12:42:13 epoch:0 dataset: 6/17 step: 93/125 time:0.01+1.47 loss_avg:2.3482e-01
INFO: 2024-01-25 12:42:16 epoch:0 dataset: 6/17 step: 94/125 time:0.00+2.19 loss_avg:2.2468e-01
INFO: 2024-01-25 12:42:18 epoch:0 dataset: 6/17 step: 95/125 time:0.01+2.49 loss_avg:2.0748e-01
INFO: 2024-01-25 12:42:20 epoch:0 dataset: 6/17 step: 96/125 time:0.00+2.17 loss_avg:2.2826e-01
INFO: 2024-01-25 12:42:23 epoch:0 dataset: 6/17 step: 97/125 time:0.00+2.55 loss_avg:2.0828e-01
INFO: 2024-01-25 12:42:25 epoch:0 dataset: 6/17 step: 98/125 time:0.02+2.63 loss_avg:2.3140e-01
INFO: 2024-01-25 12:42:28 epoch:0 dataset: 6/17 step: 99/125 time:0.01+2.62 loss_avg:2.0712e-01
INFO: 2024-01-25 12:42:30 epoch:0 dataset: 6/17 step: 100/125 time:0.01+2.29 loss_avg:2.1573e-01
INFO: 2024-01-25 12:42:33 epoch:0 dataset: 6/17 step: 101/125 time:0.02+2.39 loss_avg:2.1770e-01
INFO: 2024-01-25 12:42:35 epoch:0 dataset: 6/17 step: 102/125 time:0.00+2.55 loss_avg:2.3207e-01
INFO: 2024-01-25 12:42:38 epoch:0 dataset: 6/17 step: 103/125 time:0.01+2.21 loss_avg:2.2936e-01
INFO: 2024-01-25 12:42:39 epoch:0 dataset: 6/17 step: 104/125 time:0.00+1.54 loss_avg:2.1097e-01
INFO: 2024-01-25 12:42:41 epoch:0 dataset: 6/17 step: 105/125 time:0.02+1.48 loss_avg:2.2445e-01
INFO: 2024-01-25 12:42:42 epoch:0 dataset: 6/17 step: 106/125 time:0.02+1.48 loss_avg:2.1837e-01
INFO: 2024-01-25 12:42:44 epoch:0 dataset: 6/17 step: 107/125 time:0.01+1.48 loss_avg:2.0910e-01
INFO: 2024-01-25 12:42:45 epoch:0 dataset: 6/17 step: 108/125 time:0.01+1.47 loss_avg:2.2973e-01
INFO: 2024-01-25 12:42:48 epoch:0 dataset: 6/17 step: 109/125 time:0.01+2.58 loss_avg:2.2879e-01
INFO: 2024-01-25 12:42:50 epoch:0 dataset: 6/17 step: 110/125 time:0.02+2.27 loss_avg:2.1829e-01
INFO: 2024-01-25 12:42:52 epoch:0 dataset: 6/17 step: 111/125 time:0.00+1.69 loss_avg:1.7973e-01
INFO: 2024-01-25 12:42:54 epoch:0 dataset: 6/17 step: 112/125 time:0.00+2.37 loss_avg:2.2691e-01
INFO: 2024-01-25 12:42:57 epoch:0 dataset: 6/17 step: 113/125 time:0.01+2.41 loss_avg:2.2464e-01
INFO: 2024-01-25 12:42:58 epoch:0 dataset: 6/17 step: 114/125 time:0.00+1.77 loss_avg:2.0176e-01
INFO: 2024-01-25 12:43:00 epoch:0 dataset: 6/17 step: 115/125 time:0.00+1.78 loss_avg:1.6830e-01
INFO: 2024-01-25 12:43:02 epoch:0 dataset: 6/17 step: 116/125 time:0.01+1.76 loss_avg:2.2506e-01
INFO: 2024-01-25 12:43:04 epoch:0 dataset: 6/17 step: 117/125 time:0.00+1.75 loss_avg:1.9404e-01
INFO: 2024-01-25 12:43:05 epoch:0 dataset: 6/17 step: 118/125 time:0.00+1.75 loss_avg:2.2977e-01
INFO: 2024-01-25 12:43:07 epoch:0 dataset: 6/17 step: 119/125 time:0.00+1.74 loss_avg:2.3363e-01
INFO: 2024-01-25 12:43:10 epoch:0 dataset: 6/17 step: 120/125 time:0.00+2.59 loss_avg:2.3098e-01
INFO: 2024-01-25 12:43:11 epoch:0 dataset: 6/17 step: 121/125 time:0.02+1.35 loss_avg:2.2915e-01
INFO: 2024-01-25 12:43:12 epoch:0 dataset: 6/17 step: 122/125 time:0.01+1.28 loss_avg:2.1574e-01
INFO: 2024-01-25 12:43:14 epoch:0 dataset: 6/17 step: 123/125 time:0.00+1.70 loss_avg:2.1672e-01
INFO: 2024-01-25 12:43:16 epoch:0 dataset: 6/17 step: 124/125 time:0.00+1.70 loss_avg:2.3091e-01
INFO: Training on data_train_chr11_48.npy complete.
INFO: 2024-01-25 12:43:18 epoch:0 dataset: 7/17 step: 0/133 time:0.38+1.72 loss_avg:2.3575e-01
INFO: 2024-01-25 12:43:20 epoch:0 dataset: 7/17 step: 1/133 time:0.00+2.00 loss_avg:2.1532e-01
INFO: 2024-01-25 12:43:22 epoch:0 dataset: 7/17 step: 2/133 time:0.00+2.00 loss_avg:2.2556e-01
INFO: 2024-01-25 12:43:24 epoch:0 dataset: 7/17 step: 3/133 time:0.00+1.75 loss_avg:2.2057e-01
INFO: 2024-01-25 12:43:25 epoch:0 dataset: 7/17 step: 4/133 time:0.00+1.77 loss_avg:1.9991e-01
INFO: 2024-01-25 12:43:27 epoch:0 dataset: 7/17 step: 5/133 time:0.00+1.73 loss_avg:2.1996e-01
INFO: 2024-01-25 12:43:29 epoch:0 dataset: 7/17 step: 6/133 time:0.00+1.82 loss_avg:2.2252e-01
INFO: 2024-01-25 12:43:31 epoch:0 dataset: 7/17 step: 7/133 time:0.01+1.72 loss_avg:2.2062e-01
INFO: 2024-01-25 12:43:32 epoch:0 dataset: 7/17 step: 8/133 time:0.00+1.79 loss_avg:2.2424e-01
INFO: 2024-01-25 12:43:35 epoch:0 dataset: 7/17 step: 9/133 time:0.01+2.18 loss_avg:2.1742e-01
INFO: 2024-01-25 12:43:36 epoch:0 dataset: 7/17 step: 10/133 time:0.00+1.75 loss_avg:2.0981e-01
INFO: 2024-01-25 12:43:38 epoch:0 dataset: 7/17 step: 11/133 time:0.00+1.81 loss_avg:2.2663e-01
INFO: 2024-01-25 12:43:40 epoch:0 dataset: 7/17 step: 12/133 time:0.00+2.28 loss_avg:1.9420e-01
INFO: 2024-01-25 12:43:42 epoch:0 dataset: 7/17 step: 13/133 time:0.01+1.79 loss_avg:2.1626e-01
INFO: 2024-01-25 12:43:44 epoch:0 dataset: 7/17 step: 14/133 time:0.01+1.75 loss_avg:2.1571e-01
INFO: 2024-01-25 12:43:46 epoch:0 dataset: 7/17 step: 15/133 time:0.01+1.76 loss_avg:1.8545e-01
INFO: 2024-01-25 12:43:48 epoch:0 dataset: 7/17 step: 16/133 time:0.01+1.87 loss_avg:1.8710e-01
INFO: 2024-01-25 12:43:50 epoch:0 dataset: 7/17 step: 17/133 time:0.01+1.91 loss_avg:2.2300e-01
INFO: 2024-01-25 12:43:51 epoch:0 dataset: 7/17 step: 18/133 time:0.00+1.72 loss_avg:2.1797e-01
INFO: 2024-01-25 12:43:53 epoch:0 dataset: 7/17 step: 19/133 time:0.01+2.04 loss_avg:1.8997e-01
INFO: 2024-01-25 12:43:56 epoch:0 dataset: 7/17 step: 20/133 time:0.01+2.18 loss_avg:2.1635e-01
INFO: 2024-01-25 12:43:58 epoch:0 dataset: 7/17 step: 21/133 time:0.01+2.20 loss_avg:2.1104e-01
INFO: 2024-01-25 12:44:00 epoch:0 dataset: 7/17 step: 22/133 time:0.00+2.13 loss_avg:2.1325e-01
INFO: 2024-01-25 12:44:02 epoch:0 dataset: 7/17 step: 23/133 time:0.00+1.69 loss_avg:1.9173e-01
INFO: 2024-01-25 12:44:03 epoch:0 dataset: 7/17 step: 24/133 time:0.00+1.67 loss_avg:2.2472e-01
INFO: 2024-01-25 12:44:05 epoch:0 dataset: 7/17 step: 25/133 time:0.00+1.68 loss_avg:2.2564e-01
INFO: 2024-01-25 12:44:07 epoch:0 dataset: 7/17 step: 26/133 time:0.01+1.67 loss_avg:2.4116e-01
INFO: 2024-01-25 12:44:08 epoch:0 dataset: 7/17 step: 27/133 time:0.00+1.76 loss_avg:2.1251e-01
INFO: 2024-01-25 12:44:09 epoch:0 dataset: 7/17 step: 28/133 time:0.01+0.51 loss_avg:2.1856e-01
INFO: 2024-01-25 12:44:11 epoch:0 dataset: 7/17 step: 29/133 time:0.00+1.73 loss_avg:2.1498e-01
INFO: 2024-01-25 12:44:12 epoch:0 dataset: 7/17 step: 30/133 time:0.01+1.74 loss_avg:2.2268e-01
INFO: 2024-01-25 12:44:14 epoch:0 dataset: 7/17 step: 31/133 time:0.01+2.05 loss_avg:2.1446e-01
INFO: 2024-01-25 12:44:17 epoch:0 dataset: 7/17 step: 32/133 time:0.01+2.16 loss_avg:2.1540e-01
INFO: 2024-01-25 12:44:19 epoch:0 dataset: 7/17 step: 33/133 time:0.01+1.97 loss_avg:2.1576e-01
INFO: 2024-01-25 12:44:21 epoch:0 dataset: 7/17 step: 34/133 time:0.01+2.04 loss_avg:2.2272e-01
INFO: 2024-01-25 12:44:23 epoch:0 dataset: 7/17 step: 35/133 time:0.01+2.20 loss_avg:2.2282e-01
INFO: 2024-01-25 12:44:25 epoch:0 dataset: 7/17 step: 36/133 time:0.01+2.57 loss_avg:2.1089e-01
INFO: 2024-01-25 12:44:28 epoch:0 dataset: 7/17 step: 37/133 time:0.01+2.55 loss_avg:1.9269e-01
INFO: 2024-01-25 12:44:29 epoch:0 dataset: 7/17 step: 38/133 time:0.01+1.50 loss_avg:2.1502e-01
INFO: 2024-01-25 12:44:30 epoch:0 dataset: 7/17 step: 39/133 time:0.01+0.68 loss_avg:2.1590e-01
INFO: 2024-01-25 12:44:31 epoch:0 dataset: 7/17 step: 40/133 time:0.01+1.11 loss_avg:2.2353e-01
INFO: 2024-01-25 12:44:32 epoch:0 dataset: 7/17 step: 41/133 time:0.00+0.76 loss_avg:2.3024e-01
INFO: 2024-01-25 12:44:33 epoch:0 dataset: 7/17 step: 42/133 time:0.01+0.69 loss_avg:2.1755e-01
INFO: 2024-01-25 12:44:33 epoch:0 dataset: 7/17 step: 43/133 time:0.00+0.58 loss_avg:2.1424e-01
INFO: 2024-01-25 12:44:34 epoch:0 dataset: 7/17 step: 44/133 time:0.00+0.56 loss_avg:1.9915e-01
INFO: 2024-01-25 12:44:35 epoch:0 dataset: 7/17 step: 45/133 time:0.01+0.62 loss_avg:2.1848e-01
INFO: 2024-01-25 12:44:36 epoch:0 dataset: 7/17 step: 46/133 time:0.00+1.45 loss_avg:2.4179e-01
INFO: 2024-01-25 12:44:38 epoch:0 dataset: 7/17 step: 47/133 time:0.00+1.74 loss_avg:2.0643e-01
INFO: 2024-01-25 12:44:39 epoch:0 dataset: 7/17 step: 48/133 time:0.00+1.73 loss_avg:2.1112e-01
INFO: 2024-01-25 12:44:41 epoch:0 dataset: 7/17 step: 49/133 time:0.00+1.77 loss_avg:1.9696e-01
INFO: 2024-01-25 12:44:43 epoch:0 dataset: 7/17 step: 50/133 time:0.00+1.78 loss_avg:2.1795e-01
INFO: 2024-01-25 12:44:45 epoch:0 dataset: 7/17 step: 51/133 time:0.00+1.78 loss_avg:2.1892e-01
INFO: 2024-01-25 12:44:47 epoch:0 dataset: 7/17 step: 52/133 time:0.00+1.82 loss_avg:2.0727e-01
INFO: 2024-01-25 12:44:48 epoch:0 dataset: 7/17 step: 53/133 time:0.02+1.81 loss_avg:2.2182e-01
INFO: 2024-01-25 12:44:50 epoch:0 dataset: 7/17 step: 54/133 time:0.00+1.84 loss_avg:2.2804e-01
INFO: 2024-01-25 12:44:52 epoch:0 dataset: 7/17 step: 55/133 time:0.01+1.80 loss_avg:2.2685e-01
INFO: 2024-01-25 12:44:54 epoch:0 dataset: 7/17 step: 56/133 time:0.01+1.77 loss_avg:2.2114e-01
INFO: 2024-01-25 12:44:56 epoch:0 dataset: 7/17 step: 57/133 time:0.01+2.29 loss_avg:1.9586e-01
INFO: 2024-01-25 12:44:58 epoch:0 dataset: 7/17 step: 58/133 time:0.01+1.74 loss_avg:2.1701e-01
INFO: 2024-01-25 12:45:00 epoch:0 dataset: 7/17 step: 59/133 time:0.01+1.75 loss_avg:2.2630e-01
INFO: 2024-01-25 12:45:01 epoch:0 dataset: 7/17 step: 60/133 time:0.01+1.75 loss_avg:2.2052e-01
INFO: 2024-01-25 12:45:03 epoch:0 dataset: 7/17 step: 61/133 time:0.01+1.73 loss_avg:2.2203e-01
INFO: 2024-01-25 12:45:05 epoch:0 dataset: 7/17 step: 62/133 time:0.01+1.73 loss_avg:2.3661e-01
INFO: 2024-01-25 12:45:07 epoch:0 dataset: 7/17 step: 63/133 time:0.01+1.74 loss_avg:1.9085e-01
INFO: 2024-01-25 12:45:08 epoch:0 dataset: 7/17 step: 64/133 time:0.01+1.77 loss_avg:2.2207e-01
INFO: 2024-01-25 12:45:10 epoch:0 dataset: 7/17 step: 65/133 time:0.01+1.76 loss_avg:2.0825e-01
INFO: 2024-01-25 12:45:12 epoch:0 dataset: 7/17 step: 66/133 time:0.01+1.70 loss_avg:1.9562e-01
INFO: 2024-01-25 12:45:14 epoch:0 dataset: 7/17 step: 67/133 time:0.01+1.73 loss_avg:2.0567e-01
INFO: 2024-01-25 12:45:15 epoch:0 dataset: 7/17 step: 68/133 time:0.01+1.68 loss_avg:2.0652e-01
INFO: 2024-01-25 12:45:17 epoch:0 dataset: 7/17 step: 69/133 time:0.01+1.67 loss_avg:2.1444e-01
INFO: 2024-01-25 12:45:19 epoch:0 dataset: 7/17 step: 70/133 time:0.01+1.67 loss_avg:2.0777e-01
INFO: 2024-01-25 12:45:20 epoch:0 dataset: 7/17 step: 71/133 time:0.01+1.81 loss_avg:2.1889e-01
INFO: 2024-01-25 12:45:22 epoch:0 dataset: 7/17 step: 72/133 time:0.01+1.74 loss_avg:2.3250e-01
INFO: 2024-01-25 12:45:24 epoch:0 dataset: 7/17 step: 73/133 time:0.01+1.79 loss_avg:2.2390e-01
INFO: 2024-01-25 12:45:26 epoch:0 dataset: 7/17 step: 74/133 time:0.01+1.75 loss_avg:2.1804e-01
INFO: 2024-01-25 12:45:28 epoch:0 dataset: 7/17 step: 75/133 time:0.01+1.87 loss_avg:2.2695e-01
INFO: 2024-01-25 12:45:30 epoch:0 dataset: 7/17 step: 76/133 time:0.01+1.87 loss_avg:2.1449e-01
INFO: 2024-01-25 12:45:31 epoch:0 dataset: 7/17 step: 77/133 time:0.01+1.70 loss_avg:2.2197e-01
INFO: 2024-01-25 12:45:33 epoch:0 dataset: 7/17 step: 78/133 time:0.01+1.71 loss_avg:2.1588e-01
INFO: 2024-01-25 12:45:35 epoch:0 dataset: 7/17 step: 79/133 time:0.01+2.01 loss_avg:2.0945e-01
INFO: 2024-01-25 12:45:37 epoch:0 dataset: 7/17 step: 80/133 time:0.01+1.56 loss_avg:2.2272e-01
INFO: 2024-01-25 12:45:38 epoch:0 dataset: 7/17 step: 81/133 time:0.00+1.41 loss_avg:2.2756e-01
INFO: 2024-01-25 12:45:40 epoch:0 dataset: 7/17 step: 82/133 time:0.01+1.72 loss_avg:2.2909e-01
INFO: 2024-01-25 12:45:41 epoch:0 dataset: 7/17 step: 83/133 time:0.01+0.98 loss_avg:2.2020e-01
INFO: 2024-01-25 12:45:41 epoch:0 dataset: 7/17 step: 84/133 time:0.00+0.79 loss_avg:2.1532e-01
INFO: 2024-01-25 12:45:43 epoch:0 dataset: 7/17 step: 85/133 time:0.02+1.34 loss_avg:2.1956e-01
INFO: 2024-01-25 12:45:45 epoch:0 dataset: 7/17 step: 86/133 time:0.01+2.04 loss_avg:2.1891e-01
INFO: 2024-01-25 12:45:47 epoch:0 dataset: 7/17 step: 87/133 time:0.01+2.55 loss_avg:2.2778e-01
INFO: 2024-01-25 12:45:49 epoch:0 dataset: 7/17 step: 88/133 time:0.01+1.44 loss_avg:2.3018e-01
INFO: 2024-01-25 12:45:50 epoch:0 dataset: 7/17 step: 89/133 time:0.01+1.47 loss_avg:2.1668e-01
INFO: 2024-01-25 12:45:52 epoch:0 dataset: 7/17 step: 90/133 time:0.01+1.71 loss_avg:2.2570e-01
INFO: 2024-01-25 12:45:54 epoch:0 dataset: 7/17 step: 91/133 time:0.01+1.99 loss_avg:2.3194e-01
INFO: 2024-01-25 12:45:56 epoch:0 dataset: 7/17 step: 92/133 time:0.01+1.80 loss_avg:1.8305e-01
INFO: 2024-01-25 12:45:58 epoch:0 dataset: 7/17 step: 93/133 time:0.01+2.16 loss_avg:2.2063e-01
INFO: 2024-01-25 12:45:59 epoch:0 dataset: 7/17 step: 94/133 time:0.01+0.68 loss_avg:2.1688e-01
INFO: 2024-01-25 12:45:59 epoch:0 dataset: 7/17 step: 95/133 time:0.01+0.69 loss_avg:2.2945e-01
INFO: 2024-01-25 12:46:00 epoch:0 dataset: 7/17 step: 96/133 time:0.01+0.68 loss_avg:2.2757e-01
INFO: 2024-01-25 12:46:01 epoch:0 dataset: 7/17 step: 97/133 time:0.01+0.67 loss_avg:2.2941e-01
INFO: 2024-01-25 12:46:02 epoch:0 dataset: 7/17 step: 98/133 time:0.01+0.74 loss_avg:2.2232e-01
INFO: 2024-01-25 12:46:03 epoch:0 dataset: 7/17 step: 99/133 time:0.01+1.22 loss_avg:2.3089e-01
INFO: 2024-01-25 12:46:04 epoch:0 dataset: 7/17 step: 100/133 time:0.01+1.55 loss_avg:2.3177e-01
INFO: 2024-01-25 12:46:06 epoch:0 dataset: 7/17 step: 101/133 time:0.02+2.08 loss_avg:2.2238e-01
INFO: 2024-01-25 12:46:08 epoch:0 dataset: 7/17 step: 102/133 time:0.01+1.84 loss_avg:2.1676e-01
