INFO: 2024-01-30 18:26:38 Argument batch_size: 32
INFO: 2024-01-30 18:26:38 Argument block_num: 9
INFO: 2024-01-30 18:26:38 Argument code_test: False
INFO: 2024-01-30 18:26:38 Argument cut_off: True
INFO: 2024-01-30 18:26:38 Argument data_train_path: ./../data/data_64/train/
INFO: 2024-01-30 18:26:38 Argument data_val_path: ./../data/data_64/val/data_val_chr19_64.npy
INFO: 2024-01-30 18:26:38 Argument device_id: 0
INFO: 2024-01-30 18:26:38 Argument dynamics: True
INFO: 2024-01-30 18:26:38 Argument early_stoppage_epochs: 5
INFO: 2024-01-30 18:26:38 Argument early_stoppage_start: 400
INFO: 2024-01-30 18:26:38 Argument epoch: 150
INFO: 2024-01-30 18:26:38 Argument learning_rate: None
INFO: 2024-01-30 18:26:38 Argument local_rank: 0
INFO: 2024-01-30 18:26:38 Argument loss: single_channel_L1_no_vgg
INFO: 2024-01-30 18:26:38 Argument max_HiC: 250
INFO: 2024-01-30 18:26:38 Argument max_cut_off: False
INFO: 2024-01-30 18:26:38 Argument num_gpu: 1
INFO: 2024-01-30 18:26:38 Argument num_workers: 1
INFO: 2024-01-30 18:26:38 Argument patch_size: 64
INFO: 2024-01-30 18:26:38 Argument resume_epoch: 0
INFO: 2024-01-30 18:26:38 Argument resume_path: None
INFO: 2024-01-30 18:26:38 Argument rgb: False
INFO: 2024-01-30 18:26:38 Argument train_dataset: hic
INFO: 2024-01-30 18:26:38 Argument val_datasets: ['hic']
INFO: Defualt learning rate schedule
INFO: 2024-01-30 18:26:50 epoch:0 dataset: 1/17 step: 0/26 time:0.60+7.31 loss_avg:1.5671e-01
INFO: 2024-01-30 18:26:51 epoch:0 dataset: 1/17 step: 1/26 time:0.02+0.49 loss_avg:1.4779e-01
INFO: 2024-01-30 18:26:51 epoch:0 dataset: 1/17 step: 2/26 time:0.02+0.55 loss_avg:1.4869e-01
INFO: 2024-01-30 18:26:52 epoch:0 dataset: 1/17 step: 3/26 time:0.00+0.59 loss_avg:1.5358e-01
INFO: 2024-01-30 18:26:52 epoch:0 dataset: 1/17 step: 4/26 time:0.00+0.58 loss_avg:1.4820e-01
INFO: 2024-01-30 18:26:53 epoch:0 dataset: 1/17 step: 5/26 time:0.00+0.57 loss_avg:1.5326e-01
INFO: 2024-01-30 18:26:53 epoch:0 dataset: 1/17 step: 6/26 time:0.01+0.50 loss_avg:1.5202e-01
INFO: 2024-01-30 18:26:54 epoch:0 dataset: 1/17 step: 7/26 time:0.01+0.51 loss_avg:1.5542e-01
INFO: 2024-01-30 18:26:54 epoch:0 dataset: 1/17 step: 8/26 time:0.01+0.52 loss_avg:1.4565e-01
INFO: 2024-01-30 18:26:55 epoch:0 dataset: 1/17 step: 9/26 time:0.01+0.50 loss_avg:1.4982e-01
INFO: 2024-01-30 18:26:55 epoch:0 dataset: 1/17 step: 10/26 time:0.01+0.51 loss_avg:1.5073e-01
INFO: 2024-01-30 18:26:56 epoch:0 dataset: 1/17 step: 11/26 time:0.01+0.51 loss_avg:1.5276e-01
INFO: 2024-01-30 18:26:57 epoch:0 dataset: 1/17 step: 12/26 time:0.01+0.52 loss_avg:1.4475e-01
INFO: 2024-01-30 18:26:57 epoch:0 dataset: 1/17 step: 13/26 time:0.01+0.51 loss_avg:1.5229e-01
INFO: 2024-01-30 18:26:58 epoch:0 dataset: 1/17 step: 14/26 time:0.01+0.53 loss_avg:1.4463e-01
INFO: 2024-01-30 18:26:58 epoch:0 dataset: 1/17 step: 15/26 time:0.01+0.55 loss_avg:1.5358e-01
INFO: 2024-01-30 18:26:59 epoch:0 dataset: 1/17 step: 16/26 time:0.01+0.51 loss_avg:1.4458e-01
INFO: 2024-01-30 18:26:59 epoch:0 dataset: 1/17 step: 17/26 time:0.01+0.51 loss_avg:1.4699e-01
INFO: 2024-01-30 18:27:00 epoch:0 dataset: 1/17 step: 18/26 time:0.01+0.51 loss_avg:1.3967e-01
INFO: 2024-01-30 18:27:00 epoch:0 dataset: 1/17 step: 19/26 time:0.01+0.62 loss_avg:1.4343e-01
INFO: 2024-01-30 18:27:01 epoch:0 dataset: 1/17 step: 20/26 time:0.01+0.57 loss_avg:1.4576e-01
INFO: 2024-01-30 18:27:01 epoch:0 dataset: 1/17 step: 21/26 time:0.01+0.54 loss_avg:1.4505e-01
INFO: 2024-01-30 18:27:02 epoch:0 dataset: 1/17 step: 22/26 time:0.01+0.58 loss_avg:1.4593e-01
INFO: 2024-01-30 18:27:03 epoch:0 dataset: 1/17 step: 23/26 time:0.01+0.59 loss_avg:1.5310e-01
INFO: 2024-01-30 18:27:03 epoch:0 dataset: 1/17 step: 24/26 time:0.00+0.55 loss_avg:1.4085e-01
INFO: 2024-01-30 18:27:04 epoch:0 dataset: 1/17 step: 25/26 time:0.00+0.54 loss_avg:1.4662e-01
INFO: Training on data_train_chr15_64.npy complete.
INFO: 2024-01-30 18:27:05 epoch:0 dataset: 2/17 step: 0/39 time:0.66+0.57 loss_avg:1.5524e-01
INFO: 2024-01-30 18:27:06 epoch:0 dataset: 2/17 step: 1/39 time:0.01+0.51 loss_avg:1.4099e-01
INFO: 2024-01-30 18:27:06 epoch:0 dataset: 2/17 step: 2/39 time:0.01+0.51 loss_avg:1.4014e-01
INFO: 2024-01-30 18:27:07 epoch:0 dataset: 2/17 step: 3/39 time:0.01+0.53 loss_avg:1.4226e-01
INFO: 2024-01-30 18:27:07 epoch:0 dataset: 2/17 step: 4/39 time:0.01+0.62 loss_avg:1.4442e-01
INFO: 2024-01-30 18:27:08 epoch:0 dataset: 2/17 step: 5/39 time:0.01+0.52 loss_avg:1.4193e-01
INFO: 2024-01-30 18:27:08 epoch:0 dataset: 2/17 step: 6/39 time:0.01+0.51 loss_avg:1.3995e-01
INFO: 2024-01-30 18:27:09 epoch:0 dataset: 2/17 step: 7/39 time:0.01+0.51 loss_avg:1.4286e-01
INFO: 2024-01-30 18:27:09 epoch:0 dataset: 2/17 step: 8/39 time:0.01+0.52 loss_avg:1.4434e-01
INFO: 2024-01-30 18:27:10 epoch:0 dataset: 2/17 step: 9/39 time:0.01+0.51 loss_avg:1.4360e-01
INFO: 2024-01-30 18:27:10 epoch:0 dataset: 2/17 step: 10/39 time:0.01+0.51 loss_avg:1.4787e-01
INFO: 2024-01-30 18:27:11 epoch:0 dataset: 2/17 step: 11/39 time:0.01+0.51 loss_avg:1.4544e-01
INFO: 2024-01-30 18:27:11 epoch:0 dataset: 2/17 step: 12/39 time:0.01+0.57 loss_avg:1.4507e-01
INFO: 2024-01-30 18:27:12 epoch:0 dataset: 2/17 step: 13/39 time:0.01+0.52 loss_avg:1.4213e-01
INFO: 2024-01-30 18:27:13 epoch:0 dataset: 2/17 step: 14/39 time:0.01+0.79 loss_avg:1.3925e-01
INFO: 2024-01-30 18:27:13 epoch:0 dataset: 2/17 step: 15/39 time:0.01+0.50 loss_avg:1.4119e-01
INFO: 2024-01-30 18:27:14 epoch:0 dataset: 2/17 step: 16/39 time:0.01+0.51 loss_avg:1.5284e-01
INFO: 2024-01-30 18:27:14 epoch:0 dataset: 2/17 step: 17/39 time:0.01+0.52 loss_avg:1.4442e-01
INFO: 2024-01-30 18:27:15 epoch:0 dataset: 2/17 step: 18/39 time:0.01+0.51 loss_avg:1.4604e-01
INFO: 2024-01-30 18:27:15 epoch:0 dataset: 2/17 step: 19/39 time:0.01+0.51 loss_avg:1.4556e-01
INFO: 2024-01-30 18:27:16 epoch:0 dataset: 2/17 step: 20/39 time:0.01+0.51 loss_avg:1.3483e-01
INFO: 2024-01-30 18:27:17 epoch:0 dataset: 2/17 step: 21/39 time:0.01+0.73 loss_avg:1.4432e-01
INFO: 2024-01-30 18:27:17 epoch:0 dataset: 2/17 step: 22/39 time:0.01+0.50 loss_avg:1.3909e-01
INFO: 2024-01-30 18:27:18 epoch:0 dataset: 2/17 step: 23/39 time:0.01+0.52 loss_avg:1.4997e-01
INFO: 2024-01-30 18:27:18 epoch:0 dataset: 2/17 step: 24/39 time:0.01+0.51 loss_avg:1.4908e-01
INFO: 2024-01-30 18:27:19 epoch:0 dataset: 2/17 step: 25/39 time:0.01+0.51 loss_avg:1.4674e-01
INFO: 2024-01-30 18:27:19 epoch:0 dataset: 2/17 step: 26/39 time:0.01+0.50 loss_avg:1.4697e-01
INFO: 2024-01-30 18:27:20 epoch:0 dataset: 2/17 step: 27/39 time:0.01+0.51 loss_avg:1.4202e-01
INFO: 2024-01-30 18:27:20 epoch:0 dataset: 2/17 step: 28/39 time:0.02+0.50 loss_avg:1.4424e-01
INFO: 2024-01-30 18:27:21 epoch:0 dataset: 2/17 step: 29/39 time:0.02+0.50 loss_avg:1.4468e-01
INFO: 2024-01-30 18:27:21 epoch:0 dataset: 2/17 step: 30/39 time:0.02+0.50 loss_avg:1.4246e-01
INFO: 2024-01-30 18:27:22 epoch:0 dataset: 2/17 step: 31/39 time:0.02+0.50 loss_avg:1.3894e-01
INFO: 2024-01-30 18:27:22 epoch:0 dataset: 2/17 step: 32/39 time:0.02+0.52 loss_avg:1.3960e-01
INFO: 2024-01-30 18:27:23 epoch:0 dataset: 2/17 step: 33/39 time:0.02+0.54 loss_avg:1.4312e-01
INFO: 2024-01-30 18:27:23 epoch:0 dataset: 2/17 step: 34/39 time:0.02+0.50 loss_avg:1.3565e-01
INFO: 2024-01-30 18:27:24 epoch:0 dataset: 2/17 step: 35/39 time:0.02+0.49 loss_avg:1.4452e-01
INFO: 2024-01-30 18:27:24 epoch:0 dataset: 2/17 step: 36/39 time:0.02+0.50 loss_avg:1.4261e-01
INFO: 2024-01-30 18:27:25 epoch:0 dataset: 2/17 step: 37/39 time:0.00+0.50 loss_avg:1.4850e-01
INFO: 2024-01-30 18:27:25 epoch:0 dataset: 2/17 step: 38/39 time:0.00+0.53 loss_avg:1.4507e-01
INFO: Training on data_train_chr4_64.npy complete.
INFO: 2024-01-30 18:27:26 epoch:0 dataset: 3/17 step: 0/39 time:0.50+0.55 loss_avg:1.3575e-01
INFO: 2024-01-30 18:27:27 epoch:0 dataset: 3/17 step: 1/39 time:0.02+0.51 loss_avg:1.2161e-01
INFO: 2024-01-30 18:27:28 epoch:0 dataset: 3/17 step: 2/39 time:0.02+0.66 loss_avg:1.4284e-01
INFO: 2024-01-30 18:27:28 epoch:0 dataset: 3/17 step: 3/39 time:0.02+0.50 loss_avg:1.2851e-01
INFO: 2024-01-30 18:27:29 epoch:0 dataset: 3/17 step: 4/39 time:0.02+0.55 loss_avg:1.1941e-01
INFO: 2024-01-30 18:27:29 epoch:0 dataset: 3/17 step: 5/39 time:0.02+0.54 loss_avg:1.2684e-01
INFO: 2024-01-30 18:27:30 epoch:0 dataset: 3/17 step: 6/39 time:0.02+0.72 loss_avg:1.2419e-01
INFO: 2024-01-30 18:27:31 epoch:0 dataset: 3/17 step: 7/39 time:0.02+0.51 loss_avg:1.2621e-01
INFO: 2024-01-30 18:27:31 epoch:0 dataset: 3/17 step: 8/39 time:0.02+0.50 loss_avg:1.2790e-01
INFO: 2024-01-30 18:27:32 epoch:0 dataset: 3/17 step: 9/39 time:0.02+0.50 loss_avg:1.3691e-01
INFO: 2024-01-30 18:27:32 epoch:0 dataset: 3/17 step: 10/39 time:0.02+0.60 loss_avg:1.3563e-01
INFO: 2024-01-30 18:27:33 epoch:0 dataset: 3/17 step: 11/39 time:0.02+0.50 loss_avg:1.1909e-01
INFO: 2024-01-30 18:27:33 epoch:0 dataset: 3/17 step: 12/39 time:0.02+0.52 loss_avg:1.1718e-01
INFO: 2024-01-30 18:27:34 epoch:0 dataset: 3/17 step: 13/39 time:0.02+0.50 loss_avg:1.3320e-01
INFO: 2024-01-30 18:27:34 epoch:0 dataset: 3/17 step: 14/39 time:0.00+0.51 loss_avg:1.3175e-01
INFO: 2024-01-30 18:27:35 epoch:0 dataset: 3/17 step: 15/39 time:0.00+0.51 loss_avg:1.0771e-01
INFO: 2024-01-30 18:27:36 epoch:0 dataset: 3/17 step: 16/39 time:0.01+0.83 loss_avg:1.3287e-01
INFO: 2024-01-30 18:27:36 epoch:0 dataset: 3/17 step: 17/39 time:0.01+0.52 loss_avg:1.2741e-01
INFO: 2024-01-30 18:27:37 epoch:0 dataset: 3/17 step: 18/39 time:0.01+0.54 loss_avg:1.1632e-01
INFO: 2024-01-30 18:27:37 epoch:0 dataset: 3/17 step: 19/39 time:0.01+0.52 loss_avg:1.1874e-01
INFO: 2024-01-30 18:27:38 epoch:0 dataset: 3/17 step: 20/39 time:0.01+0.50 loss_avg:1.3090e-01
INFO: 2024-01-30 18:27:38 epoch:0 dataset: 3/17 step: 21/39 time:0.01+0.51 loss_avg:1.3407e-01
INFO: 2024-01-30 18:27:39 epoch:0 dataset: 3/17 step: 22/39 time:0.01+0.81 loss_avg:1.2369e-01
INFO: 2024-01-30 18:27:40 epoch:0 dataset: 3/17 step: 23/39 time:0.01+0.51 loss_avg:1.2504e-01
INFO: 2024-01-30 18:27:40 epoch:0 dataset: 3/17 step: 24/39 time:0.01+0.52 loss_avg:1.2909e-01
INFO: 2024-01-30 18:27:41 epoch:0 dataset: 3/17 step: 25/39 time:0.01+0.51 loss_avg:1.1813e-01
INFO: 2024-01-30 18:27:41 epoch:0 dataset: 3/17 step: 26/39 time:0.01+0.51 loss_avg:1.3275e-01
INFO: 2024-01-30 18:27:42 epoch:0 dataset: 3/17 step: 27/39 time:0.01+0.51 loss_avg:1.3716e-01
INFO: 2024-01-30 18:27:42 epoch:0 dataset: 3/17 step: 28/39 time:0.01+0.50 loss_avg:1.2540e-01
INFO: 2024-01-30 18:27:43 epoch:0 dataset: 3/17 step: 29/39 time:0.01+0.51 loss_avg:1.4143e-01
INFO: 2024-01-30 18:27:43 epoch:0 dataset: 3/17 step: 30/39 time:0.01+0.50 loss_avg:1.3265e-01
INFO: 2024-01-30 18:27:44 epoch:0 dataset: 3/17 step: 31/39 time:0.01+0.51 loss_avg:1.3283e-01
INFO: 2024-01-30 18:27:44 epoch:0 dataset: 3/17 step: 32/39 time:0.01+0.54 loss_avg:1.2768e-01
INFO: 2024-01-30 18:27:45 epoch:0 dataset: 3/17 step: 33/39 time:0.01+0.62 loss_avg:1.0944e-01
INFO: 2024-01-30 18:27:46 epoch:0 dataset: 3/17 step: 34/39 time:0.01+0.52 loss_avg:1.3247e-01
INFO: 2024-01-30 18:27:46 epoch:0 dataset: 3/17 step: 35/39 time:0.01+0.50 loss_avg:1.2901e-01
INFO: 2024-01-30 18:27:47 epoch:0 dataset: 3/17 step: 36/39 time:0.01+0.53 loss_avg:1.2118e-01
INFO: 2024-01-30 18:27:47 epoch:0 dataset: 3/17 step: 37/39 time:0.00+0.53 loss_avg:1.4254e-01
INFO: 2024-01-30 18:27:48 epoch:0 dataset: 3/17 step: 38/39 time:0.00+0.53 loss_avg:1.3292e-01
INFO: Training on data_train_chr7_64.npy complete.
INFO: 2024-01-30 18:27:49 epoch:0 dataset: 4/17 step: 0/24 time:0.62+0.60 loss_avg:1.4532e-01
INFO: 2024-01-30 18:27:49 epoch:0 dataset: 4/17 step: 1/24 time:0.02+0.56 loss_avg:1.3057e-01
INFO: 2024-01-30 18:27:50 epoch:0 dataset: 4/17 step: 2/24 time:0.00+0.87 loss_avg:1.3947e-01
INFO: 2024-01-30 18:27:51 epoch:0 dataset: 4/17 step: 3/24 time:0.02+0.59 loss_avg:1.3609e-01
INFO: 2024-01-30 18:27:52 epoch:0 dataset: 4/17 step: 4/24 time:0.02+0.69 loss_avg:1.3417e-01
INFO: 2024-01-30 18:27:52 epoch:0 dataset: 4/17 step: 5/24 time:0.02+0.75 loss_avg:1.3510e-01
INFO: 2024-01-30 18:27:53 epoch:0 dataset: 4/17 step: 6/24 time:0.02+0.63 loss_avg:1.3891e-01
INFO: 2024-01-30 18:27:54 epoch:0 dataset: 4/17 step: 7/24 time:0.02+0.53 loss_avg:1.3007e-01
INFO: 2024-01-30 18:27:54 epoch:0 dataset: 4/17 step: 8/24 time:0.02+0.54 loss_avg:1.3701e-01
INFO: 2024-01-30 18:27:55 epoch:0 dataset: 4/17 step: 9/24 time:0.02+0.56 loss_avg:1.3652e-01
INFO: 2024-01-30 18:27:55 epoch:0 dataset: 4/17 step: 10/24 time:0.02+0.53 loss_avg:1.4108e-01
INFO: 2024-01-30 18:27:56 epoch:0 dataset: 4/17 step: 11/24 time:0.02+0.50 loss_avg:1.3601e-01
INFO: 2024-01-30 18:27:56 epoch:0 dataset: 4/17 step: 12/24 time:0.02+0.58 loss_avg:1.3970e-01
INFO: 2024-01-30 18:27:57 epoch:0 dataset: 4/17 step: 13/24 time:0.02+0.53 loss_avg:1.4018e-01
INFO: 2024-01-30 18:27:58 epoch:0 dataset: 4/17 step: 14/24 time:0.01+0.58 loss_avg:1.3683e-01
INFO: 2024-01-30 18:27:58 epoch:0 dataset: 4/17 step: 15/24 time:0.02+0.53 loss_avg:1.3223e-01
INFO: 2024-01-30 18:27:59 epoch:0 dataset: 4/17 step: 16/24 time:0.02+0.52 loss_avg:1.4106e-01
INFO: 2024-01-30 18:27:59 epoch:0 dataset: 4/17 step: 17/24 time:0.02+0.56 loss_avg:1.3407e-01
INFO: 2024-01-30 18:28:00 epoch:0 dataset: 4/17 step: 18/24 time:0.02+0.57 loss_avg:1.3472e-01
INFO: 2024-01-30 18:28:00 epoch:0 dataset: 4/17 step: 19/24 time:0.02+0.50 loss_avg:1.3664e-01
INFO: 2024-01-30 18:28:01 epoch:0 dataset: 4/17 step: 20/24 time:0.02+0.50 loss_avg:1.3672e-01
INFO: 2024-01-30 18:28:01 epoch:0 dataset: 4/17 step: 21/24 time:0.01+0.51 loss_avg:1.4164e-01
INFO: 2024-01-30 18:28:02 epoch:0 dataset: 4/17 step: 22/24 time:0.00+0.50 loss_avg:1.4291e-01
INFO: 2024-01-30 18:28:02 epoch:0 dataset: 4/17 step: 23/24 time:0.00+0.51 loss_avg:1.3316e-01
INFO: Training on data_train_chr16_64.npy complete.
INFO: 2024-01-30 18:28:03 epoch:0 dataset: 5/17 step: 0/30 time:0.42+0.57 loss_avg:1.4291e-01
INFO: 2024-01-30 18:28:04 epoch:0 dataset: 5/17 step: 1/30 time:0.01+0.53 loss_avg:1.4514e-01
INFO: 2024-01-30 18:28:04 epoch:0 dataset: 5/17 step: 2/30 time:0.02+0.50 loss_avg:1.3356e-01
INFO: 2024-01-30 18:28:05 epoch:0 dataset: 5/17 step: 3/30 time:0.02+0.50 loss_avg:1.4158e-01
INFO: 2024-01-30 18:28:05 epoch:0 dataset: 5/17 step: 4/30 time:0.02+0.50 loss_avg:1.3673e-01
INFO: 2024-01-30 18:28:06 epoch:0 dataset: 5/17 step: 5/30 time:0.02+0.60 loss_avg:1.3888e-01
INFO: 2024-01-30 18:28:07 epoch:0 dataset: 5/17 step: 6/30 time:0.02+0.51 loss_avg:1.4171e-01
INFO: 2024-01-30 18:28:07 epoch:0 dataset: 5/17 step: 7/30 time:0.01+0.51 loss_avg:1.4120e-01
INFO: 2024-01-30 18:28:08 epoch:0 dataset: 5/17 step: 8/30 time:0.02+0.53 loss_avg:1.4637e-01
INFO: 2024-01-30 18:28:08 epoch:0 dataset: 5/17 step: 9/30 time:0.02+0.50 loss_avg:1.4543e-01
INFO: 2024-01-30 18:28:09 epoch:0 dataset: 5/17 step: 10/30 time:0.02+0.50 loss_avg:1.3953e-01
INFO: 2024-01-30 18:28:09 epoch:0 dataset: 5/17 step: 11/30 time:0.02+0.50 loss_avg:1.3884e-01
INFO: 2024-01-30 18:28:10 epoch:0 dataset: 5/17 step: 12/30 time:0.01+0.50 loss_avg:1.3707e-01
INFO: 2024-01-30 18:28:10 epoch:0 dataset: 5/17 step: 13/30 time:0.02+0.50 loss_avg:1.3737e-01
INFO: 2024-01-30 18:28:11 epoch:0 dataset: 5/17 step: 14/30 time:0.02+0.50 loss_avg:1.4217e-01
INFO: 2024-01-30 18:28:11 epoch:0 dataset: 5/17 step: 15/30 time:0.02+0.50 loss_avg:1.4208e-01
INFO: 2024-01-30 18:28:12 epoch:0 dataset: 5/17 step: 16/30 time:0.01+0.50 loss_avg:1.3711e-01
INFO: 2024-01-30 18:28:12 epoch:0 dataset: 5/17 step: 17/30 time:0.02+0.49 loss_avg:1.4150e-01
INFO: 2024-01-30 18:28:13 epoch:0 dataset: 5/17 step: 18/30 time:0.01+1.11 loss_avg:1.4305e-01
INFO: 2024-01-30 18:28:14 epoch:0 dataset: 5/17 step: 19/30 time:0.01+0.84 loss_avg:1.4168e-01
INFO: 2024-01-30 18:28:15 epoch:0 dataset: 5/17 step: 20/30 time:0.02+0.52 loss_avg:1.3650e-01
INFO: 2024-01-30 18:28:15 epoch:0 dataset: 5/17 step: 21/30 time:0.01+0.52 loss_avg:1.4194e-01
INFO: 2024-01-30 18:28:16 epoch:0 dataset: 5/17 step: 22/30 time:0.02+0.58 loss_avg:1.4634e-01
INFO: 2024-01-30 18:28:16 epoch:0 dataset: 5/17 step: 23/30 time:0.00+0.52 loss_avg:1.3454e-01
INFO: 2024-01-30 18:28:17 epoch:0 dataset: 5/17 step: 24/30 time:0.00+0.51 loss_avg:1.4140e-01
INFO: 2024-01-30 18:28:17 epoch:0 dataset: 5/17 step: 25/30 time:0.00+0.57 loss_avg:1.3427e-01
INFO: 2024-01-30 18:28:18 epoch:0 dataset: 5/17 step: 26/30 time:0.00+0.51 loss_avg:1.3338e-01
INFO: 2024-01-30 18:28:18 epoch:0 dataset: 5/17 step: 27/30 time:0.00+0.51 loss_avg:1.4806e-01
INFO: 2024-01-30 18:28:19 epoch:0 dataset: 5/17 step: 28/30 time:0.00+0.50 loss_avg:1.4245e-01
INFO: 2024-01-30 18:28:20 epoch:0 dataset: 5/17 step: 29/30 time:0.00+0.50 loss_avg:1.4007e-01
INFO: Training on data_train_chr13_64.npy complete.
INFO: 2024-01-30 18:28:21 epoch:0 dataset: 6/17 step: 0/40 time:0.72+0.54 loss_avg:1.4094e-01
INFO: 2024-01-30 18:28:21 epoch:0 dataset: 6/17 step: 1/40 time:0.02+0.50 loss_avg:1.3671e-01
INFO: 2024-01-30 18:28:22 epoch:0 dataset: 6/17 step: 2/40 time:0.02+0.53 loss_avg:1.3915e-01
INFO: 2024-01-30 18:28:22 epoch:0 dataset: 6/17 step: 3/40 time:0.02+0.51 loss_avg:1.3670e-01
INFO: 2024-01-30 18:28:23 epoch:0 dataset: 6/17 step: 4/40 time:0.02+0.51 loss_avg:1.3978e-01
INFO: 2024-01-30 18:28:23 epoch:0 dataset: 6/17 step: 5/40 time:0.01+0.53 loss_avg:1.3660e-01
INFO: 2024-01-30 18:28:24 epoch:0 dataset: 6/17 step: 6/40 time:0.00+0.56 loss_avg:1.3688e-01
INFO: 2024-01-30 18:28:25 epoch:0 dataset: 6/17 step: 7/40 time:0.01+0.54 loss_avg:1.2832e-01
INFO: 2024-01-30 18:28:26 epoch:0 dataset: 6/17 step: 8/40 time:0.01+0.96 loss_avg:1.3942e-01
INFO: 2024-01-30 18:28:27 epoch:0 dataset: 6/17 step: 9/40 time:0.01+1.71 loss_avg:1.2778e-01
INFO: 2024-01-30 18:28:29 epoch:0 dataset: 6/17 step: 10/40 time:0.01+1.30 loss_avg:1.4086e-01
INFO: 2024-01-30 18:28:29 epoch:0 dataset: 6/17 step: 11/40 time:0.01+0.55 loss_avg:1.3800e-01
INFO: 2024-01-30 18:28:30 epoch:0 dataset: 6/17 step: 12/40 time:0.01+0.51 loss_avg:1.3899e-01
INFO: 2024-01-30 18:28:30 epoch:0 dataset: 6/17 step: 13/40 time:0.01+0.51 loss_avg:1.3743e-01
INFO: 2024-01-30 18:28:31 epoch:0 dataset: 6/17 step: 14/40 time:0.01+0.51 loss_avg:1.3849e-01
INFO: 2024-01-30 18:28:31 epoch:0 dataset: 6/17 step: 15/40 time:0.01+0.52 loss_avg:1.3601e-01
INFO: 2024-01-30 18:28:32 epoch:0 dataset: 6/17 step: 16/40 time:0.01+0.52 loss_avg:1.4018e-01
INFO: 2024-01-30 18:28:32 epoch:0 dataset: 6/17 step: 17/40 time:0.01+0.55 loss_avg:1.3602e-01
INFO: 2024-01-30 18:28:33 epoch:0 dataset: 6/17 step: 18/40 time:0.01+0.56 loss_avg:1.4055e-01
INFO: 2024-01-30 18:28:33 epoch:0 dataset: 6/17 step: 19/40 time:0.01+0.54 loss_avg:1.3630e-01
INFO: 2024-01-30 18:28:34 epoch:0 dataset: 6/17 step: 20/40 time:0.01+0.51 loss_avg:1.3713e-01
INFO: 2024-01-30 18:28:35 epoch:0 dataset: 6/17 step: 21/40 time:0.01+0.86 loss_avg:1.3339e-01
INFO: 2024-01-30 18:28:35 epoch:0 dataset: 6/17 step: 22/40 time:0.01+0.55 loss_avg:1.3818e-01
INFO: 2024-01-30 18:28:36 epoch:0 dataset: 6/17 step: 23/40 time:0.01+0.57 loss_avg:1.3755e-01
INFO: 2024-01-30 18:28:36 epoch:0 dataset: 6/17 step: 24/40 time:0.01+0.58 loss_avg:1.3973e-01
INFO: 2024-01-30 18:28:37 epoch:0 dataset: 6/17 step: 25/40 time:0.01+0.54 loss_avg:1.3455e-01
INFO: 2024-01-30 18:28:38 epoch:0 dataset: 6/17 step: 26/40 time:0.01+0.50 loss_avg:1.3649e-01
INFO: 2024-01-30 18:28:38 epoch:0 dataset: 6/17 step: 27/40 time:0.01+0.73 loss_avg:1.3385e-01
INFO: 2024-01-30 18:28:39 epoch:0 dataset: 6/17 step: 28/40 time:0.01+0.50 loss_avg:1.4239e-01
INFO: 2024-01-30 18:28:39 epoch:0 dataset: 6/17 step: 29/40 time:0.01+0.50 loss_avg:1.3432e-01
INFO: 2024-01-30 18:28:40 epoch:0 dataset: 6/17 step: 30/40 time:0.01+0.50 loss_avg:1.3583e-01
INFO: 2024-01-30 18:28:40 epoch:0 dataset: 6/17 step: 31/40 time:0.01+0.51 loss_avg:1.3589e-01
INFO: 2024-01-30 18:28:41 epoch:0 dataset: 6/17 step: 32/40 time:0.01+0.52 loss_avg:1.3700e-01
INFO: 2024-01-30 18:28:41 epoch:0 dataset: 6/17 step: 33/40 time:0.01+0.50 loss_avg:1.3217e-01
INFO: 2024-01-30 18:28:42 epoch:0 dataset: 6/17 step: 34/40 time:0.01+0.50 loss_avg:1.3859e-01
INFO: 2024-01-30 18:28:42 epoch:0 dataset: 6/17 step: 35/40 time:0.01+0.51 loss_avg:1.3192e-01
INFO: 2024-01-30 18:28:43 epoch:0 dataset: 6/17 step: 36/40 time:0.01+0.50 loss_avg:1.3924e-01
INFO: 2024-01-30 18:28:44 epoch:0 dataset: 6/17 step: 37/40 time:0.01+0.91 loss_avg:1.3282e-01
INFO: 2024-01-30 18:28:45 epoch:0 dataset: 6/17 step: 38/40 time:0.00+0.80 loss_avg:1.3521e-01
INFO: 2024-01-30 18:28:47 epoch:0 dataset: 6/17 step: 39/40 time:0.01+2.04 loss_avg:1.3446e-01
INFO: Training on data_train_chr3_64.npy complete.
INFO: 2024-01-30 18:28:48 epoch:0 dataset: 7/17 step: 0/31 time:0.69+0.55 loss_avg:1.4252e-01
INFO: 2024-01-30 18:28:48 epoch:0 dataset: 7/17 step: 1/31 time:0.02+0.51 loss_avg:1.3617e-01
INFO: 2024-01-30 18:28:49 epoch:0 dataset: 7/17 step: 2/31 time:0.01+0.51 loss_avg:1.3650e-01
INFO: 2024-01-30 18:28:50 epoch:0 dataset: 7/17 step: 3/31 time:0.02+0.51 loss_avg:1.3901e-01
INFO: 2024-01-30 18:28:51 epoch:0 dataset: 7/17 step: 4/31 time:0.02+1.10 loss_avg:1.4317e-01
INFO: 2024-01-30 18:28:51 epoch:0 dataset: 7/17 step: 5/31 time:0.00+0.82 loss_avg:1.4218e-01
INFO: 2024-01-30 18:28:52 epoch:0 dataset: 7/17 step: 6/31 time:0.00+0.51 loss_avg:1.4249e-01
INFO: 2024-01-30 18:28:52 epoch:0 dataset: 7/17 step: 7/31 time:0.00+0.52 loss_avg:1.3967e-01
INFO: 2024-01-30 18:28:53 epoch:0 dataset: 7/17 step: 8/31 time:0.01+0.52 loss_avg:1.3795e-01
INFO: 2024-01-30 18:28:54 epoch:0 dataset: 7/17 step: 9/31 time:0.01+0.52 loss_avg:1.4827e-01
INFO: 2024-01-30 18:28:55 epoch:0 dataset: 7/17 step: 10/31 time:0.01+1.17 loss_avg:1.4235e-01
INFO: 2024-01-30 18:28:56 epoch:0 dataset: 7/17 step: 11/31 time:0.01+1.72 loss_avg:1.4057e-01
INFO: 2024-01-30 18:28:57 epoch:0 dataset: 7/17 step: 12/31 time:0.01+0.88 loss_avg:1.4079e-01
INFO: 2024-01-30 18:28:58 epoch:0 dataset: 7/17 step: 13/31 time:0.01+0.92 loss_avg:1.3991e-01
INFO: 2024-01-30 18:28:59 epoch:0 dataset: 7/17 step: 14/31 time:0.01+0.56 loss_avg:1.4177e-01
INFO: 2024-01-30 18:28:59 epoch:0 dataset: 7/17 step: 15/31 time:0.01+0.58 loss_avg:1.3909e-01
INFO: 2024-01-30 18:29:00 epoch:0 dataset: 7/17 step: 16/31 time:0.01+0.55 loss_avg:1.3919e-01
INFO: 2024-01-30 18:29:01 epoch:0 dataset: 7/17 step: 17/31 time:0.01+0.54 loss_avg:1.3882e-01
INFO: 2024-01-30 18:29:01 epoch:0 dataset: 7/17 step: 18/31 time:0.01+0.53 loss_avg:1.4381e-01
INFO: 2024-01-30 18:29:02 epoch:0 dataset: 7/17 step: 19/31 time:0.01+0.50 loss_avg:1.4608e-01
INFO: 2024-01-30 18:29:03 epoch:0 dataset: 7/17 step: 20/31 time:0.01+1.73 loss_avg:1.4019e-01
INFO: 2024-01-30 18:29:05 epoch:0 dataset: 7/17 step: 21/31 time:0.01+1.30 loss_avg:1.3839e-01
INFO: 2024-01-30 18:29:05 epoch:0 dataset: 7/17 step: 22/31 time:0.01+0.51 loss_avg:1.3843e-01
INFO: 2024-01-30 18:29:06 epoch:0 dataset: 7/17 step: 23/31 time:0.01+0.51 loss_avg:1.3787e-01
INFO: 2024-01-30 18:29:06 epoch:0 dataset: 7/17 step: 24/31 time:0.01+0.55 loss_avg:1.4616e-01
INFO: 2024-01-30 18:29:07 epoch:0 dataset: 7/17 step: 25/31 time:0.01+0.51 loss_avg:1.3949e-01
INFO: 2024-01-30 18:29:07 epoch:0 dataset: 7/17 step: 26/31 time:0.01+0.50 loss_avg:1.4461e-01
INFO: 2024-01-30 18:29:08 epoch:0 dataset: 7/17 step: 27/31 time:0.01+0.50 loss_avg:1.4684e-01
INFO: 2024-01-30 18:29:08 epoch:0 dataset: 7/17 step: 28/31 time:0.01+0.50 loss_avg:1.4520e-01
INFO: 2024-01-30 18:29:09 epoch:0 dataset: 7/17 step: 29/31 time:0.00+0.50 loss_avg:1.4532e-01
INFO: 2024-01-30 18:29:09 epoch:0 dataset: 7/17 step: 30/31 time:0.00+0.50 loss_avg:1.4576e-01
INFO: Training on data_train_chr9_64.npy complete.
INFO: 2024-01-30 18:29:11 epoch:0 dataset: 8/17 step: 0/31 time:0.73+0.53 loss_avg:1.3308e-01
INFO: 2024-01-30 18:29:11 epoch:0 dataset: 8/17 step: 1/31 time:0.00+0.53 loss_avg:1.3859e-01
INFO: 2024-01-30 18:29:12 epoch:0 dataset: 8/17 step: 2/31 time:0.00+0.54 loss_avg:1.2311e-01
INFO: 2024-01-30 18:29:12 epoch:0 dataset: 8/17 step: 3/31 time:0.01+0.57 loss_avg:1.1548e-01
INFO: 2024-01-30 18:29:13 epoch:0 dataset: 8/17 step: 4/31 time:0.01+0.55 loss_avg:1.2653e-01
INFO: 2024-01-30 18:29:13 epoch:0 dataset: 8/17 step: 5/31 time:0.01+0.51 loss_avg:1.2566e-01
INFO: 2024-01-30 18:29:14 epoch:0 dataset: 8/17 step: 6/31 time:0.01+0.52 loss_avg:1.2951e-01
INFO: 2024-01-30 18:29:14 epoch:0 dataset: 8/17 step: 7/31 time:0.01+0.51 loss_avg:1.2962e-01
INFO: 2024-01-30 18:29:15 epoch:0 dataset: 8/17 step: 8/31 time:0.01+0.51 loss_avg:1.3115e-01
INFO: 2024-01-30 18:29:15 epoch:0 dataset: 8/17 step: 9/31 time:0.01+0.54 loss_avg:1.3822e-01
INFO: 2024-01-30 18:29:16 epoch:0 dataset: 8/17 step: 10/31 time:0.01+1.04 loss_avg:1.3695e-01
INFO: 2024-01-30 18:29:17 epoch:0 dataset: 8/17 step: 11/31 time:0.01+0.50 loss_avg:1.4011e-01
INFO: 2024-01-30 18:29:17 epoch:0 dataset: 8/17 step: 12/31 time:0.01+0.50 loss_avg:1.2422e-01
INFO: 2024-01-30 18:29:18 epoch:0 dataset: 8/17 step: 13/31 time:0.01+0.97 loss_avg:1.3216e-01
INFO: 2024-01-30 18:29:19 epoch:0 dataset: 8/17 step: 14/31 time:0.01+0.61 loss_avg:1.2266e-01
INFO: 2024-01-30 18:29:20 epoch:0 dataset: 8/17 step: 15/31 time:0.01+0.51 loss_avg:1.3374e-01
INFO: 2024-01-30 18:29:20 epoch:0 dataset: 8/17 step: 16/31 time:0.01+0.51 loss_avg:1.2440e-01
INFO: 2024-01-30 18:29:21 epoch:0 dataset: 8/17 step: 17/31 time:0.01+0.51 loss_avg:1.2675e-01
INFO: 2024-01-30 18:29:21 epoch:0 dataset: 8/17 step: 18/31 time:0.01+0.50 loss_avg:1.4398e-01
INFO: 2024-01-30 18:29:22 epoch:0 dataset: 8/17 step: 19/31 time:0.01+0.50 loss_avg:1.2343e-01
INFO: 2024-01-30 18:29:22 epoch:0 dataset: 8/17 step: 20/31 time:0.01+0.57 loss_avg:1.3469e-01
INFO: 2024-01-30 18:29:23 epoch:0 dataset: 8/17 step: 21/31 time:0.00+0.81 loss_avg:1.2282e-01
INFO: 2024-01-30 18:29:25 epoch:0 dataset: 8/17 step: 22/31 time:0.01+1.58 loss_avg:1.3089e-01
INFO: 2024-01-30 18:29:25 epoch:0 dataset: 8/17 step: 23/31 time:0.01+0.51 loss_avg:1.3815e-01
INFO: 2024-01-30 18:29:26 epoch:0 dataset: 8/17 step: 24/31 time:0.01+0.51 loss_avg:1.2775e-01
INFO: 2024-01-30 18:29:26 epoch:0 dataset: 8/17 step: 25/31 time:0.01+0.52 loss_avg:1.2806e-01
INFO: 2024-01-30 18:29:27 epoch:0 dataset: 8/17 step: 26/31 time:0.01+0.51 loss_avg:1.3168e-01
INFO: 2024-01-30 18:29:27 epoch:0 dataset: 8/17 step: 27/31 time:0.01+0.50 loss_avg:1.3968e-01
INFO: 2024-01-30 18:29:28 epoch:0 dataset: 8/17 step: 28/31 time:0.01+0.58 loss_avg:1.3046e-01
INFO: 2024-01-30 18:29:28 epoch:0 dataset: 8/17 step: 29/31 time:0.00+0.52 loss_avg:1.3025e-01
INFO: 2024-01-30 18:29:29 epoch:0 dataset: 8/17 step: 30/31 time:0.00+0.67 loss_avg:1.3067e-01
INFO: Training on data_train_chr14_64.npy complete.
INFO: 2024-01-30 18:29:30 epoch:0 dataset: 9/17 step: 0/30 time:0.73+0.53 loss_avg:1.2943e-01
INFO: 2024-01-30 18:29:31 epoch:0 dataset: 9/17 step: 1/30 time:0.00+0.51 loss_avg:1.4120e-01
INFO: 2024-01-30 18:29:31 epoch:0 dataset: 9/17 step: 2/30 time:0.00+0.51 loss_avg:1.3976e-01
INFO: 2024-01-30 18:29:32 epoch:0 dataset: 9/17 step: 3/30 time:0.01+0.50 loss_avg:1.3145e-01
INFO: 2024-01-30 18:29:33 epoch:0 dataset: 9/17 step: 4/30 time:0.01+0.69 loss_avg:1.3077e-01
INFO: 2024-01-30 18:29:33 epoch:0 dataset: 9/17 step: 5/30 time:0.01+0.51 loss_avg:1.3171e-01
INFO: 2024-01-30 18:29:34 epoch:0 dataset: 9/17 step: 6/30 time:0.01+0.56 loss_avg:1.3431e-01
INFO: 2024-01-30 18:29:34 epoch:0 dataset: 9/17 step: 7/30 time:0.01+0.53 loss_avg:1.3333e-01
INFO: 2024-01-30 18:29:35 epoch:0 dataset: 9/17 step: 8/30 time:0.01+0.55 loss_avg:1.3003e-01
INFO: 2024-01-30 18:29:35 epoch:0 dataset: 9/17 step: 9/30 time:0.01+0.54 loss_avg:1.4153e-01
INFO: 2024-01-30 18:29:36 epoch:0 dataset: 9/17 step: 10/30 time:0.01+0.53 loss_avg:1.3405e-01
INFO: 2024-01-30 18:29:36 epoch:0 dataset: 9/17 step: 11/30 time:0.01+0.52 loss_avg:1.2961e-01
INFO: 2024-01-30 18:29:37 epoch:0 dataset: 9/17 step: 12/30 time:0.01+0.51 loss_avg:1.3577e-01
INFO: 2024-01-30 18:29:37 epoch:0 dataset: 9/17 step: 13/30 time:0.01+0.55 loss_avg:1.3800e-01
INFO: 2024-01-30 18:29:38 epoch:0 dataset: 9/17 step: 14/30 time:0.01+0.50 loss_avg:1.3207e-01
INFO: 2024-01-30 18:29:38 epoch:0 dataset: 9/17 step: 15/30 time:0.01+0.50 loss_avg:1.3668e-01
INFO: 2024-01-30 18:29:39 epoch:0 dataset: 9/17 step: 16/30 time:0.01+0.50 loss_avg:1.3311e-01
INFO: 2024-01-30 18:29:39 epoch:0 dataset: 9/17 step: 17/30 time:0.01+0.50 loss_avg:1.3318e-01
INFO: 2024-01-30 18:29:40 epoch:0 dataset: 9/17 step: 18/30 time:0.01+0.72 loss_avg:1.3514e-01
INFO: 2024-01-30 18:29:41 epoch:0 dataset: 9/17 step: 19/30 time:0.01+0.50 loss_avg:1.3594e-01
INFO: 2024-01-30 18:29:41 epoch:0 dataset: 9/17 step: 20/30 time:0.01+0.50 loss_avg:1.3699e-01
INFO: 2024-01-30 18:29:42 epoch:0 dataset: 9/17 step: 21/30 time:0.01+0.51 loss_avg:1.3219e-01
INFO: 2024-01-30 18:29:42 epoch:0 dataset: 9/17 step: 22/30 time:0.01+0.53 loss_avg:1.3912e-01
INFO: 2024-01-30 18:29:43 epoch:0 dataset: 9/17 step: 23/30 time:0.01+0.52 loss_avg:1.2957e-01
INFO: 2024-01-30 18:29:43 epoch:0 dataset: 9/17 step: 24/30 time:0.01+0.54 loss_avg:1.3619e-01
INFO: 2024-01-30 18:29:44 epoch:0 dataset: 9/17 step: 25/30 time:0.01+0.85 loss_avg:1.3642e-01
INFO: 2024-01-30 18:29:45 epoch:0 dataset: 9/17 step: 26/30 time:0.01+1.12 loss_avg:1.3847e-01
INFO: 2024-01-30 18:29:46 epoch:0 dataset: 9/17 step: 27/30 time:0.01+0.50 loss_avg:1.2543e-01
INFO: 2024-01-30 18:29:48 epoch:0 dataset: 9/17 step: 28/30 time:0.00+1.77 loss_avg:1.3730e-01
INFO: 2024-01-30 18:29:48 epoch:0 dataset: 9/17 step: 29/30 time:0.00+0.74 loss_avg:1.3429e-01
INFO: Training on data_train_chr12_64.npy complete.
INFO: 2024-01-30 18:29:50 epoch:0 dataset: 10/17 step: 0/42 time:0.79+0.69 loss_avg:1.1218e-01
INFO: 2024-01-30 18:29:51 epoch:0 dataset: 10/17 step: 1/42 time:0.02+0.67 loss_avg:1.1373e-01
INFO: 2024-01-30 18:29:51 epoch:0 dataset: 10/17 step: 2/42 time:0.02+0.66 loss_avg:1.0891e-01
INFO: 2024-01-30 18:29:52 epoch:0 dataset: 10/17 step: 3/42 time:0.02+0.66 loss_avg:1.0395e-01
INFO: 2024-01-30 18:29:53 epoch:0 dataset: 10/17 step: 4/42 time:0.02+0.66 loss_avg:1.1824e-01
INFO: 2024-01-30 18:29:53 epoch:0 dataset: 10/17 step: 5/42 time:0.02+0.66 loss_avg:1.1025e-01
INFO: 2024-01-30 18:29:54 epoch:0 dataset: 10/17 step: 6/42 time:0.02+0.66 loss_avg:1.1170e-01
INFO: 2024-01-30 18:29:55 epoch:0 dataset: 10/17 step: 7/42 time:0.02+0.69 loss_avg:1.0110e-01
INFO: 2024-01-30 18:29:55 epoch:0 dataset: 10/17 step: 8/42 time:0.02+0.69 loss_avg:1.1317e-01
INFO: 2024-01-30 18:29:56 epoch:0 dataset: 10/17 step: 9/42 time:0.02+0.68 loss_avg:1.1192e-01
INFO: 2024-01-30 18:29:57 epoch:0 dataset: 10/17 step: 10/42 time:0.02+0.68 loss_avg:9.1228e-02
INFO: 2024-01-30 18:29:57 epoch:0 dataset: 10/17 step: 11/42 time:0.02+0.67 loss_avg:1.1200e-01
INFO: 2024-01-30 18:29:58 epoch:0 dataset: 10/17 step: 12/42 time:0.02+0.63 loss_avg:1.0434e-01
INFO: 2024-01-30 18:29:59 epoch:0 dataset: 10/17 step: 13/42 time:0.02+0.60 loss_avg:1.0262e-01
INFO: 2024-01-30 18:29:59 epoch:0 dataset: 10/17 step: 14/42 time:0.02+0.78 loss_avg:9.8037e-02
INFO: 2024-01-30 18:30:00 epoch:0 dataset: 10/17 step: 15/42 time:0.02+0.69 loss_avg:1.0641e-01
INFO: 2024-01-30 18:30:01 epoch:0 dataset: 10/17 step: 16/42 time:0.02+0.65 loss_avg:1.0709e-01
INFO: 2024-01-30 18:30:02 epoch:0 dataset: 10/17 step: 17/42 time:0.02+0.67 loss_avg:1.0811e-01
INFO: 2024-01-30 18:30:02 epoch:0 dataset: 10/17 step: 18/42 time:0.02+0.67 loss_avg:1.1226e-01
INFO: 2024-01-30 18:30:03 epoch:0 dataset: 10/17 step: 19/42 time:0.02+0.65 loss_avg:1.0429e-01
INFO: 2024-01-30 18:30:04 epoch:0 dataset: 10/17 step: 20/42 time:0.02+0.60 loss_avg:9.5576e-02
INFO: 2024-01-30 18:30:04 epoch:0 dataset: 10/17 step: 21/42 time:0.02+0.59 loss_avg:1.0512e-01
INFO: 2024-01-30 18:30:05 epoch:0 dataset: 10/17 step: 22/42 time:0.02+0.59 loss_avg:1.0539e-01
INFO: 2024-01-30 18:30:05 epoch:0 dataset: 10/17 step: 23/42 time:0.02+0.59 loss_avg:1.0831e-01
INFO: 2024-01-30 18:30:06 epoch:0 dataset: 10/17 step: 24/42 time:0.02+0.75 loss_avg:1.0750e-01
INFO: 2024-01-30 18:30:07 epoch:0 dataset: 10/17 step: 25/42 time:0.02+0.91 loss_avg:1.1707e-01
INFO: 2024-01-30 18:30:08 epoch:0 dataset: 10/17 step: 26/42 time:0.02+0.63 loss_avg:9.3428e-02
INFO: 2024-01-30 18:30:08 epoch:0 dataset: 10/17 step: 27/42 time:0.02+0.71 loss_avg:1.0206e-01
INFO: 2024-01-30 18:30:10 epoch:0 dataset: 10/17 step: 28/42 time:0.01+1.32 loss_avg:9.9726e-02
INFO: 2024-01-30 18:30:10 epoch:0 dataset: 10/17 step: 29/42 time:0.02+0.65 loss_avg:1.0756e-01
INFO: 2024-01-30 18:30:11 epoch:0 dataset: 10/17 step: 30/42 time:0.02+0.64 loss_avg:1.0105e-01
INFO: 2024-01-30 18:30:12 epoch:0 dataset: 10/17 step: 31/42 time:0.02+0.64 loss_avg:1.1589e-01
INFO: 2024-01-30 18:30:12 epoch:0 dataset: 10/17 step: 32/42 time:0.02+0.62 loss_avg:1.1032e-01
INFO: 2024-01-30 18:30:13 epoch:0 dataset: 10/17 step: 33/42 time:0.02+0.62 loss_avg:1.1663e-01
INFO: 2024-01-30 18:30:14 epoch:0 dataset: 10/17 step: 34/42 time:0.02+0.62 loss_avg:1.0481e-01
INFO: 2024-01-30 18:30:14 epoch:0 dataset: 10/17 step: 35/42 time:0.02+0.58 loss_avg:1.0934e-01
INFO: 2024-01-30 18:30:15 epoch:0 dataset: 10/17 step: 36/42 time:0.02+0.58 loss_avg:1.1251e-01
INFO: 2024-01-30 18:30:17 epoch:0 dataset: 10/17 step: 37/42 time:0.02+1.73 loss_avg:1.0690e-01
INFO: 2024-01-30 18:30:17 epoch:0 dataset: 10/17 step: 38/42 time:0.02+0.86 loss_avg:9.7013e-02
INFO: 2024-01-30 18:30:18 epoch:0 dataset: 10/17 step: 39/42 time:0.02+0.64 loss_avg:1.0154e-01
INFO: 2024-01-30 18:30:19 epoch:0 dataset: 10/17 step: 40/42 time:0.00+0.59 loss_avg:1.0694e-01
INFO: 2024-01-30 18:30:19 epoch:0 dataset: 10/17 step: 41/42 time:0.00+0.62 loss_avg:1.0882e-01
INFO: Training on data_train_chrX_64.npy complete.
INFO: 2024-01-30 18:30:20 epoch:0 dataset: 11/17 step: 0/23 time:0.39+0.64 loss_avg:1.4210e-01
INFO: 2024-01-30 18:30:21 epoch:0 dataset: 11/17 step: 1/23 time:0.02+0.58 loss_avg:1.3518e-01
INFO: 2024-01-30 18:30:22 epoch:0 dataset: 11/17 step: 2/23 time:0.02+0.61 loss_avg:1.4115e-01
INFO: 2024-01-30 18:30:22 epoch:0 dataset: 11/17 step: 3/23 time:0.02+0.59 loss_avg:1.4055e-01
INFO: 2024-01-30 18:30:23 epoch:0 dataset: 11/17 step: 4/23 time:0.02+0.70 loss_avg:1.4034e-01
INFO: 2024-01-30 18:30:24 epoch:0 dataset: 11/17 step: 5/23 time:0.00+0.73 loss_avg:1.3474e-01
INFO: 2024-01-30 18:30:25 epoch:0 dataset: 11/17 step: 6/23 time:0.01+0.87 loss_avg:1.3080e-01
INFO: 2024-01-30 18:30:25 epoch:0 dataset: 11/17 step: 7/23 time:0.01+0.80 loss_avg:1.3657e-01
INFO: 2024-01-30 18:30:26 epoch:0 dataset: 11/17 step: 8/23 time:0.01+0.71 loss_avg:1.3579e-01
INFO: 2024-01-30 18:30:27 epoch:0 dataset: 11/17 step: 9/23 time:0.01+0.70 loss_avg:1.3404e-01
INFO: 2024-01-30 18:30:28 epoch:0 dataset: 11/17 step: 10/23 time:0.01+1.00 loss_avg:1.3547e-01
INFO: 2024-01-30 18:30:29 epoch:0 dataset: 11/17 step: 11/23 time:0.01+0.92 loss_avg:1.3712e-01
INFO: 2024-01-30 18:30:29 epoch:0 dataset: 11/17 step: 12/23 time:0.01+0.70 loss_avg:1.2944e-01
INFO: 2024-01-30 18:30:30 epoch:0 dataset: 11/17 step: 13/23 time:0.01+0.71 loss_avg:1.3141e-01
INFO: 2024-01-30 18:30:31 epoch:0 dataset: 11/17 step: 14/23 time:0.01+0.71 loss_avg:1.3568e-01
INFO: 2024-01-30 18:30:32 epoch:0 dataset: 11/17 step: 15/23 time:0.01+0.91 loss_avg:1.3674e-01
INFO: 2024-01-30 18:30:33 epoch:0 dataset: 11/17 step: 16/23 time:0.01+0.72 loss_avg:1.2675e-01
INFO: 2024-01-30 18:30:34 epoch:0 dataset: 11/17 step: 17/23 time:0.01+1.33 loss_avg:1.2555e-01
INFO: 2024-01-30 18:30:35 epoch:0 dataset: 11/17 step: 18/23 time:0.01+0.72 loss_avg:1.3796e-01
INFO: 2024-01-30 18:30:35 epoch:0 dataset: 11/17 step: 19/23 time:0.01+0.80 loss_avg:1.3458e-01
INFO: 2024-01-30 18:30:36 epoch:0 dataset: 11/17 step: 20/23 time:0.01+0.91 loss_avg:1.3264e-01
INFO: 2024-01-30 18:30:38 epoch:0 dataset: 11/17 step: 21/23 time:0.00+1.51 loss_avg:1.3737e-01
INFO: 2024-01-30 18:30:40 epoch:0 dataset: 11/17 step: 22/23 time:0.00+1.79 loss_avg:1.3981e-01
INFO: Training on data_train_chr18_64.npy complete.
INFO: 2024-01-30 18:30:41 epoch:0 dataset: 12/17 step: 0/31 time:0.50+1.02 loss_avg:1.4361e-01
INFO: 2024-01-30 18:30:42 epoch:0 dataset: 12/17 step: 1/31 time:0.01+0.74 loss_avg:1.4070e-01
INFO: 2024-01-30 18:30:43 epoch:0 dataset: 12/17 step: 2/31 time:0.01+0.72 loss_avg:1.4083e-01
INFO: 2024-01-30 18:30:43 epoch:0 dataset: 12/17 step: 3/31 time:0.02+0.70 loss_avg:1.4287e-01
INFO: 2024-01-30 18:30:44 epoch:0 dataset: 12/17 step: 4/31 time:0.01+0.69 loss_avg:1.4195e-01
INFO: 2024-01-30 18:30:45 epoch:0 dataset: 12/17 step: 5/31 time:0.01+0.81 loss_avg:1.4422e-01
INFO: 2024-01-30 18:30:46 epoch:0 dataset: 12/17 step: 6/31 time:0.02+0.69 loss_avg:1.4273e-01
INFO: 2024-01-30 18:30:46 epoch:0 dataset: 12/17 step: 7/31 time:0.01+0.84 loss_avg:1.4571e-01
INFO: 2024-01-30 18:30:47 epoch:0 dataset: 12/17 step: 8/31 time:0.01+0.70 loss_avg:1.4483e-01
INFO: 2024-01-30 18:30:48 epoch:0 dataset: 12/17 step: 9/31 time:0.01+1.20 loss_avg:1.3913e-01
INFO: 2024-01-30 18:30:50 epoch:0 dataset: 12/17 step: 10/31 time:0.01+1.24 loss_avg:1.4183e-01
INFO: 2024-01-30 18:30:51 epoch:0 dataset: 12/17 step: 11/31 time:0.01+1.79 loss_avg:1.4984e-01
INFO: 2024-01-30 18:30:53 epoch:0 dataset: 12/17 step: 12/31 time:0.01+1.53 loss_avg:1.4013e-01
INFO: 2024-01-30 18:30:54 epoch:0 dataset: 12/17 step: 13/31 time:0.01+0.72 loss_avg:1.4207e-01
INFO: 2024-01-30 18:30:54 epoch:0 dataset: 12/17 step: 14/31 time:0.01+0.54 loss_avg:1.4431e-01
INFO: 2024-01-30 18:30:55 epoch:0 dataset: 12/17 step: 15/31 time:0.01+0.70 loss_avg:1.4051e-01
INFO: 2024-01-30 18:30:56 epoch:0 dataset: 12/17 step: 16/31 time:0.01+0.70 loss_avg:1.4323e-01
INFO: 2024-01-30 18:30:56 epoch:0 dataset: 12/17 step: 17/31 time:0.01+0.69 loss_avg:1.3413e-01
INFO: 2024-01-30 18:30:57 epoch:0 dataset: 12/17 step: 18/31 time:0.01+0.69 loss_avg:1.4175e-01
INFO: 2024-01-30 18:30:58 epoch:0 dataset: 12/17 step: 19/31 time:0.01+0.69 loss_avg:1.3756e-01
INFO: 2024-01-30 18:30:59 epoch:0 dataset: 12/17 step: 20/31 time:0.01+0.70 loss_avg:1.3188e-01
INFO: 2024-01-30 18:30:59 epoch:0 dataset: 12/17 step: 21/31 time:0.01+0.75 loss_avg:1.3854e-01
INFO: 2024-01-30 18:31:00 epoch:0 dataset: 12/17 step: 22/31 time:0.01+0.70 loss_avg:1.4264e-01
INFO: 2024-01-30 18:31:01 epoch:0 dataset: 12/17 step: 23/31 time:0.01+0.70 loss_avg:1.3924e-01
INFO: 2024-01-30 18:31:02 epoch:0 dataset: 12/17 step: 24/31 time:0.01+0.92 loss_avg:1.3584e-01
INFO: 2024-01-30 18:31:02 epoch:0 dataset: 12/17 step: 25/31 time:0.01+0.69 loss_avg:1.4402e-01
INFO: 2024-01-30 18:31:03 epoch:0 dataset: 12/17 step: 26/31 time:0.01+0.66 loss_avg:1.4100e-01
INFO: 2024-01-30 18:31:04 epoch:0 dataset: 12/17 step: 27/31 time:0.01+0.54 loss_avg:1.4074e-01
INFO: 2024-01-30 18:31:04 epoch:0 dataset: 12/17 step: 28/31 time:0.01+0.60 loss_avg:1.3878e-01
INFO: 2024-01-30 18:31:05 epoch:0 dataset: 12/17 step: 29/31 time:0.00+0.59 loss_avg:1.4197e-01
INFO: 2024-01-30 18:31:05 epoch:0 dataset: 12/17 step: 30/31 time:0.00+0.62 loss_avg:1.4160e-01
INFO: Training on data_train_chr11_64.npy complete.
INFO: 2024-01-30 18:31:07 epoch:0 dataset: 13/17 step: 0/33 time:0.48+0.69 loss_avg:1.3972e-01
INFO: 2024-01-30 18:31:08 epoch:0 dataset: 13/17 step: 1/33 time:0.02+1.73 loss_avg:1.3519e-01
INFO: 2024-01-30 18:31:09 epoch:0 dataset: 13/17 step: 2/33 time:0.02+0.70 loss_avg:1.3732e-01
INFO: 2024-01-30 18:31:10 epoch:0 dataset: 13/17 step: 3/33 time:0.02+0.75 loss_avg:1.3150e-01
INFO: 2024-01-30 18:31:11 epoch:0 dataset: 13/17 step: 4/33 time:0.02+0.81 loss_avg:1.3702e-01
INFO: 2024-01-30 18:31:11 epoch:0 dataset: 13/17 step: 5/33 time:0.02+0.77 loss_avg:1.3763e-01
INFO: 2024-01-30 18:31:12 epoch:0 dataset: 13/17 step: 6/33 time:0.02+0.94 loss_avg:1.3841e-01
INFO: 2024-01-30 18:31:13 epoch:0 dataset: 13/17 step: 7/33 time:0.02+0.73 loss_avg:1.2554e-01
INFO: 2024-01-30 18:31:14 epoch:0 dataset: 13/17 step: 8/33 time:0.02+0.65 loss_avg:1.3490e-01
INFO: 2024-01-30 18:31:14 epoch:0 dataset: 13/17 step: 9/33 time:0.02+0.52 loss_avg:1.3618e-01
INFO: 2024-01-30 18:31:15 epoch:0 dataset: 13/17 step: 10/33 time:0.02+0.62 loss_avg:1.3011e-01
INFO: 2024-01-30 18:31:16 epoch:0 dataset: 13/17 step: 11/33 time:0.02+0.61 loss_avg:1.3015e-01
INFO: 2024-01-30 18:31:16 epoch:0 dataset: 13/17 step: 12/33 time:0.02+0.88 loss_avg:1.3745e-01
INFO: 2024-01-30 18:31:17 epoch:0 dataset: 13/17 step: 13/33 time:0.02+0.68 loss_avg:1.3550e-01
INFO: 2024-01-30 18:31:18 epoch:0 dataset: 13/17 step: 14/33 time:0.02+0.74 loss_avg:1.3461e-01
INFO: 2024-01-30 18:31:19 epoch:0 dataset: 13/17 step: 15/33 time:0.02+0.69 loss_avg:1.3339e-01
INFO: 2024-01-30 18:31:19 epoch:0 dataset: 13/17 step: 16/33 time:0.02+0.78 loss_avg:1.2933e-01
INFO: 2024-01-30 18:31:20 epoch:0 dataset: 13/17 step: 17/33 time:0.02+0.69 loss_avg:1.4022e-01
INFO: 2024-01-30 18:31:21 epoch:0 dataset: 13/17 step: 18/33 time:0.02+0.66 loss_avg:1.3847e-01
INFO: 2024-01-30 18:31:22 epoch:0 dataset: 13/17 step: 19/33 time:0.02+0.68 loss_avg:1.3328e-01
INFO: 2024-01-30 18:31:22 epoch:0 dataset: 13/17 step: 20/33 time:0.02+0.69 loss_avg:1.3638e-01
INFO: 2024-01-30 18:31:23 epoch:0 dataset: 13/17 step: 21/33 time:0.02+0.80 loss_avg:1.3837e-01
INFO: 2024-01-30 18:31:24 epoch:0 dataset: 13/17 step: 22/33 time:0.02+0.69 loss_avg:1.3299e-01
INFO: 2024-01-30 18:31:24 epoch:0 dataset: 13/17 step: 23/33 time:0.02+0.69 loss_avg:1.3855e-01
INFO: 2024-01-30 18:31:25 epoch:0 dataset: 13/17 step: 24/33 time:0.02+0.69 loss_avg:1.2767e-01
INFO: 2024-01-30 18:31:26 epoch:0 dataset: 13/17 step: 25/33 time:0.02+0.69 loss_avg:1.3097e-01
INFO: 2024-01-30 18:31:27 epoch:0 dataset: 13/17 step: 26/33 time:0.02+0.97 loss_avg:1.3476e-01
INFO: 2024-01-30 18:31:28 epoch:0 dataset: 13/17 step: 27/33 time:0.02+1.48 loss_avg:1.3512e-01
INFO: 2024-01-30 18:31:29 epoch:0 dataset: 13/17 step: 28/33 time:0.02+0.60 loss_avg:1.3329e-01
INFO: 2024-01-30 18:31:30 epoch:0 dataset: 13/17 step: 29/33 time:0.02+0.61 loss_avg:1.3550e-01
INFO: 2024-01-30 18:31:30 epoch:0 dataset: 13/17 step: 30/33 time:0.02+0.61 loss_avg:1.3379e-01
INFO: 2024-01-30 18:31:31 epoch:0 dataset: 13/17 step: 31/33 time:0.00+0.63 loss_avg:1.3524e-01
INFO: 2024-01-30 18:31:32 epoch:0 dataset: 13/17 step: 32/33 time:0.00+0.62 loss_avg:1.3496e-01
INFO: Training on data_train_chr10_64.npy complete.
INFO: 2024-01-30 18:31:33 epoch:0 dataset: 14/17 step: 0/33 time:0.48+0.66 loss_avg:1.6376e-01
INFO: 2024-01-30 18:31:33 epoch:0 dataset: 14/17 step: 1/33 time:0.02+0.61 loss_avg:1.7233e-01
INFO: 2024-01-30 18:31:34 epoch:0 dataset: 14/17 step: 2/33 time:0.02+0.62 loss_avg:1.6571e-01
INFO: 2024-01-30 18:31:35 epoch:0 dataset: 14/17 step: 3/33 time:0.02+0.61 loss_avg:1.6541e-01
INFO: 2024-01-30 18:31:35 epoch:0 dataset: 14/17 step: 4/33 time:0.02+0.60 loss_avg:1.5971e-01
INFO: 2024-01-30 18:31:36 epoch:0 dataset: 14/17 step: 5/33 time:0.02+0.62 loss_avg:1.6693e-01
INFO: 2024-01-30 18:31:36 epoch:0 dataset: 14/17 step: 6/33 time:0.02+0.62 loss_avg:1.5601e-01
INFO: 2024-01-30 18:31:37 epoch:0 dataset: 14/17 step: 7/33 time:0.02+0.60 loss_avg:1.6983e-01
INFO: 2024-01-30 18:31:38 epoch:0 dataset: 14/17 step: 8/33 time:0.02+1.21 loss_avg:1.6861e-01
INFO: 2024-01-30 18:31:39 epoch:0 dataset: 14/17 step: 9/33 time:0.01+0.55 loss_avg:1.7137e-01
INFO: 2024-01-30 18:31:39 epoch:0 dataset: 14/17 step: 10/33 time:0.02+0.61 loss_avg:1.6752e-01
INFO: 2024-01-30 18:31:40 epoch:0 dataset: 14/17 step: 11/33 time:0.02+0.69 loss_avg:1.5728e-01
INFO: 2024-01-30 18:31:41 epoch:0 dataset: 14/17 step: 12/33 time:0.02+0.71 loss_avg:1.5453e-01
INFO: 2024-01-30 18:31:42 epoch:0 dataset: 14/17 step: 13/33 time:0.02+0.70 loss_avg:1.7754e-01
INFO: 2024-01-30 18:31:43 epoch:0 dataset: 14/17 step: 14/33 time:0.02+1.23 loss_avg:1.5489e-01
INFO: 2024-01-30 18:31:45 epoch:0 dataset: 14/17 step: 15/33 time:0.02+1.85 loss_avg:1.7812e-01
INFO: 2024-01-30 18:31:47 epoch:0 dataset: 14/17 step: 16/33 time:0.02+1.89 loss_avg:1.7080e-01
INFO: 2024-01-30 18:31:48 epoch:0 dataset: 14/17 step: 17/33 time:0.02+1.69 loss_avg:1.6856e-01
INFO: 2024-01-30 18:31:49 epoch:0 dataset: 14/17 step: 18/33 time:0.02+0.78 loss_avg:1.6779e-01
INFO: 2024-01-30 18:31:50 epoch:0 dataset: 14/17 step: 19/33 time:0.02+0.97 loss_avg:1.6438e-01
INFO: 2024-01-30 18:31:52 epoch:0 dataset: 14/17 step: 20/33 time:0.02+1.50 loss_avg:1.7174e-01
INFO: 2024-01-30 18:31:52 epoch:0 dataset: 14/17 step: 21/33 time:0.02+0.70 loss_avg:1.7386e-01
INFO: 2024-01-30 18:31:53 epoch:0 dataset: 14/17 step: 22/33 time:0.02+0.70 loss_avg:1.7272e-01
INFO: 2024-01-30 18:31:54 epoch:0 dataset: 14/17 step: 23/33 time:0.02+0.70 loss_avg:1.7965e-01
INFO: 2024-01-30 18:31:55 epoch:0 dataset: 14/17 step: 24/33 time:0.02+0.69 loss_avg:1.6395e-01
INFO: 2024-01-30 18:31:55 epoch:0 dataset: 14/17 step: 25/33 time:0.02+0.69 loss_avg:1.5870e-01
INFO: 2024-01-30 18:31:56 epoch:0 dataset: 14/17 step: 26/33 time:0.02+0.69 loss_avg:1.7721e-01
INFO: 2024-01-30 18:31:57 epoch:0 dataset: 14/17 step: 27/33 time:0.02+0.69 loss_avg:1.6679e-01
INFO: 2024-01-30 18:31:57 epoch:0 dataset: 14/17 step: 28/33 time:0.02+0.69 loss_avg:1.7098e-01
INFO: 2024-01-30 18:31:58 epoch:0 dataset: 14/17 step: 29/33 time:0.02+0.69 loss_avg:1.4604e-01
INFO: 2024-01-30 18:31:59 epoch:0 dataset: 14/17 step: 30/33 time:0.02+0.69 loss_avg:1.6711e-01
INFO: 2024-01-30 18:32:01 epoch:0 dataset: 14/17 step: 31/33 time:0.00+1.78 loss_avg:1.5845e-01
INFO: 2024-01-30 18:32:02 epoch:0 dataset: 14/17 step: 32/33 time:0.00+1.78 loss_avg:1.6853e-01
INFO: Training on data_train_chr8_64.npy complete.
INFO: 2024-01-30 18:32:04 epoch:0 dataset: 15/17 step: 0/50 time:0.67+0.78 loss_avg:1.6333e-01
INFO: 2024-01-30 18:32:05 epoch:0 dataset: 15/17 step: 1/50 time:0.02+0.78 loss_avg:1.5913e-01
INFO: 2024-01-30 18:32:05 epoch:0 dataset: 15/17 step: 2/50 time:0.02+0.70 loss_avg:2.0035e-01
INFO: 2024-01-30 18:32:06 epoch:0 dataset: 15/17 step: 3/50 time:0.02+0.69 loss_avg:1.8757e-01
INFO: 2024-01-30 18:32:07 epoch:0 dataset: 15/17 step: 4/50 time:0.02+0.97 loss_avg:1.5694e-01
INFO: 2024-01-30 18:32:08 epoch:0 dataset: 15/17 step: 5/50 time:0.02+0.70 loss_avg:1.5930e-01
INFO: 2024-01-30 18:32:09 epoch:0 dataset: 15/17 step: 6/50 time:0.02+0.71 loss_avg:1.7309e-01
INFO: 2024-01-30 18:32:09 epoch:0 dataset: 15/17 step: 7/50 time:0.02+0.69 loss_avg:1.5034e-01
INFO: 2024-01-30 18:32:10 epoch:0 dataset: 15/17 step: 8/50 time:0.02+0.69 loss_avg:1.7367e-01
INFO: 2024-01-30 18:32:11 epoch:0 dataset: 15/17 step: 9/50 time:0.02+0.69 loss_avg:1.7713e-01
INFO: 2024-01-30 18:32:12 epoch:0 dataset: 15/17 step: 10/50 time:0.02+1.59 loss_avg:1.5464e-01
INFO: 2024-01-30 18:32:13 epoch:0 dataset: 15/17 step: 11/50 time:0.02+0.68 loss_avg:1.8174e-01
INFO: 2024-01-30 18:32:14 epoch:0 dataset: 15/17 step: 12/50 time:0.02+0.69 loss_avg:1.5092e-01
INFO: 2024-01-30 18:32:15 epoch:0 dataset: 15/17 step: 13/50 time:0.00+0.96 loss_avg:1.5749e-01
INFO: 2024-01-30 18:32:16 epoch:0 dataset: 15/17 step: 14/50 time:0.01+1.78 loss_avg:1.5784e-01
INFO: 2024-01-30 18:32:18 epoch:0 dataset: 15/17 step: 15/50 time:0.01+1.78 loss_avg:1.6668e-01
INFO: 2024-01-30 18:32:19 epoch:0 dataset: 15/17 step: 16/50 time:0.01+0.73 loss_avg:1.6022e-01
INFO: 2024-01-30 18:32:20 epoch:0 dataset: 15/17 step: 17/50 time:0.01+0.70 loss_avg:1.6687e-01
INFO: 2024-01-30 18:32:20 epoch:0 dataset: 15/17 step: 18/50 time:0.01+0.70 loss_avg:1.6254e-01
INFO: 2024-01-30 18:32:21 epoch:0 dataset: 15/17 step: 19/50 time:0.01+0.70 loss_avg:1.6393e-01
INFO: 2024-01-30 18:32:22 epoch:0 dataset: 15/17 step: 20/50 time:0.01+0.70 loss_avg:1.6220e-01
INFO: 2024-01-30 18:32:23 epoch:0 dataset: 15/17 step: 21/50 time:0.01+1.03 loss_avg:1.5813e-01
INFO: 2024-01-30 18:32:24 epoch:0 dataset: 15/17 step: 22/50 time:0.01+0.69 loss_avg:1.7212e-01
INFO: 2024-01-30 18:32:24 epoch:0 dataset: 15/17 step: 23/50 time:0.02+0.92 loss_avg:1.7929e-01
INFO: 2024-01-30 18:32:25 epoch:0 dataset: 15/17 step: 24/50 time:0.01+0.69 loss_avg:1.6246e-01
INFO: 2024-01-30 18:32:27 epoch:0 dataset: 15/17 step: 25/50 time:0.01+1.38 loss_avg:1.7380e-01
INFO: 2024-01-30 18:32:27 epoch:0 dataset: 15/17 step: 26/50 time:0.02+0.69 loss_avg:1.6389e-01
INFO: 2024-01-30 18:32:28 epoch:0 dataset: 15/17 step: 27/50 time:0.01+0.69 loss_avg:1.8261e-01
INFO: 2024-01-30 18:32:29 epoch:0 dataset: 15/17 step: 28/50 time:0.01+0.70 loss_avg:1.7199e-01
INFO: 2024-01-30 18:32:29 epoch:0 dataset: 15/17 step: 29/50 time:0.01+0.69 loss_avg:1.7314e-01
INFO: 2024-01-30 18:32:30 epoch:0 dataset: 15/17 step: 30/50 time:0.01+0.70 loss_avg:1.6791e-01
INFO: 2024-01-30 18:32:31 epoch:0 dataset: 15/17 step: 31/50 time:0.01+0.70 loss_avg:1.6163e-01
INFO: 2024-01-30 18:32:32 epoch:0 dataset: 15/17 step: 32/50 time:0.01+0.84 loss_avg:1.7191e-01
INFO: 2024-01-30 18:32:34 epoch:0 dataset: 15/17 step: 33/50 time:0.01+1.81 loss_avg:1.6373e-01
INFO: 2024-01-30 18:32:35 epoch:0 dataset: 15/17 step: 34/50 time:0.02+1.08 loss_avg:1.5968e-01
INFO: 2024-01-30 18:32:35 epoch:0 dataset: 15/17 step: 35/50 time:0.01+0.70 loss_avg:1.7262e-01
INFO: 2024-01-30 18:32:37 epoch:0 dataset: 15/17 step: 36/50 time:0.01+1.44 loss_avg:1.6746e-01
INFO: 2024-01-30 18:32:38 epoch:0 dataset: 15/17 step: 37/50 time:0.01+1.53 loss_avg:1.4630e-01
INFO: 2024-01-30 18:32:39 epoch:0 dataset: 15/17 step: 38/50 time:0.01+1.09 loss_avg:1.6332e-01
INFO: 2024-01-30 18:32:40 epoch:0 dataset: 15/17 step: 39/50 time:0.01+0.70 loss_avg:1.6483e-01
INFO: 2024-01-30 18:32:41 epoch:0 dataset: 15/17 step: 40/50 time:0.01+0.70 loss_avg:1.7535e-01
INFO: 2024-01-30 18:32:42 epoch:0 dataset: 15/17 step: 41/50 time:0.01+0.73 loss_avg:1.6709e-01
INFO: 2024-01-30 18:32:42 epoch:0 dataset: 15/17 step: 42/50 time:0.01+0.85 loss_avg:1.5525e-01
INFO: 2024-01-30 18:32:43 epoch:0 dataset: 15/17 step: 43/50 time:0.01+0.71 loss_avg:1.8818e-01
INFO: 2024-01-30 18:32:44 epoch:0 dataset: 15/17 step: 44/50 time:0.01+0.70 loss_avg:1.6005e-01
INFO: 2024-01-30 18:32:45 epoch:0 dataset: 15/17 step: 45/50 time:0.01+0.70 loss_avg:1.5366e-01
INFO: 2024-01-30 18:32:45 epoch:0 dataset: 15/17 step: 46/50 time:0.01+0.78 loss_avg:1.6049e-01
INFO: 2024-01-30 18:32:46 epoch:0 dataset: 15/17 step: 47/50 time:0.01+0.70 loss_avg:1.6538e-01
INFO: 2024-01-30 18:32:47 epoch:0 dataset: 15/17 step: 48/50 time:0.00+0.96 loss_avg:1.4951e-01
INFO: 2024-01-30 18:32:49 epoch:0 dataset: 15/17 step: 49/50 time:0.00+1.78 loss_avg:1.5605e-01
INFO: Training on data_train_chr1_64.npy complete.
INFO: 2024-01-30 18:32:50 epoch:0 dataset: 16/17 step: 0/24 time:0.41+0.75 loss_avg:1.3239e-01
INFO: 2024-01-30 18:32:51 epoch:0 dataset: 16/17 step: 1/24 time:0.00+0.78 loss_avg:1.3838e-01
INFO: 2024-01-30 18:32:51 epoch:0 dataset: 16/17 step: 2/24 time:0.01+0.69 loss_avg:1.3031e-01
INFO: 2024-01-30 18:32:52 epoch:0 dataset: 16/17 step: 3/24 time:0.01+0.69 loss_avg:1.3502e-01
INFO: 2024-01-30 18:32:53 epoch:0 dataset: 16/17 step: 4/24 time:0.01+0.69 loss_avg:1.2719e-01
INFO: 2024-01-30 18:32:54 epoch:0 dataset: 16/17 step: 5/24 time:0.01+0.69 loss_avg:1.3870e-01
INFO: 2024-01-30 18:32:54 epoch:0 dataset: 16/17 step: 6/24 time:0.01+0.69 loss_avg:1.3588e-01
INFO: 2024-01-30 18:32:55 epoch:0 dataset: 16/17 step: 7/24 time:0.01+0.69 loss_avg:1.3392e-01
INFO: 2024-01-30 18:32:56 epoch:0 dataset: 16/17 step: 8/24 time:0.01+0.71 loss_avg:1.3845e-01
INFO: 2024-01-30 18:32:56 epoch:0 dataset: 16/17 step: 9/24 time:0.01+0.62 loss_avg:1.3039e-01
INFO: 2024-01-30 18:32:57 epoch:0 dataset: 16/17 step: 10/24 time:0.01+0.53 loss_avg:1.3066e-01
INFO: 2024-01-30 18:32:58 epoch:0 dataset: 16/17 step: 11/24 time:0.01+0.66 loss_avg:1.2837e-01
INFO: 2024-01-30 18:32:58 epoch:0 dataset: 16/17 step: 12/24 time:0.01+0.70 loss_avg:1.3930e-01
INFO: 2024-01-30 18:32:59 epoch:0 dataset: 16/17 step: 13/24 time:0.01+0.86 loss_avg:1.3503e-01
INFO: 2024-01-30 18:33:00 epoch:0 dataset: 16/17 step: 14/24 time:0.01+0.71 loss_avg:1.3624e-01
INFO: 2024-01-30 18:33:01 epoch:0 dataset: 16/17 step: 15/24 time:0.02+0.71 loss_avg:1.3588e-01
INFO: 2024-01-30 18:33:01 epoch:0 dataset: 16/17 step: 16/24 time:0.02+0.70 loss_avg:1.2948e-01
INFO: 2024-01-30 18:33:02 epoch:0 dataset: 16/17 step: 17/24 time:0.02+0.70 loss_avg:1.4263e-01
INFO: 2024-01-30 18:33:03 epoch:0 dataset: 16/17 step: 18/24 time:0.02+0.70 loss_avg:1.3684e-01
