INFO: 2023-09-02 20:03:44 Argument batch_size: 8
INFO: 2023-09-02 20:03:44 Argument code_test: False
INFO: 2023-09-02 20:03:44 Argument cut_off: True
INFO: 2023-09-02 20:03:44 Argument data_train_path: ./../data/data_96/train/
INFO: 2023-09-02 20:03:44 Argument data_val_path: ./../data/data_96/val/data_val_chr19_96.npy
INFO: 2023-09-02 20:03:44 Argument device_id: 1
INFO: 2023-09-02 20:03:44 Argument early_stoppage_epochs: 5
INFO: 2023-09-02 20:03:44 Argument early_stoppage_start: 100
INFO: 2023-09-02 20:03:44 Argument epoch: 300
INFO: 2023-09-02 20:03:44 Argument learning_rate: 0.001
INFO: 2023-09-02 20:03:44 Argument local_rank: 0
INFO: 2023-09-02 20:03:44 Argument loss: single_channel_MSE_no_vgg
INFO: 2023-09-02 20:03:44 Argument max_HiC: 100
INFO: 2023-09-02 20:03:44 Argument num_gpu: 1
INFO: 2023-09-02 20:03:44 Argument num_workers: 1
INFO: 2023-09-02 20:03:44 Argument patch_size: 96
INFO: 2023-09-02 20:03:44 Argument resume_epoch: 0
INFO: 2023-09-02 20:03:44 Argument resume_path: None
INFO: 2023-09-02 20:03:44 Argument rgb: False
INFO: 2023-09-02 20:03:44 Argument train_dataset: hic
INFO: 2023-09-02 20:03:44 Argument val_datasets: ['hic']
INFO: 2023-09-02 20:03:52 epoch:0 dataset: 1/17 step: 0/95 time:0.85+3.27 loss_avg:2.8838e-02
INFO: 2023-09-02 20:03:53 epoch:0 dataset: 1/17 step: 1/95 time:0.01+0.50 loss_avg:2.6370e-02
INFO: 2023-09-02 20:03:53 epoch:0 dataset: 1/17 step: 2/95 time:0.01+0.50 loss_avg:2.7876e-02
INFO: 2023-09-02 20:03:54 epoch:0 dataset: 1/17 step: 3/95 time:0.00+0.50 loss_avg:2.3417e-02
INFO: 2023-09-02 20:03:54 epoch:0 dataset: 1/17 step: 4/95 time:0.00+0.50 loss_avg:2.7945e-02
INFO: 2023-09-02 20:03:55 epoch:0 dataset: 1/17 step: 5/95 time:0.00+0.51 loss_avg:2.5018e-02
INFO: 2023-09-02 20:03:55 epoch:0 dataset: 1/17 step: 6/95 time:0.00+0.52 loss_avg:2.8015e-02
INFO: 2023-09-02 20:03:56 epoch:0 dataset: 1/17 step: 7/95 time:0.00+0.51 loss_avg:2.6778e-02
INFO: 2023-09-02 20:03:56 epoch:0 dataset: 1/17 step: 8/95 time:0.00+0.50 loss_avg:2.6495e-02
INFO: 2023-09-02 20:03:57 epoch:0 dataset: 1/17 step: 9/95 time:0.00+0.51 loss_avg:2.5483e-02
INFO: 2023-09-02 20:03:57 epoch:0 dataset: 1/17 step: 10/95 time:0.00+0.51 loss_avg:2.4941e-02
INFO: 2023-09-02 20:03:58 epoch:0 dataset: 1/17 step: 11/95 time:0.00+0.52 loss_avg:2.6632e-02
INFO: 2023-09-02 20:03:58 epoch:0 dataset: 1/17 step: 12/95 time:0.00+0.50 loss_avg:2.5796e-02
INFO: 2023-09-02 20:03:59 epoch:0 dataset: 1/17 step: 13/95 time:0.00+0.50 loss_avg:2.2374e-02
INFO: 2023-09-02 20:03:59 epoch:0 dataset: 1/17 step: 14/95 time:0.00+0.50 loss_avg:2.3522e-02
INFO: 2023-09-02 20:04:00 epoch:0 dataset: 1/17 step: 15/95 time:0.01+0.50 loss_avg:2.2580e-02
INFO: 2023-09-02 20:04:00 epoch:0 dataset: 1/17 step: 16/95 time:0.01+0.51 loss_avg:2.5094e-02
INFO: 2023-09-02 20:04:01 epoch:0 dataset: 1/17 step: 17/95 time:0.00+0.50 loss_avg:2.4977e-02
INFO: 2023-09-02 20:04:01 epoch:0 dataset: 1/17 step: 18/95 time:0.01+0.51 loss_avg:2.5119e-02
INFO: 2023-09-02 20:04:02 epoch:0 dataset: 1/17 step: 19/95 time:0.01+0.51 loss_avg:2.8560e-02
INFO: 2023-09-02 20:04:03 epoch:0 dataset: 1/17 step: 20/95 time:0.01+0.52 loss_avg:2.5082e-02
INFO: 2023-09-02 20:04:03 epoch:0 dataset: 1/17 step: 21/95 time:0.01+0.51 loss_avg:2.6369e-02
INFO: 2023-09-02 20:04:04 epoch:0 dataset: 1/17 step: 22/95 time:0.01+0.50 loss_avg:2.4838e-02
INFO: 2023-09-02 20:04:04 epoch:0 dataset: 1/17 step: 23/95 time:0.00+0.51 loss_avg:2.4382e-02
INFO: 2023-09-02 20:04:05 epoch:0 dataset: 1/17 step: 24/95 time:0.00+0.50 loss_avg:2.9506e-02
INFO: 2023-09-02 20:04:05 epoch:0 dataset: 1/17 step: 25/95 time:0.00+0.53 loss_avg:2.5747e-02
INFO: 2023-09-02 20:04:06 epoch:0 dataset: 1/17 step: 26/95 time:0.00+0.51 loss_avg:2.6826e-02
INFO: 2023-09-02 20:04:06 epoch:0 dataset: 1/17 step: 27/95 time:0.00+0.51 loss_avg:2.4890e-02
INFO: 2023-09-02 20:04:07 epoch:0 dataset: 1/17 step: 28/95 time:0.00+0.50 loss_avg:2.3354e-02
INFO: 2023-09-02 20:04:07 epoch:0 dataset: 1/17 step: 29/95 time:0.00+0.51 loss_avg:2.5690e-02
INFO: 2023-09-02 20:04:08 epoch:0 dataset: 1/17 step: 30/95 time:0.00+0.51 loss_avg:2.4519e-02
INFO: 2023-09-02 20:04:08 epoch:0 dataset: 1/17 step: 31/95 time:0.00+0.51 loss_avg:2.5021e-02
INFO: 2023-09-02 20:04:09 epoch:0 dataset: 1/17 step: 32/95 time:0.00+0.51 loss_avg:2.6646e-02
INFO: 2023-09-02 20:04:09 epoch:0 dataset: 1/17 step: 33/95 time:0.00+0.51 loss_avg:2.5531e-02
INFO: 2023-09-02 20:04:10 epoch:0 dataset: 1/17 step: 34/95 time:0.00+0.51 loss_avg:2.5065e-02
INFO: 2023-09-02 20:04:10 epoch:0 dataset: 1/17 step: 35/95 time:0.00+0.51 loss_avg:2.1543e-02
INFO: 2023-09-02 20:04:11 epoch:0 dataset: 1/17 step: 36/95 time:0.00+0.50 loss_avg:2.7749e-02
INFO: 2023-09-02 20:04:11 epoch:0 dataset: 1/17 step: 37/95 time:0.00+0.51 loss_avg:2.7197e-02
INFO: 2023-09-02 20:04:12 epoch:0 dataset: 1/17 step: 38/95 time:0.00+0.51 loss_avg:1.9682e-02
INFO: 2023-09-02 20:04:12 epoch:0 dataset: 1/17 step: 39/95 time:0.00+0.50 loss_avg:2.3581e-02
INFO: 2023-09-02 20:04:13 epoch:0 dataset: 1/17 step: 40/95 time:0.00+0.51 loss_avg:2.3956e-02
INFO: 2023-09-02 20:04:13 epoch:0 dataset: 1/17 step: 41/95 time:0.00+0.50 loss_avg:2.3340e-02
INFO: 2023-09-02 20:04:14 epoch:0 dataset: 1/17 step: 42/95 time:0.00+0.51 loss_avg:2.2875e-02
INFO: 2023-09-02 20:04:14 epoch:0 dataset: 1/17 step: 43/95 time:0.00+0.51 loss_avg:2.4949e-02
INFO: 2023-09-02 20:04:15 epoch:0 dataset: 1/17 step: 44/95 time:0.00+0.51 loss_avg:2.3408e-02
INFO: 2023-09-02 20:04:15 epoch:0 dataset: 1/17 step: 45/95 time:0.00+0.51 loss_avg:2.3683e-02
INFO: 2023-09-02 20:04:16 epoch:0 dataset: 1/17 step: 46/95 time:0.00+0.50 loss_avg:2.5150e-02
INFO: 2023-09-02 20:04:16 epoch:0 dataset: 1/17 step: 47/95 time:0.00+0.51 loss_avg:2.3393e-02
INFO: 2023-09-02 20:04:17 epoch:0 dataset: 1/17 step: 48/95 time:0.00+0.51 loss_avg:2.4225e-02
INFO: 2023-09-02 20:04:17 epoch:0 dataset: 1/17 step: 49/95 time:0.00+0.50 loss_avg:2.5642e-02
INFO: 2023-09-02 20:04:18 epoch:0 dataset: 1/17 step: 50/95 time:0.00+0.51 loss_avg:2.5994e-02
INFO: 2023-09-02 20:04:18 epoch:0 dataset: 1/17 step: 51/95 time:0.00+0.51 loss_avg:2.3523e-02
INFO: 2023-09-02 20:04:19 epoch:0 dataset: 1/17 step: 52/95 time:0.00+0.50 loss_avg:2.2954e-02
INFO: 2023-09-02 20:04:19 epoch:0 dataset: 1/17 step: 53/95 time:0.00+0.50 loss_avg:2.5593e-02
INFO: 2023-09-02 20:04:20 epoch:0 dataset: 1/17 step: 54/95 time:0.00+0.50 loss_avg:2.4545e-02
INFO: 2023-09-02 20:04:20 epoch:0 dataset: 1/17 step: 55/95 time:0.00+0.50 loss_avg:2.0451e-02
INFO: 2023-09-02 20:04:21 epoch:0 dataset: 1/17 step: 56/95 time:0.00+0.50 loss_avg:2.4485e-02
INFO: 2023-09-02 20:04:21 epoch:0 dataset: 1/17 step: 57/95 time:0.00+0.50 loss_avg:2.5511e-02
INFO: 2023-09-02 20:04:22 epoch:0 dataset: 1/17 step: 58/95 time:0.00+0.50 loss_avg:2.3231e-02
INFO: 2023-09-02 20:04:22 epoch:0 dataset: 1/17 step: 59/95 time:0.00+0.50 loss_avg:2.1669e-02
INFO: 2023-09-02 20:04:23 epoch:0 dataset: 1/17 step: 60/95 time:0.00+0.50 loss_avg:2.6446e-02
INFO: 2023-09-02 20:04:23 epoch:0 dataset: 1/17 step: 61/95 time:0.00+0.50 loss_avg:2.5628e-02
INFO: 2023-09-02 20:04:24 epoch:0 dataset: 1/17 step: 62/95 time:0.00+0.51 loss_avg:2.1790e-02
INFO: 2023-09-02 20:04:24 epoch:0 dataset: 1/17 step: 63/95 time:0.00+0.52 loss_avg:2.5536e-02
INFO: 2023-09-02 20:04:25 epoch:0 dataset: 1/17 step: 64/95 time:0.00+0.50 loss_avg:2.6481e-02
INFO: 2023-09-02 20:04:25 epoch:0 dataset: 1/17 step: 65/95 time:0.00+0.50 loss_avg:2.3124e-02
INFO: 2023-09-02 20:04:26 epoch:0 dataset: 1/17 step: 66/95 time:0.00+0.51 loss_avg:2.4665e-02
INFO: 2023-09-02 20:04:26 epoch:0 dataset: 1/17 step: 67/95 time:0.00+0.51 loss_avg:2.4170e-02
INFO: 2023-09-02 20:04:27 epoch:0 dataset: 1/17 step: 68/95 time:0.00+0.50 loss_avg:2.3672e-02
INFO: 2023-09-02 20:04:27 epoch:0 dataset: 1/17 step: 69/95 time:0.00+0.50 loss_avg:2.8369e-02
INFO: 2023-09-02 20:04:28 epoch:0 dataset: 1/17 step: 70/95 time:0.00+0.50 loss_avg:2.5998e-02
INFO: 2023-09-02 20:04:28 epoch:0 dataset: 1/17 step: 71/95 time:0.00+0.50 loss_avg:2.5128e-02
INFO: 2023-09-02 20:04:29 epoch:0 dataset: 1/17 step: 72/95 time:0.00+0.50 loss_avg:2.7677e-02
INFO: 2023-09-02 20:04:29 epoch:0 dataset: 1/17 step: 73/95 time:0.00+0.50 loss_avg:2.3094e-02
INFO: 2023-09-02 20:04:30 epoch:0 dataset: 1/17 step: 74/95 time:0.00+0.50 loss_avg:2.3304e-02
INFO: 2023-09-02 20:04:30 epoch:0 dataset: 1/17 step: 75/95 time:0.00+0.50 loss_avg:2.3081e-02
INFO: 2023-09-02 20:04:31 epoch:0 dataset: 1/17 step: 76/95 time:0.00+0.50 loss_avg:2.1467e-02
INFO: 2023-09-02 20:04:31 epoch:0 dataset: 1/17 step: 77/95 time:0.00+0.50 loss_avg:2.4352e-02
INFO: 2023-09-02 20:04:32 epoch:0 dataset: 1/17 step: 78/95 time:0.00+0.50 loss_avg:2.4137e-02
INFO: 2023-09-02 20:04:32 epoch:0 dataset: 1/17 step: 79/95 time:0.00+0.50 loss_avg:2.1240e-02
INFO: 2023-09-02 20:04:33 epoch:0 dataset: 1/17 step: 80/95 time:0.00+0.51 loss_avg:2.3461e-02
INFO: 2023-09-02 20:04:33 epoch:0 dataset: 1/17 step: 81/95 time:0.00+0.51 loss_avg:2.8738e-02
INFO: 2023-09-02 20:04:34 epoch:0 dataset: 1/17 step: 82/95 time:0.00+0.51 loss_avg:2.1989e-02
INFO: 2023-09-02 20:04:35 epoch:0 dataset: 1/17 step: 83/95 time:0.00+0.51 loss_avg:2.3232e-02
INFO: 2023-09-02 20:04:35 epoch:0 dataset: 1/17 step: 84/95 time:0.00+0.50 loss_avg:2.3281e-02
INFO: 2023-09-02 20:04:36 epoch:0 dataset: 1/17 step: 85/95 time:0.00+0.50 loss_avg:2.3282e-02
INFO: 2023-09-02 20:04:36 epoch:0 dataset: 1/17 step: 86/95 time:0.00+0.50 loss_avg:2.5586e-02
INFO: 2023-09-02 20:04:37 epoch:0 dataset: 1/17 step: 87/95 time:0.00+0.50 loss_avg:2.4680e-02
INFO: 2023-09-02 20:04:37 epoch:0 dataset: 1/17 step: 88/95 time:0.01+0.50 loss_avg:2.3162e-02
INFO: 2023-09-02 20:04:38 epoch:0 dataset: 1/17 step: 89/95 time:0.01+0.50 loss_avg:2.1367e-02
INFO: 2023-09-02 20:04:38 epoch:0 dataset: 1/17 step: 90/95 time:0.01+0.50 loss_avg:2.5363e-02
INFO: 2023-09-02 20:04:39 epoch:0 dataset: 1/17 step: 91/95 time:0.01+0.50 loss_avg:2.2033e-02
INFO: 2023-09-02 20:04:39 epoch:0 dataset: 1/17 step: 92/95 time:0.01+0.50 loss_avg:2.3215e-02
INFO: 2023-09-02 20:04:40 epoch:0 dataset: 1/17 step: 93/95 time:0.00+0.50 loss_avg:2.4588e-02
INFO: 2023-09-02 20:04:40 epoch:0 dataset: 1/17 step: 94/95 time:0.00+0.51 loss_avg:1.9240e-02
INFO: Training on data_train_chr17_96.npy complete.
INFO: 2023-09-02 20:04:41 epoch:0 dataset: 2/17 step: 0/90 time:0.64+0.53 loss_avg:2.4113e-02
INFO: 2023-09-02 20:04:42 epoch:0 dataset: 2/17 step: 1/90 time:0.00+0.50 loss_avg:2.4349e-02
INFO: 2023-09-02 20:04:42 epoch:0 dataset: 2/17 step: 2/90 time:0.00+0.50 loss_avg:2.3244e-02
INFO: 2023-09-02 20:04:43 epoch:0 dataset: 2/17 step: 3/90 time:0.00+0.50 loss_avg:2.3654e-02
INFO: 2023-09-02 20:04:43 epoch:0 dataset: 2/17 step: 4/90 time:0.00+0.50 loss_avg:2.2206e-02
INFO: 2023-09-02 20:04:44 epoch:0 dataset: 2/17 step: 5/90 time:0.00+0.50 loss_avg:2.2874e-02
INFO: 2023-09-02 20:04:44 epoch:0 dataset: 2/17 step: 6/90 time:0.00+0.50 loss_avg:2.3911e-02
INFO: 2023-09-02 20:04:45 epoch:0 dataset: 2/17 step: 7/90 time:0.00+0.50 loss_avg:2.1574e-02
INFO: 2023-09-02 20:04:45 epoch:0 dataset: 2/17 step: 8/90 time:0.00+0.50 loss_avg:2.2131e-02
INFO: 2023-09-02 20:04:46 epoch:0 dataset: 2/17 step: 9/90 time:0.00+0.50 loss_avg:2.2482e-02
INFO: 2023-09-02 20:04:46 epoch:0 dataset: 2/17 step: 10/90 time:0.00+0.50 loss_avg:2.2827e-02
INFO: 2023-09-02 20:04:47 epoch:0 dataset: 2/17 step: 11/90 time:0.00+0.50 loss_avg:2.2533e-02
INFO: 2023-09-02 20:04:47 epoch:0 dataset: 2/17 step: 12/90 time:0.00+0.51 loss_avg:1.9972e-02
INFO: 2023-09-02 20:04:48 epoch:0 dataset: 2/17 step: 13/90 time:0.00+0.52 loss_avg:2.1986e-02
INFO: 2023-09-02 20:04:48 epoch:0 dataset: 2/17 step: 14/90 time:0.00+0.50 loss_avg:2.4150e-02
INFO: 2023-09-02 20:04:49 epoch:0 dataset: 2/17 step: 15/90 time:0.00+0.50 loss_avg:2.2523e-02
INFO: 2023-09-02 20:04:49 epoch:0 dataset: 2/17 step: 16/90 time:0.00+0.51 loss_avg:2.1710e-02
INFO: 2023-09-02 20:04:50 epoch:0 dataset: 2/17 step: 17/90 time:0.00+0.51 loss_avg:2.1579e-02
INFO: 2023-09-02 20:04:50 epoch:0 dataset: 2/17 step: 18/90 time:0.00+0.51 loss_avg:2.2712e-02
INFO: 2023-09-02 20:04:51 epoch:0 dataset: 2/17 step: 19/90 time:0.00+0.50 loss_avg:2.3002e-02
INFO: 2023-09-02 20:04:51 epoch:0 dataset: 2/17 step: 20/90 time:0.00+0.50 loss_avg:2.1755e-02
INFO: 2023-09-02 20:04:52 epoch:0 dataset: 2/17 step: 21/90 time:0.00+0.50 loss_avg:2.1923e-02
INFO: 2023-09-02 20:04:52 epoch:0 dataset: 2/17 step: 22/90 time:0.00+0.50 loss_avg:2.3240e-02
INFO: 2023-09-02 20:04:53 epoch:0 dataset: 2/17 step: 23/90 time:0.00+0.50 loss_avg:2.1653e-02
INFO: 2023-09-02 20:04:53 epoch:0 dataset: 2/17 step: 24/90 time:0.00+0.49 loss_avg:2.2301e-02
INFO: 2023-09-02 20:04:54 epoch:0 dataset: 2/17 step: 25/90 time:0.00+0.50 loss_avg:2.1479e-02
INFO: 2023-09-02 20:04:54 epoch:0 dataset: 2/17 step: 26/90 time:0.00+0.50 loss_avg:1.9550e-02
INFO: 2023-09-02 20:04:55 epoch:0 dataset: 2/17 step: 27/90 time:0.00+0.50 loss_avg:2.3646e-02
INFO: 2023-09-02 20:04:55 epoch:0 dataset: 2/17 step: 28/90 time:0.00+0.50 loss_avg:2.2593e-02
INFO: 2023-09-02 20:04:56 epoch:0 dataset: 2/17 step: 29/90 time:0.00+0.50 loss_avg:2.2825e-02
INFO: 2023-09-02 20:04:56 epoch:0 dataset: 2/17 step: 30/90 time:0.00+0.51 loss_avg:2.2547e-02
INFO: 2023-09-02 20:04:57 epoch:0 dataset: 2/17 step: 31/90 time:0.00+0.51 loss_avg:2.2187e-02
INFO: 2023-09-02 20:04:57 epoch:0 dataset: 2/17 step: 32/90 time:0.00+0.50 loss_avg:2.2168e-02
INFO: 2023-09-02 20:04:58 epoch:0 dataset: 2/17 step: 33/90 time:0.00+0.50 loss_avg:2.1362e-02
INFO: 2023-09-02 20:04:58 epoch:0 dataset: 2/17 step: 34/90 time:0.00+0.50 loss_avg:2.2845e-02
INFO: 2023-09-02 20:04:59 epoch:0 dataset: 2/17 step: 35/90 time:0.00+0.50 loss_avg:2.4322e-02
INFO: 2023-09-02 20:04:59 epoch:0 dataset: 2/17 step: 36/90 time:0.00+0.50 loss_avg:2.2068e-02
INFO: 2023-09-02 20:05:00 epoch:0 dataset: 2/17 step: 37/90 time:0.00+0.50 loss_avg:2.2505e-02
INFO: 2023-09-02 20:05:00 epoch:0 dataset: 2/17 step: 38/90 time:0.00+0.50 loss_avg:2.1133e-02
INFO: 2023-09-02 20:05:01 epoch:0 dataset: 2/17 step: 39/90 time:0.00+0.50 loss_avg:2.2847e-02
INFO: 2023-09-02 20:05:01 epoch:0 dataset: 2/17 step: 40/90 time:0.00+0.50 loss_avg:2.1776e-02
INFO: 2023-09-02 20:05:02 epoch:0 dataset: 2/17 step: 41/90 time:0.00+0.50 loss_avg:2.3018e-02
INFO: 2023-09-02 20:05:02 epoch:0 dataset: 2/17 step: 42/90 time:0.00+0.50 loss_avg:2.1904e-02
INFO: 2023-09-02 20:05:03 epoch:0 dataset: 2/17 step: 43/90 time:0.00+0.50 loss_avg:2.1794e-02
INFO: 2023-09-02 20:05:03 epoch:0 dataset: 2/17 step: 44/90 time:0.00+0.51 loss_avg:2.2207e-02
INFO: 2023-09-02 20:05:04 epoch:0 dataset: 2/17 step: 45/90 time:0.00+0.51 loss_avg:2.3686e-02
INFO: 2023-09-02 20:05:04 epoch:0 dataset: 2/17 step: 46/90 time:0.00+0.50 loss_avg:2.0317e-02
INFO: 2023-09-02 20:05:05 epoch:0 dataset: 2/17 step: 47/90 time:0.00+0.50 loss_avg:2.1928e-02
INFO: 2023-09-02 20:05:06 epoch:0 dataset: 2/17 step: 48/90 time:0.00+0.70 loss_avg:2.3294e-02
INFO: 2023-09-02 20:05:06 epoch:0 dataset: 2/17 step: 49/90 time:0.00+0.50 loss_avg:2.2817e-02
INFO: 2023-09-02 20:05:07 epoch:0 dataset: 2/17 step: 50/90 time:0.00+0.50 loss_avg:2.2838e-02
INFO: 2023-09-02 20:05:07 epoch:0 dataset: 2/17 step: 51/90 time:0.01+0.50 loss_avg:2.2524e-02
INFO: 2023-09-02 20:05:08 epoch:0 dataset: 2/17 step: 52/90 time:0.00+0.50 loss_avg:2.2341e-02
INFO: 2023-09-02 20:05:08 epoch:0 dataset: 2/17 step: 53/90 time:0.00+0.49 loss_avg:2.3747e-02
INFO: 2023-09-02 20:05:09 epoch:0 dataset: 2/17 step: 54/90 time:0.01+0.49 loss_avg:2.2373e-02
INFO: 2023-09-02 20:05:09 epoch:0 dataset: 2/17 step: 55/90 time:0.00+0.49 loss_avg:2.0889e-02
INFO: 2023-09-02 20:05:10 epoch:0 dataset: 2/17 step: 56/90 time:0.00+0.50 loss_avg:1.8347e-02
INFO: 2023-09-02 20:05:10 epoch:0 dataset: 2/17 step: 57/90 time:0.00+0.51 loss_avg:2.0070e-02
INFO: 2023-09-02 20:05:11 epoch:0 dataset: 2/17 step: 58/90 time:0.00+0.51 loss_avg:2.2464e-02
INFO: 2023-09-02 20:05:11 epoch:0 dataset: 2/17 step: 59/90 time:0.00+0.51 loss_avg:2.0855e-02
INFO: 2023-09-02 20:05:12 epoch:0 dataset: 2/17 step: 60/90 time:0.00+0.50 loss_avg:2.3133e-02
INFO: 2023-09-02 20:05:12 epoch:0 dataset: 2/17 step: 61/90 time:0.00+0.50 loss_avg:2.2507e-02
INFO: 2023-09-02 20:05:13 epoch:0 dataset: 2/17 step: 62/90 time:0.00+0.50 loss_avg:2.1147e-02
INFO: 2023-09-02 20:05:13 epoch:0 dataset: 2/17 step: 63/90 time:0.00+0.50 loss_avg:2.1133e-02
INFO: 2023-09-02 20:05:14 epoch:0 dataset: 2/17 step: 64/90 time:0.00+0.50 loss_avg:2.2270e-02
INFO: 2023-09-02 20:05:14 epoch:0 dataset: 2/17 step: 65/90 time:0.00+0.50 loss_avg:2.1048e-02
INFO: 2023-09-02 20:05:15 epoch:0 dataset: 2/17 step: 66/90 time:0.00+0.50 loss_avg:2.0803e-02
INFO: 2023-09-02 20:05:15 epoch:0 dataset: 2/17 step: 67/90 time:0.00+0.50 loss_avg:2.2029e-02
INFO: 2023-09-02 20:05:16 epoch:0 dataset: 2/17 step: 68/90 time:0.00+0.50 loss_avg:2.3043e-02
INFO: 2023-09-02 20:05:16 epoch:0 dataset: 2/17 step: 69/90 time:0.00+0.50 loss_avg:2.2737e-02
INFO: 2023-09-02 20:05:17 epoch:0 dataset: 2/17 step: 70/90 time:0.00+0.50 loss_avg:2.0729e-02
INFO: 2023-09-02 20:05:17 epoch:0 dataset: 2/17 step: 71/90 time:0.00+0.51 loss_avg:2.0295e-02
INFO: 2023-09-02 20:05:18 epoch:0 dataset: 2/17 step: 72/90 time:0.00+0.52 loss_avg:2.1185e-02
INFO: 2023-09-02 20:05:18 epoch:0 dataset: 2/17 step: 73/90 time:0.00+0.51 loss_avg:1.9595e-02
INFO: 2023-09-02 20:05:19 epoch:0 dataset: 2/17 step: 74/90 time:0.00+0.50 loss_avg:2.1608e-02
INFO: 2023-09-02 20:05:19 epoch:0 dataset: 2/17 step: 75/90 time:0.00+0.50 loss_avg:2.1365e-02
INFO: 2023-09-02 20:05:20 epoch:0 dataset: 2/17 step: 76/90 time:0.00+0.50 loss_avg:2.1546e-02
INFO: 2023-09-02 20:05:20 epoch:0 dataset: 2/17 step: 77/90 time:0.00+0.50 loss_avg:2.0412e-02
INFO: 2023-09-02 20:05:21 epoch:0 dataset: 2/17 step: 78/90 time:0.00+0.50 loss_avg:2.2403e-02
INFO: 2023-09-02 20:05:21 epoch:0 dataset: 2/17 step: 79/90 time:0.00+0.50 loss_avg:2.2151e-02
INFO: 2023-09-02 20:05:22 epoch:0 dataset: 2/17 step: 80/90 time:0.00+0.50 loss_avg:2.1829e-02
INFO: 2023-09-02 20:05:22 epoch:0 dataset: 2/17 step: 81/90 time:0.00+0.50 loss_avg:2.1904e-02
INFO: 2023-09-02 20:05:23 epoch:0 dataset: 2/17 step: 82/90 time:0.00+0.50 loss_avg:2.1643e-02
INFO: 2023-09-02 20:05:23 epoch:0 dataset: 2/17 step: 83/90 time:0.00+0.50 loss_avg:2.2219e-02
INFO: 2023-09-02 20:05:24 epoch:0 dataset: 2/17 step: 84/90 time:0.00+0.50 loss_avg:2.2845e-02
INFO: 2023-09-02 20:05:24 epoch:0 dataset: 2/17 step: 85/90 time:0.00+0.51 loss_avg:2.3081e-02
INFO: 2023-09-02 20:05:25 epoch:0 dataset: 2/17 step: 86/90 time:0.00+0.51 loss_avg:2.2488e-02
INFO: 2023-09-02 20:05:25 epoch:0 dataset: 2/17 step: 87/90 time:0.00+0.50 loss_avg:1.9513e-02
INFO: 2023-09-02 20:05:26 epoch:0 dataset: 2/17 step: 88/90 time:0.00+0.50 loss_avg:2.1526e-02
INFO: 2023-09-02 20:05:26 epoch:0 dataset: 2/17 step: 89/90 time:0.00+0.50 loss_avg:2.1325e-02
INFO: Training on data_train_chr18_96.npy complete.
INFO: 2023-09-02 20:05:28 epoch:0 dataset: 3/17 step: 0/103 time:1.12+0.52 loss_avg:2.1989e-02
INFO: 2023-09-02 20:05:28 epoch:0 dataset: 3/17 step: 1/103 time:0.00+0.50 loss_avg:2.2824e-02
INFO: 2023-09-02 20:05:29 epoch:0 dataset: 3/17 step: 2/103 time:0.01+0.50 loss_avg:2.0935e-02
INFO: 2023-09-02 20:05:29 epoch:0 dataset: 3/17 step: 3/103 time:0.01+0.50 loss_avg:1.9357e-02
INFO: 2023-09-02 20:05:30 epoch:0 dataset: 3/17 step: 4/103 time:0.01+0.50 loss_avg:2.2569e-02
INFO: 2023-09-02 20:05:30 epoch:0 dataset: 3/17 step: 5/103 time:0.01+0.50 loss_avg:2.2614e-02
INFO: 2023-09-02 20:05:31 epoch:0 dataset: 3/17 step: 6/103 time:0.01+0.51 loss_avg:2.1765e-02
INFO: 2023-09-02 20:05:31 epoch:0 dataset: 3/17 step: 7/103 time:0.01+0.51 loss_avg:2.1836e-02
INFO: 2023-09-02 20:05:32 epoch:0 dataset: 3/17 step: 8/103 time:0.01+0.51 loss_avg:2.1836e-02
INFO: 2023-09-02 20:05:32 epoch:0 dataset: 3/17 step: 9/103 time:0.01+0.51 loss_avg:2.1373e-02
INFO: 2023-09-02 20:05:33 epoch:0 dataset: 3/17 step: 10/103 time:0.01+0.50 loss_avg:2.1949e-02
INFO: 2023-09-02 20:05:33 epoch:0 dataset: 3/17 step: 11/103 time:0.01+0.50 loss_avg:1.9313e-02
INFO: 2023-09-02 20:05:34 epoch:0 dataset: 3/17 step: 12/103 time:0.01+0.50 loss_avg:2.2820e-02
INFO: 2023-09-02 20:05:34 epoch:0 dataset: 3/17 step: 13/103 time:0.01+0.50 loss_avg:2.2083e-02
INFO: 2023-09-02 20:05:35 epoch:0 dataset: 3/17 step: 14/103 time:0.01+0.50 loss_avg:2.1980e-02
INFO: 2023-09-02 20:05:35 epoch:0 dataset: 3/17 step: 15/103 time:0.01+0.50 loss_avg:2.2492e-02
INFO: 2023-09-02 20:05:36 epoch:0 dataset: 3/17 step: 16/103 time:0.01+0.50 loss_avg:2.2707e-02
INFO: 2023-09-02 20:05:37 epoch:0 dataset: 3/17 step: 17/103 time:0.01+0.50 loss_avg:2.2525e-02
INFO: 2023-09-02 20:05:37 epoch:0 dataset: 3/17 step: 18/103 time:0.01+0.50 loss_avg:2.2240e-02
INFO: 2023-09-02 20:05:38 epoch:0 dataset: 3/17 step: 19/103 time:0.01+0.50 loss_avg:2.1698e-02
INFO: 2023-09-02 20:05:38 epoch:0 dataset: 3/17 step: 20/103 time:0.01+0.51 loss_avg:2.2157e-02
INFO: 2023-09-02 20:05:39 epoch:0 dataset: 3/17 step: 21/103 time:0.01+0.51 loss_avg:2.2195e-02
INFO: 2023-09-02 20:05:39 epoch:0 dataset: 3/17 step: 22/103 time:0.01+0.51 loss_avg:2.2764e-02
INFO: 2023-09-02 20:05:40 epoch:0 dataset: 3/17 step: 23/103 time:0.01+0.50 loss_avg:2.2657e-02
INFO: 2023-09-02 20:05:40 epoch:0 dataset: 3/17 step: 24/103 time:0.01+0.49 loss_avg:2.4343e-02
INFO: 2023-09-02 20:05:41 epoch:0 dataset: 3/17 step: 25/103 time:0.00+0.49 loss_avg:1.9078e-02
INFO: 2023-09-02 20:05:41 epoch:0 dataset: 3/17 step: 26/103 time:0.00+0.50 loss_avg:1.9942e-02
INFO: 2023-09-02 20:05:42 epoch:0 dataset: 3/17 step: 27/103 time:0.00+0.50 loss_avg:2.1859e-02
INFO: 2023-09-02 20:05:42 epoch:0 dataset: 3/17 step: 28/103 time:0.00+0.50 loss_avg:2.3596e-02
INFO: 2023-09-02 20:05:43 epoch:0 dataset: 3/17 step: 29/103 time:0.00+0.50 loss_avg:2.2812e-02
INFO: 2023-09-02 20:05:43 epoch:0 dataset: 3/17 step: 30/103 time:0.00+0.50 loss_avg:2.1379e-02
INFO: 2023-09-02 20:05:44 epoch:0 dataset: 3/17 step: 31/103 time:0.00+0.50 loss_avg:2.2769e-02
INFO: 2023-09-02 20:05:44 epoch:0 dataset: 3/17 step: 32/103 time:0.00+0.50 loss_avg:2.2205e-02
INFO: 2023-09-02 20:05:45 epoch:0 dataset: 3/17 step: 33/103 time:0.00+0.50 loss_avg:2.2286e-02
INFO: 2023-09-02 20:05:45 epoch:0 dataset: 3/17 step: 34/103 time:0.01+0.50 loss_avg:2.1459e-02
INFO: 2023-09-02 20:05:46 epoch:0 dataset: 3/17 step: 35/103 time:0.01+0.50 loss_avg:2.1797e-02
INFO: 2023-09-02 20:05:46 epoch:0 dataset: 3/17 step: 36/103 time:0.01+0.50 loss_avg:2.2546e-02
INFO: 2023-09-02 20:05:47 epoch:0 dataset: 3/17 step: 37/103 time:0.01+0.50 loss_avg:2.1543e-02
INFO: 2023-09-02 20:05:47 epoch:0 dataset: 3/17 step: 38/103 time:0.01+0.50 loss_avg:2.1031e-02
INFO: 2023-09-02 20:05:48 epoch:0 dataset: 3/17 step: 39/103 time:0.01+0.50 loss_avg:2.3479e-02
INFO: 2023-09-02 20:05:48 epoch:0 dataset: 3/17 step: 40/103 time:0.00+0.49 loss_avg:2.2894e-02
INFO: 2023-09-02 20:05:49 epoch:0 dataset: 3/17 step: 41/103 time:0.00+0.50 loss_avg:2.2209e-02
INFO: 2023-09-02 20:05:49 epoch:0 dataset: 3/17 step: 42/103 time:0.00+0.50 loss_avg:2.1940e-02
INFO: 2023-09-02 20:05:50 epoch:0 dataset: 3/17 step: 43/103 time:0.00+0.50 loss_avg:2.1351e-02
INFO: 2023-09-02 20:05:50 epoch:0 dataset: 3/17 step: 44/103 time:0.00+0.51 loss_avg:2.2628e-02
INFO: 2023-09-02 20:05:51 epoch:0 dataset: 3/17 step: 45/103 time:0.00+0.51 loss_avg:2.3102e-02
INFO: 2023-09-02 20:05:51 epoch:0 dataset: 3/17 step: 46/103 time:0.00+0.51 loss_avg:2.2176e-02
INFO: 2023-09-02 20:05:52 epoch:0 dataset: 3/17 step: 47/103 time:0.00+0.50 loss_avg:2.1032e-02
INFO: 2023-09-02 20:05:52 epoch:0 dataset: 3/17 step: 48/103 time:0.00+0.50 loss_avg:2.3655e-02
INFO: 2023-09-02 20:05:53 epoch:0 dataset: 3/17 step: 49/103 time:0.00+0.50 loss_avg:2.2775e-02
INFO: 2023-09-02 20:05:53 epoch:0 dataset: 3/17 step: 50/103 time:0.00+0.49 loss_avg:2.2474e-02
INFO: 2023-09-02 20:05:54 epoch:0 dataset: 3/17 step: 51/103 time:0.00+0.50 loss_avg:2.1485e-02
INFO: 2023-09-02 20:05:54 epoch:0 dataset: 3/17 step: 52/103 time:0.00+0.50 loss_avg:2.2476e-02
INFO: 2023-09-02 20:05:55 epoch:0 dataset: 3/17 step: 53/103 time:0.00+0.50 loss_avg:2.0640e-02
INFO: 2023-09-02 20:05:55 epoch:0 dataset: 3/17 step: 54/103 time:0.00+0.50 loss_avg:1.9749e-02
INFO: 2023-09-02 20:05:56 epoch:0 dataset: 3/17 step: 55/103 time:0.00+0.50 loss_avg:2.1129e-02
INFO: 2023-09-02 20:05:56 epoch:0 dataset: 3/17 step: 56/103 time:0.00+0.50 loss_avg:2.1751e-02
INFO: 2023-09-02 20:05:57 epoch:0 dataset: 3/17 step: 57/103 time:0.00+0.51 loss_avg:2.1385e-02
INFO: 2023-09-02 20:05:57 epoch:0 dataset: 3/17 step: 58/103 time:0.00+0.51 loss_avg:2.2580e-02
INFO: 2023-09-02 20:05:58 epoch:0 dataset: 3/17 step: 59/103 time:0.00+0.51 loss_avg:2.2451e-02
INFO: 2023-09-02 20:05:58 epoch:0 dataset: 3/17 step: 60/103 time:0.00+0.50 loss_avg:2.1621e-02
INFO: 2023-09-02 20:05:59 epoch:0 dataset: 3/17 step: 61/103 time:0.00+0.50 loss_avg:2.0485e-02
INFO: 2023-09-02 20:05:59 epoch:0 dataset: 3/17 step: 62/103 time:0.00+0.50 loss_avg:2.1824e-02
INFO: 2023-09-02 20:06:00 epoch:0 dataset: 3/17 step: 63/103 time:0.00+0.50 loss_avg:2.3067e-02
INFO: 2023-09-02 20:06:00 epoch:0 dataset: 3/17 step: 64/103 time:0.00+0.50 loss_avg:2.1248e-02
INFO: 2023-09-02 20:06:01 epoch:0 dataset: 3/17 step: 65/103 time:0.00+0.50 loss_avg:2.1761e-02
INFO: 2023-09-02 20:06:01 epoch:0 dataset: 3/17 step: 66/103 time:0.00+0.50 loss_avg:2.2259e-02
INFO: 2023-09-02 20:06:02 epoch:0 dataset: 3/17 step: 67/103 time:0.00+0.50 loss_avg:1.9701e-02
INFO: 2023-09-02 20:06:02 epoch:0 dataset: 3/17 step: 68/103 time:0.00+0.50 loss_avg:2.2749e-02
INFO: 2023-09-02 20:06:03 epoch:0 dataset: 3/17 step: 69/103 time:0.00+0.50 loss_avg:2.2312e-02
INFO: 2023-09-02 20:06:03 epoch:0 dataset: 3/17 step: 70/103 time:0.00+0.50 loss_avg:2.2188e-02
INFO: 2023-09-02 20:06:04 epoch:0 dataset: 3/17 step: 71/103 time:0.00+0.50 loss_avg:2.1574e-02
INFO: 2023-09-02 20:06:04 epoch:0 dataset: 3/17 step: 72/103 time:0.00+0.50 loss_avg:2.1656e-02
INFO: 2023-09-02 20:06:05 epoch:0 dataset: 3/17 step: 73/103 time:0.00+0.50 loss_avg:2.1382e-02
INFO: 2023-09-02 20:06:05 epoch:0 dataset: 3/17 step: 74/103 time:0.00+0.50 loss_avg:2.2003e-02
INFO: 2023-09-02 20:06:06 epoch:0 dataset: 3/17 step: 75/103 time:0.00+0.50 loss_avg:2.1804e-02
INFO: 2023-09-02 20:06:06 epoch:0 dataset: 3/17 step: 76/103 time:0.00+0.50 loss_avg:2.1846e-02
INFO: 2023-09-02 20:06:07 epoch:0 dataset: 3/17 step: 77/103 time:0.00+0.50 loss_avg:2.1035e-02
INFO: 2023-09-02 20:06:07 epoch:0 dataset: 3/17 step: 78/103 time:0.00+0.50 loss_avg:2.0466e-02
INFO: 2023-09-02 20:06:08 epoch:0 dataset: 3/17 step: 79/103 time:0.00+0.50 loss_avg:2.2575e-02
INFO: 2023-09-02 20:06:08 epoch:0 dataset: 3/17 step: 80/103 time:0.00+0.50 loss_avg:2.1926e-02
INFO: 2023-09-02 20:06:09 epoch:0 dataset: 3/17 step: 81/103 time:0.00+0.50 loss_avg:2.2658e-02
INFO: 2023-09-02 20:06:09 epoch:0 dataset: 3/17 step: 82/103 time:0.00+0.51 loss_avg:2.1442e-02
INFO: 2023-09-02 20:06:10 epoch:0 dataset: 3/17 step: 83/103 time:0.00+0.51 loss_avg:2.1031e-02
INFO: 2023-09-02 20:06:10 epoch:0 dataset: 3/17 step: 84/103 time:0.00+0.50 loss_avg:2.3466e-02
INFO: 2023-09-02 20:06:11 epoch:0 dataset: 3/17 step: 85/103 time:0.00+0.50 loss_avg:2.1642e-02
INFO: 2023-09-02 20:06:11 epoch:0 dataset: 3/17 step: 86/103 time:0.00+0.49 loss_avg:1.9922e-02
INFO: 2023-09-02 20:06:12 epoch:0 dataset: 3/17 step: 87/103 time:0.00+0.50 loss_avg:2.2065e-02
INFO: 2023-09-02 20:06:12 epoch:0 dataset: 3/17 step: 88/103 time:0.00+0.50 loss_avg:2.1015e-02
INFO: 2023-09-02 20:06:13 epoch:0 dataset: 3/17 step: 89/103 time:0.00+0.50 loss_avg:2.2343e-02
INFO: 2023-09-02 20:06:13 epoch:0 dataset: 3/17 step: 90/103 time:0.00+0.50 loss_avg:2.2661e-02
INFO: 2023-09-02 20:06:14 epoch:0 dataset: 3/17 step: 91/103 time:0.00+0.50 loss_avg:2.1520e-02
INFO: 2023-09-02 20:06:14 epoch:0 dataset: 3/17 step: 92/103 time:0.00+0.49 loss_avg:2.0963e-02
INFO: 2023-09-02 20:06:15 epoch:0 dataset: 3/17 step: 93/103 time:0.00+0.50 loss_avg:2.2704e-02
INFO: 2023-09-02 20:06:15 epoch:0 dataset: 3/17 step: 94/103 time:0.00+0.50 loss_avg:2.0947e-02
INFO: 2023-09-02 20:06:16 epoch:0 dataset: 3/17 step: 95/103 time:0.00+0.51 loss_avg:2.0759e-02
INFO: 2023-09-02 20:06:16 epoch:0 dataset: 3/17 step: 96/103 time:0.00+0.51 loss_avg:2.1841e-02
INFO: 2023-09-02 20:06:17 epoch:0 dataset: 3/17 step: 97/103 time:0.00+0.51 loss_avg:2.1316e-02
INFO: 2023-09-02 20:06:17 epoch:0 dataset: 3/17 step: 98/103 time:0.00+0.51 loss_avg:2.2047e-02
INFO: 2023-09-02 20:06:18 epoch:0 dataset: 3/17 step: 99/103 time:0.00+0.50 loss_avg:2.1822e-02
INFO: 2023-09-02 20:06:18 epoch:0 dataset: 3/17 step: 100/103 time:0.00+0.50 loss_avg:2.3144e-02
INFO: 2023-09-02 20:06:19 epoch:0 dataset: 3/17 step: 101/103 time:0.00+0.50 loss_avg:2.2409e-02
INFO: 2023-09-02 20:06:19 epoch:0 dataset: 3/17 step: 102/103 time:0.00+0.49 loss_avg:2.1428e-02
INFO: Training on data_train_chr15_96.npy complete.
INFO: 2023-09-02 20:06:21 epoch:0 dataset: 4/17 step: 0/121 time:1.11+0.51 loss_avg:2.2325e-02
INFO: 2023-09-02 20:06:21 epoch:0 dataset: 4/17 step: 1/121 time:0.00+0.50 loss_avg:2.3810e-02
INFO: 2023-09-02 20:06:22 epoch:0 dataset: 4/17 step: 2/121 time:0.00+0.50 loss_avg:2.3590e-02
INFO: 2023-09-02 20:06:22 epoch:0 dataset: 4/17 step: 3/121 time:0.00+0.50 loss_avg:2.1344e-02
INFO: 2023-09-02 20:06:23 epoch:0 dataset: 4/17 step: 4/121 time:0.00+0.50 loss_avg:2.2187e-02
INFO: 2023-09-02 20:06:23 epoch:0 dataset: 4/17 step: 5/121 time:0.00+0.50 loss_avg:2.3569e-02
INFO: 2023-09-02 20:06:24 epoch:0 dataset: 4/17 step: 6/121 time:0.00+0.50 loss_avg:2.4646e-02
INFO: 2023-09-02 20:06:24 epoch:0 dataset: 4/17 step: 7/121 time:0.00+0.50 loss_avg:2.3950e-02
INFO: 2023-09-02 20:06:25 epoch:0 dataset: 4/17 step: 8/121 time:0.00+0.51 loss_avg:2.2604e-02
INFO: 2023-09-02 20:06:25 epoch:0 dataset: 4/17 step: 9/121 time:0.00+0.51 loss_avg:2.2522e-02
INFO: 2023-09-02 20:06:26 epoch:0 dataset: 4/17 step: 10/121 time:0.00+0.51 loss_avg:2.2355e-02
INFO: 2023-09-02 20:06:26 epoch:0 dataset: 4/17 step: 11/121 time:0.00+0.51 loss_avg:2.5494e-02
INFO: 2023-09-02 20:06:27 epoch:0 dataset: 4/17 step: 12/121 time:0.01+0.50 loss_avg:2.3523e-02
INFO: 2023-09-02 20:06:27 epoch:0 dataset: 4/17 step: 13/121 time:0.01+0.50 loss_avg:2.2055e-02
INFO: 2023-09-02 20:06:28 epoch:0 dataset: 4/17 step: 14/121 time:0.01+0.50 loss_avg:2.2518e-02
INFO: 2023-09-02 20:06:28 epoch:0 dataset: 4/17 step: 15/121 time:0.01+0.50 loss_avg:2.3292e-02
INFO: 2023-09-02 20:06:29 epoch:0 dataset: 4/17 step: 16/121 time:0.01+0.50 loss_avg:2.0186e-02
INFO: 2023-09-02 20:06:29 epoch:0 dataset: 4/17 step: 17/121 time:0.01+0.50 loss_avg:2.4543e-02
INFO: 2023-09-02 20:06:30 epoch:0 dataset: 4/17 step: 18/121 time:0.01+0.50 loss_avg:2.3782e-02
INFO: 2023-09-02 20:06:30 epoch:0 dataset: 4/17 step: 19/121 time:0.01+0.50 loss_avg:2.5208e-02
INFO: 2023-09-02 20:06:31 epoch:0 dataset: 4/17 step: 20/121 time:0.00+0.49 loss_avg:2.1053e-02
INFO: 2023-09-02 20:06:31 epoch:0 dataset: 4/17 step: 21/121 time:0.00+0.50 loss_avg:2.1526e-02
INFO: 2023-09-02 20:06:32 epoch:0 dataset: 4/17 step: 22/121 time:0.00+0.49 loss_avg:2.2643e-02
INFO: 2023-09-02 20:06:32 epoch:0 dataset: 4/17 step: 23/121 time:0.00+0.51 loss_avg:2.3115e-02
INFO: 2023-09-02 20:06:33 epoch:0 dataset: 4/17 step: 24/121 time:0.00+0.51 loss_avg:2.3935e-02
INFO: 2023-09-02 20:06:33 epoch:0 dataset: 4/17 step: 25/121 time:0.00+0.50 loss_avg:2.3042e-02
INFO: 2023-09-02 20:06:34 epoch:0 dataset: 4/17 step: 26/121 time:0.00+0.50 loss_avg:2.3925e-02
INFO: 2023-09-02 20:06:34 epoch:0 dataset: 4/17 step: 27/121 time:0.00+0.50 loss_avg:2.4132e-02
INFO: 2023-09-02 20:06:35 epoch:0 dataset: 4/17 step: 28/121 time:0.00+0.50 loss_avg:2.3630e-02
INFO: 2023-09-02 20:06:35 epoch:0 dataset: 4/17 step: 29/121 time:0.00+0.49 loss_avg:2.3357e-02
INFO: 2023-09-02 20:06:36 epoch:0 dataset: 4/17 step: 30/121 time:0.00+0.50 loss_avg:2.4796e-02
INFO: 2023-09-02 20:06:36 epoch:0 dataset: 4/17 step: 31/121 time:0.00+0.50 loss_avg:2.2446e-02
INFO: 2023-09-02 20:06:37 epoch:0 dataset: 4/17 step: 32/121 time:0.00+0.50 loss_avg:2.4895e-02
INFO: 2023-09-02 20:06:37 epoch:0 dataset: 4/17 step: 33/121 time:0.00+0.49 loss_avg:2.3378e-02
INFO: 2023-09-02 20:06:38 epoch:0 dataset: 4/17 step: 34/121 time:0.01+0.50 loss_avg:2.3709e-02
INFO: 2023-09-02 20:06:39 epoch:0 dataset: 4/17 step: 35/121 time:0.01+0.50 loss_avg:2.2751e-02
INFO: 2023-09-02 20:06:39 epoch:0 dataset: 4/17 step: 36/121 time:0.01+0.50 loss_avg:2.4033e-02
INFO: 2023-09-02 20:06:40 epoch:0 dataset: 4/17 step: 37/121 time:0.01+0.50 loss_avg:2.5604e-02
INFO: 2023-09-02 20:06:40 epoch:0 dataset: 4/17 step: 38/121 time:0.01+0.51 loss_avg:2.2913e-02
INFO: 2023-09-02 20:06:41 epoch:0 dataset: 4/17 step: 39/121 time:0.01+0.52 loss_avg:2.5645e-02
INFO: 2023-09-02 20:06:41 epoch:0 dataset: 4/17 step: 40/121 time:0.01+0.49 loss_avg:2.3481e-02
INFO: 2023-09-02 20:06:42 epoch:0 dataset: 4/17 step: 41/121 time:0.01+0.50 loss_avg:2.3231e-02
INFO: 2023-09-02 20:06:42 epoch:0 dataset: 4/17 step: 42/121 time:0.01+0.50 loss_avg:2.4302e-02
INFO: 2023-09-02 20:06:43 epoch:0 dataset: 4/17 step: 43/121 time:0.01+0.50 loss_avg:2.4317e-02
INFO: 2023-09-02 20:06:43 epoch:0 dataset: 4/17 step: 44/121 time:0.01+0.50 loss_avg:2.2997e-02
INFO: 2023-09-02 20:06:44 epoch:0 dataset: 4/17 step: 45/121 time:0.01+0.50 loss_avg:2.2585e-02
INFO: 2023-09-02 20:06:44 epoch:0 dataset: 4/17 step: 46/121 time:0.01+0.50 loss_avg:2.3936e-02
INFO: 2023-09-02 20:06:45 epoch:0 dataset: 4/17 step: 47/121 time:0.00+0.49 loss_avg:2.1298e-02
INFO: 2023-09-02 20:06:45 epoch:0 dataset: 4/17 step: 48/121 time:0.00+0.50 loss_avg:2.6606e-02
INFO: 2023-09-02 20:06:46 epoch:0 dataset: 4/17 step: 49/121 time:0.00+0.50 loss_avg:2.4652e-02
INFO: 2023-09-02 20:06:46 epoch:0 dataset: 4/17 step: 50/121 time:0.00+0.50 loss_avg:2.3665e-02
INFO: 2023-09-02 20:06:47 epoch:0 dataset: 4/17 step: 51/121 time:0.00+0.68 loss_avg:2.2447e-02
INFO: 2023-09-02 20:06:47 epoch:0 dataset: 4/17 step: 52/121 time:0.00+0.51 loss_avg:2.4327e-02
INFO: 2023-09-02 20:06:48 epoch:0 dataset: 4/17 step: 53/121 time:0.00+0.51 loss_avg:2.6302e-02
INFO: 2023-09-02 20:06:48 epoch:0 dataset: 4/17 step: 54/121 time:0.00+0.51 loss_avg:2.1076e-02
INFO: 2023-09-02 20:06:49 epoch:0 dataset: 4/17 step: 55/121 time:0.00+0.50 loss_avg:2.3113e-02
INFO: 2023-09-02 20:06:49 epoch:0 dataset: 4/17 step: 56/121 time:0.00+0.51 loss_avg:2.2994e-02
INFO: 2023-09-02 20:06:50 epoch:0 dataset: 4/17 step: 57/121 time:0.00+0.51 loss_avg:2.4398e-02
INFO: 2023-09-02 20:06:50 epoch:0 dataset: 4/17 step: 58/121 time:0.00+0.51 loss_avg:2.3322e-02
INFO: 2023-09-02 20:06:51 epoch:0 dataset: 4/17 step: 59/121 time:0.00+0.50 loss_avg:2.1851e-02
INFO: 2023-09-02 20:06:51 epoch:0 dataset: 4/17 step: 60/121 time:0.00+0.49 loss_avg:2.5005e-02
INFO: 2023-09-02 20:06:52 epoch:0 dataset: 4/17 step: 61/121 time:0.00+0.50 loss_avg:2.2744e-02
INFO: 2023-09-02 20:06:52 epoch:0 dataset: 4/17 step: 62/121 time:0.00+0.50 loss_avg:2.2355e-02
INFO: 2023-09-02 20:06:53 epoch:0 dataset: 4/17 step: 63/121 time:0.00+0.50 loss_avg:2.2685e-02
INFO: 2023-09-02 20:06:53 epoch:0 dataset: 4/17 step: 64/121 time:0.00+0.50 loss_avg:2.4407e-02
INFO: 2023-09-02 20:06:54 epoch:0 dataset: 4/17 step: 65/121 time:0.00+0.50 loss_avg:2.0616e-02
INFO: 2023-09-02 20:06:54 epoch:0 dataset: 4/17 step: 66/121 time:0.00+0.50 loss_avg:2.5863e-02
INFO: 2023-09-02 20:06:55 epoch:0 dataset: 4/17 step: 67/121 time:0.00+0.50 loss_avg:2.3119e-02
INFO: 2023-09-02 20:06:55 epoch:0 dataset: 4/17 step: 68/121 time:0.00+0.50 loss_avg:2.3186e-02
INFO: 2023-09-02 20:06:56 epoch:0 dataset: 4/17 step: 69/121 time:0.00+0.50 loss_avg:2.4125e-02
INFO: 2023-09-02 20:06:56 epoch:0 dataset: 4/17 step: 70/121 time:0.00+0.50 loss_avg:2.4900e-02
INFO: 2023-09-02 20:06:57 epoch:0 dataset: 4/17 step: 71/121 time:0.00+0.50 loss_avg:2.4509e-02
INFO: 2023-09-02 20:06:57 epoch:0 dataset: 4/17 step: 72/121 time:0.00+0.50 loss_avg:2.4023e-02
INFO: 2023-09-02 20:06:58 epoch:0 dataset: 4/17 step: 73/121 time:0.00+0.52 loss_avg:2.2417e-02
INFO: 2023-09-02 20:06:58 epoch:0 dataset: 4/17 step: 74/121 time:0.00+0.50 loss_avg:2.2831e-02
INFO: 2023-09-02 20:06:59 epoch:0 dataset: 4/17 step: 75/121 time:0.00+0.50 loss_avg:2.4924e-02
INFO: 2023-09-02 20:06:59 epoch:0 dataset: 4/17 step: 76/121 time:0.00+0.50 loss_avg:2.2219e-02
INFO: 2023-09-02 20:07:00 epoch:0 dataset: 4/17 step: 77/121 time:0.00+0.50 loss_avg:2.2910e-02
INFO: 2023-09-02 20:07:00 epoch:0 dataset: 4/17 step: 78/121 time:0.00+0.51 loss_avg:2.3381e-02
INFO: 2023-09-02 20:07:01 epoch:0 dataset: 4/17 step: 79/121 time:0.00+0.51 loss_avg:2.3956e-02
INFO: 2023-09-02 20:07:01 epoch:0 dataset: 4/17 step: 80/121 time:0.00+0.51 loss_avg:2.3423e-02
INFO: 2023-09-02 20:07:02 epoch:0 dataset: 4/17 step: 81/121 time:0.00+0.50 loss_avg:2.2691e-02
INFO: 2023-09-02 20:07:02 epoch:0 dataset: 4/17 step: 82/121 time:0.00+0.50 loss_avg:2.5066e-02
INFO: 2023-09-02 20:07:03 epoch:0 dataset: 4/17 step: 83/121 time:0.00+0.50 loss_avg:2.3682e-02
INFO: 2023-09-02 20:07:03 epoch:0 dataset: 4/17 step: 84/121 time:0.00+0.50 loss_avg:2.4890e-02
INFO: 2023-09-02 20:07:04 epoch:0 dataset: 4/17 step: 85/121 time:0.00+0.50 loss_avg:2.6225e-02
INFO: 2023-09-02 20:07:04 epoch:0 dataset: 4/17 step: 86/121 time:0.00+0.50 loss_avg:1.7471e-02
INFO: 2023-09-02 20:07:05 epoch:0 dataset: 4/17 step: 87/121 time:0.00+0.49 loss_avg:2.1923e-02
INFO: 2023-09-02 20:07:05 epoch:0 dataset: 4/17 step: 88/121 time:0.00+0.50 loss_avg:2.3486e-02
INFO: 2023-09-02 20:07:06 epoch:0 dataset: 4/17 step: 89/121 time:0.00+0.49 loss_avg:2.3463e-02
INFO: 2023-09-02 20:07:06 epoch:0 dataset: 4/17 step: 90/121 time:0.00+0.50 loss_avg:2.4445e-02
INFO: 2023-09-02 20:07:07 epoch:0 dataset: 4/17 step: 91/121 time:0.00+0.50 loss_avg:2.4085e-02
INFO: 2023-09-02 20:07:07 epoch:0 dataset: 4/17 step: 92/121 time:0.00+0.50 loss_avg:2.2704e-02
INFO: 2023-09-02 20:07:08 epoch:0 dataset: 4/17 step: 93/121 time:0.00+0.50 loss_avg:2.4554e-02
INFO: 2023-09-02 20:07:08 epoch:0 dataset: 4/17 step: 94/121 time:0.00+0.50 loss_avg:2.3898e-02
INFO: 2023-09-02 20:07:09 epoch:0 dataset: 4/17 step: 95/121 time:0.00+0.50 loss_avg:2.1665e-02
INFO: 2023-09-02 20:07:09 epoch:0 dataset: 4/17 step: 96/121 time:0.00+0.50 loss_avg:2.4067e-02
INFO: 2023-09-02 20:07:10 epoch:0 dataset: 4/17 step: 97/121 time:0.00+0.51 loss_avg:2.3925e-02
INFO: 2023-09-02 20:07:10 epoch:0 dataset: 4/17 step: 98/121 time:0.00+0.51 loss_avg:2.5317e-02
INFO: 2023-09-02 20:07:11 epoch:0 dataset: 4/17 step: 99/121 time:0.00+0.50 loss_avg:2.1648e-02
INFO: 2023-09-02 20:07:11 epoch:0 dataset: 4/17 step: 100/121 time:0.00+0.50 loss_avg:2.2034e-02
INFO: 2023-09-02 20:07:12 epoch:0 dataset: 4/17 step: 101/121 time:0.00+0.50 loss_avg:2.4037e-02
INFO: 2023-09-02 20:07:12 epoch:0 dataset: 4/17 step: 102/121 time:0.00+0.50 loss_avg:2.3096e-02
INFO: 2023-09-02 20:07:13 epoch:0 dataset: 4/17 step: 103/121 time:0.00+0.50 loss_avg:2.2695e-02
INFO: 2023-09-02 20:07:13 epoch:0 dataset: 4/17 step: 104/121 time:0.00+0.50 loss_avg:2.3849e-02
INFO: 2023-09-02 20:07:14 epoch:0 dataset: 4/17 step: 105/121 time:0.00+0.50 loss_avg:2.2110e-02
INFO: 2023-09-02 20:07:14 epoch:0 dataset: 4/17 step: 106/121 time:0.00+0.50 loss_avg:2.2440e-02
INFO: 2023-09-02 20:07:15 epoch:0 dataset: 4/17 step: 107/121 time:0.00+0.50 loss_avg:2.3513e-02
INFO: 2023-09-02 20:07:15 epoch:0 dataset: 4/17 step: 108/121 time:0.00+0.50 loss_avg:2.2765e-02
INFO: 2023-09-02 20:07:16 epoch:0 dataset: 4/17 step: 109/121 time:0.00+0.50 loss_avg:2.2357e-02
INFO: 2023-09-02 20:07:16 epoch:0 dataset: 4/17 step: 110/121 time:0.00+0.50 loss_avg:2.4456e-02
INFO: 2023-09-02 20:07:17 epoch:0 dataset: 4/17 step: 111/121 time:0.00+0.50 loss_avg:2.2333e-02
INFO: 2023-09-02 20:07:17 epoch:0 dataset: 4/17 step: 112/121 time:0.00+0.50 loss_avg:2.2024e-02
INFO: 2023-09-02 20:07:18 epoch:0 dataset: 4/17 step: 113/121 time:0.00+0.50 loss_avg:2.3189e-02
INFO: 2023-09-02 20:07:18 epoch:0 dataset: 4/17 step: 114/121 time:0.00+0.50 loss_avg:2.1358e-02
INFO: 2023-09-02 20:07:19 epoch:0 dataset: 4/17 step: 115/121 time:0.00+0.50 loss_avg:2.2216e-02
INFO: 2023-09-02 20:07:19 epoch:0 dataset: 4/17 step: 116/121 time:0.00+0.50 loss_avg:2.3526e-02
INFO: 2023-09-02 20:07:20 epoch:0 dataset: 4/17 step: 117/121 time:0.00+0.51 loss_avg:2.5205e-02
INFO: 2023-09-02 20:07:20 epoch:0 dataset: 4/17 step: 118/121 time:0.00+0.51 loss_avg:2.2567e-02
INFO: 2023-09-02 20:07:21 epoch:0 dataset: 4/17 step: 119/121 time:0.00+0.51 loss_avg:2.4396e-02
INFO: 2023-09-02 20:07:21 epoch:0 dataset: 4/17 step: 120/121 time:0.00+0.50 loss_avg:2.3749e-02
INFO: Training on data_train_chr13_96.npy complete.
INFO: 2023-09-02 20:07:23 epoch:0 dataset: 5/17 step: 0/169 time:1.07+0.52 loss_avg:2.0829e-02
INFO: 2023-09-02 20:07:24 epoch:0 dataset: 5/17 step: 1/169 time:0.00+0.50 loss_avg:2.0186e-02
INFO: 2023-09-02 20:07:24 epoch:0 dataset: 5/17 step: 2/169 time:0.00+0.50 loss_avg:2.2288e-02
INFO: 2023-09-02 20:07:25 epoch:0 dataset: 5/17 step: 3/169 time:0.00+0.50 loss_avg:2.1183e-02
INFO: 2023-09-02 20:07:25 epoch:0 dataset: 5/17 step: 4/169 time:0.00+0.49 loss_avg:1.9582e-02
INFO: 2023-09-02 20:07:26 epoch:0 dataset: 5/17 step: 5/169 time:0.00+0.50 loss_avg:1.8182e-02
INFO: 2023-09-02 20:07:26 epoch:0 dataset: 5/17 step: 6/169 time:0.00+0.50 loss_avg:1.9200e-02
INFO: 2023-09-02 20:07:27 epoch:0 dataset: 5/17 step: 7/169 time:0.00+0.50 loss_avg:2.3266e-02
INFO: 2023-09-02 20:07:27 epoch:0 dataset: 5/17 step: 8/169 time:0.00+0.50 loss_avg:1.9496e-02
INFO: 2023-09-02 20:07:28 epoch:0 dataset: 5/17 step: 9/169 time:0.00+0.51 loss_avg:2.3144e-02
INFO: 2023-09-02 20:07:28 epoch:0 dataset: 5/17 step: 10/169 time:0.00+0.51 loss_avg:3.1504e-02
INFO: 2023-09-02 20:07:29 epoch:0 dataset: 5/17 step: 11/169 time:0.00+0.51 loss_avg:1.8551e-01
INFO: 2023-09-02 20:07:29 epoch:0 dataset: 5/17 step: 12/169 time:0.00+0.50 loss_avg:3.3191e-01
INFO: 2023-09-02 20:07:30 epoch:0 dataset: 5/17 step: 13/169 time:0.00+0.51 loss_avg:2.8412e-01
INFO: 2023-09-02 20:07:30 epoch:0 dataset: 5/17 step: 14/169 time:0.00+0.50 loss_avg:3.4095e-01
INFO: 2023-09-02 20:07:31 epoch:0 dataset: 5/17 step: 15/169 time:0.00+0.50 loss_avg:2.4303e-01
INFO: 2023-09-02 20:07:31 epoch:0 dataset: 5/17 step: 16/169 time:0.01+0.50 loss_avg:2.7605e-01
INFO: 2023-09-02 20:07:32 epoch:0 dataset: 5/17 step: 17/169 time:0.01+0.50 loss_avg:3.0090e-01
INFO: 2023-09-02 20:07:32 epoch:0 dataset: 5/17 step: 18/169 time:0.01+0.49 loss_avg:2.8960e-01
INFO: 2023-09-02 20:07:33 epoch:0 dataset: 5/17 step: 19/169 time:0.01+0.50 loss_avg:2.9286e-01
INFO: 2023-09-02 20:07:33 epoch:0 dataset: 5/17 step: 20/169 time:0.01+0.50 loss_avg:3.4170e-01
INFO: 2023-09-02 20:07:34 epoch:0 dataset: 5/17 step: 21/169 time:0.01+0.50 loss_avg:3.0272e-01
INFO: 2023-09-02 20:07:34 epoch:0 dataset: 5/17 step: 22/169 time:0.01+0.50 loss_avg:3.1367e-01
INFO: 2023-09-02 20:07:35 epoch:0 dataset: 5/17 step: 23/169 time:0.01+0.50 loss_avg:3.2601e-01
INFO: 2023-09-02 20:07:35 epoch:0 dataset: 5/17 step: 24/169 time:0.01+0.50 loss_avg:3.2277e-01
INFO: 2023-09-02 20:07:36 epoch:0 dataset: 5/17 step: 25/169 time:0.01+0.50 loss_avg:2.8944e-01
INFO: 2023-09-02 20:07:36 epoch:0 dataset: 5/17 step: 26/169 time:0.01+0.50 loss_avg:2.5256e-01
INFO: 2023-09-02 20:07:37 epoch:0 dataset: 5/17 step: 27/169 time:0.01+0.50 loss_avg:2.9781e-01
INFO: 2023-09-02 20:07:37 epoch:0 dataset: 5/17 step: 28/169 time:0.00+0.50 loss_avg:3.1382e-01
INFO: 2023-09-02 20:07:38 epoch:0 dataset: 5/17 step: 29/169 time:0.00+0.50 loss_avg:2.1512e-01
INFO: 2023-09-02 20:07:38 epoch:0 dataset: 5/17 step: 30/169 time:0.00+0.50 loss_avg:3.1201e-01
INFO: 2023-09-02 20:07:39 epoch:0 dataset: 5/17 step: 31/169 time:0.00+0.51 loss_avg:2.7383e-01
INFO: 2023-09-02 20:07:39 epoch:0 dataset: 5/17 step: 32/169 time:0.00+0.51 loss_avg:3.4449e-01
INFO: 2023-09-02 20:07:40 epoch:0 dataset: 5/17 step: 33/169 time:0.00+0.50 loss_avg:3.5276e-01
INFO: 2023-09-02 20:07:40 epoch:0 dataset: 5/17 step: 34/169 time:0.00+0.50 loss_avg:3.1561e-01
INFO: 2023-09-02 20:07:41 epoch:0 dataset: 5/17 step: 35/169 time:0.00+0.50 loss_avg:3.0103e-01
INFO: 2023-09-02 20:07:41 epoch:0 dataset: 5/17 step: 36/169 time:0.00+0.50 loss_avg:3.3494e-01
INFO: 2023-09-02 20:07:42 epoch:0 dataset: 5/17 step: 37/169 time:0.00+0.50 loss_avg:3.1819e-01
INFO: 2023-09-02 20:07:42 epoch:0 dataset: 5/17 step: 38/169 time:0.00+0.49 loss_avg:3.0176e-01
INFO: 2023-09-02 20:07:43 epoch:0 dataset: 5/17 step: 39/169 time:0.01+0.50 loss_avg:3.0673e-01
INFO: 2023-09-02 20:07:43 epoch:0 dataset: 5/17 step: 40/169 time:0.01+0.50 loss_avg:2.8448e-01
INFO: 2023-09-02 20:07:44 epoch:0 dataset: 5/17 step: 41/169 time:0.01+0.50 loss_avg:3.8698e-01
INFO: 2023-09-02 20:07:44 epoch:0 dataset: 5/17 step: 42/169 time:0.01+0.50 loss_avg:3.7471e-01
INFO: 2023-09-02 20:07:45 epoch:0 dataset: 5/17 step: 43/169 time:0.01+0.50 loss_avg:3.0346e-01
INFO: 2023-09-02 20:07:45 epoch:0 dataset: 5/17 step: 44/169 time:0.01+0.50 loss_avg:3.2931e-01
INFO: 2023-09-02 20:07:46 epoch:0 dataset: 5/17 step: 45/169 time:0.01+0.51 loss_avg:3.2596e-01
INFO: 2023-09-02 20:07:46 epoch:0 dataset: 5/17 step: 46/169 time:0.01+0.51 loss_avg:3.4756e-01
INFO: 2023-09-02 20:07:47 epoch:0 dataset: 5/17 step: 47/169 time:0.01+0.50 loss_avg:3.2133e-01
INFO: 2023-09-02 20:07:47 epoch:0 dataset: 5/17 step: 48/169 time:0.01+0.50 loss_avg:3.8783e-01
INFO: 2023-09-02 20:07:48 epoch:0 dataset: 5/17 step: 49/169 time:0.01+0.50 loss_avg:3.0904e-01
INFO: 2023-09-02 20:07:48 epoch:0 dataset: 5/17 step: 50/169 time:0.00+0.49 loss_avg:3.1181e-01
INFO: 2023-09-02 20:07:49 epoch:0 dataset: 5/17 step: 51/169 time:0.00+0.50 loss_avg:2.7279e-01
INFO: 2023-09-02 20:07:49 epoch:0 dataset: 5/17 step: 52/169 time:0.00+0.50 loss_avg:2.5437e-01
INFO: 2023-09-02 20:07:50 epoch:0 dataset: 5/17 step: 53/169 time:0.00+0.50 loss_avg:3.3655e-01
INFO: 2023-09-02 20:07:50 epoch:0 dataset: 5/17 step: 54/169 time:0.00+0.50 loss_avg:3.3331e-01
INFO: 2023-09-02 20:07:51 epoch:0 dataset: 5/17 step: 55/169 time:0.00+0.50 loss_avg:2.6050e-01
INFO: 2023-09-02 20:07:51 epoch:0 dataset: 5/17 step: 56/169 time:0.00+0.50 loss_avg:3.1205e-01
INFO: 2023-09-02 20:07:52 epoch:0 dataset: 5/17 step: 57/169 time:0.00+0.50 loss_avg:2.6410e-01
INFO: 2023-09-02 20:07:52 epoch:0 dataset: 5/17 step: 58/169 time:0.00+0.50 loss_avg:2.6580e-01
INFO: 2023-09-02 20:07:53 epoch:0 dataset: 5/17 step: 59/169 time:0.00+0.49 loss_avg:2.9666e-01
INFO: 2023-09-02 20:07:53 epoch:0 dataset: 5/17 step: 60/169 time:0.00+0.50 loss_avg:3.7288e-01
INFO: 2023-09-02 20:07:54 epoch:0 dataset: 5/17 step: 61/169 time:0.00+0.51 loss_avg:2.7246e-01
INFO: 2023-09-02 20:07:54 epoch:0 dataset: 5/17 step: 62/169 time:0.00+0.51 loss_avg:3.2239e-01
INFO: 2023-09-02 20:07:55 epoch:0 dataset: 5/17 step: 63/169 time:0.00+0.50 loss_avg:3.3369e-01
INFO: 2023-09-02 20:07:55 epoch:0 dataset: 5/17 step: 64/169 time:0.00+0.50 loss_avg:2.8557e-01
INFO: 2023-09-02 20:07:56 epoch:0 dataset: 5/17 step: 65/169 time:0.00+0.50 loss_avg:2.5692e-01
INFO: 2023-09-02 20:07:56 epoch:0 dataset: 5/17 step: 66/169 time:0.00+0.50 loss_avg:3.2442e-01
INFO: 2023-09-02 20:07:57 epoch:0 dataset: 5/17 step: 67/169 time:0.00+0.50 loss_avg:2.9098e-01
INFO: 2023-09-02 20:07:57 epoch:0 dataset: 5/17 step: 68/169 time:0.00+0.50 loss_avg:2.6205e-01
INFO: 2023-09-02 20:07:58 epoch:0 dataset: 5/17 step: 69/169 time:0.00+0.50 loss_avg:2.6861e-01
INFO: 2023-09-02 20:07:58 epoch:0 dataset: 5/17 step: 70/169 time:0.00+0.50 loss_avg:2.8620e-01
INFO: 2023-09-02 20:07:59 epoch:0 dataset: 5/17 step: 71/169 time:0.00+0.50 loss_avg:2.6349e-01
INFO: 2023-09-02 20:07:59 epoch:0 dataset: 5/17 step: 72/169 time:0.00+0.50 loss_avg:3.5418e-01
INFO: 2023-09-02 20:08:00 epoch:0 dataset: 5/17 step: 73/169 time:0.00+0.50 loss_avg:2.6120e-01
INFO: 2023-09-02 20:08:00 epoch:0 dataset: 5/17 step: 74/169 time:0.00+0.50 loss_avg:2.0780e-01
INFO: 2023-09-02 20:08:01 epoch:0 dataset: 5/17 step: 75/169 time:0.00+0.50 loss_avg:2.7887e-01
INFO: 2023-09-02 20:08:01 epoch:0 dataset: 5/17 step: 76/169 time:0.00+0.50 loss_avg:2.4994e-01
INFO: 2023-09-02 20:08:02 epoch:0 dataset: 5/17 step: 77/169 time:0.00+0.50 loss_avg:3.1695e-01
INFO: 2023-09-02 20:08:02 epoch:0 dataset: 5/17 step: 78/169 time:0.00+0.50 loss_avg:2.7812e-01
INFO: 2023-09-02 20:08:03 epoch:0 dataset: 5/17 step: 79/169 time:0.00+0.50 loss_avg:2.6544e-01
INFO: 2023-09-02 20:08:03 epoch:0 dataset: 5/17 step: 80/169 time:0.00+0.50 loss_avg:3.1418e-01
INFO: 2023-09-02 20:08:04 epoch:0 dataset: 5/17 step: 81/169 time:0.00+0.50 loss_avg:2.7668e-01
INFO: 2023-09-02 20:08:04 epoch:0 dataset: 5/17 step: 82/169 time:0.00+0.51 loss_avg:2.4712e-01
INFO: 2023-09-02 20:08:05 epoch:0 dataset: 5/17 step: 83/169 time:0.00+0.51 loss_avg:2.9404e-01
INFO: 2023-09-02 20:08:05 epoch:0 dataset: 5/17 step: 84/169 time:0.00+0.50 loss_avg:2.3898e-01
INFO: 2023-09-02 20:08:06 epoch:0 dataset: 5/17 step: 85/169 time:0.00+0.50 loss_avg:2.8917e-01
INFO: 2023-09-02 20:08:06 epoch:0 dataset: 5/17 step: 86/169 time:0.00+0.50 loss_avg:2.5748e-01
INFO: 2023-09-02 20:08:07 epoch:0 dataset: 5/17 step: 87/169 time:0.00+0.50 loss_avg:3.1306e-01
INFO: 2023-09-02 20:08:07 epoch:0 dataset: 5/17 step: 88/169 time:0.00+0.50 loss_avg:2.5590e-01
INFO: 2023-09-02 20:08:08 epoch:0 dataset: 5/17 step: 89/169 time:0.00+0.50 loss_avg:3.4059e-01
INFO: 2023-09-02 20:08:08 epoch:0 dataset: 5/17 step: 90/169 time:0.00+0.50 loss_avg:2.1438e-01
INFO: 2023-09-02 20:08:09 epoch:0 dataset: 5/17 step: 91/169 time:0.00+0.50 loss_avg:3.3226e-01
INFO: 2023-09-02 20:08:09 epoch:0 dataset: 5/17 step: 92/169 time:0.00+0.49 loss_avg:2.3764e-01
INFO: 2023-09-02 20:08:10 epoch:0 dataset: 5/17 step: 93/169 time:0.00+0.50 loss_avg:3.3445e-01
INFO: 2023-09-02 20:08:10 epoch:0 dataset: 5/17 step: 94/169 time:0.00+0.50 loss_avg:2.6394e-01
INFO: 2023-09-02 20:08:11 epoch:0 dataset: 5/17 step: 95/169 time:0.00+0.50 loss_avg:2.7818e-01
INFO: 2023-09-02 20:08:11 epoch:0 dataset: 5/17 step: 96/169 time:0.00+0.50 loss_avg:2.6290e-01
INFO: 2023-09-02 20:08:12 epoch:0 dataset: 5/17 step: 97/169 time:0.00+0.50 loss_avg:2.8422e-01
INFO: 2023-09-02 20:08:12 epoch:0 dataset: 5/17 step: 98/169 time:0.00+0.50 loss_avg:2.7219e-01
INFO: 2023-09-02 20:08:13 epoch:0 dataset: 5/17 step: 99/169 time:0.00+0.50 loss_avg:2.9426e-01
INFO: 2023-09-02 20:08:13 epoch:0 dataset: 5/17 step: 100/169 time:0.00+0.50 loss_avg:2.4772e-01
INFO: 2023-09-02 20:08:14 epoch:0 dataset: 5/17 step: 101/169 time:0.00+0.50 loss_avg:2.2398e-01
INFO: 2023-09-02 20:08:14 epoch:0 dataset: 5/17 step: 102/169 time:0.00+0.50 loss_avg:2.7820e-01
INFO: 2023-09-02 20:08:15 epoch:0 dataset: 5/17 step: 103/169 time:0.00+0.50 loss_avg:2.9648e-01
INFO: 2023-09-02 20:08:15 epoch:0 dataset: 5/17 step: 104/169 time:0.00+0.50 loss_avg:3.1032e-01
INFO: 2023-09-02 20:08:16 epoch:0 dataset: 5/17 step: 105/169 time:0.00+0.50 loss_avg:1.9825e-01
INFO: 2023-09-02 20:08:16 epoch:0 dataset: 5/17 step: 106/169 time:0.00+0.50 loss_avg:3.0666e-01
INFO: 2023-09-02 20:08:17 epoch:0 dataset: 5/17 step: 107/169 time:0.00+0.50 loss_avg:2.8116e-01
INFO: 2023-09-02 20:08:17 epoch:0 dataset: 5/17 step: 108/169 time:0.00+0.50 loss_avg:2.7362e-01
INFO: 2023-09-02 20:08:18 epoch:0 dataset: 5/17 step: 109/169 time:0.00+0.51 loss_avg:2.0640e-01
INFO: 2023-09-02 20:08:18 epoch:0 dataset: 5/17 step: 110/169 time:0.00+0.49 loss_avg:3.3718e-01
INFO: 2023-09-02 20:08:19 epoch:0 dataset: 5/17 step: 111/169 time:0.00+0.49 loss_avg:2.9586e-01
INFO: 2023-09-02 20:08:19 epoch:0 dataset: 5/17 step: 112/169 time:0.00+0.50 loss_avg:2.8084e-01
INFO: 2023-09-02 20:08:20 epoch:0 dataset: 5/17 step: 113/169 time:0.00+0.50 loss_avg:2.9418e-01
INFO: 2023-09-02 20:08:20 epoch:0 dataset: 5/17 step: 114/169 time:0.00+0.50 loss_avg:2.9260e-01
INFO: 2023-09-02 20:08:21 epoch:0 dataset: 5/17 step: 115/169 time:0.00+0.50 loss_avg:3.1250e-01
INFO: 2023-09-02 20:08:21 epoch:0 dataset: 5/17 step: 116/169 time:0.00+0.50 loss_avg:3.2507e-01
INFO: 2023-09-02 20:08:22 epoch:0 dataset: 5/17 step: 117/169 time:0.00+0.50 loss_avg:2.3419e-01
INFO: 2023-09-02 20:08:22 epoch:0 dataset: 5/17 step: 118/169 time:0.00+0.50 loss_avg:2.9785e-01
INFO: 2023-09-02 20:08:23 epoch:0 dataset: 5/17 step: 119/169 time:0.00+0.49 loss_avg:2.8621e-01
INFO: 2023-09-02 20:08:23 epoch:0 dataset: 5/17 step: 120/169 time:0.00+0.50 loss_avg:2.5427e-01
INFO: 2023-09-02 20:08:24 epoch:0 dataset: 5/17 step: 121/169 time:0.00+0.50 loss_avg:3.2413e-01
INFO: Traceback:
INFO: Traceback (most recent call last):
  File "./train_1d.py", line 425, in <module>
    train(model, args)
  File "./train_1d.py", line 200, in train
    loss_avg = model.train(data_gpu,learning_rate)
  File "/storage/store/dpinchuk/dmvfn/model/model_1d.py", line 63, in train
    merged =  self.dmvfn(torch.cat((img0, img1, gt), 1), scale=[4,4,4,2,2,2,1,1,1])
  File "/usr/local/lib/python3.8/dist-packages/torch/nn/modules/module.py", line 1501, in _call_impl
    return forward_call(*args, **kwargs)
  File "/usr/local/lib/python3.8/dist-packages/torch/nn/parallel/distributed.py", line 1156, in forward
    output = self._run_ddp_forward(*inputs, **kwargs)
  File "/usr/local/lib/python3.8/dist-packages/torch/nn/parallel/distributed.py", line 1110, in _run_ddp_forward
    return module_to_run(*inputs[0], **kwargs[0])  # type: ignore[index]
  File "/usr/local/lib/python3.8/dist-packages/torch/nn/modules/module.py", line 1501, in _call_impl
    return forward_call(*args, **kwargs)
  File "/storage/store/dpinchuk/dmvfn/model/arch_1d.py", line 142, in forward
    flow = Variable(torch.zeros(batch_size, 4, height, width)).cuda()
RuntimeError: CUDA error: device-side assert triggered
CUDA kernel errors might be asynchronously reported at some other API call, so the stacktrace below might be incorrect.
For debugging consider passing CUDA_LAUNCH_BLOCKING=1.
Compile with `TORCH_USE_CUDA_DSA` to enable device-side assertions.


