INFO: 2024-01-22 22:21:30 Argument batch_size: 8
INFO: 2024-01-22 22:21:30 Argument block_num: 9
INFO: 2024-01-22 22:21:30 Argument code_test: False
INFO: 2024-01-22 22:21:30 Argument cut_off: True
INFO: 2024-01-22 22:21:30 Argument data_train_path: ./../data/data_128/train/
INFO: 2024-01-22 22:21:30 Argument data_val_path: ./../data/data_128/val/data_val_chr19_128.npy
INFO: 2024-01-22 22:21:30 Argument device_id: 0
INFO: 2024-01-22 22:21:30 Argument dynamics: True
INFO: 2024-01-22 22:21:30 Argument early_stoppage_epochs: 5
INFO: 2024-01-22 22:21:30 Argument early_stoppage_start: 400
INFO: 2024-01-22 22:21:30 Argument epoch: 150
INFO: 2024-01-22 22:21:30 Argument learning_rate: None
INFO: 2024-01-22 22:21:30 Argument local_rank: 0
INFO: 2024-01-22 22:21:30 Argument loss: single_channel_L1_no_vgg
INFO: 2024-01-22 22:21:30 Argument max_HiC: 250
INFO: 2024-01-22 22:21:30 Argument num_gpu: 1
INFO: 2024-01-22 22:21:30 Argument num_workers: 1
INFO: 2024-01-22 22:21:30 Argument patch_size: 128
INFO: 2024-01-22 22:21:30 Argument resume_epoch: 0
INFO: 2024-01-22 22:21:30 Argument resume_path: None
INFO: 2024-01-22 22:21:30 Argument rgb: False
INFO: 2024-01-22 22:21:30 Argument train_dataset: hic
INFO: 2024-01-22 22:21:30 Argument val_datasets: ['hic']
INFO: Defualt learning rate schedule
INFO: 2024-01-22 22:21:43 epoch:0 dataset: 1/17 step: 0/124 time:1.29+7.27 loss_avg:1.0243e-01
INFO: 2024-01-22 22:21:43 epoch:0 dataset: 1/17 step: 1/124 time:0.00+0.52 loss_avg:1.0113e-01
INFO: 2024-01-22 22:21:44 epoch:0 dataset: 1/17 step: 2/124 time:0.00+0.52 loss_avg:9.9597e-02
INFO: 2024-01-22 22:21:44 epoch:0 dataset: 1/17 step: 3/124 time:0.00+0.53 loss_avg:9.8851e-02
INFO: 2024-01-22 22:21:45 epoch:0 dataset: 1/17 step: 4/124 time:0.00+0.52 loss_avg:9.7590e-02
INFO: 2024-01-22 22:21:45 epoch:0 dataset: 1/17 step: 5/124 time:0.00+0.52 loss_avg:9.7470e-02
INFO: 2024-01-22 22:21:46 epoch:0 dataset: 1/17 step: 6/124 time:0.00+0.52 loss_avg:1.0320e-01
INFO: 2024-01-22 22:21:46 epoch:0 dataset: 1/17 step: 7/124 time:0.01+0.53 loss_avg:9.6255e-02
INFO: 2024-01-22 22:21:47 epoch:0 dataset: 1/17 step: 8/124 time:0.00+0.54 loss_avg:1.0106e-01
INFO: 2024-01-22 22:21:47 epoch:0 dataset: 1/17 step: 9/124 time:0.00+0.52 loss_avg:9.7577e-02
INFO: 2024-01-22 22:21:48 epoch:0 dataset: 1/17 step: 10/124 time:0.00+0.53 loss_avg:9.6291e-02
INFO: 2024-01-22 22:21:48 epoch:0 dataset: 1/17 step: 11/124 time:0.00+0.54 loss_avg:9.9979e-02
INFO: 2024-01-22 22:21:49 epoch:0 dataset: 1/17 step: 12/124 time:0.02+0.54 loss_avg:9.2558e-02
INFO: 2024-01-22 22:21:50 epoch:0 dataset: 1/17 step: 13/124 time:0.00+0.52 loss_avg:9.7305e-02
INFO: 2024-01-22 22:21:50 epoch:0 dataset: 1/17 step: 14/124 time:0.00+0.52 loss_avg:9.3932e-02
INFO: 2024-01-22 22:21:51 epoch:0 dataset: 1/17 step: 15/124 time:0.00+0.52 loss_avg:1.0261e-01
INFO: 2024-01-22 22:21:51 epoch:0 dataset: 1/17 step: 16/124 time:0.00+0.52 loss_avg:9.7713e-02
INFO: 2024-01-22 22:21:52 epoch:0 dataset: 1/17 step: 17/124 time:0.00+0.53 loss_avg:9.4769e-02
INFO: 2024-01-22 22:21:52 epoch:0 dataset: 1/17 step: 18/124 time:0.00+0.52 loss_avg:9.7793e-02
INFO: 2024-01-22 22:21:53 epoch:0 dataset: 1/17 step: 19/124 time:0.00+0.52 loss_avg:1.0079e-01
INFO: 2024-01-22 22:21:53 epoch:0 dataset: 1/17 step: 20/124 time:0.00+0.52 loss_avg:1.0166e-01
INFO: 2024-01-22 22:21:54 epoch:0 dataset: 1/17 step: 21/124 time:0.00+0.53 loss_avg:9.5518e-02
INFO: 2024-01-22 22:21:54 epoch:0 dataset: 1/17 step: 22/124 time:0.00+0.53 loss_avg:9.8695e-02
INFO: 2024-01-22 22:21:55 epoch:0 dataset: 1/17 step: 23/124 time:0.00+0.53 loss_avg:9.5842e-02
INFO: 2024-01-22 22:21:55 epoch:0 dataset: 1/17 step: 24/124 time:0.00+0.55 loss_avg:1.0165e-01
INFO: 2024-01-22 22:21:56 epoch:0 dataset: 1/17 step: 25/124 time:0.00+0.53 loss_avg:9.5027e-02
INFO: 2024-01-22 22:21:56 epoch:0 dataset: 1/17 step: 26/124 time:0.00+0.53 loss_avg:9.8658e-02
INFO: 2024-01-22 22:21:57 epoch:0 dataset: 1/17 step: 27/124 time:0.00+0.53 loss_avg:9.6283e-02
INFO: 2024-01-22 22:21:58 epoch:0 dataset: 1/17 step: 28/124 time:0.00+0.54 loss_avg:9.4914e-02
INFO: 2024-01-22 22:21:58 epoch:0 dataset: 1/17 step: 29/124 time:0.00+0.53 loss_avg:9.5516e-02
INFO: 2024-01-22 22:21:59 epoch:0 dataset: 1/17 step: 30/124 time:0.00+0.52 loss_avg:9.8958e-02
INFO: 2024-01-22 22:21:59 epoch:0 dataset: 1/17 step: 31/124 time:0.00+0.52 loss_avg:9.1274e-02
INFO: 2024-01-22 22:22:00 epoch:0 dataset: 1/17 step: 32/124 time:0.00+0.54 loss_avg:9.4298e-02
INFO: 2024-01-22 22:22:00 epoch:0 dataset: 1/17 step: 33/124 time:0.00+0.54 loss_avg:9.3252e-02
INFO: 2024-01-22 22:22:01 epoch:0 dataset: 1/17 step: 34/124 time:0.00+0.53 loss_avg:9.2832e-02
INFO: 2024-01-22 22:22:01 epoch:0 dataset: 1/17 step: 35/124 time:0.00+0.52 loss_avg:9.8656e-02
INFO: 2024-01-22 22:22:02 epoch:0 dataset: 1/17 step: 36/124 time:0.00+0.52 loss_avg:9.4463e-02
INFO: 2024-01-22 22:22:02 epoch:0 dataset: 1/17 step: 37/124 time:0.00+0.52 loss_avg:1.0466e-01
INFO: 2024-01-22 22:22:03 epoch:0 dataset: 1/17 step: 38/124 time:0.00+0.53 loss_avg:9.4879e-02
INFO: 2024-01-22 22:22:03 epoch:0 dataset: 1/17 step: 39/124 time:0.00+0.54 loss_avg:9.4818e-02
INFO: 2024-01-22 22:22:04 epoch:0 dataset: 1/17 step: 40/124 time:0.00+0.76 loss_avg:9.4506e-02
INFO: 2024-01-22 22:22:05 epoch:0 dataset: 1/17 step: 41/124 time:0.00+0.54 loss_avg:9.7668e-02
INFO: 2024-01-22 22:22:05 epoch:0 dataset: 1/17 step: 42/124 time:0.00+0.54 loss_avg:9.5792e-02
INFO: 2024-01-22 22:22:06 epoch:0 dataset: 1/17 step: 43/124 time:0.00+0.53 loss_avg:9.7360e-02
INFO: 2024-01-22 22:22:06 epoch:0 dataset: 1/17 step: 44/124 time:0.00+0.53 loss_avg:9.6372e-02
INFO: 2024-01-22 22:22:07 epoch:0 dataset: 1/17 step: 45/124 time:0.00+0.52 loss_avg:9.6572e-02
INFO: 2024-01-22 22:22:07 epoch:0 dataset: 1/17 step: 46/124 time:0.00+0.52 loss_avg:9.9606e-02
INFO: 2024-01-22 22:22:08 epoch:0 dataset: 1/17 step: 47/124 time:0.00+0.52 loss_avg:9.5547e-02
INFO: 2024-01-22 22:22:08 epoch:0 dataset: 1/17 step: 48/124 time:0.00+0.52 loss_avg:9.0365e-02
INFO: 2024-01-22 22:22:09 epoch:0 dataset: 1/17 step: 49/124 time:0.00+0.53 loss_avg:9.7782e-02
INFO: 2024-01-22 22:22:09 epoch:0 dataset: 1/17 step: 50/124 time:0.00+0.53 loss_avg:9.6721e-02
INFO: 2024-01-22 22:22:10 epoch:0 dataset: 1/17 step: 51/124 time:0.00+0.54 loss_avg:9.4736e-02
INFO: 2024-01-22 22:22:11 epoch:0 dataset: 1/17 step: 52/124 time:0.00+0.53 loss_avg:9.6753e-02
INFO: 2024-01-22 22:22:11 epoch:0 dataset: 1/17 step: 53/124 time:0.00+0.53 loss_avg:9.5513e-02
INFO: 2024-01-22 22:22:12 epoch:0 dataset: 1/17 step: 54/124 time:0.00+0.54 loss_avg:9.0280e-02
INFO: 2024-01-22 22:22:12 epoch:0 dataset: 1/17 step: 55/124 time:0.00+0.53 loss_avg:8.8820e-02
INFO: 2024-01-22 22:22:13 epoch:0 dataset: 1/17 step: 56/124 time:0.00+0.53 loss_avg:9.4500e-02
INFO: 2024-01-22 22:22:13 epoch:0 dataset: 1/17 step: 57/124 time:0.00+0.52 loss_avg:9.1211e-02
INFO: 2024-01-22 22:22:14 epoch:0 dataset: 1/17 step: 58/124 time:0.00+0.52 loss_avg:9.6280e-02
INFO: 2024-01-22 22:22:14 epoch:0 dataset: 1/17 step: 59/124 time:0.00+0.52 loss_avg:9.5871e-02
INFO: 2024-01-22 22:22:15 epoch:0 dataset: 1/17 step: 60/124 time:0.00+0.53 loss_avg:9.2265e-02
INFO: 2024-01-22 22:22:15 epoch:0 dataset: 1/17 step: 61/124 time:0.00+0.54 loss_avg:9.4027e-02
INFO: 2024-01-22 22:22:16 epoch:0 dataset: 1/17 step: 62/124 time:0.00+0.53 loss_avg:8.7046e-02
INFO: 2024-01-22 22:22:16 epoch:0 dataset: 1/17 step: 63/124 time:0.00+0.52 loss_avg:9.6678e-02
INFO: 2024-01-22 22:22:17 epoch:0 dataset: 1/17 step: 64/124 time:0.00+0.52 loss_avg:9.3847e-02
INFO: 2024-01-22 22:22:17 epoch:0 dataset: 1/17 step: 65/124 time:0.00+0.53 loss_avg:9.1293e-02
INFO: 2024-01-22 22:22:18 epoch:0 dataset: 1/17 step: 66/124 time:0.00+0.54 loss_avg:9.9621e-02
INFO: 2024-01-22 22:22:19 epoch:0 dataset: 1/17 step: 67/124 time:0.00+0.54 loss_avg:9.5553e-02
INFO: 2024-01-22 22:22:19 epoch:0 dataset: 1/17 step: 68/124 time:0.01+0.54 loss_avg:9.4525e-02
INFO: 2024-01-22 22:22:20 epoch:0 dataset: 1/17 step: 69/124 time:0.01+0.54 loss_avg:9.3511e-02
INFO: 2024-01-22 22:22:20 epoch:0 dataset: 1/17 step: 70/124 time:0.00+0.53 loss_avg:9.0481e-02
INFO: 2024-01-22 22:22:21 epoch:0 dataset: 1/17 step: 71/124 time:0.00+0.53 loss_avg:8.4012e-02
INFO: 2024-01-22 22:22:21 epoch:0 dataset: 1/17 step: 72/124 time:0.00+0.54 loss_avg:9.6534e-02
INFO: 2024-01-22 22:22:22 epoch:0 dataset: 1/17 step: 73/124 time:0.00+0.54 loss_avg:9.5527e-02
INFO: 2024-01-22 22:22:22 epoch:0 dataset: 1/17 step: 74/124 time:0.00+0.54 loss_avg:9.4525e-02
INFO: 2024-01-22 22:22:23 epoch:0 dataset: 1/17 step: 75/124 time:0.00+0.53 loss_avg:9.6024e-02
INFO: 2024-01-22 22:22:23 epoch:0 dataset: 1/17 step: 76/124 time:0.00+0.52 loss_avg:9.3811e-02
INFO: 2024-01-22 22:22:24 epoch:0 dataset: 1/17 step: 77/124 time:0.00+0.53 loss_avg:9.3441e-02
INFO: 2024-01-22 22:22:24 epoch:0 dataset: 1/17 step: 78/124 time:0.00+0.53 loss_avg:9.5714e-02
INFO: 2024-01-22 22:22:25 epoch:0 dataset: 1/17 step: 79/124 time:0.00+0.53 loss_avg:9.2662e-02
INFO: 2024-01-22 22:22:25 epoch:0 dataset: 1/17 step: 80/124 time:0.00+0.53 loss_avg:8.6029e-02
INFO: 2024-01-22 22:22:26 epoch:0 dataset: 1/17 step: 81/124 time:0.00+0.52 loss_avg:9.2750e-02
INFO: 2024-01-22 22:22:27 epoch:0 dataset: 1/17 step: 82/124 time:0.00+0.52 loss_avg:9.1891e-02
INFO: 2024-01-22 22:22:27 epoch:0 dataset: 1/17 step: 83/124 time:0.00+0.53 loss_avg:9.3294e-02
INFO: 2024-01-22 22:22:28 epoch:0 dataset: 1/17 step: 84/124 time:0.00+0.52 loss_avg:9.1917e-02
INFO: 2024-01-22 22:22:28 epoch:0 dataset: 1/17 step: 85/124 time:0.00+0.52 loss_avg:9.3472e-02
INFO: 2024-01-22 22:22:29 epoch:0 dataset: 1/17 step: 86/124 time:0.00+0.53 loss_avg:9.2167e-02
INFO: 2024-01-22 22:22:29 epoch:0 dataset: 1/17 step: 87/124 time:0.02+0.52 loss_avg:9.6927e-02
INFO: 2024-01-22 22:22:30 epoch:0 dataset: 1/17 step: 88/124 time:0.01+0.54 loss_avg:9.4313e-02
INFO: 2024-01-22 22:22:30 epoch:0 dataset: 1/17 step: 89/124 time:0.00+0.54 loss_avg:9.4565e-02
INFO: 2024-01-22 22:22:31 epoch:0 dataset: 1/17 step: 90/124 time:0.00+0.52 loss_avg:9.6344e-02
INFO: 2024-01-22 22:22:31 epoch:0 dataset: 1/17 step: 91/124 time:0.00+0.52 loss_avg:9.0777e-02
INFO: 2024-01-22 22:22:32 epoch:0 dataset: 1/17 step: 92/124 time:0.00+0.53 loss_avg:9.3883e-02
INFO: 2024-01-22 22:22:32 epoch:0 dataset: 1/17 step: 93/124 time:0.00+0.53 loss_avg:9.3578e-02
INFO: 2024-01-22 22:22:33 epoch:0 dataset: 1/17 step: 94/124 time:0.00+0.53 loss_avg:9.5633e-02
INFO: 2024-01-22 22:22:33 epoch:0 dataset: 1/17 step: 95/124 time:0.00+0.53 loss_avg:9.2557e-02
INFO: 2024-01-22 22:22:34 epoch:0 dataset: 1/17 step: 96/124 time:0.00+0.53 loss_avg:9.6324e-02
INFO: 2024-01-22 22:22:34 epoch:0 dataset: 1/17 step: 97/124 time:0.00+0.52 loss_avg:9.5149e-02
INFO: 2024-01-22 22:22:35 epoch:0 dataset: 1/17 step: 98/124 time:0.00+0.52 loss_avg:9.3960e-02
INFO: 2024-01-22 22:22:36 epoch:0 dataset: 1/17 step: 99/124 time:0.00+0.53 loss_avg:9.2228e-02
INFO: 2024-01-22 22:22:36 epoch:0 dataset: 1/17 step: 100/124 time:0.00+0.52 loss_avg:9.0659e-02
INFO: 2024-01-22 22:22:37 epoch:0 dataset: 1/17 step: 101/124 time:0.00+0.53 loss_avg:9.2960e-02
INFO: 2024-01-22 22:22:37 epoch:0 dataset: 1/17 step: 102/124 time:0.00+0.53 loss_avg:9.2156e-02
INFO: 2024-01-22 22:22:38 epoch:0 dataset: 1/17 step: 103/124 time:0.00+0.54 loss_avg:9.4109e-02
INFO: 2024-01-22 22:22:38 epoch:0 dataset: 1/17 step: 104/124 time:0.00+0.53 loss_avg:9.5811e-02
INFO: 2024-01-22 22:22:39 epoch:0 dataset: 1/17 step: 105/124 time:0.00+0.52 loss_avg:9.6011e-02
INFO: 2024-01-22 22:22:39 epoch:0 dataset: 1/17 step: 106/124 time:0.00+0.51 loss_avg:9.2145e-02
INFO: 2024-01-22 22:22:40 epoch:0 dataset: 1/17 step: 107/124 time:0.00+0.53 loss_avg:9.3970e-02
INFO: 2024-01-22 22:22:40 epoch:0 dataset: 1/17 step: 108/124 time:0.00+0.52 loss_avg:9.2145e-02
INFO: 2024-01-22 22:22:41 epoch:0 dataset: 1/17 step: 109/124 time:0.00+0.52 loss_avg:8.6766e-02
INFO: 2024-01-22 22:22:41 epoch:0 dataset: 1/17 step: 110/124 time:0.00+0.53 loss_avg:8.0782e-02
INFO: 2024-01-22 22:22:42 epoch:0 dataset: 1/17 step: 111/124 time:0.00+0.53 loss_avg:9.6336e-02
INFO: 2024-01-22 22:22:42 epoch:0 dataset: 1/17 step: 112/124 time:0.00+0.53 loss_avg:9.4802e-02
INFO: 2024-01-22 22:22:43 epoch:0 dataset: 1/17 step: 113/124 time:0.00+0.54 loss_avg:8.9599e-02
INFO: 2024-01-22 22:22:43 epoch:0 dataset: 1/17 step: 114/124 time:0.00+0.53 loss_avg:8.0022e-02
INFO: 2024-01-22 22:22:44 epoch:0 dataset: 1/17 step: 115/124 time:0.02+0.54 loss_avg:9.2947e-02
INFO: 2024-01-22 22:22:45 epoch:0 dataset: 1/17 step: 116/124 time:0.00+0.53 loss_avg:9.1162e-02
INFO: 2024-01-22 22:22:45 epoch:0 dataset: 1/17 step: 117/124 time:0.00+0.54 loss_avg:9.4638e-02
INFO: 2024-01-22 22:22:46 epoch:0 dataset: 1/17 step: 118/124 time:0.00+0.53 loss_avg:9.0966e-02
INFO: 2024-01-22 22:22:46 epoch:0 dataset: 1/17 step: 119/124 time:0.00+0.52 loss_avg:9.2674e-02
INFO: 2024-01-22 22:22:47 epoch:0 dataset: 1/17 step: 120/124 time:0.00+0.52 loss_avg:9.0711e-02
INFO: 2024-01-22 22:22:47 epoch:0 dataset: 1/17 step: 121/124 time:0.00+0.53 loss_avg:9.4059e-02
INFO: 2024-01-22 22:22:48 epoch:0 dataset: 1/17 step: 122/124 time:0.00+0.53 loss_avg:8.9222e-02
INFO: 2024-01-22 22:22:48 epoch:0 dataset: 1/17 step: 123/124 time:0.00+0.53 loss_avg:9.1271e-02
INFO: Training on data_train_chr9_128.npy complete.
INFO: 2024-01-22 22:22:51 epoch:0 dataset: 2/17 step: 0/161 time:2.18+0.57 loss_avg:9.0205e-02
INFO: 2024-01-22 22:22:52 epoch:0 dataset: 2/17 step: 1/161 time:0.02+0.52 loss_avg:8.7886e-02
INFO: 2024-01-22 22:22:52 epoch:0 dataset: 2/17 step: 2/161 time:0.01+0.52 loss_avg:8.4889e-02
INFO: 2024-01-22 22:22:53 epoch:0 dataset: 2/17 step: 3/161 time:0.01+0.52 loss_avg:8.9296e-02
INFO: 2024-01-22 22:22:53 epoch:0 dataset: 2/17 step: 4/161 time:0.01+0.52 loss_avg:8.8575e-02
INFO: 2024-01-22 22:22:54 epoch:0 dataset: 2/17 step: 5/161 time:0.01+0.53 loss_avg:9.0552e-02
INFO: 2024-01-22 22:22:54 epoch:0 dataset: 2/17 step: 6/161 time:0.02+0.52 loss_avg:8.7242e-02
INFO: 2024-01-22 22:22:55 epoch:0 dataset: 2/17 step: 7/161 time:0.01+0.52 loss_avg:8.7632e-02
INFO: 2024-01-22 22:22:55 epoch:0 dataset: 2/17 step: 8/161 time:0.01+0.53 loss_avg:9.0319e-02
INFO: 2024-01-22 22:22:56 epoch:0 dataset: 2/17 step: 9/161 time:0.00+0.52 loss_avg:9.0005e-02
INFO: 2024-01-22 22:22:56 epoch:0 dataset: 2/17 step: 10/161 time:0.00+0.52 loss_avg:8.6327e-02
INFO: 2024-01-22 22:22:57 epoch:0 dataset: 2/17 step: 11/161 time:0.00+0.52 loss_avg:8.0219e-02
INFO: 2024-01-22 22:22:57 epoch:0 dataset: 2/17 step: 12/161 time:0.00+0.53 loss_avg:8.5625e-02
INFO: 2024-01-22 22:22:58 epoch:0 dataset: 2/17 step: 13/161 time:0.00+0.52 loss_avg:9.1103e-02
INFO: 2024-01-22 22:22:58 epoch:0 dataset: 2/17 step: 14/161 time:0.00+0.52 loss_avg:9.0122e-02
INFO: 2024-01-22 22:22:59 epoch:0 dataset: 2/17 step: 15/161 time:0.00+0.53 loss_avg:8.4639e-02
INFO: 2024-01-22 22:23:00 epoch:0 dataset: 2/17 step: 16/161 time:0.00+0.52 loss_avg:8.5631e-02
INFO: 2024-01-22 22:23:00 epoch:0 dataset: 2/17 step: 17/161 time:0.00+0.53 loss_avg:8.8093e-02
INFO: 2024-01-22 22:23:01 epoch:0 dataset: 2/17 step: 18/161 time:0.00+0.51 loss_avg:8.8116e-02
INFO: 2024-01-22 22:23:01 epoch:0 dataset: 2/17 step: 19/161 time:0.00+0.52 loss_avg:9.2420e-02
INFO: 2024-01-22 22:23:02 epoch:0 dataset: 2/17 step: 20/161 time:0.00+0.52 loss_avg:8.6960e-02
INFO: 2024-01-22 22:23:02 epoch:0 dataset: 2/17 step: 21/161 time:0.01+0.53 loss_avg:8.7628e-02
INFO: 2024-01-22 22:23:03 epoch:0 dataset: 2/17 step: 22/161 time:0.00+0.51 loss_avg:8.7118e-02
INFO: 2024-01-22 22:23:03 epoch:0 dataset: 2/17 step: 23/161 time:0.00+0.52 loss_avg:8.8958e-02
INFO: 2024-01-22 22:23:04 epoch:0 dataset: 2/17 step: 24/161 time:0.00+0.52 loss_avg:8.8872e-02
INFO: 2024-01-22 22:23:04 epoch:0 dataset: 2/17 step: 25/161 time:0.00+0.52 loss_avg:8.9037e-02
INFO: 2024-01-22 22:23:05 epoch:0 dataset: 2/17 step: 26/161 time:0.00+0.52 loss_avg:8.8648e-02
INFO: 2024-01-22 22:23:05 epoch:0 dataset: 2/17 step: 27/161 time:0.00+0.52 loss_avg:8.8184e-02
INFO: 2024-01-22 22:23:06 epoch:0 dataset: 2/17 step: 28/161 time:0.00+0.51 loss_avg:8.8224e-02
INFO: 2024-01-22 22:23:06 epoch:0 dataset: 2/17 step: 29/161 time:0.00+0.54 loss_avg:8.5450e-02
INFO: 2024-01-22 22:23:07 epoch:0 dataset: 2/17 step: 30/161 time:0.00+0.52 loss_avg:8.8198e-02
INFO: 2024-01-22 22:23:07 epoch:0 dataset: 2/17 step: 31/161 time:0.00+0.52 loss_avg:8.6803e-02
INFO: 2024-01-22 22:23:08 epoch:0 dataset: 2/17 step: 32/161 time:0.00+0.52 loss_avg:8.8160e-02
INFO: 2024-01-22 22:23:08 epoch:0 dataset: 2/17 step: 33/161 time:0.00+0.51 loss_avg:9.0440e-02
INFO: 2024-01-22 22:23:09 epoch:0 dataset: 2/17 step: 34/161 time:0.00+0.52 loss_avg:7.9885e-02
INFO: 2024-01-22 22:23:09 epoch:0 dataset: 2/17 step: 35/161 time:0.00+0.52 loss_avg:8.9414e-02
INFO: 2024-01-22 22:23:10 epoch:0 dataset: 2/17 step: 36/161 time:0.00+0.52 loss_avg:9.2870e-02
INFO: 2024-01-22 22:23:10 epoch:0 dataset: 2/17 step: 37/161 time:0.00+0.52 loss_avg:8.8706e-02
INFO: 2024-01-22 22:23:11 epoch:0 dataset: 2/17 step: 38/161 time:0.00+0.52 loss_avg:8.8010e-02
INFO: 2024-01-22 22:23:12 epoch:0 dataset: 2/17 step: 39/161 time:0.00+0.51 loss_avg:8.9765e-02
INFO: 2024-01-22 22:23:12 epoch:0 dataset: 2/17 step: 40/161 time:0.00+0.54 loss_avg:8.6875e-02
INFO: 2024-01-22 22:23:13 epoch:0 dataset: 2/17 step: 41/161 time:0.00+0.52 loss_avg:8.8073e-02
INFO: 2024-01-22 22:23:13 epoch:0 dataset: 2/17 step: 42/161 time:0.00+0.52 loss_avg:8.8704e-02
INFO: 2024-01-22 22:23:14 epoch:0 dataset: 2/17 step: 43/161 time:0.00+0.52 loss_avg:8.5314e-02
INFO: 2024-01-22 22:23:14 epoch:0 dataset: 2/17 step: 44/161 time:0.00+0.53 loss_avg:8.8579e-02
INFO: 2024-01-22 22:23:15 epoch:0 dataset: 2/17 step: 45/161 time:0.00+0.52 loss_avg:8.5528e-02
INFO: 2024-01-22 22:23:15 epoch:0 dataset: 2/17 step: 46/161 time:0.00+0.52 loss_avg:8.8794e-02
INFO: 2024-01-22 22:23:16 epoch:0 dataset: 2/17 step: 47/161 time:0.00+0.52 loss_avg:8.8035e-02
INFO: 2024-01-22 22:23:16 epoch:0 dataset: 2/17 step: 48/161 time:0.00+0.52 loss_avg:8.9361e-02
INFO: 2024-01-22 22:23:17 epoch:0 dataset: 2/17 step: 49/161 time:0.01+0.53 loss_avg:8.7413e-02
INFO: 2024-01-22 22:23:17 epoch:0 dataset: 2/17 step: 50/161 time:0.00+0.53 loss_avg:8.6685e-02
INFO: 2024-01-22 22:23:18 epoch:0 dataset: 2/17 step: 51/161 time:0.00+0.52 loss_avg:8.0912e-02
INFO: 2024-01-22 22:23:18 epoch:0 dataset: 2/17 step: 52/161 time:0.00+0.52 loss_avg:8.7477e-02
INFO: 2024-01-22 22:23:19 epoch:0 dataset: 2/17 step: 53/161 time:0.00+0.53 loss_avg:8.8359e-02
INFO: 2024-01-22 22:23:19 epoch:0 dataset: 2/17 step: 54/161 time:0.00+0.54 loss_avg:8.8196e-02
INFO: 2024-01-22 22:23:20 epoch:0 dataset: 2/17 step: 55/161 time:0.00+0.57 loss_avg:8.6166e-02
INFO: 2024-01-22 22:23:21 epoch:0 dataset: 2/17 step: 56/161 time:0.00+0.54 loss_avg:8.5987e-02
INFO: 2024-01-22 22:23:21 epoch:0 dataset: 2/17 step: 57/161 time:0.00+0.54 loss_avg:8.7935e-02
INFO: 2024-01-22 22:23:22 epoch:0 dataset: 2/17 step: 58/161 time:0.00+0.57 loss_avg:8.5976e-02
INFO: 2024-01-22 22:23:22 epoch:0 dataset: 2/17 step: 59/161 time:0.00+0.54 loss_avg:8.9982e-02
INFO: 2024-01-22 22:23:23 epoch:0 dataset: 2/17 step: 60/161 time:0.00+0.56 loss_avg:8.7068e-02
INFO: 2024-01-22 22:23:23 epoch:0 dataset: 2/17 step: 61/161 time:0.00+0.57 loss_avg:8.8140e-02
INFO: 2024-01-22 22:23:24 epoch:0 dataset: 2/17 step: 62/161 time:0.00+0.54 loss_avg:8.7567e-02
INFO: 2024-01-22 22:23:24 epoch:0 dataset: 2/17 step: 63/161 time:0.00+0.54 loss_avg:8.6281e-02
INFO: 2024-01-22 22:23:25 epoch:0 dataset: 2/17 step: 64/161 time:0.00+0.56 loss_avg:8.9657e-02
INFO: 2024-01-22 22:23:25 epoch:0 dataset: 2/17 step: 65/161 time:0.00+0.52 loss_avg:8.7548e-02
INFO: 2024-01-22 22:23:26 epoch:0 dataset: 2/17 step: 66/161 time:0.00+0.52 loss_avg:8.9697e-02
INFO: 2024-01-22 22:23:27 epoch:0 dataset: 2/17 step: 67/161 time:0.01+0.53 loss_avg:8.8132e-02
INFO: 2024-01-22 22:23:27 epoch:0 dataset: 2/17 step: 68/161 time:0.00+0.51 loss_avg:8.6920e-02
INFO: 2024-01-22 22:23:28 epoch:0 dataset: 2/17 step: 69/161 time:0.00+0.51 loss_avg:8.6068e-02
INFO: 2024-01-22 22:23:28 epoch:0 dataset: 2/17 step: 70/161 time:0.00+0.52 loss_avg:8.4577e-02
INFO: 2024-01-22 22:23:29 epoch:0 dataset: 2/17 step: 71/161 time:0.00+0.51 loss_avg:8.8544e-02
INFO: 2024-01-22 22:23:29 epoch:0 dataset: 2/17 step: 72/161 time:0.00+0.52 loss_avg:9.0018e-02
INFO: 2024-01-22 22:23:30 epoch:0 dataset: 2/17 step: 73/161 time:0.00+0.54 loss_avg:8.9340e-02
INFO: 2024-01-22 22:23:30 epoch:0 dataset: 2/17 step: 74/161 time:0.00+0.52 loss_avg:8.6150e-02
INFO: 2024-01-22 22:23:31 epoch:0 dataset: 2/17 step: 75/161 time:0.00+0.52 loss_avg:8.7387e-02
INFO: 2024-01-22 22:23:31 epoch:0 dataset: 2/17 step: 76/161 time:0.00+0.52 loss_avg:8.7782e-02
INFO: 2024-01-22 22:23:32 epoch:0 dataset: 2/17 step: 77/161 time:0.00+0.52 loss_avg:8.8661e-02
INFO: 2024-01-22 22:23:32 epoch:0 dataset: 2/17 step: 78/161 time:0.00+0.52 loss_avg:8.7073e-02
INFO: 2024-01-22 22:23:33 epoch:0 dataset: 2/17 step: 79/161 time:0.00+0.52 loss_avg:8.5074e-02
INFO: 2024-01-22 22:23:33 epoch:0 dataset: 2/17 step: 80/161 time:0.00+0.53 loss_avg:8.7943e-02
INFO: 2024-01-22 22:23:34 epoch:0 dataset: 2/17 step: 81/161 time:0.00+0.52 loss_avg:8.5101e-02
INFO: 2024-01-22 22:23:34 epoch:0 dataset: 2/17 step: 82/161 time:0.00+0.52 loss_avg:7.9761e-02
INFO: 2024-01-22 22:23:35 epoch:0 dataset: 2/17 step: 83/161 time:0.00+0.52 loss_avg:8.8135e-02
INFO: 2024-01-22 22:23:35 epoch:0 dataset: 2/17 step: 84/161 time:0.00+0.52 loss_avg:8.0743e-02
INFO: 2024-01-22 22:23:36 epoch:0 dataset: 2/17 step: 85/161 time:0.00+0.52 loss_avg:8.6048e-02
INFO: 2024-01-22 22:23:36 epoch:0 dataset: 2/17 step: 86/161 time:0.00+0.53 loss_avg:8.3186e-02
INFO: 2024-01-22 22:23:37 epoch:0 dataset: 2/17 step: 87/161 time:0.00+0.51 loss_avg:8.0759e-02
INFO: 2024-01-22 22:23:37 epoch:0 dataset: 2/17 step: 88/161 time:0.00+0.51 loss_avg:8.6973e-02
INFO: 2024-01-22 22:23:38 epoch:0 dataset: 2/17 step: 89/161 time:0.00+0.52 loss_avg:8.7002e-02
INFO: 2024-01-22 22:23:39 epoch:0 dataset: 2/17 step: 90/161 time:0.00+0.52 loss_avg:8.6871e-02
INFO: 2024-01-22 22:23:39 epoch:0 dataset: 2/17 step: 91/161 time:0.00+0.54 loss_avg:8.8295e-02
INFO: 2024-01-22 22:23:40 epoch:0 dataset: 2/17 step: 92/161 time:0.00+0.54 loss_avg:8.8796e-02
INFO: 2024-01-22 22:23:40 epoch:0 dataset: 2/17 step: 93/161 time:0.00+0.52 loss_avg:8.8376e-02
INFO: 2024-01-22 22:23:41 epoch:0 dataset: 2/17 step: 94/161 time:0.00+0.51 loss_avg:8.8290e-02
INFO: 2024-01-22 22:23:41 epoch:0 dataset: 2/17 step: 95/161 time:0.01+0.53 loss_avg:8.6722e-02
INFO: 2024-01-22 22:23:42 epoch:0 dataset: 2/17 step: 96/161 time:0.00+0.52 loss_avg:8.6762e-02
INFO: 2024-01-22 22:23:42 epoch:0 dataset: 2/17 step: 97/161 time:0.00+0.52 loss_avg:8.7406e-02
INFO: 2024-01-22 22:23:43 epoch:0 dataset: 2/17 step: 98/161 time:0.00+0.52 loss_avg:8.5453e-02
INFO: 2024-01-22 22:23:43 epoch:0 dataset: 2/17 step: 99/161 time:0.00+0.52 loss_avg:8.8201e-02
INFO: 2024-01-22 22:23:44 epoch:0 dataset: 2/17 step: 100/161 time:0.00+0.53 loss_avg:9.0013e-02
INFO: 2024-01-22 22:23:44 epoch:0 dataset: 2/17 step: 101/161 time:0.00+0.53 loss_avg:8.9264e-02
INFO: 2024-01-22 22:23:45 epoch:0 dataset: 2/17 step: 102/161 time:0.00+0.53 loss_avg:8.5974e-02
INFO: 2024-01-22 22:23:45 epoch:0 dataset: 2/17 step: 103/161 time:0.00+0.52 loss_avg:8.5570e-02
INFO: 2024-01-22 22:23:46 epoch:0 dataset: 2/17 step: 104/161 time:0.00+0.52 loss_avg:7.8347e-02
INFO: 2024-01-22 22:23:46 epoch:0 dataset: 2/17 step: 105/161 time:0.01+0.52 loss_avg:8.5639e-02
INFO: 2024-01-22 22:23:47 epoch:0 dataset: 2/17 step: 106/161 time:0.00+0.51 loss_avg:8.9988e-02
