INFO: 2024-01-17 23:23:07 Argument batch_size: 8
INFO: 2024-01-17 23:23:07 Argument block_num: 9
INFO: 2024-01-17 23:23:07 Argument code_test: False
INFO: 2024-01-17 23:23:07 Argument cut_off: True
INFO: 2024-01-17 23:23:07 Argument data_train_path: ./../data/data_96/train/
INFO: 2024-01-17 23:23:07 Argument data_val_path: ./../data/data_96/val/data_val_chr19_96.npy
INFO: 2024-01-17 23:23:07 Argument device_id: 0
INFO: 2024-01-17 23:23:07 Argument dynamics: True
INFO: 2024-01-17 23:23:07 Argument early_stoppage_epochs: 5
INFO: 2024-01-17 23:23:07 Argument early_stoppage_start: 400
INFO: 2024-01-17 23:23:07 Argument epoch: 150
INFO: 2024-01-17 23:23:07 Argument learning_rate: None
INFO: 2024-01-17 23:23:07 Argument local_rank: 0
INFO: 2024-01-17 23:23:07 Argument loss: single_channel_L1_no_vgg
INFO: 2024-01-17 23:23:07 Argument max_HiC: 250
INFO: 2024-01-17 23:23:07 Argument num_gpu: 1
INFO: 2024-01-17 23:23:07 Argument num_workers: 1
INFO: 2024-01-17 23:23:07 Argument patch_size: 96
INFO: 2024-01-17 23:23:07 Argument resume_epoch: 0
INFO: 2024-01-17 23:23:07 Argument resume_path: None
INFO: 2024-01-17 23:23:07 Argument rgb: False
INFO: 2024-01-17 23:23:07 Argument train_dataset: hic
INFO: 2024-01-17 23:23:07 Argument val_datasets: ['hic']
INFO: Defualt learning rate schedule
INFO: 2024-01-17 23:23:37 epoch:0 dataset: 1/17 step: 0/125 time:2.48+6.77 loss_avg:1.1886e-01
INFO: 2024-01-17 23:23:38 epoch:0 dataset: 1/17 step: 1/125 time:0.01+1.42 loss_avg:1.1847e-01
INFO: 2024-01-17 23:23:39 epoch:0 dataset: 1/17 step: 2/125 time:0.01+1.40 loss_avg:1.2078e-01
INFO: 2024-01-17 23:23:41 epoch:0 dataset: 1/17 step: 3/125 time:0.01+1.42 loss_avg:1.1718e-01
INFO: 2024-01-17 23:23:42 epoch:0 dataset: 1/17 step: 4/125 time:0.00+1.46 loss_avg:1.2047e-01
INFO: 2024-01-17 23:23:44 epoch:0 dataset: 1/17 step: 5/125 time:0.01+1.45 loss_avg:1.2081e-01
INFO: 2024-01-17 23:23:45 epoch:0 dataset: 1/17 step: 6/125 time:0.01+1.41 loss_avg:1.2136e-01
INFO: 2024-01-17 23:23:47 epoch:0 dataset: 1/17 step: 7/125 time:0.00+1.40 loss_avg:1.1844e-01
INFO: 2024-01-17 23:23:48 epoch:0 dataset: 1/17 step: 8/125 time:0.01+1.44 loss_avg:1.2221e-01
INFO: 2024-01-17 23:23:50 epoch:0 dataset: 1/17 step: 9/125 time:0.01+1.47 loss_avg:9.8601e-02
INFO: 2024-01-17 23:23:51 epoch:0 dataset: 1/17 step: 10/125 time:0.01+1.47 loss_avg:1.1325e-01
INFO: 2024-01-17 23:23:52 epoch:0 dataset: 1/17 step: 11/125 time:0.01+1.40 loss_avg:1.1971e-01
INFO: 2024-01-17 23:23:54 epoch:0 dataset: 1/17 step: 12/125 time:0.00+1.41 loss_avg:1.1547e-01
INFO: 2024-01-17 23:23:55 epoch:0 dataset: 1/17 step: 13/125 time:0.00+1.42 loss_avg:1.2238e-01
INFO: 2024-01-17 23:23:57 epoch:0 dataset: 1/17 step: 14/125 time:0.01+1.42 loss_avg:1.2123e-01
INFO: 2024-01-17 23:23:58 epoch:0 dataset: 1/17 step: 15/125 time:0.01+1.45 loss_avg:1.2425e-01
INFO: 2024-01-17 23:24:00 epoch:0 dataset: 1/17 step: 16/125 time:0.00+1.45 loss_avg:1.2410e-01
INFO: 2024-01-17 23:24:01 epoch:0 dataset: 1/17 step: 17/125 time:0.01+1.45 loss_avg:1.1986e-01
INFO: 2024-01-17 23:24:03 epoch:0 dataset: 1/17 step: 18/125 time:0.01+1.41 loss_avg:1.1730e-01
INFO: 2024-01-17 23:24:04 epoch:0 dataset: 1/17 step: 19/125 time:0.01+1.42 loss_avg:1.1576e-01
INFO: 2024-01-17 23:24:05 epoch:0 dataset: 1/17 step: 20/125 time:0.01+1.41 loss_avg:1.1708e-01
INFO: 2024-01-17 23:24:07 epoch:0 dataset: 1/17 step: 21/125 time:0.01+1.42 loss_avg:1.1754e-01
INFO: 2024-01-17 23:24:08 epoch:0 dataset: 1/17 step: 22/125 time:0.01+1.42 loss_avg:1.1873e-01
INFO: 2024-01-17 23:24:10 epoch:0 dataset: 1/17 step: 23/125 time:0.01+1.43 loss_avg:1.1852e-01
INFO: 2024-01-17 23:24:11 epoch:0 dataset: 1/17 step: 24/125 time:0.01+1.75 loss_avg:1.2410e-01
INFO: 2024-01-17 23:24:14 epoch:0 dataset: 1/17 step: 25/125 time:0.01+2.68 loss_avg:1.1906e-01
INFO: 2024-01-17 23:24:17 epoch:0 dataset: 1/17 step: 26/125 time:0.01+2.69 loss_avg:1.1868e-01
INFO: 2024-01-17 23:24:19 epoch:0 dataset: 1/17 step: 27/125 time:0.01+2.39 loss_avg:1.2127e-01
INFO: 2024-01-17 23:24:21 epoch:0 dataset: 1/17 step: 28/125 time:0.00+1.93 loss_avg:1.1432e-01
INFO: 2024-01-17 23:24:23 epoch:0 dataset: 1/17 step: 29/125 time:0.00+1.79 loss_avg:1.1462e-01
INFO: 2024-01-17 23:24:25 epoch:0 dataset: 1/17 step: 30/125 time:0.00+2.44 loss_avg:1.1808e-01
INFO: 2024-01-17 23:24:27 epoch:0 dataset: 1/17 step: 31/125 time:0.02+2.02 loss_avg:1.2125e-01
INFO: 2024-01-17 23:24:30 epoch:0 dataset: 1/17 step: 32/125 time:0.02+2.69 loss_avg:1.1900e-01
INFO: 2024-01-17 23:24:33 epoch:0 dataset: 1/17 step: 33/125 time:0.00+2.68 loss_avg:1.1973e-01
INFO: 2024-01-17 23:24:35 epoch:0 dataset: 1/17 step: 34/125 time:0.01+2.63 loss_avg:1.1531e-01
INFO: 2024-01-17 23:24:37 epoch:0 dataset: 1/17 step: 35/125 time:0.01+1.97 loss_avg:1.1720e-01
INFO: 2024-01-17 23:24:39 epoch:0 dataset: 1/17 step: 36/125 time:0.01+1.46 loss_avg:1.1881e-01
INFO: 2024-01-17 23:24:40 epoch:0 dataset: 1/17 step: 37/125 time:0.01+1.43 loss_avg:1.1083e-01
INFO: 2024-01-17 23:24:42 epoch:0 dataset: 1/17 step: 38/125 time:0.01+1.42 loss_avg:1.2192e-01
INFO: 2024-01-17 23:24:43 epoch:0 dataset: 1/17 step: 39/125 time:0.01+1.42 loss_avg:1.1515e-01
INFO: 2024-01-17 23:24:46 epoch:0 dataset: 1/17 step: 40/125 time:0.01+2.85 loss_avg:1.1734e-01
INFO: 2024-01-17 23:24:48 epoch:0 dataset: 1/17 step: 41/125 time:0.01+2.37 loss_avg:1.2146e-01
INFO: 2024-01-17 23:24:49 epoch:0 dataset: 1/17 step: 42/125 time:0.01+0.59 loss_avg:1.1897e-01
INFO: 2024-01-17 23:24:50 epoch:0 dataset: 1/17 step: 43/125 time:0.00+0.51 loss_avg:1.1209e-01
INFO: 2024-01-17 23:24:50 epoch:0 dataset: 1/17 step: 44/125 time:0.00+0.52 loss_avg:1.1632e-01
INFO: 2024-01-17 23:24:51 epoch:0 dataset: 1/17 step: 45/125 time:0.00+1.25 loss_avg:1.1977e-01
INFO: 2024-01-17 23:24:53 epoch:0 dataset: 1/17 step: 46/125 time:0.02+2.09 loss_avg:1.1689e-01
INFO: 2024-01-17 23:24:55 epoch:0 dataset: 1/17 step: 47/125 time:0.01+1.95 loss_avg:1.0316e-01
INFO: 2024-01-17 23:24:58 epoch:0 dataset: 1/17 step: 48/125 time:0.00+2.67 loss_avg:1.1096e-01
INFO: 2024-01-17 23:25:01 epoch:0 dataset: 1/17 step: 49/125 time:0.03+2.65 loss_avg:1.1592e-01
INFO: 2024-01-17 23:25:03 epoch:0 dataset: 1/17 step: 50/125 time:0.02+2.66 loss_avg:1.1255e-01
INFO: 2024-01-17 23:25:06 epoch:0 dataset: 1/17 step: 51/125 time:0.01+2.68 loss_avg:1.1629e-01
INFO: 2024-01-17 23:25:09 epoch:0 dataset: 1/17 step: 52/125 time:0.02+2.63 loss_avg:1.0425e-01
INFO: 2024-01-17 23:25:11 epoch:0 dataset: 1/17 step: 53/125 time:0.01+2.64 loss_avg:1.2294e-01
INFO: 2024-01-17 23:25:14 epoch:0 dataset: 1/17 step: 54/125 time:0.01+2.66 loss_avg:1.1089e-01
INFO: 2024-01-17 23:25:16 epoch:0 dataset: 1/17 step: 55/125 time:0.01+2.35 loss_avg:1.2273e-01
INFO: 2024-01-17 23:25:19 epoch:0 dataset: 1/17 step: 56/125 time:0.01+2.39 loss_avg:1.1555e-01
INFO: 2024-01-17 23:25:21 epoch:0 dataset: 1/17 step: 57/125 time:0.01+2.64 loss_avg:1.1613e-01
INFO: 2024-01-17 23:25:24 epoch:0 dataset: 1/17 step: 58/125 time:0.01+2.22 loss_avg:1.1616e-01
INFO: 2024-01-17 23:25:26 epoch:0 dataset: 1/17 step: 59/125 time:0.00+2.60 loss_avg:1.0592e-01
INFO: 2024-01-17 23:25:28 epoch:0 dataset: 1/17 step: 60/125 time:0.00+1.95 loss_avg:1.1862e-01
INFO: 2024-01-17 23:25:30 epoch:0 dataset: 1/17 step: 61/125 time:0.02+2.17 loss_avg:1.1865e-01
INFO: 2024-01-17 23:25:33 epoch:0 dataset: 1/17 step: 62/125 time:0.01+2.19 loss_avg:1.1309e-01
INFO: 2024-01-17 23:25:35 epoch:0 dataset: 1/17 step: 63/125 time:0.00+2.26 loss_avg:1.1820e-01
INFO: 2024-01-17 23:25:37 epoch:0 dataset: 1/17 step: 64/125 time:0.01+2.35 loss_avg:1.1576e-01
INFO: 2024-01-17 23:25:39 epoch:0 dataset: 1/17 step: 65/125 time:0.00+1.73 loss_avg:1.0757e-01
INFO: 2024-01-17 23:25:41 epoch:0 dataset: 1/17 step: 66/125 time:0.00+1.73 loss_avg:1.1280e-01
INFO: 2024-01-17 23:25:42 epoch:0 dataset: 1/17 step: 67/125 time:0.00+1.74 loss_avg:1.1556e-01
INFO: 2024-01-17 23:25:45 epoch:0 dataset: 1/17 step: 68/125 time:0.00+2.27 loss_avg:1.1115e-01
INFO: 2024-01-17 23:25:47 epoch:0 dataset: 1/17 step: 69/125 time:0.03+2.65 loss_avg:1.1789e-01
INFO: 2024-01-17 23:25:50 epoch:0 dataset: 1/17 step: 70/125 time:0.02+2.49 loss_avg:1.1322e-01
INFO: 2024-01-17 23:25:53 epoch:0 dataset: 1/17 step: 71/125 time:0.01+2.74 loss_avg:1.1279e-01
INFO: 2024-01-17 23:25:55 epoch:0 dataset: 1/17 step: 72/125 time:0.01+1.82 loss_avg:1.1163e-01
INFO: 2024-01-17 23:25:57 epoch:0 dataset: 1/17 step: 73/125 time:0.01+2.68 loss_avg:1.1647e-01
INFO: 2024-01-17 23:26:00 epoch:0 dataset: 1/17 step: 74/125 time:0.01+2.30 loss_avg:1.0087e-01
INFO: 2024-01-17 23:26:02 epoch:0 dataset: 1/17 step: 75/125 time:0.01+2.71 loss_avg:1.1256e-01
INFO: 2024-01-17 23:26:05 epoch:0 dataset: 1/17 step: 76/125 time:0.01+2.72 loss_avg:1.1353e-01
INFO: 2024-01-17 23:26:08 epoch:0 dataset: 1/17 step: 77/125 time:0.01+2.58 loss_avg:1.1147e-01
INFO: 2024-01-17 23:26:10 epoch:0 dataset: 1/17 step: 78/125 time:0.01+2.01 loss_avg:1.1709e-01
INFO: 2024-01-17 23:26:11 epoch:0 dataset: 1/17 step: 79/125 time:0.00+1.73 loss_avg:1.1698e-01
INFO: 2024-01-17 23:26:13 epoch:0 dataset: 1/17 step: 80/125 time:0.00+1.74 loss_avg:1.0099e-01
INFO: 2024-01-17 23:26:15 epoch:0 dataset: 1/17 step: 81/125 time:0.00+1.73 loss_avg:1.1590e-01
INFO: 2024-01-17 23:26:17 epoch:0 dataset: 1/17 step: 82/125 time:0.00+2.40 loss_avg:1.0999e-01
INFO: 2024-01-17 23:26:19 epoch:0 dataset: 1/17 step: 83/125 time:0.00+1.74 loss_avg:1.1379e-01
INFO: 2024-01-17 23:26:21 epoch:0 dataset: 1/17 step: 84/125 time:0.00+2.26 loss_avg:1.1435e-01
INFO: 2024-01-17 23:26:24 epoch:0 dataset: 1/17 step: 85/125 time:0.02+2.33 loss_avg:1.1345e-01
INFO: 2024-01-17 23:26:25 epoch:0 dataset: 1/17 step: 86/125 time:0.03+1.41 loss_avg:1.1379e-01
INFO: 2024-01-17 23:26:26 epoch:0 dataset: 1/17 step: 87/125 time:0.01+1.42 loss_avg:1.0748e-01
INFO: 2024-01-17 23:26:28 epoch:0 dataset: 1/17 step: 88/125 time:0.01+1.42 loss_avg:1.1489e-01
INFO: 2024-01-17 23:26:29 epoch:0 dataset: 1/17 step: 89/125 time:0.01+1.41 loss_avg:1.1883e-01
INFO: 2024-01-17 23:26:31 epoch:0 dataset: 1/17 step: 90/125 time:0.01+1.41 loss_avg:1.1524e-01
INFO: 2024-01-17 23:26:33 epoch:0 dataset: 1/17 step: 91/125 time:0.01+2.05 loss_avg:1.1810e-01
INFO: 2024-01-17 23:26:35 epoch:0 dataset: 1/17 step: 92/125 time:0.00+2.44 loss_avg:1.1777e-01
INFO: 2024-01-17 23:26:37 epoch:0 dataset: 1/17 step: 93/125 time:0.02+2.15 loss_avg:1.1563e-01
INFO: 2024-01-17 23:26:40 epoch:0 dataset: 1/17 step: 94/125 time:0.00+2.45 loss_avg:9.6087e-02
INFO: 2024-01-17 23:26:42 epoch:0 dataset: 1/17 step: 95/125 time:0.02+2.11 loss_avg:1.0846e-01
INFO: 2024-01-17 23:26:44 epoch:0 dataset: 1/17 step: 96/125 time:0.00+1.73 loss_avg:1.1523e-01
INFO: 2024-01-17 23:26:46 epoch:0 dataset: 1/17 step: 97/125 time:0.00+2.24 loss_avg:1.1985e-01
INFO: 2024-01-17 23:26:49 epoch:0 dataset: 1/17 step: 98/125 time:0.02+2.61 loss_avg:1.1361e-01
INFO: 2024-01-17 23:26:51 epoch:0 dataset: 1/17 step: 99/125 time:0.01+2.61 loss_avg:1.0931e-01
INFO: 2024-01-17 23:26:54 epoch:0 dataset: 1/17 step: 100/125 time:0.01+2.65 loss_avg:1.0786e-01
INFO: 2024-01-17 23:26:56 epoch:0 dataset: 1/17 step: 101/125 time:0.01+2.63 loss_avg:1.1439e-01
INFO: 2024-01-17 23:26:59 epoch:0 dataset: 1/17 step: 102/125 time:0.01+2.22 loss_avg:1.1018e-01
INFO: 2024-01-17 23:27:01 epoch:0 dataset: 1/17 step: 103/125 time:0.01+1.92 loss_avg:1.1803e-01
INFO: 2024-01-17 23:27:03 epoch:0 dataset: 1/17 step: 104/125 time:0.00+1.95 loss_avg:1.1538e-01
INFO: 2024-01-17 23:27:04 epoch:0 dataset: 1/17 step: 105/125 time:0.01+1.41 loss_avg:1.1266e-01
INFO: 2024-01-17 23:27:05 epoch:0 dataset: 1/17 step: 106/125 time:0.01+1.41 loss_avg:1.1084e-01
INFO: 2024-01-17 23:27:07 epoch:0 dataset: 1/17 step: 107/125 time:0.01+1.41 loss_avg:1.0987e-01
INFO: 2024-01-17 23:27:08 epoch:0 dataset: 1/17 step: 108/125 time:0.01+1.42 loss_avg:1.1509e-01
INFO: 2024-01-17 23:27:10 epoch:0 dataset: 1/17 step: 109/125 time:0.01+1.41 loss_avg:1.1226e-01
INFO: 2024-01-17 23:27:11 epoch:0 dataset: 1/17 step: 110/125 time:0.01+1.41 loss_avg:1.0466e-01
INFO: 2024-01-17 23:27:12 epoch:0 dataset: 1/17 step: 111/125 time:0.01+1.42 loss_avg:1.0807e-01
INFO: 2024-01-17 23:27:14 epoch:0 dataset: 1/17 step: 112/125 time:0.01+1.43 loss_avg:1.1290e-01
INFO: 2024-01-17 23:27:15 epoch:0 dataset: 1/17 step: 113/125 time:0.01+1.43 loss_avg:1.1507e-01
INFO: 2024-01-17 23:27:17 epoch:0 dataset: 1/17 step: 114/125 time:0.01+1.44 loss_avg:1.1028e-01
INFO: 2024-01-17 23:27:18 epoch:0 dataset: 1/17 step: 115/125 time:0.01+1.46 loss_avg:1.1541e-01
INFO: 2024-01-17 23:27:20 epoch:0 dataset: 1/17 step: 116/125 time:0.01+1.41 loss_avg:1.1432e-01
INFO: 2024-01-17 23:27:21 epoch:0 dataset: 1/17 step: 117/125 time:0.01+1.41 loss_avg:1.0972e-01
INFO: 2024-01-17 23:27:23 epoch:0 dataset: 1/17 step: 118/125 time:0.01+1.41 loss_avg:1.1071e-01
INFO: 2024-01-17 23:27:24 epoch:0 dataset: 1/17 step: 119/125 time:0.01+1.42 loss_avg:1.1153e-01
INFO: 2024-01-17 23:27:25 epoch:0 dataset: 1/17 step: 120/125 time:0.00+1.41 loss_avg:1.1327e-01
INFO: 2024-01-17 23:27:27 epoch:0 dataset: 1/17 step: 121/125 time:0.01+1.41 loss_avg:9.9916e-02
INFO: 2024-01-17 23:27:28 epoch:0 dataset: 1/17 step: 122/125 time:0.01+1.42 loss_avg:1.0708e-01
INFO: 2024-01-17 23:27:30 epoch:0 dataset: 1/17 step: 123/125 time:0.01+1.41 loss_avg:1.1326e-01
INFO: 2024-01-17 23:27:31 epoch:0 dataset: 1/17 step: 124/125 time:0.01+1.45 loss_avg:1.0515e-01
INFO: Training on data_train_chr9_96.npy complete.
INFO: 2024-01-17 23:27:32 epoch:0 dataset: 2/17 step: 0/103 time:0.58+0.53 loss_avg:1.0729e-01
INFO: 2024-01-17 23:27:33 epoch:0 dataset: 2/17 step: 1/103 time:0.00+0.50 loss_avg:1.0949e-01
INFO: 2024-01-17 23:27:33 epoch:0 dataset: 2/17 step: 2/103 time:0.00+0.51 loss_avg:1.0375e-01
INFO: 2024-01-17 23:27:35 epoch:0 dataset: 2/17 step: 3/103 time:0.00+1.42 loss_avg:8.6546e-02
INFO: 2024-01-17 23:27:35 epoch:0 dataset: 2/17 step: 4/103 time:0.01+0.53 loss_avg:1.0765e-01
INFO: 2024-01-17 23:27:37 epoch:0 dataset: 2/17 step: 5/103 time:0.01+1.73 loss_avg:1.0632e-01
INFO: 2024-01-17 23:27:39 epoch:0 dataset: 2/17 step: 6/103 time:0.01+1.72 loss_avg:1.0409e-01
INFO: 2024-01-17 23:27:40 epoch:0 dataset: 2/17 step: 7/103 time:0.01+1.71 loss_avg:1.0313e-01
INFO: 2024-01-17 23:27:42 epoch:0 dataset: 2/17 step: 8/103 time:0.01+1.89 loss_avg:1.0703e-01
INFO: 2024-01-17 23:27:44 epoch:0 dataset: 2/17 step: 9/103 time:0.01+2.05 loss_avg:1.0564e-01
INFO: 2024-01-17 23:27:46 epoch:0 dataset: 2/17 step: 10/103 time:0.01+1.71 loss_avg:1.0498e-01
INFO: 2024-01-17 23:27:48 epoch:0 dataset: 2/17 step: 11/103 time:0.01+1.71 loss_avg:9.4964e-02
INFO: 2024-01-17 23:27:50 epoch:0 dataset: 2/17 step: 12/103 time:0.01+2.18 loss_avg:1.0481e-01
INFO: 2024-01-17 23:27:53 epoch:0 dataset: 2/17 step: 13/103 time:0.01+2.61 loss_avg:1.0205e-01
INFO: 2024-01-17 23:27:54 epoch:0 dataset: 2/17 step: 14/103 time:0.01+1.88 loss_avg:1.0519e-01
INFO: 2024-01-17 23:27:56 epoch:0 dataset: 2/17 step: 15/103 time:0.00+1.91 loss_avg:1.0599e-01
INFO: 2024-01-17 23:27:58 epoch:0 dataset: 2/17 step: 16/103 time:0.00+1.84 loss_avg:1.0906e-01
INFO: 2024-01-17 23:28:00 epoch:0 dataset: 2/17 step: 17/103 time:0.00+1.72 loss_avg:1.0538e-01
INFO: 2024-01-17 23:28:02 epoch:0 dataset: 2/17 step: 18/103 time:0.00+2.09 loss_avg:1.0788e-01
INFO: 2024-01-17 23:28:04 epoch:0 dataset: 2/17 step: 19/103 time:0.01+1.47 loss_avg:1.0571e-01
INFO: 2024-01-17 23:28:05 epoch:0 dataset: 2/17 step: 20/103 time:0.00+1.48 loss_avg:1.0737e-01
INFO: 2024-01-17 23:28:08 epoch:0 dataset: 2/17 step: 21/103 time:0.01+2.66 loss_avg:1.0722e-01
INFO: 2024-01-17 23:28:09 epoch:0 dataset: 2/17 step: 22/103 time:0.01+1.74 loss_avg:1.0854e-01
INFO: 2024-01-17 23:28:11 epoch:0 dataset: 2/17 step: 23/103 time:0.01+1.41 loss_avg:1.0867e-01
INFO: 2024-01-17 23:28:12 epoch:0 dataset: 2/17 step: 24/103 time:0.01+1.42 loss_avg:1.0944e-01
INFO: 2024-01-17 23:28:14 epoch:0 dataset: 2/17 step: 25/103 time:0.01+1.68 loss_avg:8.8578e-02
INFO: 2024-01-17 23:28:17 epoch:0 dataset: 2/17 step: 26/103 time:0.01+2.77 loss_avg:9.4256e-02
INFO: 2024-01-17 23:28:19 epoch:0 dataset: 2/17 step: 27/103 time:0.01+2.69 loss_avg:1.0639e-01
INFO: 2024-01-17 23:28:22 epoch:0 dataset: 2/17 step: 28/103 time:0.02+2.73 loss_avg:1.0906e-01
INFO: 2024-01-17 23:28:25 epoch:0 dataset: 2/17 step: 29/103 time:0.01+2.68 loss_avg:1.1015e-01
INFO: 2024-01-17 23:28:28 epoch:0 dataset: 2/17 step: 30/103 time:0.01+2.65 loss_avg:1.0695e-01
INFO: 2024-01-17 23:28:29 epoch:0 dataset: 2/17 step: 31/103 time:0.01+1.52 loss_avg:1.0846e-01
INFO: 2024-01-17 23:28:31 epoch:0 dataset: 2/17 step: 32/103 time:0.01+1.71 loss_avg:1.0625e-01
INFO: 2024-01-17 23:28:33 epoch:0 dataset: 2/17 step: 33/103 time:0.00+2.61 loss_avg:1.0550e-01
INFO: 2024-01-17 23:28:35 epoch:0 dataset: 2/17 step: 34/103 time:0.01+1.43 loss_avg:1.0613e-01
INFO: 2024-01-17 23:28:36 epoch:0 dataset: 2/17 step: 35/103 time:0.01+1.41 loss_avg:1.0544e-01
INFO: 2024-01-17 23:28:38 epoch:0 dataset: 2/17 step: 36/103 time:0.01+1.41 loss_avg:1.1211e-01
INFO: 2024-01-17 23:28:39 epoch:0 dataset: 2/17 step: 37/103 time:0.01+1.42 loss_avg:1.0476e-01
INFO: 2024-01-17 23:28:41 epoch:0 dataset: 2/17 step: 38/103 time:0.00+1.42 loss_avg:1.0173e-01
INFO: 2024-01-17 23:28:43 epoch:0 dataset: 2/17 step: 39/103 time:0.01+2.65 loss_avg:1.0647e-01
INFO: 2024-01-17 23:28:46 epoch:0 dataset: 2/17 step: 40/103 time:0.01+2.44 loss_avg:1.0870e-01
INFO: 2024-01-17 23:28:48 epoch:0 dataset: 2/17 step: 41/103 time:0.00+2.68 loss_avg:1.0518e-01
INFO: 2024-01-17 23:28:51 epoch:0 dataset: 2/17 step: 42/103 time:0.01+2.63 loss_avg:1.0504e-01
INFO: 2024-01-17 23:28:54 epoch:0 dataset: 2/17 step: 43/103 time:0.01+2.67 loss_avg:1.0492e-01
INFO: 2024-01-17 23:28:55 epoch:0 dataset: 2/17 step: 44/103 time:0.01+1.51 loss_avg:1.0492e-01
INFO: 2024-01-17 23:28:58 epoch:0 dataset: 2/17 step: 45/103 time:0.01+2.76 loss_avg:1.0906e-01
INFO: 2024-01-17 23:29:00 epoch:0 dataset: 2/17 step: 46/103 time:0.01+2.41 loss_avg:1.0757e-01
INFO: 2024-01-17 23:29:03 epoch:0 dataset: 2/17 step: 47/103 time:0.01+2.69 loss_avg:1.0092e-01
INFO: 2024-01-17 23:29:06 epoch:0 dataset: 2/17 step: 48/103 time:0.01+2.77 loss_avg:1.0911e-01
INFO: 2024-01-17 23:29:08 epoch:0 dataset: 2/17 step: 49/103 time:0.01+2.55 loss_avg:1.0979e-01
INFO: 2024-01-17 23:29:10 epoch:0 dataset: 2/17 step: 50/103 time:0.01+1.51 loss_avg:1.0726e-01
INFO: 2024-01-17 23:29:12 epoch:0 dataset: 2/17 step: 51/103 time:0.01+2.31 loss_avg:1.0505e-01
INFO: 2024-01-17 23:29:15 epoch:0 dataset: 2/17 step: 52/103 time:0.00+2.52 loss_avg:1.0923e-01
INFO: 2024-01-17 23:29:17 epoch:0 dataset: 2/17 step: 53/103 time:0.03+2.63 loss_avg:9.6432e-02
INFO: 2024-01-17 23:29:20 epoch:0 dataset: 2/17 step: 54/103 time:0.02+2.66 loss_avg:9.7001e-02
INFO: 2024-01-17 23:29:22 epoch:0 dataset: 2/17 step: 55/103 time:0.02+2.12 loss_avg:1.0497e-01
INFO: 2024-01-17 23:29:24 epoch:0 dataset: 2/17 step: 56/103 time:0.00+2.20 loss_avg:1.0500e-01
INFO: 2024-01-17 23:29:25 epoch:0 dataset: 2/17 step: 57/103 time:0.00+0.76 loss_avg:1.0422e-01
INFO: 2024-01-17 23:29:27 epoch:0 dataset: 2/17 step: 58/103 time:0.03+1.63 loss_avg:1.0871e-01
INFO: 2024-01-17 23:29:28 epoch:0 dataset: 2/17 step: 59/103 time:0.02+1.53 loss_avg:1.0764e-01
INFO: 2024-01-17 23:29:30 epoch:0 dataset: 2/17 step: 60/103 time:0.02+1.53 loss_avg:1.0128e-01
INFO: 2024-01-17 23:29:31 epoch:0 dataset: 2/17 step: 61/103 time:0.02+1.35 loss_avg:9.9250e-02
INFO: 2024-01-17 23:29:33 epoch:0 dataset: 2/17 step: 62/103 time:0.01+1.35 loss_avg:1.0608e-01
INFO: 2024-01-17 23:29:34 epoch:0 dataset: 2/17 step: 63/103 time:0.01+1.47 loss_avg:1.0952e-01
INFO: 2024-01-17 23:29:36 epoch:0 dataset: 2/17 step: 64/103 time:0.01+1.42 loss_avg:1.0392e-01
INFO: 2024-01-17 23:29:37 epoch:0 dataset: 2/17 step: 65/103 time:0.01+1.41 loss_avg:1.0683e-01
INFO: 2024-01-17 23:29:38 epoch:0 dataset: 2/17 step: 66/103 time:0.01+1.42 loss_avg:1.0728e-01
INFO: 2024-01-17 23:29:40 epoch:0 dataset: 2/17 step: 67/103 time:0.02+1.42 loss_avg:9.7712e-02
INFO: 2024-01-17 23:29:41 epoch:0 dataset: 2/17 step: 68/103 time:0.01+1.42 loss_avg:1.1144e-01
INFO: 2024-01-17 23:29:43 epoch:0 dataset: 2/17 step: 69/103 time:0.02+2.07 loss_avg:1.0869e-01
INFO: 2024-01-17 23:29:45 epoch:0 dataset: 2/17 step: 70/103 time:0.02+1.12 loss_avg:1.0944e-01
INFO: 2024-01-17 23:29:46 epoch:0 dataset: 2/17 step: 71/103 time:0.01+1.66 loss_avg:1.0301e-01
INFO: 2024-01-17 23:29:48 epoch:0 dataset: 2/17 step: 72/103 time:0.02+1.87 loss_avg:1.0472e-01
INFO: 2024-01-17 23:29:50 epoch:0 dataset: 2/17 step: 73/103 time:0.00+1.55 loss_avg:1.0674e-01
INFO: 2024-01-17 23:29:50 epoch:0 dataset: 2/17 step: 74/103 time:0.02+0.60 loss_avg:1.0688e-01
INFO: 2024-01-17 23:29:52 epoch:0 dataset: 2/17 step: 75/103 time:0.01+1.41 loss_avg:1.0615e-01
INFO: 2024-01-17 23:29:53 epoch:0 dataset: 2/17 step: 76/103 time:0.01+1.54 loss_avg:1.0441e-01
INFO: 2024-01-17 23:29:56 epoch:0 dataset: 2/17 step: 77/103 time:0.02+2.61 loss_avg:9.8627e-02
INFO: 2024-01-17 23:29:59 epoch:0 dataset: 2/17 step: 78/103 time:0.01+2.66 loss_avg:1.0166e-01
INFO: 2024-01-17 23:30:00 epoch:0 dataset: 2/17 step: 79/103 time:0.01+1.86 loss_avg:1.0750e-01
INFO: 2024-01-17 23:30:02 epoch:0 dataset: 2/17 step: 80/103 time:0.02+1.33 loss_avg:1.0734e-01
INFO: 2024-01-17 23:30:03 epoch:0 dataset: 2/17 step: 81/103 time:0.01+1.16 loss_avg:1.0817e-01
INFO: 2024-01-17 23:30:05 epoch:0 dataset: 2/17 step: 82/103 time:0.00+2.04 loss_avg:1.0550e-01
INFO: 2024-01-17 23:30:08 epoch:0 dataset: 2/17 step: 83/103 time:0.02+2.62 loss_avg:1.0377e-01
INFO: 2024-01-17 23:30:10 epoch:0 dataset: 2/17 step: 84/103 time:0.01+2.61 loss_avg:1.0859e-01
INFO: 2024-01-17 23:30:12 epoch:0 dataset: 2/17 step: 85/103 time:0.01+1.73 loss_avg:1.0622e-01
INFO: 2024-01-17 23:30:14 epoch:0 dataset: 2/17 step: 86/103 time:0.00+1.93 loss_avg:9.6262e-02
INFO: 2024-01-17 23:30:16 epoch:0 dataset: 2/17 step: 87/103 time:0.00+1.79 loss_avg:1.0550e-01
INFO: 2024-01-17 23:30:18 epoch:0 dataset: 2/17 step: 88/103 time:0.00+2.59 loss_avg:1.0352e-01
INFO: 2024-01-17 23:30:21 epoch:0 dataset: 2/17 step: 89/103 time:0.02+2.60 loss_avg:1.0927e-01
INFO: 2024-01-17 23:30:23 epoch:0 dataset: 2/17 step: 90/103 time:0.00+2.25 loss_avg:1.0834e-01
INFO: 2024-01-17 23:30:26 epoch:0 dataset: 2/17 step: 91/103 time:0.01+2.67 loss_avg:1.0426e-01
INFO: 2024-01-17 23:30:28 epoch:0 dataset: 2/17 step: 92/103 time:0.01+2.02 loss_avg:1.0379e-01
INFO: 2024-01-17 23:30:30 epoch:0 dataset: 2/17 step: 93/103 time:0.01+2.03 loss_avg:1.0974e-01
INFO: 2024-01-17 23:30:32 epoch:0 dataset: 2/17 step: 94/103 time:0.00+2.55 loss_avg:1.0416e-01
INFO: 2024-01-17 23:30:35 epoch:0 dataset: 2/17 step: 95/103 time:0.02+2.53 loss_avg:1.0098e-01
INFO: 2024-01-17 23:30:38 epoch:0 dataset: 2/17 step: 96/103 time:0.03+2.62 loss_avg:1.0606e-01
INFO: 2024-01-17 23:30:40 epoch:0 dataset: 2/17 step: 97/103 time:0.00+2.61 loss_avg:1.0035e-01
INFO: 2024-01-17 23:30:42 epoch:0 dataset: 2/17 step: 98/103 time:0.01+1.42 loss_avg:1.0730e-01
INFO: 2024-01-17 23:30:43 epoch:0 dataset: 2/17 step: 99/103 time:0.01+1.42 loss_avg:1.0570e-01
INFO: 2024-01-17 23:30:45 epoch:0 dataset: 2/17 step: 100/103 time:0.00+1.42 loss_avg:1.1187e-01
INFO: 2024-01-17 23:30:46 epoch:0 dataset: 2/17 step: 101/103 time:0.00+1.41 loss_avg:1.0760e-01
INFO: 2024-01-17 23:30:47 epoch:0 dataset: 2/17 step: 102/103 time:0.01+1.41 loss_avg:1.0372e-01
INFO: Training on data_train_chr15_96.npy complete.
INFO: 2024-01-17 23:30:52 epoch:0 dataset: 3/17 step: 0/158 time:2.95+1.56 loss_avg:1.1158e-01
INFO: 2024-01-17 23:30:53 epoch:0 dataset: 3/17 step: 1/158 time:0.01+1.45 loss_avg:1.0546e-01
INFO: 2024-01-17 23:30:55 epoch:0 dataset: 3/17 step: 2/158 time:0.01+1.45 loss_avg:1.0499e-01
INFO: 2024-01-17 23:30:56 epoch:0 dataset: 3/17 step: 3/158 time:0.01+1.44 loss_avg:1.0188e-01
INFO: 2024-01-17 23:30:58 epoch:0 dataset: 3/17 step: 4/158 time:0.01+1.44 loss_avg:1.0006e-01
INFO: 2024-01-17 23:30:59 epoch:0 dataset: 3/17 step: 5/158 time:0.01+1.42 loss_avg:1.0572e-01
INFO: 2024-01-17 23:31:01 epoch:0 dataset: 3/17 step: 6/158 time:0.00+1.44 loss_avg:1.0978e-01
INFO: 2024-01-17 23:31:02 epoch:0 dataset: 3/17 step: 7/158 time:0.01+1.42 loss_avg:1.0212e-01
INFO: 2024-01-17 23:31:03 epoch:0 dataset: 3/17 step: 8/158 time:0.01+1.42 loss_avg:1.0668e-01
INFO: 2024-01-17 23:31:05 epoch:0 dataset: 3/17 step: 9/158 time:0.01+1.43 loss_avg:8.7863e-02
INFO: 2024-01-17 23:31:06 epoch:0 dataset: 3/17 step: 10/158 time:0.01+1.43 loss_avg:1.0917e-01
INFO: 2024-01-17 23:31:08 epoch:0 dataset: 3/17 step: 11/158 time:0.01+1.44 loss_avg:1.0408e-01
INFO: 2024-01-17 23:31:09 epoch:0 dataset: 3/17 step: 12/158 time:0.01+1.09 loss_avg:1.0596e-01
INFO: 2024-01-17 23:31:10 epoch:0 dataset: 3/17 step: 13/158 time:0.01+1.51 loss_avg:1.1058e-01
INFO: 2024-01-17 23:31:11 epoch:0 dataset: 3/17 step: 14/158 time:0.01+0.78 loss_avg:9.7517e-02
INFO: 2024-01-17 23:31:12 epoch:0 dataset: 3/17 step: 15/158 time:0.00+0.52 loss_avg:1.0244e-01
INFO: 2024-01-17 23:31:13 epoch:0 dataset: 3/17 step: 16/158 time:0.00+1.43 loss_avg:1.0050e-01
INFO: 2024-01-17 23:31:15 epoch:0 dataset: 3/17 step: 17/158 time:0.00+1.74 loss_avg:1.0684e-01
INFO: 2024-01-17 23:31:17 epoch:0 dataset: 3/17 step: 18/158 time:0.00+1.73 loss_avg:9.9441e-02
INFO: 2024-01-17 23:31:18 epoch:0 dataset: 3/17 step: 19/158 time:0.00+1.73 loss_avg:1.0261e-01
INFO: 2024-01-17 23:31:20 epoch:0 dataset: 3/17 step: 20/158 time:0.00+1.98 loss_avg:1.1108e-01
INFO: 2024-01-17 23:31:22 epoch:0 dataset: 3/17 step: 21/158 time:0.02+1.78 loss_avg:9.5370e-02
INFO: 2024-01-17 23:31:23 epoch:0 dataset: 3/17 step: 22/158 time:0.02+1.42 loss_avg:1.1075e-01
INFO: 2024-01-17 23:31:25 epoch:0 dataset: 3/17 step: 23/158 time:0.01+1.41 loss_avg:1.0401e-01
INFO: 2024-01-17 23:31:26 epoch:0 dataset: 3/17 step: 24/158 time:0.01+1.42 loss_avg:1.0411e-01
INFO: 2024-01-17 23:31:28 epoch:0 dataset: 3/17 step: 25/158 time:0.01+1.57 loss_avg:1.0098e-01
INFO: 2024-01-17 23:31:31 epoch:0 dataset: 3/17 step: 26/158 time:0.01+2.66 loss_avg:9.8147e-02
INFO: 2024-01-17 23:31:33 epoch:0 dataset: 3/17 step: 27/158 time:0.01+2.62 loss_avg:1.0441e-01
INFO: 2024-01-17 23:31:36 epoch:0 dataset: 3/17 step: 28/158 time:0.01+2.71 loss_avg:1.0954e-01
INFO: 2024-01-17 23:31:39 epoch:0 dataset: 3/17 step: 29/158 time:0.01+2.72 loss_avg:9.6284e-02
INFO: 2024-01-17 23:31:41 epoch:0 dataset: 3/17 step: 30/158 time:0.00+2.73 loss_avg:1.0968e-01
INFO: 2024-01-17 23:31:44 epoch:0 dataset: 3/17 step: 31/158 time:0.01+2.55 loss_avg:1.0622e-01
INFO: 2024-01-17 23:31:46 epoch:0 dataset: 3/17 step: 32/158 time:0.01+2.53 loss_avg:1.1319e-01
INFO: 2024-01-17 23:31:49 epoch:0 dataset: 3/17 step: 33/158 time:0.01+2.70 loss_avg:1.0762e-01
INFO: 2024-01-17 23:31:53 epoch:0 dataset: 3/17 step: 34/158 time:0.01+3.34 loss_avg:9.8411e-02
INFO: 2024-01-17 23:31:55 epoch:0 dataset: 3/17 step: 35/158 time:0.01+2.61 loss_avg:1.0718e-01
INFO: 2024-01-17 23:31:57 epoch:0 dataset: 3/17 step: 36/158 time:0.01+1.75 loss_avg:9.4785e-02
INFO: 2024-01-17 23:31:59 epoch:0 dataset: 3/17 step: 37/158 time:0.00+2.03 loss_avg:1.0515e-01
INFO: 2024-01-17 23:32:01 epoch:0 dataset: 3/17 step: 38/158 time:0.02+1.93 loss_avg:1.0600e-01
INFO: 2024-01-17 23:32:03 epoch:0 dataset: 3/17 step: 39/158 time:0.00+1.89 loss_avg:1.0779e-01
INFO: 2024-01-17 23:32:05 epoch:0 dataset: 3/17 step: 40/158 time:0.00+1.99 loss_avg:1.0674e-01
INFO: 2024-01-17 23:32:07 epoch:0 dataset: 3/17 step: 41/158 time:0.02+2.62 loss_avg:9.9031e-02
INFO: 2024-01-17 23:32:10 epoch:0 dataset: 3/17 step: 42/158 time:0.01+2.62 loss_avg:9.3454e-02
INFO: 2024-01-17 23:32:12 epoch:0 dataset: 3/17 step: 43/158 time:0.01+2.33 loss_avg:1.0897e-01
INFO: 2024-01-17 23:32:14 epoch:0 dataset: 3/17 step: 44/158 time:0.00+2.03 loss_avg:9.8262e-02
INFO: 2024-01-17 23:32:17 epoch:0 dataset: 3/17 step: 45/158 time:0.02+2.63 loss_avg:8.5977e-02
INFO: 2024-01-17 23:32:19 epoch:0 dataset: 3/17 step: 46/158 time:0.01+2.34 loss_avg:1.0461e-01
INFO: 2024-01-17 23:32:21 epoch:0 dataset: 3/17 step: 47/158 time:0.01+1.45 loss_avg:1.0576e-01
INFO: 2024-01-17 23:32:23 epoch:0 dataset: 3/17 step: 48/158 time:0.01+1.93 loss_avg:9.9702e-02
INFO: 2024-01-17 23:32:24 epoch:0 dataset: 3/17 step: 49/158 time:0.01+1.41 loss_avg:1.0400e-01
INFO: 2024-01-17 23:32:26 epoch:0 dataset: 3/17 step: 50/158 time:0.01+1.43 loss_avg:1.0498e-01
INFO: 2024-01-17 23:32:27 epoch:0 dataset: 3/17 step: 51/158 time:0.01+1.43 loss_avg:9.4731e-02
INFO: 2024-01-17 23:32:29 epoch:0 dataset: 3/17 step: 52/158 time:0.01+1.44 loss_avg:1.1070e-01
INFO: 2024-01-17 23:32:30 epoch:0 dataset: 3/17 step: 53/158 time:0.01+1.44 loss_avg:1.1429e-01
INFO: 2024-01-17 23:32:31 epoch:0 dataset: 3/17 step: 54/158 time:0.01+1.44 loss_avg:1.0487e-01
INFO: 2024-01-17 23:32:33 epoch:0 dataset: 3/17 step: 55/158 time:0.01+1.76 loss_avg:1.0436e-01
INFO: 2024-01-17 23:32:36 epoch:0 dataset: 3/17 step: 56/158 time:0.01+2.65 loss_avg:1.0455e-01
INFO: 2024-01-17 23:32:39 epoch:0 dataset: 3/17 step: 57/158 time:0.01+2.67 loss_avg:1.0387e-01
INFO: 2024-01-17 23:32:41 epoch:0 dataset: 3/17 step: 58/158 time:0.01+2.64 loss_avg:1.0388e-01
INFO: 2024-01-17 23:32:44 epoch:0 dataset: 3/17 step: 59/158 time:0.01+2.59 loss_avg:1.0550e-01
INFO: 2024-01-17 23:32:46 epoch:0 dataset: 3/17 step: 60/158 time:0.00+1.74 loss_avg:9.4432e-02
INFO: 2024-01-17 23:32:48 epoch:0 dataset: 3/17 step: 61/158 time:0.00+2.59 loss_avg:9.7778e-02
INFO: 2024-01-17 23:32:51 epoch:0 dataset: 3/17 step: 62/158 time:0.02+2.38 loss_avg:1.0452e-01
INFO: 2024-01-17 23:32:53 epoch:0 dataset: 3/17 step: 63/158 time:0.02+2.02 loss_avg:9.2791e-02
INFO: 2024-01-17 23:32:53 epoch:0 dataset: 3/17 step: 64/158 time:0.00+0.51 loss_avg:1.0328e-01
INFO: 2024-01-17 23:32:55 epoch:0 dataset: 3/17 step: 65/158 time:0.00+1.52 loss_avg:1.0161e-01
INFO: 2024-01-17 23:32:56 epoch:0 dataset: 3/17 step: 66/158 time:0.01+1.47 loss_avg:1.0431e-01
INFO: 2024-01-17 23:32:58 epoch:0 dataset: 3/17 step: 67/158 time:0.01+1.41 loss_avg:1.0329e-01
INFO: 2024-01-17 23:32:59 epoch:0 dataset: 3/17 step: 68/158 time:0.02+1.42 loss_avg:1.0257e-01
INFO: 2024-01-17 23:33:00 epoch:0 dataset: 3/17 step: 69/158 time:0.01+1.41 loss_avg:1.0178e-01
INFO: 2024-01-17 23:33:02 epoch:0 dataset: 3/17 step: 70/158 time:0.01+1.41 loss_avg:1.0616e-01
INFO: 2024-01-17 23:33:03 epoch:0 dataset: 3/17 step: 71/158 time:0.01+1.43 loss_avg:1.0233e-01
INFO: 2024-01-17 23:33:05 epoch:0 dataset: 3/17 step: 72/158 time:0.01+1.41 loss_avg:1.0570e-01
INFO: 2024-01-17 23:33:06 epoch:0 dataset: 3/17 step: 73/158 time:0.02+1.44 loss_avg:1.0429e-01
INFO: 2024-01-17 23:33:08 epoch:0 dataset: 3/17 step: 74/158 time:0.01+1.41 loss_avg:1.0964e-01
INFO: 2024-01-17 23:33:09 epoch:0 dataset: 3/17 step: 75/158 time:0.01+1.42 loss_avg:1.1037e-01
INFO: 2024-01-17 23:33:10 epoch:0 dataset: 3/17 step: 76/158 time:0.01+1.41 loss_avg:1.0777e-01
INFO: 2024-01-17 23:33:12 epoch:0 dataset: 3/17 step: 77/158 time:0.01+1.42 loss_avg:9.6891e-02
INFO: 2024-01-17 23:33:13 epoch:0 dataset: 3/17 step: 78/158 time:0.01+1.41 loss_avg:1.0172e-01
INFO: 2024-01-17 23:33:15 epoch:0 dataset: 3/17 step: 79/158 time:0.02+1.41 loss_avg:1.0414e-01
INFO: 2024-01-17 23:33:16 epoch:0 dataset: 3/17 step: 80/158 time:0.01+1.41 loss_avg:1.0510e-01
INFO: 2024-01-17 23:33:18 epoch:0 dataset: 3/17 step: 81/158 time:0.01+1.41 loss_avg:1.1081e-01
INFO: 2024-01-17 23:33:19 epoch:0 dataset: 3/17 step: 82/158 time:0.01+1.41 loss_avg:1.0509e-01
INFO: 2024-01-17 23:33:20 epoch:0 dataset: 3/17 step: 83/158 time:0.02+1.41 loss_avg:1.0624e-01
INFO: 2024-01-17 23:33:22 epoch:0 dataset: 3/17 step: 84/158 time:0.01+1.41 loss_avg:1.1099e-01
INFO: 2024-01-17 23:33:23 epoch:0 dataset: 3/17 step: 85/158 time:0.01+1.41 loss_avg:1.0838e-01
INFO: 2024-01-17 23:33:26 epoch:0 dataset: 3/17 step: 86/158 time:0.02+2.30 loss_avg:1.0946e-01
INFO: 2024-01-17 23:33:28 epoch:0 dataset: 3/17 step: 87/158 time:0.01+2.23 loss_avg:1.0753e-01
INFO: 2024-01-17 23:33:30 epoch:0 dataset: 3/17 step: 88/158 time:0.01+2.65 loss_avg:1.0420e-01
INFO: 2024-01-17 23:33:33 epoch:0 dataset: 3/17 step: 89/158 time:0.01+2.35 loss_avg:1.0493e-01
INFO: 2024-01-17 23:33:35 epoch:0 dataset: 3/17 step: 90/158 time:0.01+2.10 loss_avg:1.0777e-01
INFO: 2024-01-17 23:33:38 epoch:0 dataset: 3/17 step: 91/158 time:0.01+2.75 loss_avg:1.0162e-01
INFO: 2024-01-17 23:33:40 epoch:0 dataset: 3/17 step: 92/158 time:0.01+2.22 loss_avg:1.0944e-01
INFO: 2024-01-17 23:33:42 epoch:0 dataset: 3/17 step: 93/158 time:0.00+1.98 loss_avg:1.0312e-01
INFO: 2024-01-17 23:33:44 epoch:0 dataset: 3/17 step: 94/158 time:0.00+2.28 loss_avg:9.6076e-02
INFO: 2024-01-17 23:33:46 epoch:0 dataset: 3/17 step: 95/158 time:0.02+2.06 loss_avg:1.0183e-01
INFO: 2024-01-17 23:33:49 epoch:0 dataset: 3/17 step: 96/158 time:0.01+2.65 loss_avg:9.8338e-02
INFO: 2024-01-17 23:33:51 epoch:0 dataset: 3/17 step: 97/158 time:0.01+2.14 loss_avg:1.1269e-01
INFO: 2024-01-17 23:33:53 epoch:0 dataset: 3/17 step: 98/158 time:0.01+2.10 loss_avg:1.0472e-01
INFO: 2024-01-17 23:33:56 epoch:0 dataset: 3/17 step: 99/158 time:0.01+2.69 loss_avg:9.7659e-02
INFO: 2024-01-17 23:33:58 epoch:0 dataset: 3/17 step: 100/158 time:0.01+2.63 loss_avg:1.0633e-01
INFO: 2024-01-17 23:34:01 epoch:0 dataset: 3/17 step: 101/158 time:0.00+2.60 loss_avg:9.5276e-02
INFO: 2024-01-17 23:34:03 epoch:0 dataset: 3/17 step: 102/158 time:0.02+1.85 loss_avg:1.0449e-01
INFO: 2024-01-17 23:34:05 epoch:0 dataset: 3/17 step: 103/158 time:0.02+1.74 loss_avg:1.1055e-01
INFO: 2024-01-17 23:34:07 epoch:0 dataset: 3/17 step: 104/158 time:0.01+2.31 loss_avg:1.0171e-01
INFO: 2024-01-17 23:34:10 epoch:0 dataset: 3/17 step: 105/158 time:0.00+2.64 loss_avg:9.8475e-02
INFO: 2024-01-17 23:34:12 epoch:0 dataset: 3/17 step: 106/158 time:0.01+2.64 loss_avg:1.1239e-01
INFO: 2024-01-17 23:34:14 epoch:0 dataset: 3/17 step: 107/158 time:0.01+2.06 loss_avg:1.0031e-01
INFO: 2024-01-17 23:34:17 epoch:0 dataset: 3/17 step: 108/158 time:0.01+2.69 loss_avg:1.0755e-01
INFO: 2024-01-17 23:34:19 epoch:0 dataset: 3/17 step: 109/158 time:0.01+2.03 loss_avg:1.0511e-01
INFO: 2024-01-17 23:34:21 epoch:0 dataset: 3/17 step: 110/158 time:0.01+1.41 loss_avg:1.0943e-01
INFO: 2024-01-17 23:34:22 epoch:0 dataset: 3/17 step: 111/158 time:0.01+1.41 loss_avg:1.0448e-01
INFO: 2024-01-17 23:34:23 epoch:0 dataset: 3/17 step: 112/158 time:0.02+1.41 loss_avg:1.0990e-01
INFO: 2024-01-17 23:34:25 epoch:0 dataset: 3/17 step: 113/158 time:0.01+1.41 loss_avg:1.0158e-01
INFO: 2024-01-17 23:34:26 epoch:0 dataset: 3/17 step: 114/158 time:0.02+1.41 loss_avg:1.0395e-01
INFO: 2024-01-17 23:34:28 epoch:0 dataset: 3/17 step: 115/158 time:0.01+1.41 loss_avg:9.9486e-02
INFO: 2024-01-17 23:34:29 epoch:0 dataset: 3/17 step: 116/158 time:0.01+1.43 loss_avg:1.0840e-01
INFO: 2024-01-17 23:34:31 epoch:0 dataset: 3/17 step: 117/158 time:0.01+1.80 loss_avg:9.8947e-02
INFO: 2024-01-17 23:34:32 epoch:0 dataset: 3/17 step: 118/158 time:0.02+1.43 loss_avg:1.0299e-01
INFO: 2024-01-17 23:34:34 epoch:0 dataset: 3/17 step: 119/158 time:0.03+1.42 loss_avg:1.0194e-01
INFO: 2024-01-17 23:34:35 epoch:0 dataset: 3/17 step: 120/158 time:0.02+1.42 loss_avg:1.0251e-01
INFO: 2024-01-17 23:34:37 epoch:0 dataset: 3/17 step: 121/158 time:0.00+1.75 loss_avg:1.0412e-01
INFO: 2024-01-17 23:34:38 epoch:0 dataset: 3/17 step: 122/158 time:0.01+1.43 loss_avg:1.0261e-01
INFO: 2024-01-17 23:34:41 epoch:0 dataset: 3/17 step: 123/158 time:0.03+2.43 loss_avg:1.0823e-01
INFO: 2024-01-17 23:34:44 epoch:0 dataset: 3/17 step: 124/158 time:0.01+2.72 loss_avg:1.0678e-01
INFO: 2024-01-17 23:34:46 epoch:0 dataset: 3/17 step: 125/158 time:0.01+2.36 loss_avg:9.1266e-02
INFO: 2024-01-17 23:34:48 epoch:0 dataset: 3/17 step: 126/158 time:0.01+2.28 loss_avg:9.7228e-02
INFO: 2024-01-17 23:34:51 epoch:0 dataset: 3/17 step: 127/158 time:0.02+2.61 loss_avg:1.0269e-01
INFO: 2024-01-17 23:34:53 epoch:0 dataset: 3/17 step: 128/158 time:0.01+2.29 loss_avg:1.0579e-01
INFO: 2024-01-17 23:34:55 epoch:0 dataset: 3/17 step: 129/158 time:0.02+1.83 loss_avg:9.8175e-02
INFO: 2024-01-17 23:34:58 epoch:0 dataset: 3/17 step: 130/158 time:0.02+2.64 loss_avg:1.0524e-01
INFO: 2024-01-17 23:35:00 epoch:0 dataset: 3/17 step: 131/158 time:0.02+2.68 loss_avg:9.8694e-02
INFO: 2024-01-17 23:35:03 epoch:0 dataset: 3/17 step: 132/158 time:0.02+2.67 loss_avg:1.0195e-01
INFO: 2024-01-17 23:35:06 epoch:0 dataset: 3/17 step: 133/158 time:0.01+2.56 loss_avg:1.0137e-01
INFO: 2024-01-17 23:35:08 epoch:0 dataset: 3/17 step: 134/158 time:0.02+2.72 loss_avg:1.0210e-01
INFO: 2024-01-17 23:35:11 epoch:0 dataset: 3/17 step: 135/158 time:0.02+2.51 loss_avg:9.7178e-02
INFO: 2024-01-17 23:35:13 epoch:0 dataset: 3/17 step: 136/158 time:0.00+2.48 loss_avg:9.6877e-02
INFO: 2024-01-17 23:35:16 epoch:0 dataset: 3/17 step: 137/158 time:0.02+2.65 loss_avg:1.0325e-01
INFO: 2024-01-17 23:35:19 epoch:0 dataset: 3/17 step: 138/158 time:0.03+2.70 loss_avg:1.0263e-01
INFO: 2024-01-17 23:35:21 epoch:0 dataset: 3/17 step: 139/158 time:0.02+2.03 loss_avg:1.0054e-01
INFO: 2024-01-17 23:35:24 epoch:0 dataset: 3/17 step: 140/158 time:0.01+2.70 loss_avg:1.1039e-01
INFO: 2024-01-17 23:35:26 epoch:0 dataset: 3/17 step: 141/158 time:0.01+1.91 loss_avg:9.4472e-02
INFO: 2024-01-17 23:35:27 epoch:0 dataset: 3/17 step: 142/158 time:0.00+1.73 loss_avg:1.0487e-01
INFO: 2024-01-17 23:35:29 epoch:0 dataset: 3/17 step: 143/158 time:0.00+1.83 loss_avg:1.0036e-01
INFO: 2024-01-17 23:35:32 epoch:0 dataset: 3/17 step: 144/158 time:0.02+2.63 loss_avg:1.0247e-01
INFO: 2024-01-17 23:35:34 epoch:0 dataset: 3/17 step: 145/158 time:0.01+2.64 loss_avg:1.0326e-01
INFO: 2024-01-17 23:35:36 epoch:0 dataset: 3/17 step: 146/158 time:0.01+1.47 loss_avg:9.6986e-02
INFO: 2024-01-17 23:35:37 epoch:0 dataset: 3/17 step: 147/158 time:0.02+1.42 loss_avg:1.0251e-01
INFO: 2024-01-17 23:35:39 epoch:0 dataset: 3/17 step: 148/158 time:0.02+1.69 loss_avg:1.0856e-01
INFO: 2024-01-17 23:35:42 epoch:0 dataset: 3/17 step: 149/158 time:0.02+2.67 loss_avg:1.0171e-01
INFO: 2024-01-17 23:35:44 epoch:0 dataset: 3/17 step: 150/158 time:0.01+2.68 loss_avg:1.0511e-01
INFO: 2024-01-17 23:35:47 epoch:0 dataset: 3/17 step: 151/158 time:0.01+2.65 loss_avg:1.0743e-01
INFO: 2024-01-17 23:35:50 epoch:0 dataset: 3/17 step: 152/158 time:0.01+2.64 loss_avg:9.9919e-02
INFO: 2024-01-17 23:35:52 epoch:0 dataset: 3/17 step: 153/158 time:0.01+2.71 loss_avg:1.0779e-01
INFO: 2024-01-17 23:35:54 epoch:0 dataset: 3/17 step: 154/158 time:0.02+1.76 loss_avg:9.7802e-02
INFO: 2024-01-17 23:35:56 epoch:0 dataset: 3/17 step: 155/158 time:0.00+1.86 loss_avg:9.9550e-02
INFO: 2024-01-17 23:35:58 epoch:0 dataset: 3/17 step: 156/158 time:0.00+1.74 loss_avg:1.0529e-01
INFO: 2024-01-17 23:36:00 epoch:0 dataset: 3/17 step: 157/158 time:0.00+1.73 loss_avg:9.1324e-02
INFO: Training on data_train_chr4_96.npy complete.
INFO: 2024-01-17 23:36:02 epoch:0 dataset: 4/17 step: 0/122 time:0.65+1.78 loss_avg:9.4703e-02
INFO: 2024-01-17 23:36:04 epoch:0 dataset: 4/17 step: 1/122 time:0.01+2.13 loss_avg:9.6539e-02
INFO: 2024-01-17 23:36:06 epoch:0 dataset: 4/17 step: 2/122 time:0.01+2.35 loss_avg:1.0395e-01
INFO: 2024-01-17 23:36:09 epoch:0 dataset: 4/17 step: 3/122 time:0.01+2.67 loss_avg:1.0046e-01
INFO: 2024-01-17 23:36:11 epoch:0 dataset: 4/17 step: 4/122 time:0.01+2.34 loss_avg:1.0286e-01
INFO: 2024-01-17 23:36:13 epoch:0 dataset: 4/17 step: 5/122 time:0.01+1.45 loss_avg:1.1066e-01
INFO: 2024-01-17 23:36:15 epoch:0 dataset: 4/17 step: 6/122 time:0.01+2.14 loss_avg:1.0934e-01
INFO: 2024-01-17 23:36:18 epoch:0 dataset: 4/17 step: 7/122 time:0.02+2.54 loss_avg:1.0389e-01
INFO: 2024-01-17 23:36:20 epoch:0 dataset: 4/17 step: 8/122 time:0.01+2.12 loss_avg:9.9551e-02
INFO: 2024-01-17 23:36:22 epoch:0 dataset: 4/17 step: 9/122 time:0.01+2.11 loss_avg:1.1039e-01
INFO: 2024-01-17 23:36:25 epoch:0 dataset: 4/17 step: 10/122 time:0.01+2.87 loss_avg:1.0999e-01
INFO: 2024-01-17 23:36:28 epoch:0 dataset: 4/17 step: 11/122 time:0.01+2.74 loss_avg:8.8752e-02
INFO: 2024-01-17 23:36:29 epoch:0 dataset: 4/17 step: 12/122 time:0.01+1.08 loss_avg:1.0383e-01
INFO: 2024-01-17 23:36:30 epoch:0 dataset: 4/17 step: 13/122 time:0.01+1.07 loss_avg:1.0773e-01
INFO: 2024-01-17 23:36:31 epoch:0 dataset: 4/17 step: 14/122 time:0.01+1.43 loss_avg:1.0950e-01
INFO: 2024-01-17 23:36:33 epoch:0 dataset: 4/17 step: 15/122 time:0.02+1.77 loss_avg:1.1196e-01
INFO: 2024-01-17 23:36:35 epoch:0 dataset: 4/17 step: 16/122 time:0.01+2.17 loss_avg:9.9659e-02
INFO: 2024-01-17 23:36:38 epoch:0 dataset: 4/17 step: 17/122 time:0.01+2.55 loss_avg:9.7305e-02
INFO: 2024-01-17 23:36:39 epoch:0 dataset: 4/17 step: 18/122 time:0.01+1.72 loss_avg:9.7127e-02
INFO: 2024-01-17 23:36:41 epoch:0 dataset: 4/17 step: 19/122 time:0.01+1.72 loss_avg:9.4119e-02
INFO: 2024-01-17 23:36:43 epoch:0 dataset: 4/17 step: 20/122 time:0.01+1.73 loss_avg:1.0841e-01
INFO: 2024-01-17 23:36:45 epoch:0 dataset: 4/17 step: 21/122 time:0.01+1.72 loss_avg:1.0709e-01
INFO: 2024-01-17 23:36:47 epoch:0 dataset: 4/17 step: 22/122 time:0.01+2.63 loss_avg:1.0263e-01
INFO: 2024-01-17 23:36:50 epoch:0 dataset: 4/17 step: 23/122 time:0.01+2.67 loss_avg:1.0054e-01
INFO: 2024-01-17 23:36:53 epoch:0 dataset: 4/17 step: 24/122 time:0.01+2.69 loss_avg:9.5617e-02
INFO: 2024-01-17 23:36:55 epoch:0 dataset: 4/17 step: 25/122 time:0.01+2.71 loss_avg:9.3725e-02
INFO: 2024-01-17 23:36:58 epoch:0 dataset: 4/17 step: 26/122 time:0.01+2.70 loss_avg:9.3614e-02
INFO: 2024-01-17 23:37:01 epoch:0 dataset: 4/17 step: 27/122 time:0.00+2.70 loss_avg:1.0505e-01
INFO: 2024-01-17 23:37:03 epoch:0 dataset: 4/17 step: 28/122 time:0.01+2.07 loss_avg:1.0849e-01
INFO: 2024-01-17 23:37:05 epoch:0 dataset: 4/17 step: 29/122 time:0.01+2.17 loss_avg:1.0458e-01
INFO: 2024-01-17 23:37:08 epoch:0 dataset: 4/17 step: 30/122 time:0.01+2.63 loss_avg:1.1373e-01
INFO: 2024-01-17 23:37:10 epoch:0 dataset: 4/17 step: 31/122 time:0.01+1.94 loss_avg:9.7442e-02
INFO: 2024-01-17 23:37:12 epoch:0 dataset: 4/17 step: 32/122 time:0.01+2.53 loss_avg:9.3766e-02
INFO: 2024-01-17 23:37:13 epoch:0 dataset: 4/17 step: 33/122 time:0.01+1.31 loss_avg:1.0560e-01
INFO: 2024-01-17 23:37:15 epoch:0 dataset: 4/17 step: 34/122 time:0.01+1.54 loss_avg:1.0365e-01
INFO: 2024-01-17 23:37:17 epoch:0 dataset: 4/17 step: 35/122 time:0.01+1.51 loss_avg:9.9779e-02
INFO: 2024-01-17 23:37:18 epoch:0 dataset: 4/17 step: 36/122 time:0.01+1.51 loss_avg:8.2615e-02
INFO: 2024-01-17 23:37:21 epoch:0 dataset: 4/17 step: 37/122 time:0.01+2.74 loss_avg:9.8279e-02
INFO: 2024-01-17 23:37:24 epoch:0 dataset: 4/17 step: 38/122 time:0.01+2.78 loss_avg:1.0837e-01
INFO: 2024-01-17 23:37:26 epoch:0 dataset: 4/17 step: 39/122 time:0.01+2.58 loss_avg:1.0404e-01
INFO: 2024-01-17 23:37:29 epoch:0 dataset: 4/17 step: 40/122 time:0.00+2.47 loss_avg:1.0440e-01
INFO: 2024-01-17 23:37:31 epoch:0 dataset: 4/17 step: 41/122 time:0.02+2.66 loss_avg:1.0434e-01
INFO: 2024-01-17 23:37:34 epoch:0 dataset: 4/17 step: 42/122 time:0.01+2.74 loss_avg:1.0268e-01
INFO: 2024-01-17 23:37:36 epoch:0 dataset: 4/17 step: 43/122 time:0.01+1.76 loss_avg:9.7519e-02
INFO: 2024-01-17 23:37:38 epoch:0 dataset: 4/17 step: 44/122 time:0.00+2.39 loss_avg:9.8509e-02
INFO: 2024-01-17 23:37:41 epoch:0 dataset: 4/17 step: 45/122 time:0.02+2.38 loss_avg:1.0036e-01
INFO: 2024-01-17 23:37:43 epoch:0 dataset: 4/17 step: 46/122 time:0.02+2.36 loss_avg:1.0837e-01
INFO: 2024-01-17 23:37:44 epoch:0 dataset: 4/17 step: 47/122 time:0.01+1.42 loss_avg:1.0697e-01
INFO: 2024-01-17 23:37:46 epoch:0 dataset: 4/17 step: 48/122 time:0.01+1.42 loss_avg:1.0470e-01
INFO: 2024-01-17 23:37:47 epoch:0 dataset: 4/17 step: 49/122 time:0.01+1.42 loss_avg:1.0890e-01
INFO: 2024-01-17 23:37:49 epoch:0 dataset: 4/17 step: 50/122 time:0.01+1.42 loss_avg:9.5948e-02
INFO: 2024-01-17 23:37:50 epoch:0 dataset: 4/17 step: 51/122 time:0.01+1.70 loss_avg:9.7315e-02
INFO: 2024-01-17 23:37:53 epoch:0 dataset: 4/17 step: 52/122 time:0.01+2.66 loss_avg:9.1104e-02
INFO: 2024-01-17 23:37:55 epoch:0 dataset: 4/17 step: 53/122 time:0.01+2.21 loss_avg:1.0744e-01
INFO: 2024-01-17 23:37:57 epoch:0 dataset: 4/17 step: 54/122 time:0.01+2.11 loss_avg:1.0623e-01
INFO: 2024-01-17 23:38:00 epoch:0 dataset: 4/17 step: 55/122 time:0.00+2.66 loss_avg:9.9709e-02
INFO: 2024-01-17 23:38:02 epoch:0 dataset: 4/17 step: 56/122 time:0.02+1.53 loss_avg:1.0834e-01
INFO: 2024-01-17 23:38:04 epoch:0 dataset: 4/17 step: 57/122 time:0.03+2.67 loss_avg:9.5083e-02
INFO: 2024-01-17 23:38:07 epoch:0 dataset: 4/17 step: 58/122 time:0.04+2.64 loss_avg:1.1234e-01
INFO: 2024-01-17 23:38:09 epoch:0 dataset: 4/17 step: 59/122 time:0.01+2.03 loss_avg:1.0446e-01
INFO: 2024-01-17 23:38:12 epoch:0 dataset: 4/17 step: 60/122 time:0.03+2.75 loss_avg:1.1073e-01
INFO: 2024-01-17 23:38:14 epoch:0 dataset: 4/17 step: 61/122 time:0.02+2.42 loss_avg:1.0416e-01
INFO: 2024-01-17 23:38:16 epoch:0 dataset: 4/17 step: 62/122 time:0.02+2.02 loss_avg:9.9791e-02
INFO: 2024-01-17 23:38:19 epoch:0 dataset: 4/17 step: 63/122 time:0.03+2.70 loss_avg:8.3902e-02
INFO: 2024-01-17 23:38:22 epoch:0 dataset: 4/17 step: 64/122 time:0.02+2.71 loss_avg:1.0318e-01
INFO: 2024-01-17 23:38:24 epoch:0 dataset: 4/17 step: 65/122 time:0.02+2.31 loss_avg:1.1159e-01
INFO: 2024-01-17 23:38:27 epoch:0 dataset: 4/17 step: 66/122 time:0.02+2.70 loss_avg:1.0617e-01
INFO: 2024-01-17 23:38:30 epoch:0 dataset: 4/17 step: 67/122 time:0.03+2.65 loss_avg:1.0281e-01
INFO: 2024-01-17 23:38:32 epoch:0 dataset: 4/17 step: 68/122 time:0.00+2.48 loss_avg:9.6742e-02
INFO: 2024-01-17 23:38:34 epoch:0 dataset: 4/17 step: 69/122 time:0.02+2.41 loss_avg:1.1361e-01
INFO: 2024-01-17 23:38:37 epoch:0 dataset: 4/17 step: 70/122 time:0.01+2.71 loss_avg:1.1167e-01
INFO: 2024-01-17 23:38:39 epoch:0 dataset: 4/17 step: 71/122 time:0.01+1.81 loss_avg:1.0740e-01
INFO: 2024-01-17 23:38:42 epoch:0 dataset: 4/17 step: 72/122 time:0.01+2.68 loss_avg:9.1862e-02
INFO: 2024-01-17 23:38:44 epoch:0 dataset: 4/17 step: 73/122 time:0.01+2.68 loss_avg:1.0946e-01
INFO: 2024-01-17 23:38:47 epoch:0 dataset: 4/17 step: 74/122 time:0.02+2.43 loss_avg:9.0425e-02
INFO: 2024-01-17 23:38:49 epoch:0 dataset: 4/17 step: 75/122 time:0.03+2.00 loss_avg:1.0735e-01
INFO: 2024-01-17 23:38:51 epoch:0 dataset: 4/17 step: 76/122 time:0.03+2.23 loss_avg:9.3203e-02
INFO: 2024-01-17 23:38:53 epoch:0 dataset: 4/17 step: 77/122 time:0.00+2.08 loss_avg:1.0712e-01
INFO: 2024-01-17 23:38:55 epoch:0 dataset: 4/17 step: 78/122 time:0.01+2.03 loss_avg:1.0631e-01
INFO: 2024-01-17 23:38:57 epoch:0 dataset: 4/17 step: 79/122 time:0.01+2.14 loss_avg:1.0960e-01
INFO: 2024-01-17 23:39:00 epoch:0 dataset: 4/17 step: 80/122 time:0.01+2.31 loss_avg:1.0991e-01
INFO: 2024-01-17 23:39:02 epoch:0 dataset: 4/17 step: 81/122 time:0.01+2.69 loss_avg:1.0451e-01
INFO: 2024-01-17 23:39:05 epoch:0 dataset: 4/17 step: 82/122 time:0.01+2.46 loss_avg:1.0836e-01
INFO: 2024-01-17 23:39:07 epoch:0 dataset: 4/17 step: 83/122 time:0.00+2.31 loss_avg:1.0437e-01
INFO: 2024-01-17 23:39:09 epoch:0 dataset: 4/17 step: 84/122 time:0.02+1.41 loss_avg:1.0548e-01
INFO: 2024-01-17 23:39:10 epoch:0 dataset: 4/17 step: 85/122 time:0.01+1.41 loss_avg:1.1135e-01
INFO: 2024-01-17 23:39:12 epoch:0 dataset: 4/17 step: 86/122 time:0.01+1.72 loss_avg:1.0635e-01
INFO: 2024-01-17 23:39:14 epoch:0 dataset: 4/17 step: 87/122 time:0.02+2.71 loss_avg:1.0646e-01
INFO: 2024-01-17 23:39:17 epoch:0 dataset: 4/17 step: 88/122 time:0.02+2.70 loss_avg:9.6197e-02
INFO: 2024-01-17 23:39:20 epoch:0 dataset: 4/17 step: 89/122 time:0.03+2.62 loss_avg:1.0128e-01
INFO: 2024-01-17 23:39:22 epoch:0 dataset: 4/17 step: 90/122 time:0.02+1.90 loss_avg:9.5237e-02
INFO: 2024-01-17 23:39:24 epoch:0 dataset: 4/17 step: 91/122 time:0.00+2.57 loss_avg:1.0051e-01
INFO: 2024-01-17 23:39:27 epoch:0 dataset: 4/17 step: 92/122 time:0.02+2.61 loss_avg:9.0305e-02
INFO: 2024-01-17 23:39:30 epoch:0 dataset: 4/17 step: 93/122 time:0.01+2.55 loss_avg:1.0473e-01
INFO: 2024-01-17 23:39:32 epoch:0 dataset: 4/17 step: 94/122 time:0.00+2.47 loss_avg:1.0919e-01
INFO: 2024-01-17 23:39:35 epoch:0 dataset: 4/17 step: 95/122 time:0.02+2.69 loss_avg:9.2876e-02
INFO: 2024-01-17 23:39:37 epoch:0 dataset: 4/17 step: 96/122 time:0.02+2.67 loss_avg:1.0971e-01
INFO: 2024-01-17 23:39:40 epoch:0 dataset: 4/17 step: 97/122 time:0.01+2.56 loss_avg:1.0161e-01
INFO: 2024-01-17 23:39:43 epoch:0 dataset: 4/17 step: 98/122 time:0.00+3.32 loss_avg:9.2428e-02
INFO: 2024-01-17 23:39:46 epoch:0 dataset: 4/17 step: 99/122 time:0.02+2.64 loss_avg:1.0262e-01
INFO: 2024-01-17 23:39:49 epoch:0 dataset: 4/17 step: 100/122 time:0.01+2.65 loss_avg:8.5086e-02
INFO: 2024-01-17 23:39:51 epoch:0 dataset: 4/17 step: 101/122 time:0.01+2.68 loss_avg:9.5394e-02
INFO: 2024-01-17 23:39:54 epoch:0 dataset: 4/17 step: 102/122 time:0.01+2.66 loss_avg:1.0517e-01
INFO: 2024-01-17 23:39:57 epoch:0 dataset: 4/17 step: 103/122 time:0.03+2.68 loss_avg:1.0462e-01
INFO: 2024-01-17 23:39:59 epoch:0 dataset: 4/17 step: 104/122 time:0.03+2.61 loss_avg:1.0856e-01
INFO: 2024-01-17 23:40:02 epoch:0 dataset: 4/17 step: 105/122 time:0.00+2.57 loss_avg:1.0700e-01
INFO: 2024-01-17 23:40:05 epoch:0 dataset: 4/17 step: 106/122 time:0.03+2.64 loss_avg:1.0720e-01
INFO: 2024-01-17 23:40:06 epoch:0 dataset: 4/17 step: 107/122 time:0.02+1.76 loss_avg:1.0330e-01
INFO: 2024-01-17 23:40:09 epoch:0 dataset: 4/17 step: 108/122 time:0.01+2.41 loss_avg:9.9255e-02
INFO: 2024-01-17 23:40:12 epoch:0 dataset: 4/17 step: 109/122 time:0.01+2.78 loss_avg:1.1104e-01
INFO: 2024-01-17 23:40:13 epoch:0 dataset: 4/17 step: 110/122 time:0.01+1.81 loss_avg:1.0821e-01
INFO: 2024-01-17 23:40:16 epoch:0 dataset: 4/17 step: 111/122 time:0.01+2.34 loss_avg:1.0353e-01
INFO: 2024-01-17 23:40:18 epoch:0 dataset: 4/17 step: 112/122 time:0.01+1.82 loss_avg:8.3860e-02
INFO: 2024-01-17 23:40:20 epoch:0 dataset: 4/17 step: 113/122 time:0.01+2.47 loss_avg:1.0946e-01
INFO: 2024-01-17 23:40:23 epoch:0 dataset: 4/17 step: 114/122 time:0.01+2.43 loss_avg:1.0142e-01
INFO: 2024-01-17 23:40:25 epoch:0 dataset: 4/17 step: 115/122 time:0.00+2.71 loss_avg:9.5332e-02
INFO: 2024-01-17 23:40:27 epoch:0 dataset: 4/17 step: 116/122 time:0.02+2.25 loss_avg:1.0600e-01
INFO: 2024-01-17 23:40:29 epoch:0 dataset: 4/17 step: 117/122 time:0.00+1.66 loss_avg:1.0010e-01
INFO: 2024-01-17 23:40:31 epoch:0 dataset: 4/17 step: 118/122 time:0.02+1.43 loss_avg:1.0908e-01
INFO: 2024-01-17 23:40:33 epoch:0 dataset: 4/17 step: 119/122 time:0.01+2.42 loss_avg:1.0289e-01
INFO: 2024-01-17 23:40:35 epoch:0 dataset: 4/17 step: 120/122 time:0.01+1.86 loss_avg:1.0333e-01
INFO: 2024-01-17 23:40:37 epoch:0 dataset: 4/17 step: 121/122 time:0.00+1.73 loss_avg:1.0649e-01
INFO: Training on data_train_chr12_96.npy complete.
INFO: 2024-01-17 23:40:39 epoch:0 dataset: 5/17 step: 0/131 time:0.72+1.77 loss_avg:1.0374e-01
INFO: 2024-01-17 23:40:41 epoch:0 dataset: 5/17 step: 1/131 time:0.00+1.97 loss_avg:1.0435e-01
INFO: 2024-01-17 23:40:42 epoch:0 dataset: 5/17 step: 2/131 time:0.01+1.24 loss_avg:1.0513e-01
INFO: 2024-01-17 23:40:44 epoch:0 dataset: 5/17 step: 3/131 time:0.01+1.41 loss_avg:9.7521e-02
INFO: 2024-01-17 23:40:45 epoch:0 dataset: 5/17 step: 4/131 time:0.02+1.42 loss_avg:1.0185e-01
INFO: 2024-01-17 23:40:47 epoch:0 dataset: 5/17 step: 5/131 time:0.00+1.87 loss_avg:1.0389e-01
INFO: 2024-01-17 23:40:50 epoch:0 dataset: 5/17 step: 6/131 time:0.01+2.66 loss_avg:1.0426e-01
INFO: 2024-01-17 23:40:52 epoch:0 dataset: 5/17 step: 7/131 time:0.00+1.80 loss_avg:1.0489e-01
INFO: 2024-01-17 23:40:53 epoch:0 dataset: 5/17 step: 8/131 time:0.00+1.77 loss_avg:1.0157e-01
INFO: 2024-01-17 23:40:55 epoch:0 dataset: 5/17 step: 9/131 time:0.00+1.82 loss_avg:1.0370e-01
INFO: 2024-01-17 23:40:58 epoch:0 dataset: 5/17 step: 10/131 time:0.01+2.62 loss_avg:1.0462e-01
INFO: 2024-01-17 23:41:00 epoch:0 dataset: 5/17 step: 11/131 time:0.01+1.92 loss_avg:1.0702e-01
INFO: 2024-01-17 23:41:01 epoch:0 dataset: 5/17 step: 12/131 time:0.01+1.59 loss_avg:9.9732e-02
INFO: 2024-01-17 23:41:03 epoch:0 dataset: 5/17 step: 13/131 time:0.01+1.41 loss_avg:1.0541e-01
INFO: 2024-01-17 23:41:04 epoch:0 dataset: 5/17 step: 14/131 time:0.01+1.41 loss_avg:1.0459e-01
INFO: 2024-01-17 23:41:06 epoch:0 dataset: 5/17 step: 15/131 time:0.01+1.41 loss_avg:1.0506e-01
INFO: 2024-01-17 23:41:07 epoch:0 dataset: 5/17 step: 16/131 time:0.01+1.42 loss_avg:1.0646e-01
INFO: 2024-01-17 23:41:08 epoch:0 dataset: 5/17 step: 17/131 time:0.01+1.44 loss_avg:9.4770e-02
INFO: 2024-01-17 23:41:10 epoch:0 dataset: 5/17 step: 18/131 time:0.01+1.81 loss_avg:1.0178e-01
INFO: 2024-01-17 23:41:12 epoch:0 dataset: 5/17 step: 19/131 time:0.01+2.13 loss_avg:1.0347e-01
INFO: 2024-01-17 23:41:15 epoch:0 dataset: 5/17 step: 20/131 time:0.01+2.24 loss_avg:1.0434e-01
INFO: 2024-01-17 23:41:17 epoch:0 dataset: 5/17 step: 21/131 time:0.01+2.67 loss_avg:9.0610e-02
INFO: 2024-01-17 23:41:19 epoch:0 dataset: 5/17 step: 22/131 time:0.01+2.05 loss_avg:1.0393e-01
INFO: 2024-01-17 23:41:21 epoch:0 dataset: 5/17 step: 23/131 time:0.02+1.41 loss_avg:1.0556e-01
INFO: 2024-01-17 23:41:22 epoch:0 dataset: 5/17 step: 24/131 time:0.01+1.41 loss_avg:1.0614e-01
INFO: 2024-01-17 23:41:24 epoch:0 dataset: 5/17 step: 25/131 time:0.01+1.41 loss_avg:1.0292e-01
INFO: 2024-01-17 23:41:25 epoch:0 dataset: 5/17 step: 26/131 time:0.01+1.42 loss_avg:9.3971e-02
INFO: 2024-01-17 23:41:27 epoch:0 dataset: 5/17 step: 27/131 time:0.01+1.50 loss_avg:1.0452e-01
INFO: 2024-01-17 23:41:28 epoch:0 dataset: 5/17 step: 28/131 time:0.01+1.81 loss_avg:1.0404e-01
INFO: 2024-01-17 23:41:31 epoch:0 dataset: 5/17 step: 29/131 time:0.01+2.65 loss_avg:9.2904e-02
INFO: 2024-01-17 23:41:34 epoch:0 dataset: 5/17 step: 30/131 time:0.01+2.73 loss_avg:9.7638e-02
INFO: 2024-01-17 23:41:36 epoch:0 dataset: 5/17 step: 31/131 time:0.01+2.62 loss_avg:1.0145e-01
INFO: 2024-01-17 23:41:39 epoch:0 dataset: 5/17 step: 32/131 time:0.01+2.71 loss_avg:1.0542e-01
INFO: 2024-01-17 23:41:42 epoch:0 dataset: 5/17 step: 33/131 time:0.01+2.40 loss_avg:9.1734e-02
INFO: 2024-01-17 23:41:44 epoch:0 dataset: 5/17 step: 34/131 time:0.01+2.39 loss_avg:1.0575e-01
INFO: 2024-01-17 23:41:47 epoch:0 dataset: 5/17 step: 35/131 time:0.01+2.65 loss_avg:9.6322e-02
INFO: 2024-01-17 23:41:49 epoch:0 dataset: 5/17 step: 36/131 time:0.01+2.78 loss_avg:1.0262e-01
INFO: 2024-01-17 23:41:52 epoch:0 dataset: 5/17 step: 37/131 time:0.01+2.29 loss_avg:1.0421e-01
INFO: 2024-01-17 23:41:54 epoch:0 dataset: 5/17 step: 38/131 time:0.01+2.33 loss_avg:1.0321e-01
INFO: 2024-01-17 23:41:57 epoch:0 dataset: 5/17 step: 39/131 time:0.01+2.63 loss_avg:1.0245e-01
INFO: 2024-01-17 23:41:59 epoch:0 dataset: 5/17 step: 40/131 time:0.01+2.50 loss_avg:1.0627e-01
INFO: 2024-01-17 23:42:02 epoch:0 dataset: 5/17 step: 41/131 time:0.01+2.69 loss_avg:1.0433e-01
INFO: 2024-01-17 23:42:05 epoch:0 dataset: 5/17 step: 42/131 time:0.01+2.74 loss_avg:1.0081e-01
INFO: 2024-01-17 23:42:07 epoch:0 dataset: 5/17 step: 43/131 time:0.01+2.63 loss_avg:1.0433e-01
INFO: 2024-01-17 23:42:09 epoch:0 dataset: 5/17 step: 44/131 time:0.01+2.02 loss_avg:1.0429e-01
INFO: 2024-01-17 23:42:12 epoch:0 dataset: 5/17 step: 45/131 time:0.01+2.62 loss_avg:1.0389e-01
INFO: 2024-01-17 23:42:14 epoch:0 dataset: 5/17 step: 46/131 time:0.01+2.52 loss_avg:1.0319e-01
INFO: 2024-01-17 23:42:17 epoch:0 dataset: 5/17 step: 47/131 time:0.00+2.63 loss_avg:9.9500e-02
INFO: 2024-01-17 23:42:20 epoch:0 dataset: 5/17 step: 48/131 time:0.01+2.71 loss_avg:1.0205e-01
INFO: 2024-01-17 23:42:23 epoch:0 dataset: 5/17 step: 49/131 time:0.01+2.75 loss_avg:9.9836e-02
INFO: 2024-01-17 23:42:25 epoch:0 dataset: 5/17 step: 50/131 time:0.01+2.46 loss_avg:9.8761e-02
INFO: 2024-01-17 23:42:27 epoch:0 dataset: 5/17 step: 51/131 time:0.01+1.94 loss_avg:9.3345e-02
INFO: 2024-01-17 23:42:29 epoch:0 dataset: 5/17 step: 52/131 time:0.01+2.48 loss_avg:9.7002e-02
INFO: 2024-01-17 23:42:32 epoch:0 dataset: 5/17 step: 53/131 time:0.01+2.74 loss_avg:1.0337e-01
INFO: 2024-01-17 23:42:35 epoch:0 dataset: 5/17 step: 54/131 time:0.01+2.60 loss_avg:1.0347e-01
INFO: 2024-01-17 23:42:37 epoch:0 dataset: 5/17 step: 55/131 time:0.01+2.66 loss_avg:1.0560e-01
INFO: 2024-01-17 23:42:39 epoch:0 dataset: 5/17 step: 56/131 time:0.01+2.04 loss_avg:1.0294e-01
INFO: 2024-01-17 23:42:41 epoch:0 dataset: 5/17 step: 57/131 time:0.00+1.86 loss_avg:1.0375e-01
INFO: 2024-01-17 23:42:44 epoch:0 dataset: 5/17 step: 58/131 time:0.02+2.65 loss_avg:1.0854e-01
INFO: 2024-01-17 23:42:46 epoch:0 dataset: 5/17 step: 59/131 time:0.01+2.01 loss_avg:1.0148e-01
INFO: 2024-01-17 23:42:49 epoch:0 dataset: 5/17 step: 60/131 time:0.01+2.65 loss_avg:1.0304e-01
INFO: 2024-01-17 23:42:51 epoch:0 dataset: 5/17 step: 61/131 time:0.01+2.44 loss_avg:1.0353e-01
INFO: 2024-01-17 23:42:53 epoch:0 dataset: 5/17 step: 62/131 time:0.00+2.10 loss_avg:1.0401e-01
INFO: 2024-01-17 23:42:56 epoch:0 dataset: 5/17 step: 63/131 time:0.02+2.68 loss_avg:1.0125e-01
INFO: 2024-01-17 23:42:57 epoch:0 dataset: 5/17 step: 64/131 time:0.02+1.42 loss_avg:1.0528e-01
INFO: 2024-01-17 23:42:59 epoch:0 dataset: 5/17 step: 65/131 time:0.02+1.49 loss_avg:9.6597e-02
INFO: 2024-01-17 23:43:00 epoch:0 dataset: 5/17 step: 66/131 time:0.01+1.46 loss_avg:1.0257e-01
INFO: 2024-01-17 23:43:02 epoch:0 dataset: 5/17 step: 67/131 time:0.01+1.92 loss_avg:1.0443e-01
INFO: 2024-01-17 23:43:04 epoch:0 dataset: 5/17 step: 68/131 time:0.01+1.79 loss_avg:1.0212e-01
INFO: 2024-01-17 23:43:06 epoch:0 dataset: 5/17 step: 69/131 time:0.01+1.89 loss_avg:1.0401e-01
INFO: 2024-01-17 23:43:07 epoch:0 dataset: 5/17 step: 70/131 time:0.01+1.43 loss_avg:1.0118e-01
INFO: 2024-01-17 23:43:09 epoch:0 dataset: 5/17 step: 71/131 time:0.01+1.58 loss_avg:1.0563e-01
INFO: 2024-01-17 23:43:12 epoch:0 dataset: 5/17 step: 72/131 time:0.02+2.63 loss_avg:1.0472e-01
INFO: 2024-01-17 23:43:14 epoch:0 dataset: 5/17 step: 73/131 time:0.01+2.66 loss_avg:9.2488e-02
INFO: 2024-01-17 23:43:17 epoch:0 dataset: 5/17 step: 74/131 time:0.01+2.61 loss_avg:1.0247e-01
INFO: 2024-01-17 23:43:20 epoch:0 dataset: 5/17 step: 75/131 time:0.01+2.71 loss_avg:1.0141e-01
INFO: 2024-01-17 23:43:22 epoch:0 dataset: 5/17 step: 76/131 time:0.01+2.70 loss_avg:1.0448e-01
INFO: 2024-01-17 23:43:25 epoch:0 dataset: 5/17 step: 77/131 time:0.01+2.72 loss_avg:1.0361e-01
INFO: 2024-01-17 23:43:28 epoch:0 dataset: 5/17 step: 78/131 time:0.01+2.70 loss_avg:1.0436e-01
INFO: 2024-01-17 23:43:31 epoch:0 dataset: 5/17 step: 79/131 time:0.01+2.74 loss_avg:1.0328e-01
INFO: 2024-01-17 23:43:33 epoch:0 dataset: 5/17 step: 80/131 time:0.01+2.19 loss_avg:1.0380e-01
INFO: 2024-01-17 23:43:34 epoch:0 dataset: 5/17 step: 81/131 time:0.01+1.50 loss_avg:9.3009e-02
INFO: 2024-01-17 23:43:35 epoch:0 dataset: 5/17 step: 82/131 time:0.01+1.10 loss_avg:1.0426e-01
INFO: 2024-01-17 23:43:36 epoch:0 dataset: 5/17 step: 83/131 time:0.01+1.05 loss_avg:1.0355e-01
INFO: 2024-01-17 23:43:37 epoch:0 dataset: 5/17 step: 84/131 time:0.01+0.51 loss_avg:1.0484e-01
INFO: 2024-01-17 23:43:38 epoch:0 dataset: 5/17 step: 85/131 time:0.01+0.97 loss_avg:1.0543e-01
INFO: 2024-01-17 23:43:40 epoch:0 dataset: 5/17 step: 86/131 time:0.01+1.76 loss_avg:1.0545e-01
INFO: 2024-01-17 23:43:42 epoch:0 dataset: 5/17 step: 87/131 time:0.01+2.20 loss_avg:1.0432e-01
INFO: 2024-01-17 23:43:45 epoch:0 dataset: 5/17 step: 88/131 time:0.01+2.64 loss_avg:9.3755e-02
INFO: 2024-01-17 23:43:47 epoch:0 dataset: 5/17 step: 89/131 time:0.01+2.43 loss_avg:1.0204e-01
INFO: 2024-01-17 23:43:49 epoch:0 dataset: 5/17 step: 90/131 time:0.02+1.75 loss_avg:1.0142e-01
INFO: 2024-01-17 23:43:51 epoch:0 dataset: 5/17 step: 91/131 time:0.00+2.58 loss_avg:1.0223e-01
INFO: 2024-01-17 23:43:54 epoch:0 dataset: 5/17 step: 92/131 time:0.01+2.55 loss_avg:1.0433e-01
INFO: 2024-01-17 23:43:56 epoch:0 dataset: 5/17 step: 93/131 time:0.01+2.12 loss_avg:1.0668e-01
INFO: 2024-01-17 23:43:59 epoch:0 dataset: 5/17 step: 94/131 time:0.01+2.66 loss_avg:1.0219e-01
INFO: 2024-01-17 23:44:01 epoch:0 dataset: 5/17 step: 95/131 time:0.01+2.62 loss_avg:1.0292e-01
INFO: 2024-01-17 23:44:04 epoch:0 dataset: 5/17 step: 96/131 time:0.01+2.56 loss_avg:1.0471e-01
INFO: 2024-01-17 23:44:07 epoch:0 dataset: 5/17 step: 97/131 time:0.02+2.63 loss_avg:1.0471e-01
INFO: 2024-01-17 23:44:09 epoch:0 dataset: 5/17 step: 98/131 time:0.01+2.71 loss_avg:1.0173e-01
INFO: 2024-01-17 23:44:11 epoch:0 dataset: 5/17 step: 99/131 time:0.03+1.82 loss_avg:1.0178e-01
INFO: 2024-01-17 23:44:13 epoch:0 dataset: 5/17 step: 100/131 time:0.00+1.80 loss_avg:1.0595e-01
INFO: 2024-01-17 23:44:15 epoch:0 dataset: 5/17 step: 101/131 time:0.00+2.38 loss_avg:9.7629e-02
INFO: 2024-01-17 23:44:18 epoch:0 dataset: 5/17 step: 102/131 time:0.02+2.66 loss_avg:1.0147e-01
INFO: 2024-01-17 23:44:20 epoch:0 dataset: 5/17 step: 103/131 time:0.01+2.36 loss_avg:1.0168e-01
INFO: 2024-01-17 23:44:23 epoch:0 dataset: 5/17 step: 104/131 time:0.01+2.61 loss_avg:1.0259e-01
INFO: 2024-01-17 23:44:26 epoch:0 dataset: 5/17 step: 105/131 time:0.01+2.67 loss_avg:1.0847e-01
INFO: 2024-01-17 23:44:28 epoch:0 dataset: 5/17 step: 106/131 time:0.02+2.59 loss_avg:1.0071e-01
INFO: 2024-01-17 23:44:30 epoch:0 dataset: 5/17 step: 107/131 time:0.03+2.02 loss_avg:1.0635e-01
INFO: 2024-01-17 23:44:33 epoch:0 dataset: 5/17 step: 108/131 time:0.02+2.76 loss_avg:1.0365e-01
INFO: 2024-01-17 23:44:36 epoch:0 dataset: 5/17 step: 109/131 time:0.01+2.69 loss_avg:1.0451e-01
INFO: 2024-01-17 23:44:39 epoch:0 dataset: 5/17 step: 110/131 time:0.02+2.69 loss_avg:1.0879e-01
INFO: 2024-01-17 23:44:41 epoch:0 dataset: 5/17 step: 111/131 time:0.03+2.61 loss_avg:1.0652e-01
INFO: 2024-01-17 23:44:44 epoch:0 dataset: 5/17 step: 112/131 time:0.02+2.73 loss_avg:1.0151e-01
INFO: 2024-01-17 23:44:47 epoch:0 dataset: 5/17 step: 113/131 time:0.02+2.70 loss_avg:1.0249e-01
INFO: 2024-01-17 23:44:49 epoch:0 dataset: 5/17 step: 114/131 time:0.02+2.68 loss_avg:1.0713e-01
INFO: 2024-01-17 23:44:51 epoch:0 dataset: 5/17 step: 115/131 time:0.01+1.89 loss_avg:1.0060e-01
INFO: 2024-01-17 23:44:54 epoch:0 dataset: 5/17 step: 116/131 time:0.01+2.66 loss_avg:1.0364e-01
INFO: 2024-01-17 23:44:57 epoch:0 dataset: 5/17 step: 117/131 time:0.01+2.72 loss_avg:1.0383e-01
INFO: 2024-01-17 23:44:59 epoch:0 dataset: 5/17 step: 118/131 time:0.02+2.76 loss_avg:1.0567e-01
INFO: 2024-01-17 23:45:02 epoch:0 dataset: 5/17 step: 119/131 time:0.03+2.55 loss_avg:9.9413e-02
INFO: 2024-01-17 23:45:05 epoch:0 dataset: 5/17 step: 120/131 time:0.03+2.60 loss_avg:1.0457e-01
INFO: 2024-01-17 23:45:05 epoch:0 dataset: 5/17 step: 121/131 time:0.01+0.69 loss_avg:1.0157e-01
INFO: 2024-01-17 23:45:06 epoch:0 dataset: 5/17 step: 122/131 time:0.01+0.96 loss_avg:1.0488e-01
INFO: 2024-01-17 23:45:08 epoch:0 dataset: 5/17 step: 123/131 time:0.01+1.85 loss_avg:1.0243e-01
INFO: 2024-01-17 23:45:11 epoch:0 dataset: 5/17 step: 124/131 time:0.01+2.65 loss_avg:1.0313e-01
INFO: 2024-01-17 23:45:13 epoch:0 dataset: 5/17 step: 125/131 time:0.01+2.25 loss_avg:1.0380e-01
INFO: 2024-01-17 23:45:16 epoch:0 dataset: 5/17 step: 126/131 time:0.01+2.72 loss_avg:1.0584e-01
INFO: 2024-01-17 23:45:18 epoch:0 dataset: 5/17 step: 127/131 time:0.01+2.40 loss_avg:1.0454e-01
INFO: 2024-01-17 23:45:21 epoch:0 dataset: 5/17 step: 128/131 time:0.01+2.50 loss_avg:9.8082e-02
INFO: 2024-01-17 23:45:23 epoch:0 dataset: 5/17 step: 129/131 time:0.01+2.70 loss_avg:9.3093e-02
INFO: 2024-01-17 23:45:26 epoch:0 dataset: 5/17 step: 130/131 time:0.01+2.76 loss_avg:9.9978e-02
INFO: Training on data_train_chr10_96.npy complete.
INFO: 2024-01-17 23:45:32 epoch:0 dataset: 6/17 step: 0/155 time:3.26+2.87 loss_avg:9.0482e-02
INFO: 2024-01-17 23:45:35 epoch:0 dataset: 6/17 step: 1/155 time:0.01+2.59 loss_avg:7.6450e-02
INFO: 2024-01-17 23:45:38 epoch:0 dataset: 6/17 step: 2/155 time:0.01+2.75 loss_avg:6.7309e-02
INFO: 2024-01-17 23:45:40 epoch:0 dataset: 6/17 step: 3/155 time:0.01+2.69 loss_avg:9.2032e-02
INFO: 2024-01-17 23:45:43 epoch:0 dataset: 6/17 step: 4/155 time:0.01+2.54 loss_avg:8.7406e-02
INFO: 2024-01-17 23:45:46 epoch:0 dataset: 6/17 step: 5/155 time:0.01+2.75 loss_avg:1.0434e-01
INFO: 2024-01-17 23:45:49 epoch:0 dataset: 6/17 step: 6/155 time:0.01+2.78 loss_avg:7.6897e-02
INFO: 2024-01-17 23:45:51 epoch:0 dataset: 6/17 step: 7/155 time:0.01+2.77 loss_avg:6.8646e-02
INFO: 2024-01-17 23:45:54 epoch:0 dataset: 6/17 step: 8/155 time:0.03+2.58 loss_avg:1.0393e-01
INFO: 2024-01-17 23:45:57 epoch:0 dataset: 6/17 step: 9/155 time:0.01+2.68 loss_avg:8.0907e-02
INFO: 2024-01-17 23:45:59 epoch:0 dataset: 6/17 step: 10/155 time:0.01+2.54 loss_avg:1.0917e-01
INFO: 2024-01-17 23:46:02 epoch:0 dataset: 6/17 step: 11/155 time:0.03+2.66 loss_avg:1.0176e-01
INFO: 2024-01-17 23:46:04 epoch:0 dataset: 6/17 step: 12/155 time:0.02+2.14 loss_avg:7.6667e-02
INFO: 2024-01-17 23:46:06 epoch:0 dataset: 6/17 step: 13/155 time:0.02+1.61 loss_avg:7.9533e-02
INFO: 2024-01-17 23:46:08 epoch:0 dataset: 6/17 step: 14/155 time:0.02+1.92 loss_avg:6.5611e-02
INFO: 2024-01-17 23:46:09 epoch:0 dataset: 6/17 step: 15/155 time:0.03+1.63 loss_avg:1.0715e-01
INFO: 2024-01-17 23:46:12 epoch:0 dataset: 6/17 step: 16/155 time:0.02+2.30 loss_avg:9.4662e-02
INFO: 2024-01-17 23:46:14 epoch:0 dataset: 6/17 step: 17/155 time:0.01+2.75 loss_avg:8.8848e-02
INFO: 2024-01-17 23:46:17 epoch:0 dataset: 6/17 step: 18/155 time:0.01+2.70 loss_avg:9.7444e-02
INFO: 2024-01-17 23:46:20 epoch:0 dataset: 6/17 step: 19/155 time:0.01+2.69 loss_avg:6.6883e-02
INFO: 2024-01-17 23:46:22 epoch:0 dataset: 6/17 step: 20/155 time:0.01+2.69 loss_avg:9.3395e-02
INFO: 2024-01-17 23:46:25 epoch:0 dataset: 6/17 step: 21/155 time:0.01+2.71 loss_avg:8.4813e-02
INFO: 2024-01-17 23:46:28 epoch:0 dataset: 6/17 step: 22/155 time:0.01+2.71 loss_avg:9.4805e-02
INFO: 2024-01-17 23:46:29 epoch:0 dataset: 6/17 step: 23/155 time:0.01+1.61 loss_avg:6.4543e-02
INFO: 2024-01-17 23:46:32 epoch:0 dataset: 6/17 step: 24/155 time:0.01+2.13 loss_avg:9.9220e-02
INFO: 2024-01-17 23:46:34 epoch:0 dataset: 6/17 step: 25/155 time:0.01+2.74 loss_avg:9.6447e-02
INFO: 2024-01-17 23:46:37 epoch:0 dataset: 6/17 step: 26/155 time:0.01+2.55 loss_avg:8.9029e-02
INFO: 2024-01-17 23:46:39 epoch:0 dataset: 6/17 step: 27/155 time:0.01+2.28 loss_avg:7.8114e-02
INFO: 2024-01-17 23:46:42 epoch:0 dataset: 6/17 step: 28/155 time:0.02+2.63 loss_avg:9.0262e-02
INFO: 2024-01-17 23:46:44 epoch:0 dataset: 6/17 step: 29/155 time:0.01+2.00 loss_avg:9.8894e-02
INFO: 2024-01-17 23:46:46 epoch:0 dataset: 6/17 step: 30/155 time:0.00+1.80 loss_avg:1.0716e-01
INFO: 2024-01-17 23:46:47 epoch:0 dataset: 6/17 step: 31/155 time:0.00+1.81 loss_avg:1.0450e-01
INFO: 2024-01-17 23:46:49 epoch:0 dataset: 6/17 step: 32/155 time:0.00+1.82 loss_avg:1.0526e-01
INFO: 2024-01-17 23:46:52 epoch:0 dataset: 6/17 step: 33/155 time:0.00+2.65 loss_avg:9.1555e-02
INFO: 2024-01-17 23:46:53 epoch:0 dataset: 6/17 step: 34/155 time:0.03+0.92 loss_avg:9.5613e-02
INFO: 2024-01-17 23:46:55 epoch:0 dataset: 6/17 step: 35/155 time:0.00+2.14 loss_avg:9.0225e-02
INFO: 2024-01-17 23:46:58 epoch:0 dataset: 6/17 step: 36/155 time:0.02+2.70 loss_avg:9.8695e-02
INFO: 2024-01-17 23:47:00 epoch:0 dataset: 6/17 step: 37/155 time:0.02+2.68 loss_avg:8.5332e-02
INFO: 2024-01-17 23:47:03 epoch:0 dataset: 6/17 step: 38/155 time:0.02+2.62 loss_avg:1.0504e-01
INFO: 2024-01-17 23:47:06 epoch:0 dataset: 6/17 step: 39/155 time:0.03+2.39 loss_avg:1.0621e-01
INFO: 2024-01-17 23:47:08 epoch:0 dataset: 6/17 step: 40/155 time:0.02+2.68 loss_avg:9.4272e-02
INFO: 2024-01-17 23:47:11 epoch:0 dataset: 6/17 step: 41/155 time:0.03+2.65 loss_avg:8.6101e-02
INFO: 2024-01-17 23:47:14 epoch:0 dataset: 6/17 step: 42/155 time:0.02+2.68 loss_avg:8.2907e-02
INFO: 2024-01-17 23:47:16 epoch:0 dataset: 6/17 step: 43/155 time:0.02+2.65 loss_avg:7.7731e-02
INFO: 2024-01-17 23:47:19 epoch:0 dataset: 6/17 step: 44/155 time:0.01+2.28 loss_avg:9.5341e-02
INFO: 2024-01-17 23:47:21 epoch:0 dataset: 6/17 step: 45/155 time:0.00+2.64 loss_avg:8.6904e-02
INFO: 2024-01-17 23:47:24 epoch:0 dataset: 6/17 step: 46/155 time:0.02+2.67 loss_avg:8.6011e-02
INFO: 2024-01-17 23:47:27 epoch:0 dataset: 6/17 step: 47/155 time:0.03+2.62 loss_avg:7.2445e-02
INFO: 2024-01-17 23:47:29 epoch:0 dataset: 6/17 step: 48/155 time:0.01+2.47 loss_avg:9.0571e-02
INFO: 2024-01-17 23:47:32 epoch:0 dataset: 6/17 step: 49/155 time:0.02+2.70 loss_avg:9.7719e-02
INFO: 2024-01-17 23:47:34 epoch:0 dataset: 6/17 step: 50/155 time:0.02+2.69 loss_avg:8.1725e-02
INFO: 2024-01-17 23:47:37 epoch:0 dataset: 6/17 step: 51/155 time:0.02+2.49 loss_avg:9.7217e-02
INFO: 2024-01-17 23:47:40 epoch:0 dataset: 6/17 step: 52/155 time:0.00+2.60 loss_avg:1.0333e-01
INFO: 2024-01-17 23:47:42 epoch:0 dataset: 6/17 step: 53/155 time:0.02+2.44 loss_avg:8.8144e-02
INFO: 2024-01-17 23:47:45 epoch:0 dataset: 6/17 step: 54/155 time:0.02+2.64 loss_avg:8.4671e-02
INFO: 2024-01-17 23:47:47 epoch:0 dataset: 6/17 step: 55/155 time:0.01+2.13 loss_avg:9.6809e-02
INFO: 2024-01-17 23:47:49 epoch:0 dataset: 6/17 step: 56/155 time:0.03+2.33 loss_avg:9.9335e-02
INFO: 2024-01-17 23:47:51 epoch:0 dataset: 6/17 step: 57/155 time:0.02+1.63 loss_avg:1.0753e-01
INFO: 2024-01-17 23:47:53 epoch:0 dataset: 6/17 step: 58/155 time:0.03+1.62 loss_avg:8.5815e-02
INFO: 2024-01-17 23:47:54 epoch:0 dataset: 6/17 step: 59/155 time:0.02+1.59 loss_avg:8.9338e-02
INFO: 2024-01-17 23:47:56 epoch:0 dataset: 6/17 step: 60/155 time:0.02+1.52 loss_avg:7.7382e-02
INFO: 2024-01-17 23:47:57 epoch:0 dataset: 6/17 step: 61/155 time:0.02+1.51 loss_avg:1.0224e-01
INFO: 2024-01-17 23:47:59 epoch:0 dataset: 6/17 step: 62/155 time:0.01+1.54 loss_avg:1.0088e-01
INFO: 2024-01-17 23:48:00 epoch:0 dataset: 6/17 step: 63/155 time:0.03+1.52 loss_avg:8.3104e-02
INFO: 2024-01-17 23:48:03 epoch:0 dataset: 6/17 step: 64/155 time:0.02+2.26 loss_avg:9.1059e-02
INFO: 2024-01-17 23:48:05 epoch:0 dataset: 6/17 step: 65/155 time:0.03+2.65 loss_avg:1.0389e-01
INFO: 2024-01-17 23:48:08 epoch:0 dataset: 6/17 step: 66/155 time:0.02+2.66 loss_avg:9.1188e-02
INFO: 2024-01-17 23:48:11 epoch:0 dataset: 6/17 step: 67/155 time:0.02+2.67 loss_avg:9.3525e-02
INFO: 2024-01-17 23:48:13 epoch:0 dataset: 6/17 step: 68/155 time:0.03+2.63 loss_avg:9.1303e-02
INFO: 2024-01-17 23:48:16 epoch:0 dataset: 6/17 step: 69/155 time:0.00+2.66 loss_avg:9.9353e-02
INFO: 2024-01-17 23:48:19 epoch:0 dataset: 6/17 step: 70/155 time:0.01+2.70 loss_avg:7.8683e-02
INFO: 2024-01-17 23:48:21 epoch:0 dataset: 6/17 step: 71/155 time:0.01+2.72 loss_avg:6.7256e-02
INFO: 2024-01-17 23:48:24 epoch:0 dataset: 6/17 step: 72/155 time:0.01+2.73 loss_avg:8.6698e-02
