INFO: Argument batch_size: 8
INFO: Argument code_test_mode: 'True'
INFO: Argument epoch: 2
INFO: Argument local_rank: 0
INFO: Argument num_gpu: 2
INFO: Argument num_workers: 1
INFO: Argument resume_epoch: 1
INFO: Argument resume_path: './../pretrained_models/dmvfn_city.pkl'
INFO: Argument train_dataset: 'hic'
INFO: Argument val_datasets: ['hic']
INFO: 2023-07-12 20:28:18 epoch:1 dataset: 1/17 step: 0/74 time:3.70+20.21 loss_avg:2.0460e-01
INFO: 2023-07-12 20:28:22 epoch:1 dataset: 1/17 step: 1/74 time:0.03+3.70 loss_avg:2.2133e-01
INFO: 2023-07-12 20:28:26 epoch:1 dataset: 1/17 step: 2/74 time:0.09+3.50 loss_avg:2.2584e-01
INFO: 2023-07-12 20:28:29 epoch:1 dataset: 1/17 step: 3/74 time:0.01+3.47 loss_avg:2.4102e-01
INFO: 2023-07-12 20:28:33 epoch:1 dataset: 1/17 step: 4/74 time:0.10+3.50 loss_avg:2.2536e-01
INFO: 2023-07-12 20:28:36 epoch:1 dataset: 1/17 step: 5/74 time:0.03+3.49 loss_avg:2.2025e-01
INFO: 2023-07-12 20:28:40 epoch:1 dataset: 1/17 step: 6/74 time:0.10+3.51 loss_avg:2.2698e-01
INFO: 2023-07-12 20:28:43 epoch:1 dataset: 1/17 step: 7/74 time:0.00+3.47 loss_avg:2.0570e-01
INFO: 2023-07-12 20:28:47 epoch:1 dataset: 1/17 step: 8/74 time:0.03+3.60 loss_avg:2.0238e-01
INFO: 2023-07-12 20:28:51 epoch:1 dataset: 1/17 step: 9/74 time:0.08+3.50 loss_avg:1.9205e-01
INFO: 2023-07-12 20:28:54 epoch:1 dataset: 1/17 step: 10/74 time:0.09+3.43 loss_avg:2.0259e-01
INFO: 2023-07-12 20:28:58 epoch:1 dataset: 1/17 step: 11/74 time:0.10+3.59 loss_avg:1.8847e-01
