INFO: 2024-01-16 16:40:13 Argument batch_size: 8
INFO: 2024-01-16 16:40:13 Argument block_num: 9
INFO: 2024-01-16 16:40:13 Argument code_test: False
INFO: 2024-01-16 16:40:13 Argument cut_off: True
INFO: 2024-01-16 16:40:13 Argument data_train_path: ./../data/data_64/train/
INFO: 2024-01-16 16:40:13 Argument data_val_path: ./../data/data_64/val/data_val_chr19_64.npy
INFO: 2024-01-16 16:40:13 Argument device_id: 0
INFO: 2024-01-16 16:40:13 Argument dynamics: True
INFO: 2024-01-16 16:40:13 Argument early_stoppage_epochs: 5
INFO: 2024-01-16 16:40:13 Argument early_stoppage_start: 400
INFO: 2024-01-16 16:40:13 Argument epoch: 150
INFO: 2024-01-16 16:40:13 Argument learning_rate: None
INFO: 2024-01-16 16:40:13 Argument local_rank: 0
INFO: 2024-01-16 16:40:13 Argument loss: single_channel_L1_VGG
INFO: 2024-01-16 16:40:13 Argument max_HiC: 250
INFO: 2024-01-16 16:40:13 Argument num_gpu: 1
INFO: 2024-01-16 16:40:13 Argument num_workers: 1
INFO: 2024-01-16 16:40:13 Argument patch_size: 64
INFO: 2024-01-16 16:40:13 Argument resume_epoch: 0
INFO: 2024-01-16 16:40:13 Argument resume_path: None
INFO: 2024-01-16 16:40:13 Argument rgb: False
INFO: 2024-01-16 16:40:13 Argument train_dataset: hic
INFO: 2024-01-16 16:40:13 Argument val_datasets: ['hic']
INFO: Defualt learning rate schedule
INFO: 2024-01-16 16:40:25 epoch:0 dataset: 1/17 step: 0/105 time:0.41+6.64 loss_avg:3.1683e-01
INFO: 2024-01-16 16:40:25 epoch:0 dataset: 1/17 step: 1/105 time:0.00+0.56 loss_avg:3.1511e-01
INFO: 2024-01-16 16:40:26 epoch:0 dataset: 1/17 step: 2/105 time:0.00+0.62 loss_avg:2.9957e-01
INFO: 2024-01-16 16:40:27 epoch:0 dataset: 1/17 step: 3/105 time:0.00+0.55 loss_avg:3.1287e-01
INFO: 2024-01-16 16:40:27 epoch:0 dataset: 1/17 step: 4/105 time:0.01+0.56 loss_avg:2.9890e-01
INFO: 2024-01-16 16:40:28 epoch:0 dataset: 1/17 step: 5/105 time:0.00+0.63 loss_avg:2.8781e-01
INFO: 2024-01-16 16:40:28 epoch:0 dataset: 1/17 step: 6/105 time:0.00+0.57 loss_avg:3.1020e-01
INFO: 2024-01-16 16:40:29 epoch:0 dataset: 1/17 step: 7/105 time:0.00+0.55 loss_avg:2.8738e-01
INFO: 2024-01-16 16:40:30 epoch:0 dataset: 1/17 step: 8/105 time:0.00+0.60 loss_avg:2.9626e-01
INFO: 2024-01-16 16:40:30 epoch:0 dataset: 1/17 step: 9/105 time:0.00+0.70 loss_avg:3.0246e-01
INFO: 2024-01-16 16:40:31 epoch:0 dataset: 1/17 step: 10/105 time:0.00+0.71 loss_avg:2.8274e-01
INFO: 2024-01-16 16:40:32 epoch:0 dataset: 1/17 step: 11/105 time:0.00+0.77 loss_avg:3.0751e-01
INFO: 2024-01-16 16:40:32 epoch:0 dataset: 1/17 step: 12/105 time:0.01+0.65 loss_avg:3.1581e-01
INFO: 2024-01-16 16:40:33 epoch:0 dataset: 1/17 step: 13/105 time:0.00+0.70 loss_avg:3.0404e-01
INFO: 2024-01-16 16:40:34 epoch:0 dataset: 1/17 step: 14/105 time:0.00+0.72 loss_avg:2.9074e-01
INFO: 2024-01-16 16:40:34 epoch:0 dataset: 1/17 step: 15/105 time:0.00+0.65 loss_avg:3.1545e-01
INFO: 2024-01-16 16:40:35 epoch:0 dataset: 1/17 step: 16/105 time:0.00+0.69 loss_avg:2.9332e-01
INFO: 2024-01-16 16:40:36 epoch:0 dataset: 1/17 step: 17/105 time:0.00+0.75 loss_avg:2.6400e-01
INFO: 2024-01-16 16:40:36 epoch:0 dataset: 1/17 step: 18/105 time:0.00+0.57 loss_avg:3.0134e-01
INFO: 2024-01-16 16:40:37 epoch:0 dataset: 1/17 step: 19/105 time:0.00+0.70 loss_avg:2.9155e-01
INFO: 2024-01-16 16:40:38 epoch:0 dataset: 1/17 step: 20/105 time:0.00+0.64 loss_avg:3.0096e-01
INFO: 2024-01-16 16:40:38 epoch:0 dataset: 1/17 step: 21/105 time:0.00+0.64 loss_avg:2.9923e-01
INFO: 2024-01-16 16:40:39 epoch:0 dataset: 1/17 step: 22/105 time:0.00+0.60 loss_avg:2.8759e-01
INFO: 2024-01-16 16:40:40 epoch:0 dataset: 1/17 step: 23/105 time:0.00+0.62 loss_avg:3.1255e-01
INFO: 2024-01-16 16:40:40 epoch:0 dataset: 1/17 step: 24/105 time:0.00+0.62 loss_avg:3.0690e-01
INFO: 2024-01-16 16:40:41 epoch:0 dataset: 1/17 step: 25/105 time:0.01+0.59 loss_avg:2.9250e-01
INFO: 2024-01-16 16:40:42 epoch:0 dataset: 1/17 step: 26/105 time:0.00+0.69 loss_avg:2.9277e-01
INFO: 2024-01-16 16:40:42 epoch:0 dataset: 1/17 step: 27/105 time:0.00+0.65 loss_avg:2.8465e-01
INFO: 2024-01-16 16:40:43 epoch:0 dataset: 1/17 step: 28/105 time:0.00+0.55 loss_avg:3.0311e-01
INFO: 2024-01-16 16:40:43 epoch:0 dataset: 1/17 step: 29/105 time:0.00+0.61 loss_avg:3.0608e-01
INFO: 2024-01-16 16:40:44 epoch:0 dataset: 1/17 step: 30/105 time:0.00+0.70 loss_avg:2.9724e-01
INFO: 2024-01-16 16:40:45 epoch:0 dataset: 1/17 step: 31/105 time:0.01+0.68 loss_avg:3.2185e-01
INFO: 2024-01-16 16:40:46 epoch:0 dataset: 1/17 step: 32/105 time:0.00+0.77 loss_avg:2.9518e-01
INFO: 2024-01-16 16:40:46 epoch:0 dataset: 1/17 step: 33/105 time:0.00+0.74 loss_avg:2.8673e-01
INFO: 2024-01-16 16:40:47 epoch:0 dataset: 1/17 step: 34/105 time:0.00+0.79 loss_avg:2.6073e-01
INFO: 2024-01-16 16:40:48 epoch:0 dataset: 1/17 step: 35/105 time:0.01+0.73 loss_avg:2.8903e-01
INFO: 2024-01-16 16:40:49 epoch:0 dataset: 1/17 step: 36/105 time:0.01+0.74 loss_avg:2.9882e-01
INFO: 2024-01-16 16:40:49 epoch:0 dataset: 1/17 step: 37/105 time:0.00+0.66 loss_avg:2.8652e-01
INFO: 2024-01-16 16:40:50 epoch:0 dataset: 1/17 step: 38/105 time:0.00+0.66 loss_avg:2.9376e-01
INFO: 2024-01-16 16:40:51 epoch:0 dataset: 1/17 step: 39/105 time:0.01+0.65 loss_avg:2.9020e-01
INFO: 2024-01-16 16:40:52 epoch:0 dataset: 1/17 step: 40/105 time:0.00+0.97 loss_avg:2.8141e-01
INFO: 2024-01-16 16:40:52 epoch:0 dataset: 1/17 step: 41/105 time:0.00+0.59 loss_avg:2.9287e-01
INFO: 2024-01-16 16:40:53 epoch:0 dataset: 1/17 step: 42/105 time:0.00+0.66 loss_avg:3.1369e-01
INFO: 2024-01-16 16:40:53 epoch:0 dataset: 1/17 step: 43/105 time:0.00+0.65 loss_avg:2.9155e-01
INFO: 2024-01-16 16:40:54 epoch:0 dataset: 1/17 step: 44/105 time:0.00+0.64 loss_avg:3.0403e-01
INFO: 2024-01-16 16:40:55 epoch:0 dataset: 1/17 step: 45/105 time:0.00+0.66 loss_avg:3.1384e-01
INFO: 2024-01-16 16:40:55 epoch:0 dataset: 1/17 step: 46/105 time:0.00+0.63 loss_avg:2.7856e-01
INFO: 2024-01-16 16:40:56 epoch:0 dataset: 1/17 step: 47/105 time:0.00+0.71 loss_avg:2.9126e-01
INFO: 2024-01-16 16:40:57 epoch:0 dataset: 1/17 step: 48/105 time:0.00+0.76 loss_avg:2.9454e-01
INFO: 2024-01-16 16:40:58 epoch:0 dataset: 1/17 step: 49/105 time:0.00+0.85 loss_avg:2.9364e-01
INFO: 2024-01-16 16:40:58 epoch:0 dataset: 1/17 step: 50/105 time:0.00+0.71 loss_avg:2.7389e-01
INFO: 2024-01-16 16:40:59 epoch:0 dataset: 1/17 step: 51/105 time:0.00+0.70 loss_avg:2.7231e-01
INFO: 2024-01-16 16:41:00 epoch:0 dataset: 1/17 step: 52/105 time:0.02+0.70 loss_avg:2.8755e-01
INFO: 2024-01-16 16:41:01 epoch:0 dataset: 1/17 step: 53/105 time:0.00+0.73 loss_avg:2.9270e-01
INFO: 2024-01-16 16:41:01 epoch:0 dataset: 1/17 step: 54/105 time:0.00+0.78 loss_avg:3.0124e-01
INFO: 2024-01-16 16:41:02 epoch:0 dataset: 1/17 step: 55/105 time:0.00+0.68 loss_avg:3.0463e-01
INFO: 2024-01-16 16:41:03 epoch:0 dataset: 1/17 step: 56/105 time:0.01+0.61 loss_avg:2.7781e-01
INFO: 2024-01-16 16:41:03 epoch:0 dataset: 1/17 step: 57/105 time:0.00+0.60 loss_avg:2.6681e-01
INFO: 2024-01-16 16:41:04 epoch:0 dataset: 1/17 step: 58/105 time:0.00+0.58 loss_avg:2.8898e-01
INFO: 2024-01-16 16:41:04 epoch:0 dataset: 1/17 step: 59/105 time:0.00+0.59 loss_avg:2.8229e-01
INFO: 2024-01-16 16:41:05 epoch:0 dataset: 1/17 step: 60/105 time:0.00+0.57 loss_avg:2.9217e-01
INFO: 2024-01-16 16:41:06 epoch:0 dataset: 1/17 step: 61/105 time:0.00+0.63 loss_avg:2.9071e-01
INFO: 2024-01-16 16:41:06 epoch:0 dataset: 1/17 step: 62/105 time:0.00+0.76 loss_avg:2.9961e-01
INFO: 2024-01-16 16:41:07 epoch:0 dataset: 1/17 step: 63/105 time:0.00+0.62 loss_avg:3.0347e-01
INFO: 2024-01-16 16:41:08 epoch:0 dataset: 1/17 step: 64/105 time:0.00+0.76 loss_avg:2.4989e-01
INFO: 2024-01-16 16:41:08 epoch:0 dataset: 1/17 step: 65/105 time:0.01+0.63 loss_avg:3.0518e-01
INFO: 2024-01-16 16:41:09 epoch:0 dataset: 1/17 step: 66/105 time:0.00+0.67 loss_avg:2.9396e-01
INFO: 2024-01-16 16:41:10 epoch:0 dataset: 1/17 step: 67/105 time:0.00+0.74 loss_avg:2.8461e-01
INFO: 2024-01-16 16:41:10 epoch:0 dataset: 1/17 step: 68/105 time:0.00+0.64 loss_avg:2.9878e-01
INFO: 2024-01-16 16:41:11 epoch:0 dataset: 1/17 step: 69/105 time:0.00+0.63 loss_avg:2.8524e-01
INFO: 2024-01-16 16:41:12 epoch:0 dataset: 1/17 step: 70/105 time:0.00+0.60 loss_avg:2.9224e-01
INFO: 2024-01-16 16:41:12 epoch:0 dataset: 1/17 step: 71/105 time:0.00+0.67 loss_avg:2.7125e-01
INFO: 2024-01-16 16:41:13 epoch:0 dataset: 1/17 step: 72/105 time:0.00+0.70 loss_avg:2.5758e-01
INFO: 2024-01-16 16:41:14 epoch:0 dataset: 1/17 step: 73/105 time:0.01+0.77 loss_avg:2.4758e-01
INFO: 2024-01-16 16:41:14 epoch:0 dataset: 1/17 step: 74/105 time:0.00+0.62 loss_avg:2.9802e-01
INFO: 2024-01-16 16:41:15 epoch:0 dataset: 1/17 step: 75/105 time:0.00+0.70 loss_avg:2.9375e-01
INFO: 2024-01-16 16:41:16 epoch:0 dataset: 1/17 step: 76/105 time:0.00+0.76 loss_avg:2.9296e-01
INFO: 2024-01-16 16:41:17 epoch:0 dataset: 1/17 step: 77/105 time:0.00+0.75 loss_avg:2.5601e-01
INFO: 2024-01-16 16:41:18 epoch:0 dataset: 1/17 step: 78/105 time:0.00+0.81 loss_avg:2.8863e-01
INFO: 2024-01-16 16:41:18 epoch:0 dataset: 1/17 step: 79/105 time:0.00+0.56 loss_avg:2.8145e-01
INFO: 2024-01-16 16:41:19 epoch:0 dataset: 1/17 step: 80/105 time:0.00+0.72 loss_avg:2.8146e-01
INFO: 2024-01-16 16:41:19 epoch:0 dataset: 1/17 step: 81/105 time:0.00+0.58 loss_avg:2.8151e-01
INFO: 2024-01-16 16:41:20 epoch:0 dataset: 1/17 step: 82/105 time:0.01+0.55 loss_avg:2.7024e-01
INFO: 2024-01-16 16:41:21 epoch:0 dataset: 1/17 step: 83/105 time:0.01+0.62 loss_avg:2.9022e-01
INFO: 2024-01-16 16:41:21 epoch:0 dataset: 1/17 step: 84/105 time:0.00+0.65 loss_avg:2.8315e-01
INFO: 2024-01-16 16:41:22 epoch:0 dataset: 1/17 step: 85/105 time:0.00+0.69 loss_avg:2.7870e-01
INFO: 2024-01-16 16:41:23 epoch:0 dataset: 1/17 step: 86/105 time:0.00+0.80 loss_avg:2.8186e-01
INFO: 2024-01-16 16:41:23 epoch:0 dataset: 1/17 step: 87/105 time:0.00+0.74 loss_avg:2.7540e-01
INFO: 2024-01-16 16:41:24 epoch:0 dataset: 1/17 step: 88/105 time:0.00+0.77 loss_avg:2.9826e-01
INFO: 2024-01-16 16:41:25 epoch:0 dataset: 1/17 step: 89/105 time:0.01+0.76 loss_avg:2.9224e-01
INFO: 2024-01-16 16:41:26 epoch:0 dataset: 1/17 step: 90/105 time:0.01+0.80 loss_avg:2.8216e-01
INFO: 2024-01-16 16:41:27 epoch:0 dataset: 1/17 step: 91/105 time:0.01+0.83 loss_avg:2.5566e-01
INFO: 2024-01-16 16:41:27 epoch:0 dataset: 1/17 step: 92/105 time:0.01+0.80 loss_avg:3.0786e-01
INFO: 2024-01-16 16:41:28 epoch:0 dataset: 1/17 step: 93/105 time:0.01+0.79 loss_avg:2.8240e-01
INFO: 2024-01-16 16:41:29 epoch:0 dataset: 1/17 step: 94/105 time:0.01+0.79 loss_avg:2.8669e-01
INFO: 2024-01-16 16:41:30 epoch:0 dataset: 1/17 step: 95/105 time:0.01+0.72 loss_avg:2.9783e-01
INFO: 2024-01-16 16:41:31 epoch:0 dataset: 1/17 step: 96/105 time:0.01+0.79 loss_avg:2.4229e-01
INFO: 2024-01-16 16:41:31 epoch:0 dataset: 1/17 step: 97/105 time:0.01+0.72 loss_avg:2.8816e-01
INFO: 2024-01-16 16:41:32 epoch:0 dataset: 1/17 step: 98/105 time:0.00+0.77 loss_avg:2.8183e-01
INFO: 2024-01-16 16:41:33 epoch:0 dataset: 1/17 step: 99/105 time:0.00+0.66 loss_avg:2.8477e-01
INFO: 2024-01-16 16:41:33 epoch:0 dataset: 1/17 step: 100/105 time:0.00+0.64 loss_avg:2.8066e-01
INFO: 2024-01-16 16:41:34 epoch:0 dataset: 1/17 step: 101/105 time:0.00+0.74 loss_avg:2.8687e-01
INFO: 2024-01-16 16:41:35 epoch:0 dataset: 1/17 step: 102/105 time:0.00+0.70 loss_avg:2.8016e-01
INFO: 2024-01-16 16:41:36 epoch:0 dataset: 1/17 step: 103/105 time:0.00+0.75 loss_avg:2.7766e-01
INFO: 2024-01-16 16:41:36 epoch:0 dataset: 1/17 step: 104/105 time:0.00+0.74 loss_avg:2.7886e-01
INFO: Training on data_train_chr15_64.npy complete.
INFO: 2024-01-16 16:41:38 epoch:0 dataset: 2/17 step: 0/159 time:0.54+0.83 loss_avg:2.8942e-01
INFO: 2024-01-16 16:41:38 epoch:0 dataset: 2/17 step: 1/159 time:0.01+0.75 loss_avg:2.9452e-01
INFO: 2024-01-16 16:41:39 epoch:0 dataset: 2/17 step: 2/159 time:0.01+0.66 loss_avg:3.0389e-01
INFO: 2024-01-16 16:41:40 epoch:0 dataset: 2/17 step: 3/159 time:0.03+0.75 loss_avg:2.9431e-01
INFO: 2024-01-16 16:41:40 epoch:0 dataset: 2/17 step: 4/159 time:0.01+0.62 loss_avg:2.4539e-01
INFO: 2024-01-16 16:41:41 epoch:0 dataset: 2/17 step: 5/159 time:0.01+0.61 loss_avg:2.9696e-01
INFO: 2024-01-16 16:41:42 epoch:0 dataset: 2/17 step: 6/159 time:0.01+0.67 loss_avg:2.9999e-01
INFO: 2024-01-16 16:41:43 epoch:0 dataset: 2/17 step: 7/159 time:0.01+0.74 loss_avg:2.8025e-01
INFO: 2024-01-16 16:41:43 epoch:0 dataset: 2/17 step: 8/159 time:0.01+0.71 loss_avg:2.5737e-01
INFO: 2024-01-16 16:41:44 epoch:0 dataset: 2/17 step: 9/159 time:0.01+0.68 loss_avg:2.9588e-01
INFO: 2024-01-16 16:41:45 epoch:0 dataset: 2/17 step: 10/159 time:0.01+0.63 loss_avg:2.9292e-01
INFO: 2024-01-16 16:41:45 epoch:0 dataset: 2/17 step: 11/159 time:0.01+0.77 loss_avg:2.8135e-01
INFO: 2024-01-16 16:41:46 epoch:0 dataset: 2/17 step: 12/159 time:0.01+0.84 loss_avg:2.8214e-01
INFO: 2024-01-16 16:41:47 epoch:0 dataset: 2/17 step: 13/159 time:0.01+0.74 loss_avg:2.7104e-01
INFO: 2024-01-16 16:41:48 epoch:0 dataset: 2/17 step: 14/159 time:0.01+0.71 loss_avg:3.0009e-01
INFO: 2024-01-16 16:41:48 epoch:0 dataset: 2/17 step: 15/159 time:0.03+0.75 loss_avg:2.7396e-01
INFO: 2024-01-16 16:41:49 epoch:0 dataset: 2/17 step: 16/159 time:0.01+0.66 loss_avg:2.8248e-01
INFO: 2024-01-16 16:41:50 epoch:0 dataset: 2/17 step: 17/159 time:0.00+0.85 loss_avg:2.6979e-01
INFO: 2024-01-16 16:41:51 epoch:0 dataset: 2/17 step: 18/159 time:0.01+0.59 loss_avg:2.7503e-01
INFO: 2024-01-16 16:41:51 epoch:0 dataset: 2/17 step: 19/159 time:0.00+0.73 loss_avg:2.9690e-01
INFO: 2024-01-16 16:41:52 epoch:0 dataset: 2/17 step: 20/159 time:0.00+0.77 loss_avg:2.7720e-01
INFO: 2024-01-16 16:41:53 epoch:0 dataset: 2/17 step: 21/159 time:0.00+0.77 loss_avg:2.9098e-01
INFO: 2024-01-16 16:41:54 epoch:0 dataset: 2/17 step: 22/159 time:0.00+0.68 loss_avg:2.6533e-01
INFO: 2024-01-16 16:41:54 epoch:0 dataset: 2/17 step: 23/159 time:0.00+0.77 loss_avg:2.8453e-01
INFO: 2024-01-16 16:41:55 epoch:0 dataset: 2/17 step: 24/159 time:0.00+0.77 loss_avg:2.8584e-01
INFO: 2024-01-16 16:41:56 epoch:0 dataset: 2/17 step: 25/159 time:0.00+0.60 loss_avg:2.8289e-01
INFO: 2024-01-16 16:41:56 epoch:0 dataset: 2/17 step: 26/159 time:0.00+0.64 loss_avg:2.5102e-01
INFO: 2024-01-16 16:41:57 epoch:0 dataset: 2/17 step: 27/159 time:0.00+0.65 loss_avg:2.6649e-01
INFO: 2024-01-16 16:41:58 epoch:0 dataset: 2/17 step: 28/159 time:0.00+0.68 loss_avg:2.8258e-01
INFO: 2024-01-16 16:41:58 epoch:0 dataset: 2/17 step: 29/159 time:0.00+0.64 loss_avg:2.4139e-01
INFO: 2024-01-16 16:41:59 epoch:0 dataset: 2/17 step: 30/159 time:0.00+0.66 loss_avg:2.8646e-01
INFO: 2024-01-16 16:42:00 epoch:0 dataset: 2/17 step: 31/159 time:0.00+0.67 loss_avg:2.9512e-01
INFO: 2024-01-16 16:42:00 epoch:0 dataset: 2/17 step: 32/159 time:0.00+0.62 loss_avg:2.8794e-01
INFO: 2024-01-16 16:42:01 epoch:0 dataset: 2/17 step: 33/159 time:0.00+0.66 loss_avg:2.8531e-01
INFO: 2024-01-16 16:42:02 epoch:0 dataset: 2/17 step: 34/159 time:0.00+0.73 loss_avg:2.8206e-01
INFO: 2024-01-16 16:42:02 epoch:0 dataset: 2/17 step: 35/159 time:0.00+0.82 loss_avg:2.9005e-01
INFO: 2024-01-16 16:42:03 epoch:0 dataset: 2/17 step: 36/159 time:0.00+0.61 loss_avg:2.8285e-01
INFO: 2024-01-16 16:42:04 epoch:0 dataset: 2/17 step: 37/159 time:0.00+0.64 loss_avg:2.9114e-01
INFO: 2024-01-16 16:42:04 epoch:0 dataset: 2/17 step: 38/159 time:0.00+0.67 loss_avg:2.5939e-01
INFO: 2024-01-16 16:42:05 epoch:0 dataset: 2/17 step: 39/159 time:0.00+0.70 loss_avg:2.8417e-01
INFO: 2024-01-16 16:42:06 epoch:0 dataset: 2/17 step: 40/159 time:0.00+0.67 loss_avg:2.9102e-01
INFO: 2024-01-16 16:42:06 epoch:0 dataset: 2/17 step: 41/159 time:0.01+0.69 loss_avg:2.8541e-01
INFO: 2024-01-16 16:42:07 epoch:0 dataset: 2/17 step: 42/159 time:0.00+0.65 loss_avg:2.9036e-01
INFO: 2024-01-16 16:42:08 epoch:0 dataset: 2/17 step: 43/159 time:0.02+0.61 loss_avg:2.8805e-01
INFO: 2024-01-16 16:42:08 epoch:0 dataset: 2/17 step: 44/159 time:0.00+0.65 loss_avg:2.8755e-01
INFO: 2024-01-16 16:42:09 epoch:0 dataset: 2/17 step: 45/159 time:0.01+0.69 loss_avg:2.8427e-01
INFO: 2024-01-16 16:42:10 epoch:0 dataset: 2/17 step: 46/159 time:0.00+0.78 loss_avg:2.8231e-01
INFO: 2024-01-16 16:42:11 epoch:0 dataset: 2/17 step: 47/159 time:0.00+0.69 loss_avg:2.8529e-01
INFO: 2024-01-16 16:42:11 epoch:0 dataset: 2/17 step: 48/159 time:0.00+0.72 loss_avg:2.9473e-01
INFO: 2024-01-16 16:42:12 epoch:0 dataset: 2/17 step: 49/159 time:0.00+0.68 loss_avg:2.7125e-01
INFO: 2024-01-16 16:42:13 epoch:0 dataset: 2/17 step: 50/159 time:0.01+0.60 loss_avg:2.8443e-01
INFO: 2024-01-16 16:42:13 epoch:0 dataset: 2/17 step: 51/159 time:0.00+0.62 loss_avg:3.0022e-01
INFO: 2024-01-16 16:42:14 epoch:0 dataset: 2/17 step: 52/159 time:0.00+0.56 loss_avg:2.7468e-01
INFO: 2024-01-16 16:42:14 epoch:0 dataset: 2/17 step: 53/159 time:0.00+0.60 loss_avg:2.6992e-01
INFO: 2024-01-16 16:42:15 epoch:0 dataset: 2/17 step: 54/159 time:0.00+0.69 loss_avg:2.9038e-01
INFO: 2024-01-16 16:42:16 epoch:0 dataset: 2/17 step: 55/159 time:0.00+0.67 loss_avg:2.7359e-01
INFO: 2024-01-16 16:42:17 epoch:0 dataset: 2/17 step: 56/159 time:0.00+0.89 loss_avg:2.5845e-01
INFO: 2024-01-16 16:42:18 epoch:0 dataset: 2/17 step: 57/159 time:0.00+0.85 loss_avg:2.8092e-01
INFO: 2024-01-16 16:42:18 epoch:0 dataset: 2/17 step: 58/159 time:0.01+0.77 loss_avg:2.9255e-01
INFO: 2024-01-16 16:42:19 epoch:0 dataset: 2/17 step: 59/159 time:0.00+0.80 loss_avg:2.5940e-01
INFO: 2024-01-16 16:42:20 epoch:0 dataset: 2/17 step: 60/159 time:0.00+0.80 loss_avg:2.8875e-01
INFO: 2024-01-16 16:42:21 epoch:0 dataset: 2/17 step: 61/159 time:0.00+0.76 loss_avg:2.6966e-01
INFO: 2024-01-16 16:42:21 epoch:0 dataset: 2/17 step: 62/159 time:0.00+0.81 loss_avg:2.7547e-01
INFO: 2024-01-16 16:42:22 epoch:0 dataset: 2/17 step: 63/159 time:0.00+0.69 loss_avg:2.6789e-01
INFO: 2024-01-16 16:42:23 epoch:0 dataset: 2/17 step: 64/159 time:0.00+0.66 loss_avg:2.9964e-01
INFO: 2024-01-16 16:42:24 epoch:0 dataset: 2/17 step: 65/159 time:0.00+0.69 loss_avg:2.9767e-01
INFO: 2024-01-16 16:42:24 epoch:0 dataset: 2/17 step: 66/159 time:0.00+0.69 loss_avg:2.8801e-01
INFO: 2024-01-16 16:42:25 epoch:0 dataset: 2/17 step: 67/159 time:0.00+0.75 loss_avg:2.8915e-01
INFO: 2024-01-16 16:42:26 epoch:0 dataset: 2/17 step: 68/159 time:0.00+0.82 loss_avg:2.9393e-01
INFO: 2024-01-16 16:42:27 epoch:0 dataset: 2/17 step: 69/159 time:0.00+0.87 loss_avg:3.0545e-01
INFO: 2024-01-16 16:42:27 epoch:0 dataset: 2/17 step: 70/159 time:0.00+0.69 loss_avg:2.5302e-01
INFO: 2024-01-16 16:42:28 epoch:0 dataset: 2/17 step: 71/159 time:0.01+0.64 loss_avg:2.8798e-01
INFO: 2024-01-16 16:42:29 epoch:0 dataset: 2/17 step: 72/159 time:0.00+0.66 loss_avg:2.7798e-01
INFO: 2024-01-16 16:42:29 epoch:0 dataset: 2/17 step: 73/159 time:0.00+0.84 loss_avg:2.5795e-01
INFO: 2024-01-16 16:42:30 epoch:0 dataset: 2/17 step: 74/159 time:0.00+0.81 loss_avg:2.9644e-01
INFO: 2024-01-16 16:42:31 epoch:0 dataset: 2/17 step: 75/159 time:0.00+0.74 loss_avg:2.9982e-01
INFO: 2024-01-16 16:42:32 epoch:0 dataset: 2/17 step: 76/159 time:0.00+0.70 loss_avg:3.0923e-01
INFO: 2024-01-16 16:42:32 epoch:0 dataset: 2/17 step: 77/159 time:0.00+0.66 loss_avg:2.6960e-01
INFO: 2024-01-16 16:42:33 epoch:0 dataset: 2/17 step: 78/159 time:0.00+0.57 loss_avg:2.8423e-01
INFO: 2024-01-16 16:42:34 epoch:0 dataset: 2/17 step: 79/159 time:0.00+0.69 loss_avg:2.7034e-01
INFO: 2024-01-16 16:42:34 epoch:0 dataset: 2/17 step: 80/159 time:0.00+0.59 loss_avg:2.4932e-01
INFO: 2024-01-16 16:42:35 epoch:0 dataset: 2/17 step: 81/159 time:0.00+0.70 loss_avg:2.9256e-01
INFO: 2024-01-16 16:42:36 epoch:0 dataset: 2/17 step: 82/159 time:0.01+0.65 loss_avg:2.5944e-01
INFO: 2024-01-16 16:42:36 epoch:0 dataset: 2/17 step: 83/159 time:0.00+0.69 loss_avg:2.9013e-01
INFO: 2024-01-16 16:42:37 epoch:0 dataset: 2/17 step: 84/159 time:0.00+0.68 loss_avg:2.9108e-01
INFO: 2024-01-16 16:42:38 epoch:0 dataset: 2/17 step: 85/159 time:0.00+0.69 loss_avg:2.7943e-01
INFO: 2024-01-16 16:42:38 epoch:0 dataset: 2/17 step: 86/159 time:0.00+0.64 loss_avg:2.8922e-01
INFO: 2024-01-16 16:42:39 epoch:0 dataset: 2/17 step: 87/159 time:0.00+0.60 loss_avg:2.8074e-01
INFO: 2024-01-16 16:42:40 epoch:0 dataset: 2/17 step: 88/159 time:0.00+0.65 loss_avg:2.6670e-01
INFO: 2024-01-16 16:42:40 epoch:0 dataset: 2/17 step: 89/159 time:0.00+0.85 loss_avg:2.7572e-01
INFO: 2024-01-16 16:42:41 epoch:0 dataset: 2/17 step: 90/159 time:0.00+0.81 loss_avg:2.6349e-01
INFO: 2024-01-16 16:42:42 epoch:0 dataset: 2/17 step: 91/159 time:0.00+0.69 loss_avg:2.7445e-01
INFO: 2024-01-16 16:42:43 epoch:0 dataset: 2/17 step: 92/159 time:0.00+0.77 loss_avg:2.8468e-01
INFO: 2024-01-16 16:42:44 epoch:0 dataset: 2/17 step: 93/159 time:0.01+0.80 loss_avg:2.9419e-01
INFO: 2024-01-16 16:42:44 epoch:0 dataset: 2/17 step: 94/159 time:0.00+0.74 loss_avg:2.7691e-01
INFO: 2024-01-16 16:42:45 epoch:0 dataset: 2/17 step: 95/159 time:0.00+0.75 loss_avg:2.9582e-01
INFO: 2024-01-16 16:42:46 epoch:0 dataset: 2/17 step: 96/159 time:0.00+0.68 loss_avg:2.9392e-01
INFO: 2024-01-16 16:42:46 epoch:0 dataset: 2/17 step: 97/159 time:0.01+0.70 loss_avg:2.9692e-01
INFO: 2024-01-16 16:42:47 epoch:0 dataset: 2/17 step: 98/159 time:0.00+0.68 loss_avg:2.8448e-01
INFO: 2024-01-16 16:42:48 epoch:0 dataset: 2/17 step: 99/159 time:0.00+0.82 loss_avg:2.8843e-01
INFO: 2024-01-16 16:42:49 epoch:0 dataset: 2/17 step: 100/159 time:0.00+0.67 loss_avg:2.6631e-01
INFO: 2024-01-16 16:42:49 epoch:0 dataset: 2/17 step: 101/159 time:0.00+0.68 loss_avg:2.7817e-01
INFO: 2024-01-16 16:42:50 epoch:0 dataset: 2/17 step: 102/159 time:0.00+0.56 loss_avg:2.9697e-01
INFO: 2024-01-16 16:42:50 epoch:0 dataset: 2/17 step: 103/159 time:0.00+0.56 loss_avg:2.9329e-01
INFO: 2024-01-16 16:42:51 epoch:0 dataset: 2/17 step: 104/159 time:0.02+0.53 loss_avg:2.7755e-01
INFO: 2024-01-16 16:42:52 epoch:0 dataset: 2/17 step: 105/159 time:0.02+0.62 loss_avg:2.9432e-01
INFO: 2024-01-16 16:42:52 epoch:0 dataset: 2/17 step: 106/159 time:0.00+0.65 loss_avg:2.7137e-01
INFO: 2024-01-16 16:42:53 epoch:0 dataset: 2/17 step: 107/159 time:0.02+0.73 loss_avg:2.8638e-01
INFO: 2024-01-16 16:42:54 epoch:0 dataset: 2/17 step: 108/159 time:0.00+0.69 loss_avg:2.7044e-01
INFO: 2024-01-16 16:42:54 epoch:0 dataset: 2/17 step: 109/159 time:0.01+0.73 loss_avg:2.9280e-01
INFO: 2024-01-16 16:42:55 epoch:0 dataset: 2/17 step: 110/159 time:0.02+0.67 loss_avg:2.9998e-01
INFO: 2024-01-16 16:42:56 epoch:0 dataset: 2/17 step: 111/159 time:0.00+0.64 loss_avg:2.4310e-01
INFO: 2024-01-16 16:42:56 epoch:0 dataset: 2/17 step: 112/159 time:0.00+0.70 loss_avg:2.7188e-01
INFO: 2024-01-16 16:42:57 epoch:0 dataset: 2/17 step: 113/159 time:0.01+0.62 loss_avg:2.6531e-01
INFO: 2024-01-16 16:42:58 epoch:0 dataset: 2/17 step: 114/159 time:0.00+0.62 loss_avg:2.8882e-01
INFO: 2024-01-16 16:42:58 epoch:0 dataset: 2/17 step: 115/159 time:0.00+0.68 loss_avg:2.9287e-01
INFO: 2024-01-16 16:42:59 epoch:0 dataset: 2/17 step: 116/159 time:0.00+0.76 loss_avg:2.9698e-01
INFO: 2024-01-16 16:43:00 epoch:0 dataset: 2/17 step: 117/159 time:0.00+0.79 loss_avg:2.7756e-01
INFO: 2024-01-16 16:43:01 epoch:0 dataset: 2/17 step: 118/159 time:0.01+0.88 loss_avg:2.7961e-01
INFO: 2024-01-16 16:43:02 epoch:0 dataset: 2/17 step: 119/159 time:0.00+0.81 loss_avg:2.7059e-01
INFO: 2024-01-16 16:43:02 epoch:0 dataset: 2/17 step: 120/159 time:0.00+0.76 loss_avg:2.9065e-01
INFO: 2024-01-16 16:43:03 epoch:0 dataset: 2/17 step: 121/159 time:0.00+0.67 loss_avg:2.6082e-01
INFO: 2024-01-16 16:43:04 epoch:0 dataset: 2/17 step: 122/159 time:0.00+0.65 loss_avg:2.9510e-01
INFO: 2024-01-16 16:43:04 epoch:0 dataset: 2/17 step: 123/159 time:0.00+0.52 loss_avg:2.7093e-01
INFO: 2024-01-16 16:43:05 epoch:0 dataset: 2/17 step: 124/159 time:0.00+0.52 loss_avg:2.4085e-01
INFO: 2024-01-16 16:43:05 epoch:0 dataset: 2/17 step: 125/159 time:0.00+0.57 loss_avg:2.8195e-01
INFO: 2024-01-16 16:43:06 epoch:0 dataset: 2/17 step: 126/159 time:0.00+0.65 loss_avg:2.9140e-01
INFO: 2024-01-16 16:43:07 epoch:0 dataset: 2/17 step: 127/159 time:0.00+0.70 loss_avg:2.9806e-01
INFO: 2024-01-16 16:43:08 epoch:0 dataset: 2/17 step: 128/159 time:0.01+0.80 loss_avg:2.9134e-01
INFO: 2024-01-16 16:43:08 epoch:0 dataset: 2/17 step: 129/159 time:0.01+0.66 loss_avg:2.9154e-01
INFO: 2024-01-16 16:43:09 epoch:0 dataset: 2/17 step: 130/159 time:0.01+0.64 loss_avg:2.9671e-01
INFO: 2024-01-16 16:43:09 epoch:0 dataset: 2/17 step: 131/159 time:0.00+0.63 loss_avg:2.5294e-01
INFO: 2024-01-16 16:43:10 epoch:0 dataset: 2/17 step: 132/159 time:0.01+0.62 loss_avg:2.6639e-01
INFO: 2024-01-16 16:43:11 epoch:0 dataset: 2/17 step: 133/159 time:0.01+0.68 loss_avg:2.7870e-01
INFO: 2024-01-16 16:43:11 epoch:0 dataset: 2/17 step: 134/159 time:0.00+0.61 loss_avg:2.7386e-01
INFO: 2024-01-16 16:43:12 epoch:0 dataset: 2/17 step: 135/159 time:0.00+0.58 loss_avg:2.8187e-01
INFO: 2024-01-16 16:43:13 epoch:0 dataset: 2/17 step: 136/159 time:0.00+0.53 loss_avg:2.5927e-01
INFO: 2024-01-16 16:43:13 epoch:0 dataset: 2/17 step: 137/159 time:0.00+0.63 loss_avg:2.7057e-01
INFO: 2024-01-16 16:43:14 epoch:0 dataset: 2/17 step: 138/159 time:0.00+0.57 loss_avg:2.9237e-01
INFO: 2024-01-16 16:43:14 epoch:0 dataset: 2/17 step: 139/159 time:0.00+0.57 loss_avg:2.6763e-01
INFO: 2024-01-16 16:43:15 epoch:0 dataset: 2/17 step: 140/159 time:0.00+0.68 loss_avg:2.7075e-01
INFO: 2024-01-16 16:43:16 epoch:0 dataset: 2/17 step: 141/159 time:0.00+0.68 loss_avg:2.8463e-01
INFO: 2024-01-16 16:43:16 epoch:0 dataset: 2/17 step: 142/159 time:0.02+0.71 loss_avg:2.7605e-01
INFO: 2024-01-16 16:43:17 epoch:0 dataset: 2/17 step: 143/159 time:0.00+0.79 loss_avg:2.9034e-01
INFO: 2024-01-16 16:43:18 epoch:0 dataset: 2/17 step: 144/159 time:0.01+0.83 loss_avg:2.8127e-01
INFO: 2024-01-16 16:43:19 epoch:0 dataset: 2/17 step: 145/159 time:0.00+0.79 loss_avg:2.9959e-01
INFO: 2024-01-16 16:43:19 epoch:0 dataset: 2/17 step: 146/159 time:0.00+0.67 loss_avg:2.7783e-01
INFO: 2024-01-16 16:43:20 epoch:0 dataset: 2/17 step: 147/159 time:0.01+0.60 loss_avg:2.7702e-01
INFO: 2024-01-16 16:43:21 epoch:0 dataset: 2/17 step: 148/159 time:0.01+0.68 loss_avg:2.9136e-01
INFO: 2024-01-16 16:43:21 epoch:0 dataset: 2/17 step: 149/159 time:0.01+0.64 loss_avg:2.8102e-01
INFO: 2024-01-16 16:43:22 epoch:0 dataset: 2/17 step: 150/159 time:0.01+0.60 loss_avg:2.8624e-01
INFO: 2024-01-16 16:43:23 epoch:0 dataset: 2/17 step: 151/159 time:0.01+0.67 loss_avg:2.9390e-01
INFO: 2024-01-16 16:43:23 epoch:0 dataset: 2/17 step: 152/159 time:0.01+0.64 loss_avg:2.8245e-01
INFO: 2024-01-16 16:43:24 epoch:0 dataset: 2/17 step: 153/159 time:0.00+0.61 loss_avg:2.7332e-01
INFO: 2024-01-16 16:43:25 epoch:0 dataset: 2/17 step: 154/159 time:0.01+1.01 loss_avg:2.7977e-01
INFO: 2024-01-16 16:43:26 epoch:0 dataset: 2/17 step: 155/159 time:0.01+0.62 loss_avg:2.8684e-01
INFO: 2024-01-16 16:43:26 epoch:0 dataset: 2/17 step: 156/159 time:0.01+0.56 loss_avg:2.5531e-01
INFO: 2024-01-16 16:43:27 epoch:0 dataset: 2/17 step: 157/159 time:0.00+0.71 loss_avg:2.8084e-01
INFO: 2024-01-16 16:43:27 epoch:0 dataset: 2/17 step: 158/159 time:0.00+0.54 loss_avg:2.6646e-01
INFO: Training on data_train_chr4_64.npy complete.
INFO: 2024-01-16 16:43:29 epoch:0 dataset: 3/17 step: 0/156 time:0.53+0.84 loss_avg:2.4182e-01
INFO: 2024-01-16 16:43:30 epoch:0 dataset: 3/17 step: 1/156 time:0.00+0.83 loss_avg:2.7992e-01
INFO: 2024-01-16 16:43:30 epoch:0 dataset: 3/17 step: 2/156 time:0.00+0.75 loss_avg:2.8391e-01
INFO: 2024-01-16 16:43:31 epoch:0 dataset: 3/17 step: 3/156 time:0.00+0.76 loss_avg:2.8529e-01
INFO: 2024-01-16 16:43:32 epoch:0 dataset: 3/17 step: 4/156 time:0.00+0.65 loss_avg:2.1887e-01
INFO: 2024-01-16 16:43:33 epoch:0 dataset: 3/17 step: 5/156 time:0.00+0.81 loss_avg:2.7751e-01
INFO: 2024-01-16 16:43:33 epoch:0 dataset: 3/17 step: 6/156 time:0.01+0.71 loss_avg:2.8150e-01
INFO: 2024-01-16 16:43:34 epoch:0 dataset: 3/17 step: 7/156 time:0.00+0.64 loss_avg:2.4117e-01
INFO: 2024-01-16 16:43:35 epoch:0 dataset: 3/17 step: 8/156 time:0.00+0.65 loss_avg:2.9299e-01
INFO: 2024-01-16 16:43:35 epoch:0 dataset: 3/17 step: 9/156 time:0.00+0.60 loss_avg:2.4318e-01
INFO: 2024-01-16 16:43:36 epoch:0 dataset: 3/17 step: 10/156 time:0.00+0.62 loss_avg:2.9253e-01
INFO: 2024-01-16 16:43:36 epoch:0 dataset: 3/17 step: 11/156 time:0.01+0.64 loss_avg:2.8826e-01
INFO: 2024-01-16 16:43:37 epoch:0 dataset: 3/17 step: 12/156 time:0.00+0.68 loss_avg:2.8349e-01
INFO: 2024-01-16 16:43:38 epoch:0 dataset: 3/17 step: 13/156 time:0.00+0.71 loss_avg:2.6702e-01
INFO: 2024-01-16 16:43:39 epoch:0 dataset: 3/17 step: 14/156 time:0.00+0.73 loss_avg:2.4054e-01
INFO: 2024-01-16 16:43:39 epoch:0 dataset: 3/17 step: 15/156 time:0.00+0.81 loss_avg:2.4413e-01
INFO: 2024-01-16 16:43:40 epoch:0 dataset: 3/17 step: 16/156 time:0.00+0.79 loss_avg:2.3876e-01
INFO: 2024-01-16 16:43:41 epoch:0 dataset: 3/17 step: 17/156 time:0.00+0.80 loss_avg:2.3979e-01
INFO: 2024-01-16 16:43:42 epoch:0 dataset: 3/17 step: 18/156 time:0.00+0.86 loss_avg:2.5644e-01
INFO: 2024-01-16 16:43:43 epoch:0 dataset: 3/17 step: 19/156 time:0.00+0.75 loss_avg:2.5411e-01
INFO: 2024-01-16 16:43:43 epoch:0 dataset: 3/17 step: 20/156 time:0.00+0.80 loss_avg:2.7977e-01
INFO: 2024-01-16 16:43:44 epoch:0 dataset: 3/17 step: 21/156 time:0.00+0.82 loss_avg:3.0505e-01
INFO: 2024-01-16 16:43:45 epoch:0 dataset: 3/17 step: 22/156 time:0.00+0.76 loss_avg:1.7075e-01
INFO: 2024-01-16 16:43:46 epoch:0 dataset: 3/17 step: 23/156 time:0.01+0.81 loss_avg:2.4792e-01
INFO: 2024-01-16 16:43:46 epoch:0 dataset: 3/17 step: 24/156 time:0.00+0.65 loss_avg:2.6136e-01
INFO: 2024-01-16 16:43:47 epoch:0 dataset: 3/17 step: 25/156 time:0.01+0.77 loss_avg:2.6897e-01
INFO: 2024-01-16 16:43:48 epoch:0 dataset: 3/17 step: 26/156 time:0.00+0.79 loss_avg:2.3005e-01
INFO: 2024-01-16 16:43:49 epoch:0 dataset: 3/17 step: 27/156 time:0.00+0.77 loss_avg:2.4927e-01
INFO: 2024-01-16 16:43:50 epoch:0 dataset: 3/17 step: 28/156 time:0.00+0.74 loss_avg:2.3700e-01
INFO: 2024-01-16 16:43:50 epoch:0 dataset: 3/17 step: 29/156 time:0.00+0.63 loss_avg:2.7559e-01
INFO: 2024-01-16 16:43:51 epoch:0 dataset: 3/17 step: 30/156 time:0.00+0.79 loss_avg:2.6803e-01
INFO: 2024-01-16 16:43:52 epoch:0 dataset: 3/17 step: 31/156 time:0.00+0.78 loss_avg:2.4519e-01
INFO: 2024-01-16 16:43:53 epoch:0 dataset: 3/17 step: 32/156 time:0.00+0.74 loss_avg:2.9016e-01
INFO: 2024-01-16 16:43:53 epoch:0 dataset: 3/17 step: 33/156 time:0.01+0.79 loss_avg:2.0578e-01
INFO: 2024-01-16 16:43:54 epoch:0 dataset: 3/17 step: 34/156 time:0.00+0.68 loss_avg:2.6367e-01
INFO: 2024-01-16 16:43:55 epoch:0 dataset: 3/17 step: 35/156 time:0.01+0.78 loss_avg:2.8428e-01
INFO: 2024-01-16 16:43:56 epoch:0 dataset: 3/17 step: 36/156 time:0.01+0.77 loss_avg:2.8390e-01
INFO: 2024-01-16 16:43:56 epoch:0 dataset: 3/17 step: 37/156 time:0.00+0.79 loss_avg:2.9163e-01
INFO: 2024-01-16 16:43:57 epoch:0 dataset: 3/17 step: 38/156 time:0.00+0.70 loss_avg:2.6807e-01
INFO: 2024-01-16 16:43:58 epoch:0 dataset: 3/17 step: 39/156 time:0.00+0.77 loss_avg:2.7402e-01
INFO: 2024-01-16 16:43:59 epoch:0 dataset: 3/17 step: 40/156 time:0.00+0.89 loss_avg:2.8592e-01
INFO: 2024-01-16 16:43:59 epoch:0 dataset: 3/17 step: 41/156 time:0.00+0.53 loss_avg:2.8996e-01
INFO: 2024-01-16 16:44:00 epoch:0 dataset: 3/17 step: 42/156 time:0.00+0.77 loss_avg:2.9979e-01
INFO: 2024-01-16 16:44:01 epoch:0 dataset: 3/17 step: 43/156 time:0.00+0.67 loss_avg:2.2376e-01
INFO: 2024-01-16 16:44:01 epoch:0 dataset: 3/17 step: 44/156 time:0.00+0.72 loss_avg:2.5929e-01
INFO: 2024-01-16 16:44:02 epoch:0 dataset: 3/17 step: 45/156 time:0.00+0.75 loss_avg:2.5786e-01
INFO: 2024-01-16 16:44:03 epoch:0 dataset: 3/17 step: 46/156 time:0.00+0.67 loss_avg:2.4983e-01
INFO: 2024-01-16 16:44:04 epoch:0 dataset: 3/17 step: 47/156 time:0.00+0.68 loss_avg:2.4061e-01
INFO: 2024-01-16 16:44:04 epoch:0 dataset: 3/17 step: 48/156 time:0.00+0.71 loss_avg:2.7748e-01
INFO: 2024-01-16 16:44:05 epoch:0 dataset: 3/17 step: 49/156 time:0.00+0.67 loss_avg:2.3461e-01
INFO: 2024-01-16 16:44:06 epoch:0 dataset: 3/17 step: 50/156 time:0.00+0.65 loss_avg:2.5444e-01
INFO: 2024-01-16 16:44:06 epoch:0 dataset: 3/17 step: 51/156 time:0.00+0.56 loss_avg:2.3248e-01
INFO: 2024-01-16 16:44:07 epoch:0 dataset: 3/17 step: 52/156 time:0.01+0.64 loss_avg:2.7209e-01
INFO: 2024-01-16 16:44:08 epoch:0 dataset: 3/17 step: 53/156 time:0.00+0.74 loss_avg:2.8221e-01
INFO: 2024-01-16 16:44:08 epoch:0 dataset: 3/17 step: 54/156 time:0.00+0.69 loss_avg:2.9003e-01
