INFO: 2024-01-17 23:44:20 Argument batch_size: 8
INFO: 2024-01-17 23:44:20 Argument block_num: 9
INFO: 2024-01-17 23:44:20 Argument code_test: False
INFO: 2024-01-17 23:44:20 Argument cut_off: True
INFO: 2024-01-17 23:44:20 Argument data_train_path: ./../data/data_96/train/
INFO: 2024-01-17 23:44:20 Argument data_val_path: ./../data/data_96/val/data_val_chr19_96.npy
INFO: 2024-01-17 23:44:20 Argument device_id: 0
INFO: 2024-01-17 23:44:20 Argument dynamics: True
INFO: 2024-01-17 23:44:20 Argument early_stoppage_epochs: 5
INFO: 2024-01-17 23:44:20 Argument early_stoppage_start: 400
INFO: 2024-01-17 23:44:20 Argument epoch: 150
INFO: 2024-01-17 23:44:20 Argument learning_rate: None
INFO: 2024-01-17 23:44:20 Argument local_rank: 0
INFO: 2024-01-17 23:44:20 Argument loss: single_channel_MSE_VGG
INFO: 2024-01-17 23:44:20 Argument max_HiC: 250
INFO: 2024-01-17 23:44:20 Argument num_gpu: 1
INFO: 2024-01-17 23:44:20 Argument num_workers: 1
INFO: 2024-01-17 23:44:20 Argument patch_size: 96
INFO: 2024-01-17 23:44:20 Argument resume_epoch: 0
INFO: 2024-01-17 23:44:20 Argument resume_path: None
INFO: 2024-01-17 23:44:20 Argument rgb: False
INFO: 2024-01-17 23:44:20 Argument train_dataset: hic
INFO: 2024-01-17 23:44:20 Argument val_datasets: ['hic']
INFO: Defualt learning rate schedule
INFO: 2024-01-17 23:44:34 epoch:0 dataset: 1/17 step: 0/125 time:0.83+8.92 loss_avg:2.4846e-01
INFO: 2024-01-17 23:44:34 epoch:0 dataset: 1/17 step: 1/125 time:0.01+0.62 loss_avg:2.6028e-01
INFO: 2024-01-17 23:44:35 epoch:0 dataset: 1/17 step: 2/125 time:0.01+0.55 loss_avg:2.6010e-01
INFO: 2024-01-17 23:44:35 epoch:0 dataset: 1/17 step: 3/125 time:0.01+0.55 loss_avg:2.5262e-01
INFO: 2024-01-17 23:44:36 epoch:0 dataset: 1/17 step: 4/125 time:0.01+0.54 loss_avg:2.5644e-01
INFO: 2024-01-17 23:44:36 epoch:0 dataset: 1/17 step: 5/125 time:0.01+0.58 loss_avg:2.5588e-01
INFO: 2024-01-17 23:44:37 epoch:0 dataset: 1/17 step: 6/125 time:0.01+0.54 loss_avg:2.5981e-01
INFO: 2024-01-17 23:44:38 epoch:0 dataset: 1/17 step: 7/125 time:0.01+0.56 loss_avg:2.6042e-01
INFO: 2024-01-17 23:44:38 epoch:0 dataset: 1/17 step: 8/125 time:0.01+0.54 loss_avg:2.6094e-01
INFO: 2024-01-17 23:44:39 epoch:0 dataset: 1/17 step: 9/125 time:0.01+0.55 loss_avg:2.1311e-01
INFO: 2024-01-17 23:44:39 epoch:0 dataset: 1/17 step: 10/125 time:0.01+0.54 loss_avg:2.3783e-01
INFO: 2024-01-17 23:44:40 epoch:0 dataset: 1/17 step: 11/125 time:0.01+0.58 loss_avg:2.5831e-01
INFO: 2024-01-17 23:44:40 epoch:0 dataset: 1/17 step: 12/125 time:0.01+0.59 loss_avg:2.4570e-01
INFO: 2024-01-17 23:44:41 epoch:0 dataset: 1/17 step: 13/125 time:0.01+0.60 loss_avg:2.5349e-01
INFO: 2024-01-17 23:44:42 epoch:0 dataset: 1/17 step: 14/125 time:0.01+0.58 loss_avg:2.5119e-01
INFO: 2024-01-17 23:44:42 epoch:0 dataset: 1/17 step: 15/125 time:0.01+0.56 loss_avg:2.6509e-01
INFO: 2024-01-17 23:44:43 epoch:0 dataset: 1/17 step: 16/125 time:0.01+0.59 loss_avg:2.5794e-01
INFO: 2024-01-17 23:44:43 epoch:0 dataset: 1/17 step: 17/125 time:0.01+0.53 loss_avg:2.4443e-01
INFO: 2024-01-17 23:44:44 epoch:0 dataset: 1/17 step: 18/125 time:0.01+0.58 loss_avg:2.4688e-01
INFO: 2024-01-17 23:44:45 epoch:0 dataset: 1/17 step: 19/125 time:0.03+0.59 loss_avg:2.4698e-01
INFO: 2024-01-17 23:44:45 epoch:0 dataset: 1/17 step: 20/125 time:0.01+0.56 loss_avg:2.4138e-01
INFO: 2024-01-17 23:44:46 epoch:0 dataset: 1/17 step: 21/125 time:0.01+0.59 loss_avg:2.5497e-01
INFO: 2024-01-17 23:44:46 epoch:0 dataset: 1/17 step: 22/125 time:0.01+0.57 loss_avg:2.5395e-01
INFO: 2024-01-17 23:44:47 epoch:0 dataset: 1/17 step: 23/125 time:0.01+0.60 loss_avg:2.4985e-01
INFO: 2024-01-17 23:44:47 epoch:0 dataset: 1/17 step: 24/125 time:0.01+0.55 loss_avg:2.5306e-01
INFO: 2024-01-17 23:44:48 epoch:0 dataset: 1/17 step: 25/125 time:0.01+0.57 loss_avg:2.4739e-01
INFO: 2024-01-17 23:44:49 epoch:0 dataset: 1/17 step: 26/125 time:0.01+0.58 loss_avg:2.4786e-01
INFO: 2024-01-17 23:44:49 epoch:0 dataset: 1/17 step: 27/125 time:0.01+0.55 loss_avg:2.6042e-01
INFO: 2024-01-17 23:44:50 epoch:0 dataset: 1/17 step: 28/125 time:0.01+0.59 loss_avg:2.4693e-01
INFO: 2024-01-17 23:44:50 epoch:0 dataset: 1/17 step: 29/125 time:0.01+0.61 loss_avg:2.5111e-01
INFO: 2024-01-17 23:44:51 epoch:0 dataset: 1/17 step: 30/125 time:0.01+0.59 loss_avg:2.4734e-01
INFO: 2024-01-17 23:44:52 epoch:0 dataset: 1/17 step: 31/125 time:0.01+0.60 loss_avg:2.5442e-01
INFO: 2024-01-17 23:44:52 epoch:0 dataset: 1/17 step: 32/125 time:0.01+0.55 loss_avg:2.4885e-01
INFO: 2024-01-17 23:44:53 epoch:0 dataset: 1/17 step: 33/125 time:0.01+0.56 loss_avg:2.5338e-01
INFO: 2024-01-17 23:44:53 epoch:0 dataset: 1/17 step: 34/125 time:0.01+0.55 loss_avg:2.4901e-01
INFO: 2024-01-17 23:44:54 epoch:0 dataset: 1/17 step: 35/125 time:0.01+0.61 loss_avg:2.3915e-01
INFO: 2024-01-17 23:44:55 epoch:0 dataset: 1/17 step: 36/125 time:0.01+0.54 loss_avg:2.5412e-01
INFO: 2024-01-17 23:44:55 epoch:0 dataset: 1/17 step: 37/125 time:0.01+0.56 loss_avg:2.3797e-01
INFO: 2024-01-17 23:44:56 epoch:0 dataset: 1/17 step: 38/125 time:0.01+0.61 loss_avg:2.5152e-01
INFO: 2024-01-17 23:44:56 epoch:0 dataset: 1/17 step: 39/125 time:0.01+0.54 loss_avg:2.3980e-01
INFO: 2024-01-17 23:44:57 epoch:0 dataset: 1/17 step: 40/125 time:0.00+0.72 loss_avg:2.4488e-01
INFO: 2024-01-17 23:44:58 epoch:0 dataset: 1/17 step: 41/125 time:0.00+0.60 loss_avg:2.5028e-01
INFO: 2024-01-17 23:44:58 epoch:0 dataset: 1/17 step: 42/125 time:0.00+0.61 loss_avg:2.4911e-01
INFO: 2024-01-17 23:44:59 epoch:0 dataset: 1/17 step: 43/125 time:0.00+0.54 loss_avg:2.3791e-01
INFO: 2024-01-17 23:44:59 epoch:0 dataset: 1/17 step: 44/125 time:0.00+0.55 loss_avg:2.4328e-01
INFO: 2024-01-17 23:45:00 epoch:0 dataset: 1/17 step: 45/125 time:0.00+0.57 loss_avg:2.5300e-01
INFO: 2024-01-17 23:45:00 epoch:0 dataset: 1/17 step: 46/125 time:0.00+0.56 loss_avg:2.5716e-01
INFO: 2024-01-17 23:45:01 epoch:0 dataset: 1/17 step: 47/125 time:0.00+0.54 loss_avg:2.1967e-01
INFO: 2024-01-17 23:45:02 epoch:0 dataset: 1/17 step: 48/125 time:0.00+0.59 loss_avg:2.3754e-01
INFO: 2024-01-17 23:45:02 epoch:0 dataset: 1/17 step: 49/125 time:0.00+0.56 loss_avg:2.4237e-01
INFO: 2024-01-17 23:45:03 epoch:0 dataset: 1/17 step: 50/125 time:0.00+0.56 loss_avg:2.3900e-01
INFO: 2024-01-17 23:45:03 epoch:0 dataset: 1/17 step: 51/125 time:0.00+0.56 loss_avg:2.4631e-01
INFO: 2024-01-17 23:45:04 epoch:0 dataset: 1/17 step: 52/125 time:0.00+0.55 loss_avg:2.2785e-01
INFO: 2024-01-17 23:45:04 epoch:0 dataset: 1/17 step: 53/125 time:0.00+0.54 loss_avg:2.5893e-01
INFO: 2024-01-17 23:45:05 epoch:0 dataset: 1/17 step: 54/125 time:0.00+0.64 loss_avg:2.3728e-01
INFO: 2024-01-17 23:45:06 epoch:0 dataset: 1/17 step: 55/125 time:0.00+0.72 loss_avg:2.5209e-01
INFO: 2024-01-17 23:45:06 epoch:0 dataset: 1/17 step: 56/125 time:0.00+0.61 loss_avg:2.4607e-01
INFO: 2024-01-17 23:45:07 epoch:0 dataset: 1/17 step: 57/125 time:0.00+0.58 loss_avg:2.4798e-01
INFO: 2024-01-17 23:45:07 epoch:0 dataset: 1/17 step: 58/125 time:0.00+0.61 loss_avg:2.4455e-01
INFO: 2024-01-17 23:45:08 epoch:0 dataset: 1/17 step: 59/125 time:0.00+0.56 loss_avg:2.2827e-01
INFO: 2024-01-17 23:45:09 epoch:0 dataset: 1/17 step: 60/125 time:0.00+0.60 loss_avg:2.6037e-01
INFO: 2024-01-17 23:45:09 epoch:0 dataset: 1/17 step: 61/125 time:0.00+0.58 loss_avg:2.4685e-01
INFO: 2024-01-17 23:45:10 epoch:0 dataset: 1/17 step: 62/125 time:0.00+0.57 loss_avg:2.3783e-01
INFO: 2024-01-17 23:45:10 epoch:0 dataset: 1/17 step: 63/125 time:0.00+0.59 loss_avg:2.5328e-01
INFO: 2024-01-17 23:45:11 epoch:0 dataset: 1/17 step: 64/125 time:0.00+0.59 loss_avg:2.4242e-01
INFO: 2024-01-17 23:45:12 epoch:0 dataset: 1/17 step: 65/125 time:0.00+0.65 loss_avg:2.2278e-01
INFO: 2024-01-17 23:45:12 epoch:0 dataset: 1/17 step: 66/125 time:0.00+0.61 loss_avg:2.3976e-01
INFO: 2024-01-17 23:45:13 epoch:0 dataset: 1/17 step: 67/125 time:0.00+0.61 loss_avg:2.4509e-01
INFO: 2024-01-17 23:45:13 epoch:0 dataset: 1/17 step: 68/125 time:0.00+0.62 loss_avg:2.3870e-01
INFO: 2024-01-17 23:45:14 epoch:0 dataset: 1/17 step: 69/125 time:0.00+0.60 loss_avg:2.5309e-01
INFO: 2024-01-17 23:45:15 epoch:0 dataset: 1/17 step: 70/125 time:0.00+0.58 loss_avg:2.4345e-01
INFO: 2024-01-17 23:45:15 epoch:0 dataset: 1/17 step: 71/125 time:0.00+0.64 loss_avg:2.4594e-01
INFO: 2024-01-17 23:45:16 epoch:0 dataset: 1/17 step: 72/125 time:0.00+0.57 loss_avg:2.3816e-01
INFO: 2024-01-17 23:45:16 epoch:0 dataset: 1/17 step: 73/125 time:0.00+0.58 loss_avg:2.4727e-01
INFO: 2024-01-17 23:45:17 epoch:0 dataset: 1/17 step: 74/125 time:0.00+0.59 loss_avg:2.2617e-01
INFO: 2024-01-17 23:45:18 epoch:0 dataset: 1/17 step: 75/125 time:0.00+0.57 loss_avg:2.4035e-01
INFO: 2024-01-17 23:45:18 epoch:0 dataset: 1/17 step: 76/125 time:0.00+0.57 loss_avg:2.4345e-01
INFO: 2024-01-17 23:45:19 epoch:0 dataset: 1/17 step: 77/125 time:0.00+0.55 loss_avg:2.4031e-01
INFO: 2024-01-17 23:45:19 epoch:0 dataset: 1/17 step: 78/125 time:0.00+0.56 loss_avg:2.4758e-01
INFO: 2024-01-17 23:45:20 epoch:0 dataset: 1/17 step: 79/125 time:0.00+0.55 loss_avg:2.4798e-01
INFO: 2024-01-17 23:45:20 epoch:0 dataset: 1/17 step: 80/125 time:0.00+0.57 loss_avg:2.1665e-01
INFO: 2024-01-17 23:45:21 epoch:0 dataset: 1/17 step: 81/125 time:0.00+0.56 loss_avg:2.4589e-01
INFO: 2024-01-17 23:45:22 epoch:0 dataset: 1/17 step: 82/125 time:0.00+0.55 loss_avg:2.3379e-01
INFO: 2024-01-17 23:45:22 epoch:0 dataset: 1/17 step: 83/125 time:0.00+0.54 loss_avg:2.4757e-01
INFO: 2024-01-17 23:45:23 epoch:0 dataset: 1/17 step: 84/125 time:0.00+0.61 loss_avg:2.5097e-01
INFO: 2024-01-17 23:45:23 epoch:0 dataset: 1/17 step: 85/125 time:0.00+0.58 loss_avg:2.5012e-01
INFO: 2024-01-17 23:45:24 epoch:0 dataset: 1/17 step: 86/125 time:0.00+0.57 loss_avg:2.4660e-01
INFO: 2024-01-17 23:45:25 epoch:0 dataset: 1/17 step: 87/125 time:0.00+0.62 loss_avg:2.3586e-01
INFO: 2024-01-17 23:45:25 epoch:0 dataset: 1/17 step: 88/125 time:0.01+0.61 loss_avg:2.4627e-01
INFO: 2024-01-17 23:45:26 epoch:0 dataset: 1/17 step: 89/125 time:0.00+0.60 loss_avg:2.4617e-01
INFO: 2024-01-17 23:45:26 epoch:0 dataset: 1/17 step: 90/125 time:0.00+0.57 loss_avg:2.4562e-01
INFO: 2024-01-17 23:45:27 epoch:0 dataset: 1/17 step: 91/125 time:0.00+0.59 loss_avg:2.4712e-01
INFO: 2024-01-17 23:45:27 epoch:0 dataset: 1/17 step: 92/125 time:0.00+0.57 loss_avg:2.5336e-01
INFO: 2024-01-17 23:45:28 epoch:0 dataset: 1/17 step: 93/125 time:0.00+0.61 loss_avg:2.4647e-01
INFO: 2024-01-17 23:45:29 epoch:0 dataset: 1/17 step: 94/125 time:0.00+0.57 loss_avg:2.0517e-01
INFO: 2024-01-17 23:45:29 epoch:0 dataset: 1/17 step: 95/125 time:0.00+0.58 loss_avg:2.3271e-01
INFO: 2024-01-17 23:45:30 epoch:0 dataset: 1/17 step: 96/125 time:0.00+0.57 loss_avg:2.4512e-01
INFO: 2024-01-17 23:45:30 epoch:0 dataset: 1/17 step: 97/125 time:0.00+0.54 loss_avg:2.5265e-01
INFO: 2024-01-17 23:45:31 epoch:0 dataset: 1/17 step: 98/125 time:0.00+0.53 loss_avg:2.4587e-01
INFO: 2024-01-17 23:45:31 epoch:0 dataset: 1/17 step: 99/125 time:0.00+0.57 loss_avg:2.3617e-01
INFO: 2024-01-17 23:45:32 epoch:0 dataset: 1/17 step: 100/125 time:0.00+0.58 loss_avg:2.3304e-01
INFO: 2024-01-17 23:45:33 epoch:0 dataset: 1/17 step: 101/125 time:0.00+0.57 loss_avg:2.3829e-01
INFO: 2024-01-17 23:45:33 epoch:0 dataset: 1/17 step: 102/125 time:0.00+0.59 loss_avg:2.3817e-01
INFO: 2024-01-17 23:45:34 epoch:0 dataset: 1/17 step: 103/125 time:0.00+0.57 loss_avg:2.5627e-01
INFO: 2024-01-17 23:45:34 epoch:0 dataset: 1/17 step: 104/125 time:0.00+0.63 loss_avg:2.4199e-01
INFO: 2024-01-17 23:45:35 epoch:0 dataset: 1/17 step: 105/125 time:0.00+0.55 loss_avg:2.3700e-01
INFO: 2024-01-17 23:45:36 epoch:0 dataset: 1/17 step: 106/125 time:0.00+0.58 loss_avg:2.3678e-01
INFO: 2024-01-17 23:45:36 epoch:0 dataset: 1/17 step: 107/125 time:0.01+0.56 loss_avg:2.3093e-01
INFO: 2024-01-17 23:45:37 epoch:0 dataset: 1/17 step: 108/125 time:0.00+0.59 loss_avg:2.4247e-01
INFO: 2024-01-17 23:45:37 epoch:0 dataset: 1/17 step: 109/125 time:0.00+0.56 loss_avg:2.4260e-01
INFO: 2024-01-17 23:45:38 epoch:0 dataset: 1/17 step: 110/125 time:0.00+0.55 loss_avg:2.2282e-01
INFO: 2024-01-17 23:45:38 epoch:0 dataset: 1/17 step: 111/125 time:0.00+0.54 loss_avg:2.3912e-01
INFO: 2024-01-17 23:45:39 epoch:0 dataset: 1/17 step: 112/125 time:0.00+0.54 loss_avg:2.3852e-01
INFO: 2024-01-17 23:45:39 epoch:0 dataset: 1/17 step: 113/125 time:0.00+0.54 loss_avg:2.4531e-01
INFO: 2024-01-17 23:45:40 epoch:0 dataset: 1/17 step: 114/125 time:0.00+0.60 loss_avg:2.3928e-01
INFO: 2024-01-17 23:45:41 epoch:0 dataset: 1/17 step: 115/125 time:0.00+0.57 loss_avg:2.4137e-01
INFO: 2024-01-17 23:45:41 epoch:0 dataset: 1/17 step: 116/125 time:0.00+0.54 loss_avg:2.4700e-01
INFO: 2024-01-17 23:45:42 epoch:0 dataset: 1/17 step: 117/125 time:0.02+0.58 loss_avg:2.3743e-01
INFO: 2024-01-17 23:45:42 epoch:0 dataset: 1/17 step: 118/125 time:0.00+0.55 loss_avg:2.3295e-01
INFO: 2024-01-17 23:45:43 epoch:0 dataset: 1/17 step: 119/125 time:0.00+0.56 loss_avg:2.4692e-01
INFO: 2024-01-17 23:45:43 epoch:0 dataset: 1/17 step: 120/125 time:0.00+0.55 loss_avg:2.3946e-01
INFO: 2024-01-17 23:45:44 epoch:0 dataset: 1/17 step: 121/125 time:0.00+0.55 loss_avg:2.1988e-01
INFO: 2024-01-17 23:45:45 epoch:0 dataset: 1/17 step: 122/125 time:0.00+0.53 loss_avg:2.3766e-01
INFO: 2024-01-17 23:45:45 epoch:0 dataset: 1/17 step: 123/125 time:0.00+0.56 loss_avg:2.4340e-01
INFO: 2024-01-17 23:45:46 epoch:0 dataset: 1/17 step: 124/125 time:0.00+0.54 loss_avg:2.2662e-01
INFO: Training on data_train_chr9_96.npy complete.
INFO: 2024-01-17 23:45:47 epoch:0 dataset: 2/17 step: 0/103 time:0.59+0.66 loss_avg:2.2700e-01
INFO: 2024-01-17 23:45:47 epoch:0 dataset: 2/17 step: 1/103 time:0.01+0.55 loss_avg:2.3460e-01
INFO: 2024-01-17 23:45:48 epoch:0 dataset: 2/17 step: 2/103 time:0.01+0.57 loss_avg:2.2259e-01
INFO: 2024-01-17 23:45:49 epoch:0 dataset: 2/17 step: 3/103 time:0.01+0.58 loss_avg:1.8687e-01
INFO: 2024-01-17 23:45:49 epoch:0 dataset: 2/17 step: 4/103 time:0.01+0.60 loss_avg:2.2507e-01
INFO: 2024-01-17 23:45:50 epoch:0 dataset: 2/17 step: 5/103 time:0.01+0.61 loss_avg:2.2228e-01
INFO: 2024-01-17 23:45:50 epoch:0 dataset: 2/17 step: 6/103 time:0.01+0.55 loss_avg:2.2361e-01
INFO: 2024-01-17 23:45:51 epoch:0 dataset: 2/17 step: 7/103 time:0.01+0.56 loss_avg:2.1693e-01
INFO: 2024-01-17 23:45:52 epoch:0 dataset: 2/17 step: 8/103 time:0.01+0.59 loss_avg:2.2867e-01
INFO: 2024-01-17 23:45:52 epoch:0 dataset: 2/17 step: 9/103 time:0.01+0.56 loss_avg:2.2596e-01
INFO: 2024-01-17 23:45:53 epoch:0 dataset: 2/17 step: 10/103 time:0.01+0.55 loss_avg:2.1967e-01
INFO: 2024-01-17 23:45:53 epoch:0 dataset: 2/17 step: 11/103 time:0.01+0.69 loss_avg:2.0248e-01
INFO: 2024-01-17 23:45:54 epoch:0 dataset: 2/17 step: 12/103 time:0.01+0.57 loss_avg:2.1735e-01
INFO: 2024-01-17 23:45:55 epoch:0 dataset: 2/17 step: 13/103 time:0.01+0.56 loss_avg:2.1658e-01
INFO: 2024-01-17 23:45:55 epoch:0 dataset: 2/17 step: 14/103 time:0.01+0.56 loss_avg:2.2186e-01
INFO: 2024-01-17 23:45:56 epoch:0 dataset: 2/17 step: 15/103 time:0.01+0.54 loss_avg:2.2913e-01
INFO: 2024-01-17 23:45:56 epoch:0 dataset: 2/17 step: 16/103 time:0.01+0.64 loss_avg:2.2814e-01
INFO: 2024-01-17 23:45:57 epoch:0 dataset: 2/17 step: 17/103 time:0.01+0.62 loss_avg:2.2196e-01
INFO: 2024-01-17 23:45:58 epoch:0 dataset: 2/17 step: 18/103 time:0.01+0.63 loss_avg:2.2683e-01
INFO: 2024-01-17 23:45:58 epoch:0 dataset: 2/17 step: 19/103 time:0.01+0.58 loss_avg:2.2747e-01
INFO: 2024-01-17 23:45:59 epoch:0 dataset: 2/17 step: 20/103 time:0.01+0.61 loss_avg:2.3492e-01
INFO: 2024-01-17 23:45:59 epoch:0 dataset: 2/17 step: 21/103 time:0.01+0.60 loss_avg:2.3050e-01
INFO: 2024-01-17 23:46:00 epoch:0 dataset: 2/17 step: 22/103 time:0.01+0.59 loss_avg:2.3299e-01
INFO: 2024-01-17 23:46:01 epoch:0 dataset: 2/17 step: 23/103 time:0.02+0.59 loss_avg:2.2426e-01
INFO: 2024-01-17 23:46:01 epoch:0 dataset: 2/17 step: 24/103 time:0.01+0.58 loss_avg:2.3508e-01
INFO: 2024-01-17 23:46:02 epoch:0 dataset: 2/17 step: 25/103 time:0.01+0.59 loss_avg:1.8973e-01
INFO: 2024-01-17 23:46:02 epoch:0 dataset: 2/17 step: 26/103 time:0.01+0.54 loss_avg:2.0737e-01
INFO: 2024-01-17 23:46:03 epoch:0 dataset: 2/17 step: 27/103 time:0.02+0.54 loss_avg:2.2443e-01
INFO: 2024-01-17 23:46:04 epoch:0 dataset: 2/17 step: 28/103 time:0.01+0.66 loss_avg:2.3320e-01
INFO: 2024-01-17 23:46:04 epoch:0 dataset: 2/17 step: 29/103 time:0.01+0.58 loss_avg:2.3592e-01
INFO: 2024-01-17 23:46:05 epoch:0 dataset: 2/17 step: 30/103 time:0.01+0.59 loss_avg:2.2433e-01
INFO: 2024-01-17 23:46:05 epoch:0 dataset: 2/17 step: 31/103 time:0.01+0.57 loss_avg:2.2817e-01
INFO: 2024-01-17 23:46:06 epoch:0 dataset: 2/17 step: 32/103 time:0.01+0.56 loss_avg:2.1810e-01
INFO: 2024-01-17 23:46:07 epoch:0 dataset: 2/17 step: 33/103 time:0.01+0.59 loss_avg:2.2807e-01
INFO: 2024-01-17 23:46:07 epoch:0 dataset: 2/17 step: 34/103 time:0.01+0.58 loss_avg:2.2747e-01
INFO: 2024-01-17 23:46:08 epoch:0 dataset: 2/17 step: 35/103 time:0.01+0.58 loss_avg:2.2520e-01
INFO: 2024-01-17 23:46:08 epoch:0 dataset: 2/17 step: 36/103 time:0.01+0.56 loss_avg:2.4087e-01
INFO: 2024-01-17 23:46:09 epoch:0 dataset: 2/17 step: 37/103 time:0.01+0.62 loss_avg:2.2738e-01
INFO: 2024-01-17 23:46:09 epoch:0 dataset: 2/17 step: 38/103 time:0.01+0.58 loss_avg:2.1694e-01
INFO: 2024-01-17 23:46:10 epoch:0 dataset: 2/17 step: 39/103 time:0.01+0.62 loss_avg:2.3112e-01
INFO: 2024-01-17 23:46:11 epoch:0 dataset: 2/17 step: 40/103 time:0.01+0.55 loss_avg:2.3228e-01
INFO: 2024-01-17 23:46:11 epoch:0 dataset: 2/17 step: 41/103 time:0.01+0.55 loss_avg:2.2848e-01
INFO: 2024-01-17 23:46:12 epoch:0 dataset: 2/17 step: 42/103 time:0.01+0.55 loss_avg:2.2176e-01
INFO: 2024-01-17 23:46:12 epoch:0 dataset: 2/17 step: 43/103 time:0.01+0.56 loss_avg:2.2216e-01
INFO: 2024-01-17 23:46:13 epoch:0 dataset: 2/17 step: 44/103 time:0.01+0.56 loss_avg:2.3027e-01
INFO: 2024-01-17 23:46:13 epoch:0 dataset: 2/17 step: 45/103 time:0.01+0.54 loss_avg:2.2672e-01
INFO: 2024-01-17 23:46:14 epoch:0 dataset: 2/17 step: 46/103 time:0.01+0.55 loss_avg:2.3129e-01
INFO: 2024-01-17 23:46:15 epoch:0 dataset: 2/17 step: 47/103 time:0.01+0.59 loss_avg:2.1476e-01
INFO: 2024-01-17 23:46:15 epoch:0 dataset: 2/17 step: 48/103 time:0.01+0.60 loss_avg:2.3551e-01
INFO: 2024-01-17 23:46:16 epoch:0 dataset: 2/17 step: 49/103 time:0.01+0.57 loss_avg:2.3409e-01
INFO: 2024-01-17 23:46:16 epoch:0 dataset: 2/17 step: 50/103 time:0.01+0.55 loss_avg:2.2381e-01
INFO: 2024-01-17 23:46:17 epoch:0 dataset: 2/17 step: 51/103 time:0.01+0.57 loss_avg:2.2217e-01
INFO: 2024-01-17 23:46:18 epoch:0 dataset: 2/17 step: 52/103 time:0.01+0.57 loss_avg:2.2957e-01
INFO: 2024-01-17 23:46:18 epoch:0 dataset: 2/17 step: 53/103 time:0.01+0.57 loss_avg:2.0943e-01
INFO: 2024-01-17 23:46:19 epoch:0 dataset: 2/17 step: 54/103 time:0.01+0.55 loss_avg:2.0919e-01
INFO: 2024-01-17 23:46:19 epoch:0 dataset: 2/17 step: 55/103 time:0.01+0.54 loss_avg:2.2165e-01
INFO: 2024-01-17 23:46:20 epoch:0 dataset: 2/17 step: 56/103 time:0.01+0.55 loss_avg:2.2301e-01
INFO: 2024-01-17 23:46:20 epoch:0 dataset: 2/17 step: 57/103 time:0.01+0.54 loss_avg:2.2583e-01
INFO: 2024-01-17 23:46:21 epoch:0 dataset: 2/17 step: 58/103 time:0.01+0.55 loss_avg:2.3328e-01
INFO: 2024-01-17 23:46:21 epoch:0 dataset: 2/17 step: 59/103 time:0.01+0.55 loss_avg:2.2618e-01
INFO: 2024-01-17 23:46:22 epoch:0 dataset: 2/17 step: 60/103 time:0.01+0.55 loss_avg:2.1833e-01
INFO: 2024-01-17 23:46:23 epoch:0 dataset: 2/17 step: 61/103 time:0.01+0.59 loss_avg:2.2154e-01
INFO: 2024-01-17 23:46:23 epoch:0 dataset: 2/17 step: 62/103 time:0.01+0.54 loss_avg:2.2679e-01
INFO: 2024-01-17 23:46:24 epoch:0 dataset: 2/17 step: 63/103 time:0.01+0.54 loss_avg:2.3902e-01
INFO: 2024-01-17 23:46:24 epoch:0 dataset: 2/17 step: 64/103 time:0.01+0.54 loss_avg:2.2398e-01
INFO: 2024-01-17 23:46:25 epoch:0 dataset: 2/17 step: 65/103 time:0.01+0.57 loss_avg:2.3139e-01
INFO: 2024-01-17 23:46:25 epoch:0 dataset: 2/17 step: 66/103 time:0.01+0.59 loss_avg:2.3154e-01
INFO: 2024-01-17 23:46:26 epoch:0 dataset: 2/17 step: 67/103 time:0.01+0.56 loss_avg:2.1032e-01
INFO: 2024-01-17 23:46:27 epoch:0 dataset: 2/17 step: 68/103 time:0.01+0.56 loss_avg:2.3984e-01
INFO: 2024-01-17 23:46:27 epoch:0 dataset: 2/17 step: 69/103 time:0.01+0.60 loss_avg:2.2997e-01
INFO: 2024-01-17 23:46:28 epoch:0 dataset: 2/17 step: 70/103 time:0.01+0.53 loss_avg:2.3255e-01
INFO: 2024-01-17 23:46:28 epoch:0 dataset: 2/17 step: 71/103 time:0.01+0.57 loss_avg:2.1675e-01
INFO: 2024-01-17 23:46:29 epoch:0 dataset: 2/17 step: 72/103 time:0.01+0.60 loss_avg:2.2313e-01
INFO: 2024-01-17 23:46:30 epoch:0 dataset: 2/17 step: 73/103 time:0.01+0.62 loss_avg:2.2544e-01
INFO: 2024-01-17 23:46:30 epoch:0 dataset: 2/17 step: 74/103 time:0.01+0.59 loss_avg:2.3146e-01
INFO: 2024-01-17 23:46:31 epoch:0 dataset: 2/17 step: 75/103 time:0.01+0.56 loss_avg:2.3272e-01
INFO: 2024-01-17 23:46:31 epoch:0 dataset: 2/17 step: 76/103 time:0.01+0.56 loss_avg:2.1952e-01
INFO: 2024-01-17 23:46:32 epoch:0 dataset: 2/17 step: 77/103 time:0.01+0.59 loss_avg:2.1247e-01
INFO: 2024-01-17 23:46:32 epoch:0 dataset: 2/17 step: 78/103 time:0.01+0.54 loss_avg:2.1867e-01
INFO: 2024-01-17 23:46:33 epoch:0 dataset: 2/17 step: 79/103 time:0.01+0.59 loss_avg:2.3136e-01
INFO: 2024-01-17 23:46:34 epoch:0 dataset: 2/17 step: 80/103 time:0.01+0.56 loss_avg:2.2998e-01
INFO: 2024-01-17 23:46:34 epoch:0 dataset: 2/17 step: 81/103 time:0.01+0.58 loss_avg:2.2993e-01
INFO: 2024-01-17 23:46:35 epoch:0 dataset: 2/17 step: 82/103 time:0.01+0.61 loss_avg:2.3194e-01
INFO: 2024-01-17 23:46:35 epoch:0 dataset: 2/17 step: 83/103 time:0.01+0.58 loss_avg:2.2038e-01
INFO: 2024-01-17 23:46:36 epoch:0 dataset: 2/17 step: 84/103 time:0.01+0.59 loss_avg:2.3619e-01
INFO: 2024-01-17 23:46:37 epoch:0 dataset: 2/17 step: 85/103 time:0.01+0.60 loss_avg:2.2453e-01
INFO: 2024-01-17 23:46:37 epoch:0 dataset: 2/17 step: 86/103 time:0.01+0.57 loss_avg:2.0512e-01
INFO: 2024-01-17 23:46:38 epoch:0 dataset: 2/17 step: 87/103 time:0.01+0.60 loss_avg:2.2213e-01
INFO: 2024-01-17 23:46:38 epoch:0 dataset: 2/17 step: 88/103 time:0.01+0.60 loss_avg:2.1842e-01
INFO: 2024-01-17 23:46:39 epoch:0 dataset: 2/17 step: 89/103 time:0.01+0.54 loss_avg:2.2895e-01
INFO: 2024-01-17 23:46:40 epoch:0 dataset: 2/17 step: 90/103 time:0.01+0.58 loss_avg:2.3585e-01
INFO: 2024-01-17 23:46:40 epoch:0 dataset: 2/17 step: 91/103 time:0.01+0.55 loss_avg:2.1767e-01
INFO: 2024-01-17 23:46:41 epoch:0 dataset: 2/17 step: 92/103 time:0.01+0.59 loss_avg:2.2445e-01
INFO: 2024-01-17 23:46:41 epoch:0 dataset: 2/17 step: 93/103 time:0.01+0.57 loss_avg:2.2824e-01
INFO: 2024-01-17 23:46:42 epoch:0 dataset: 2/17 step: 94/103 time:0.01+0.59 loss_avg:2.2709e-01
INFO: 2024-01-17 23:46:43 epoch:0 dataset: 2/17 step: 95/103 time:0.01+0.64 loss_avg:2.1584e-01
INFO: 2024-01-17 23:46:43 epoch:0 dataset: 2/17 step: 96/103 time:0.01+0.58 loss_avg:2.2292e-01
INFO: 2024-01-17 23:46:44 epoch:0 dataset: 2/17 step: 97/103 time:0.01+0.69 loss_avg:2.1726e-01
INFO: 2024-01-17 23:46:44 epoch:0 dataset: 2/17 step: 98/103 time:0.01+0.57 loss_avg:2.3269e-01
INFO: 2024-01-17 23:46:45 epoch:0 dataset: 2/17 step: 99/103 time:0.01+0.59 loss_avg:2.2364e-01
INFO: 2024-01-17 23:46:46 epoch:0 dataset: 2/17 step: 100/103 time:0.01+0.55 loss_avg:2.3747e-01
INFO: 2024-01-17 23:46:46 epoch:0 dataset: 2/17 step: 101/103 time:0.00+0.58 loss_avg:2.2875e-01
INFO: 2024-01-17 23:46:47 epoch:0 dataset: 2/17 step: 102/103 time:0.00+0.56 loss_avg:2.2002e-01
INFO: Training on data_train_chr15_96.npy complete.
INFO: 2024-01-17 23:46:48 epoch:0 dataset: 3/17 step: 0/158 time:0.76+0.64 loss_avg:2.4457e-01
INFO: 2024-01-17 23:46:49 epoch:0 dataset: 3/17 step: 1/158 time:0.00+0.55 loss_avg:2.3153e-01
INFO: 2024-01-17 23:46:49 epoch:0 dataset: 3/17 step: 2/158 time:0.00+0.55 loss_avg:2.2720e-01
INFO: 2024-01-17 23:46:50 epoch:0 dataset: 3/17 step: 3/158 time:0.00+0.55 loss_avg:2.1719e-01
INFO: 2024-01-17 23:46:50 epoch:0 dataset: 3/17 step: 4/158 time:0.00+0.56 loss_avg:2.2190e-01
INFO: 2024-01-17 23:46:51 epoch:0 dataset: 3/17 step: 5/158 time:0.00+0.53 loss_avg:2.2952e-01
INFO: 2024-01-17 23:46:51 epoch:0 dataset: 3/17 step: 6/158 time:0.00+0.55 loss_avg:2.3340e-01
INFO: 2024-01-17 23:46:52 epoch:0 dataset: 3/17 step: 7/158 time:0.00+0.56 loss_avg:2.2747e-01
INFO: 2024-01-17 23:46:53 epoch:0 dataset: 3/17 step: 8/158 time:0.00+0.71 loss_avg:2.2893e-01
INFO: 2024-01-17 23:46:53 epoch:0 dataset: 3/17 step: 9/158 time:0.00+0.62 loss_avg:2.0686e-01
INFO: 2024-01-17 23:46:54 epoch:0 dataset: 3/17 step: 10/158 time:0.00+0.68 loss_avg:2.3599e-01
INFO: 2024-01-17 23:46:55 epoch:0 dataset: 3/17 step: 11/158 time:0.00+0.57 loss_avg:2.2228e-01
INFO: 2024-01-17 23:46:55 epoch:0 dataset: 3/17 step: 12/158 time:0.00+0.61 loss_avg:2.2926e-01
INFO: 2024-01-17 23:46:56 epoch:0 dataset: 3/17 step: 13/158 time:0.00+0.56 loss_avg:2.4039e-01
INFO: 2024-01-17 23:46:56 epoch:0 dataset: 3/17 step: 14/158 time:0.00+0.60 loss_avg:2.1761e-01
INFO: 2024-01-17 23:46:57 epoch:0 dataset: 3/17 step: 15/158 time:0.00+0.57 loss_avg:2.1864e-01
INFO: 2024-01-17 23:46:57 epoch:0 dataset: 3/17 step: 16/158 time:0.00+0.53 loss_avg:2.2498e-01
INFO: 2024-01-17 23:46:58 epoch:0 dataset: 3/17 step: 17/158 time:0.00+0.58 loss_avg:2.3334e-01
INFO: 2024-01-17 23:46:59 epoch:0 dataset: 3/17 step: 18/158 time:0.00+0.56 loss_avg:2.2938e-01
INFO: 2024-01-17 23:46:59 epoch:0 dataset: 3/17 step: 19/158 time:0.00+0.59 loss_avg:2.2481e-01
INFO: 2024-01-17 23:47:00 epoch:0 dataset: 3/17 step: 20/158 time:0.00+0.54 loss_avg:2.3690e-01
INFO: 2024-01-17 23:47:00 epoch:0 dataset: 3/17 step: 21/158 time:0.00+0.57 loss_avg:2.0993e-01
INFO: 2024-01-17 23:47:01 epoch:0 dataset: 3/17 step: 22/158 time:0.00+0.61 loss_avg:2.4284e-01
INFO: 2024-01-17 23:47:01 epoch:0 dataset: 3/17 step: 23/158 time:0.00+0.58 loss_avg:2.2832e-01
INFO: 2024-01-17 23:47:02 epoch:0 dataset: 3/17 step: 24/158 time:0.00+0.59 loss_avg:2.3334e-01
INFO: 2024-01-17 23:47:03 epoch:0 dataset: 3/17 step: 25/158 time:0.00+0.55 loss_avg:2.2676e-01
INFO: 2024-01-17 23:47:03 epoch:0 dataset: 3/17 step: 26/158 time:0.00+0.61 loss_avg:2.1226e-01
INFO: 2024-01-17 23:47:04 epoch:0 dataset: 3/17 step: 27/158 time:0.00+0.57 loss_avg:2.2322e-01
INFO: 2024-01-17 23:47:04 epoch:0 dataset: 3/17 step: 28/158 time:0.00+0.55 loss_avg:2.2863e-01
INFO: 2024-01-17 23:47:05 epoch:0 dataset: 3/17 step: 29/158 time:0.00+0.56 loss_avg:2.1860e-01
INFO: 2024-01-17 23:47:06 epoch:0 dataset: 3/17 step: 30/158 time:0.01+0.56 loss_avg:2.3413e-01
INFO: 2024-01-17 23:47:06 epoch:0 dataset: 3/17 step: 31/158 time:0.00+0.74 loss_avg:2.3156e-01
INFO: 2024-01-17 23:47:07 epoch:0 dataset: 3/17 step: 32/158 time:0.00+0.56 loss_avg:2.4667e-01
INFO: 2024-01-17 23:47:07 epoch:0 dataset: 3/17 step: 33/158 time:0.00+0.56 loss_avg:2.3411e-01
INFO: 2024-01-17 23:47:08 epoch:0 dataset: 3/17 step: 34/158 time:0.00+0.59 loss_avg:2.2950e-01
INFO: 2024-01-17 23:47:09 epoch:0 dataset: 3/17 step: 35/158 time:0.00+0.56 loss_avg:2.3439e-01
INFO: 2024-01-17 23:47:09 epoch:0 dataset: 3/17 step: 36/158 time:0.02+0.57 loss_avg:2.1796e-01
INFO: 2024-01-17 23:47:10 epoch:0 dataset: 3/17 step: 37/158 time:0.00+0.60 loss_avg:2.2030e-01
INFO: 2024-01-17 23:47:10 epoch:0 dataset: 3/17 step: 38/158 time:0.00+0.56 loss_avg:2.2430e-01
INFO: 2024-01-17 23:47:11 epoch:0 dataset: 3/17 step: 39/158 time:0.00+0.57 loss_avg:2.3563e-01
INFO: 2024-01-17 23:47:11 epoch:0 dataset: 3/17 step: 40/158 time:0.01+0.61 loss_avg:2.3756e-01
INFO: 2024-01-17 23:47:12 epoch:0 dataset: 3/17 step: 41/158 time:0.00+0.57 loss_avg:2.1448e-01
INFO: 2024-01-17 23:47:13 epoch:0 dataset: 3/17 step: 42/158 time:0.00+0.53 loss_avg:2.1167e-01
INFO: 2024-01-17 23:47:13 epoch:0 dataset: 3/17 step: 43/158 time:0.00+0.57 loss_avg:2.2918e-01
INFO: 2024-01-17 23:47:14 epoch:0 dataset: 3/17 step: 44/158 time:0.00+0.56 loss_avg:2.2283e-01
INFO: 2024-01-17 23:47:14 epoch:0 dataset: 3/17 step: 45/158 time:0.01+0.62 loss_avg:1.9178e-01
INFO: 2024-01-17 23:47:15 epoch:0 dataset: 3/17 step: 46/158 time:0.00+0.55 loss_avg:2.3600e-01
INFO: 2024-01-17 23:47:15 epoch:0 dataset: 3/17 step: 47/158 time:0.00+0.58 loss_avg:2.3363e-01
INFO: 2024-01-17 23:47:16 epoch:0 dataset: 3/17 step: 48/158 time:0.00+0.57 loss_avg:2.1980e-01
INFO: 2024-01-17 23:47:17 epoch:0 dataset: 3/17 step: 49/158 time:0.00+0.59 loss_avg:2.1744e-01
INFO: 2024-01-17 23:47:17 epoch:0 dataset: 3/17 step: 50/158 time:0.00+0.53 loss_avg:2.2763e-01
INFO: 2024-01-17 23:47:18 epoch:0 dataset: 3/17 step: 51/158 time:0.00+0.54 loss_avg:2.0705e-01
INFO: 2024-01-17 23:47:18 epoch:0 dataset: 3/17 step: 52/158 time:0.00+0.59 loss_avg:2.3909e-01
INFO: 2024-01-17 23:47:19 epoch:0 dataset: 3/17 step: 53/158 time:0.00+0.56 loss_avg:2.4807e-01
INFO: 2024-01-17 23:47:19 epoch:0 dataset: 3/17 step: 54/158 time:0.00+0.57 loss_avg:2.2950e-01
INFO: 2024-01-17 23:47:20 epoch:0 dataset: 3/17 step: 55/158 time:0.00+0.54 loss_avg:2.2567e-01
INFO: 2024-01-17 23:47:21 epoch:0 dataset: 3/17 step: 56/158 time:0.00+0.58 loss_avg:2.3245e-01
INFO: 2024-01-17 23:47:21 epoch:0 dataset: 3/17 step: 57/158 time:0.00+0.59 loss_avg:2.2200e-01
INFO: 2024-01-17 23:47:22 epoch:0 dataset: 3/17 step: 58/158 time:0.00+0.57 loss_avg:2.3146e-01
INFO: 2024-01-17 23:47:22 epoch:0 dataset: 3/17 step: 59/158 time:0.00+0.55 loss_avg:2.2678e-01
INFO: 2024-01-17 23:47:23 epoch:0 dataset: 3/17 step: 60/158 time:0.00+0.60 loss_avg:2.0228e-01
INFO: 2024-01-17 23:47:23 epoch:0 dataset: 3/17 step: 61/158 time:0.00+0.57 loss_avg:2.2657e-01
INFO: 2024-01-17 23:47:24 epoch:0 dataset: 3/17 step: 62/158 time:0.00+0.58 loss_avg:2.2684e-01
INFO: 2024-01-17 23:47:25 epoch:0 dataset: 3/17 step: 63/158 time:0.00+0.56 loss_avg:2.1032e-01
INFO: 2024-01-17 23:47:25 epoch:0 dataset: 3/17 step: 64/158 time:0.00+0.55 loss_avg:2.2327e-01
INFO: 2024-01-17 23:47:26 epoch:0 dataset: 3/17 step: 65/158 time:0.00+0.58 loss_avg:2.2066e-01
INFO: 2024-01-17 23:47:26 epoch:0 dataset: 3/17 step: 66/158 time:0.00+0.54 loss_avg:2.1876e-01
INFO: 2024-01-17 23:47:27 epoch:0 dataset: 3/17 step: 67/158 time:0.00+0.59 loss_avg:2.2144e-01
INFO: 2024-01-17 23:47:28 epoch:0 dataset: 3/17 step: 68/158 time:0.00+0.60 loss_avg:2.2257e-01
INFO: 2024-01-17 23:47:28 epoch:0 dataset: 3/17 step: 69/158 time:0.00+0.57 loss_avg:2.2661e-01
INFO: 2024-01-17 23:47:29 epoch:0 dataset: 3/17 step: 70/158 time:0.00+0.55 loss_avg:2.2944e-01
INFO: 2024-01-17 23:47:29 epoch:0 dataset: 3/17 step: 71/158 time:0.00+0.60 loss_avg:2.2273e-01
INFO: 2024-01-17 23:47:30 epoch:0 dataset: 3/17 step: 72/158 time:0.00+0.55 loss_avg:2.2995e-01
INFO: 2024-01-17 23:47:30 epoch:0 dataset: 3/17 step: 73/158 time:0.00+0.58 loss_avg:2.2874e-01
INFO: 2024-01-17 23:47:31 epoch:0 dataset: 3/17 step: 74/158 time:0.00+0.55 loss_avg:2.4072e-01
INFO: 2024-01-17 23:47:31 epoch:0 dataset: 3/17 step: 75/158 time:0.00+0.55 loss_avg:2.4243e-01
INFO: 2024-01-17 23:47:32 epoch:0 dataset: 3/17 step: 76/158 time:0.00+0.64 loss_avg:2.3399e-01
INFO: 2024-01-17 23:47:33 epoch:0 dataset: 3/17 step: 77/158 time:0.00+0.54 loss_avg:2.1502e-01
INFO: 2024-01-17 23:47:33 epoch:0 dataset: 3/17 step: 78/158 time:0.00+0.60 loss_avg:2.2297e-01
INFO: 2024-01-17 23:47:34 epoch:0 dataset: 3/17 step: 79/158 time:0.00+0.56 loss_avg:2.3495e-01
INFO: 2024-01-17 23:47:34 epoch:0 dataset: 3/17 step: 80/158 time:0.00+0.55 loss_avg:2.3231e-01
INFO: 2024-01-17 23:47:35 epoch:0 dataset: 3/17 step: 81/158 time:0.00+0.63 loss_avg:2.3883e-01
INFO: 2024-01-17 23:47:36 epoch:0 dataset: 3/17 step: 82/158 time:0.00+0.55 loss_avg:2.3312e-01
INFO: 2024-01-17 23:47:36 epoch:0 dataset: 3/17 step: 83/158 time:0.00+0.59 loss_avg:2.3516e-01
INFO: 2024-01-17 23:47:37 epoch:0 dataset: 3/17 step: 84/158 time:0.00+0.59 loss_avg:2.3201e-01
INFO: 2024-01-17 23:47:37 epoch:0 dataset: 3/17 step: 85/158 time:0.00+0.58 loss_avg:2.3083e-01
INFO: 2024-01-17 23:47:38 epoch:0 dataset: 3/17 step: 86/158 time:0.01+0.61 loss_avg:2.3543e-01
INFO: 2024-01-17 23:47:38 epoch:0 dataset: 3/17 step: 87/158 time:0.00+0.55 loss_avg:2.3392e-01
INFO: 2024-01-17 23:47:39 epoch:0 dataset: 3/17 step: 88/158 time:0.00+0.57 loss_avg:2.2887e-01
INFO: 2024-01-17 23:47:40 epoch:0 dataset: 3/17 step: 89/158 time:0.00+0.58 loss_avg:2.2746e-01
INFO: 2024-01-17 23:47:40 epoch:0 dataset: 3/17 step: 90/158 time:0.00+0.59 loss_avg:2.2875e-01
INFO: 2024-01-17 23:47:41 epoch:0 dataset: 3/17 step: 91/158 time:0.00+0.54 loss_avg:2.2165e-01
INFO: 2024-01-17 23:47:41 epoch:0 dataset: 3/17 step: 92/158 time:0.00+0.54 loss_avg:2.3619e-01
INFO: 2024-01-17 23:47:42 epoch:0 dataset: 3/17 step: 93/158 time:0.00+0.58 loss_avg:2.2279e-01
INFO: 2024-01-17 23:47:42 epoch:0 dataset: 3/17 step: 94/158 time:0.01+0.56 loss_avg:2.0645e-01
INFO: 2024-01-17 23:47:43 epoch:0 dataset: 3/17 step: 95/158 time:0.00+0.53 loss_avg:2.1891e-01
INFO: 2024-01-17 23:47:44 epoch:0 dataset: 3/17 step: 96/158 time:0.00+0.58 loss_avg:2.1313e-01
INFO: 2024-01-17 23:47:44 epoch:0 dataset: 3/17 step: 97/158 time:0.00+0.56 loss_avg:2.3786e-01
INFO: 2024-01-17 23:47:45 epoch:0 dataset: 3/17 step: 98/158 time:0.00+0.58 loss_avg:2.3448e-01
INFO: 2024-01-17 23:47:45 epoch:0 dataset: 3/17 step: 99/158 time:0.01+0.60 loss_avg:2.2008e-01
INFO: 2024-01-17 23:47:46 epoch:0 dataset: 3/17 step: 100/158 time:0.00+0.60 loss_avg:2.3722e-01
INFO: 2024-01-17 23:47:46 epoch:0 dataset: 3/17 step: 101/158 time:0.00+0.57 loss_avg:2.1566e-01
INFO: 2024-01-17 23:47:47 epoch:0 dataset: 3/17 step: 102/158 time:0.00+0.58 loss_avg:2.2960e-01
INFO: 2024-01-17 23:47:48 epoch:0 dataset: 3/17 step: 103/158 time:0.00+0.59 loss_avg:2.4058e-01
INFO: 2024-01-17 23:47:48 epoch:0 dataset: 3/17 step: 104/158 time:0.00+0.58 loss_avg:2.2397e-01
INFO: 2024-01-17 23:47:49 epoch:0 dataset: 3/17 step: 105/158 time:0.00+0.55 loss_avg:2.2958e-01
INFO: 2024-01-17 23:47:49 epoch:0 dataset: 3/17 step: 106/158 time:0.00+0.56 loss_avg:2.4417e-01
INFO: 2024-01-17 23:47:50 epoch:0 dataset: 3/17 step: 107/158 time:0.00+0.57 loss_avg:2.2059e-01
INFO: 2024-01-17 23:47:50 epoch:0 dataset: 3/17 step: 108/158 time:0.00+0.59 loss_avg:2.2674e-01
INFO: 2024-01-17 23:47:51 epoch:0 dataset: 3/17 step: 109/158 time:0.00+0.59 loss_avg:2.3072e-01
INFO: 2024-01-17 23:47:52 epoch:0 dataset: 3/17 step: 110/158 time:0.00+0.62 loss_avg:2.4174e-01
INFO: 2024-01-17 23:47:52 epoch:0 dataset: 3/17 step: 111/158 time:0.00+0.58 loss_avg:2.3593e-01
INFO: 2024-01-17 23:47:53 epoch:0 dataset: 3/17 step: 112/158 time:0.00+0.62 loss_avg:2.3835e-01
INFO: 2024-01-17 23:47:54 epoch:0 dataset: 3/17 step: 113/158 time:0.00+0.60 loss_avg:2.2172e-01
INFO: 2024-01-17 23:47:54 epoch:0 dataset: 3/17 step: 114/158 time:0.00+0.64 loss_avg:2.3703e-01
INFO: 2024-01-17 23:47:55 epoch:0 dataset: 3/17 step: 115/158 time:0.00+0.70 loss_avg:2.2442e-01
INFO: 2024-01-17 23:47:55 epoch:0 dataset: 3/17 step: 116/158 time:0.00+0.57 loss_avg:2.3289e-01
INFO: 2024-01-17 23:47:56 epoch:0 dataset: 3/17 step: 117/158 time:0.00+0.62 loss_avg:2.2119e-01
INFO: 2024-01-17 23:47:57 epoch:0 dataset: 3/17 step: 118/158 time:0.00+0.61 loss_avg:2.2041e-01
INFO: 2024-01-17 23:47:57 epoch:0 dataset: 3/17 step: 119/158 time:0.00+0.63 loss_avg:2.2597e-01
INFO: 2024-01-17 23:47:58 epoch:0 dataset: 3/17 step: 120/158 time:0.00+0.62 loss_avg:2.2245e-01
INFO: 2024-01-17 23:47:59 epoch:0 dataset: 3/17 step: 121/158 time:0.00+0.64 loss_avg:2.2511e-01
INFO: 2024-01-17 23:47:59 epoch:0 dataset: 3/17 step: 122/158 time:0.00+0.59 loss_avg:2.2744e-01
INFO: 2024-01-17 23:48:00 epoch:0 dataset: 3/17 step: 123/158 time:0.00+0.58 loss_avg:2.3536e-01
INFO: 2024-01-17 23:48:00 epoch:0 dataset: 3/17 step: 124/158 time:0.00+0.63 loss_avg:2.3266e-01
INFO: 2024-01-17 23:48:01 epoch:0 dataset: 3/17 step: 125/158 time:0.00+0.62 loss_avg:2.0842e-01
INFO: 2024-01-17 23:48:02 epoch:0 dataset: 3/17 step: 126/158 time:0.00+0.58 loss_avg:2.2356e-01
INFO: 2024-01-17 23:48:02 epoch:0 dataset: 3/17 step: 127/158 time:0.00+0.57 loss_avg:2.2334e-01
INFO: 2024-01-17 23:48:03 epoch:0 dataset: 3/17 step: 128/158 time:0.00+0.56 loss_avg:2.2942e-01
INFO: 2024-01-17 23:48:03 epoch:0 dataset: 3/17 step: 129/158 time:0.00+0.54 loss_avg:2.1257e-01
INFO: 2024-01-17 23:48:04 epoch:0 dataset: 3/17 step: 130/158 time:0.00+0.59 loss_avg:2.2743e-01
INFO: 2024-01-17 23:48:04 epoch:0 dataset: 3/17 step: 131/158 time:0.00+0.57 loss_avg:2.0734e-01
INFO: 2024-01-17 23:48:05 epoch:0 dataset: 3/17 step: 132/158 time:0.00+0.56 loss_avg:2.2135e-01
INFO: 2024-01-17 23:48:06 epoch:0 dataset: 3/17 step: 133/158 time:0.00+0.57 loss_avg:2.1868e-01
INFO: 2024-01-17 23:48:06 epoch:0 dataset: 3/17 step: 134/158 time:0.00+0.58 loss_avg:2.2535e-01
INFO: 2024-01-17 23:48:07 epoch:0 dataset: 3/17 step: 135/158 time:0.00+0.59 loss_avg:2.2528e-01
INFO: 2024-01-17 23:48:07 epoch:0 dataset: 3/17 step: 136/158 time:0.00+0.55 loss_avg:2.1562e-01
INFO: 2024-01-17 23:48:08 epoch:0 dataset: 3/17 step: 137/158 time:0.00+0.58 loss_avg:2.2468e-01
INFO: 2024-01-17 23:48:08 epoch:0 dataset: 3/17 step: 138/158 time:0.00+0.55 loss_avg:2.2322e-01
INFO: 2024-01-17 23:48:09 epoch:0 dataset: 3/17 step: 139/158 time:0.00+0.61 loss_avg:2.1771e-01
INFO: 2024-01-17 23:48:10 epoch:0 dataset: 3/17 step: 140/158 time:0.00+0.57 loss_avg:2.3862e-01
INFO: 2024-01-17 23:48:10 epoch:0 dataset: 3/17 step: 141/158 time:0.00+0.55 loss_avg:2.1566e-01
INFO: 2024-01-17 23:48:11 epoch:0 dataset: 3/17 step: 142/158 time:0.00+0.60 loss_avg:2.3044e-01
INFO: 2024-01-17 23:48:11 epoch:0 dataset: 3/17 step: 143/158 time:0.00+0.59 loss_avg:2.2070e-01
INFO: 2024-01-17 23:48:12 epoch:0 dataset: 3/17 step: 144/158 time:0.00+0.57 loss_avg:2.3322e-01
INFO: 2024-01-17 23:48:12 epoch:0 dataset: 3/17 step: 145/158 time:0.00+0.57 loss_avg:2.2334e-01
INFO: 2024-01-17 23:48:13 epoch:0 dataset: 3/17 step: 146/158 time:0.00+0.59 loss_avg:2.1566e-01
INFO: 2024-01-17 23:48:14 epoch:0 dataset: 3/17 step: 147/158 time:0.00+0.60 loss_avg:2.2533e-01
INFO: 2024-01-17 23:48:14 epoch:0 dataset: 3/17 step: 148/158 time:0.00+0.59 loss_avg:2.2937e-01
INFO: 2024-01-17 23:48:15 epoch:0 dataset: 3/17 step: 149/158 time:0.00+0.59 loss_avg:2.2065e-01
INFO: 2024-01-17 23:48:15 epoch:0 dataset: 3/17 step: 150/158 time:0.00+0.61 loss_avg:2.3438e-01
INFO: 2024-01-17 23:48:16 epoch:0 dataset: 3/17 step: 151/158 time:0.00+0.56 loss_avg:2.3519e-01
INFO: 2024-01-17 23:48:17 epoch:0 dataset: 3/17 step: 152/158 time:0.00+0.54 loss_avg:2.2218e-01
INFO: 2024-01-17 23:48:17 epoch:0 dataset: 3/17 step: 153/158 time:0.00+0.58 loss_avg:2.3517e-01
INFO: 2024-01-17 23:48:18 epoch:0 dataset: 3/17 step: 154/158 time:0.00+0.55 loss_avg:2.0982e-01
INFO: 2024-01-17 23:48:18 epoch:0 dataset: 3/17 step: 155/158 time:0.00+0.60 loss_avg:2.1955e-01
INFO: 2024-01-17 23:48:19 epoch:0 dataset: 3/17 step: 156/158 time:0.00+0.56 loss_avg:2.2699e-01
INFO: 2024-01-17 23:48:19 epoch:0 dataset: 3/17 step: 157/158 time:0.00+0.59 loss_avg:2.0300e-01
INFO: Training on data_train_chr4_96.npy complete.
INFO: 2024-01-17 23:48:21 epoch:0 dataset: 4/17 step: 0/122 time:0.63+0.58 loss_avg:2.1491e-01
INFO: 2024-01-17 23:48:21 epoch:0 dataset: 4/17 step: 1/122 time:0.01+0.53 loss_avg:2.1719e-01
INFO: 2024-01-17 23:48:22 epoch:0 dataset: 4/17 step: 2/122 time:0.01+0.62 loss_avg:2.2828e-01
INFO: 2024-01-17 23:48:22 epoch:0 dataset: 4/17 step: 3/122 time:0.01+0.53 loss_avg:2.2533e-01
INFO: 2024-01-17 23:48:23 epoch:0 dataset: 4/17 step: 4/122 time:0.01+0.62 loss_avg:2.2971e-01
INFO: 2024-01-17 23:48:24 epoch:0 dataset: 4/17 step: 5/122 time:0.01+0.57 loss_avg:2.3589e-01
INFO: 2024-01-17 23:48:24 epoch:0 dataset: 4/17 step: 6/122 time:0.01+0.57 loss_avg:2.3383e-01
