INFO: Default loss without VGG
INFO: Attempt might succeed, but expected to fail. Testing the try catch block to log traceback
INFO: 2023-07-22 15:53:54 Argument batch_size: 64
INFO: 2023-07-22 15:53:54 Argument code_test: False
INFO: 2023-07-22 15:53:54 Argument data_train_path: ./../data/data_96/train/
INFO: 2023-07-22 15:53:54 Argument device_number: 0
INFO: 2023-07-22 15:53:54 Argument epoch: 150
INFO: 2023-07-22 15:53:54 Argument local_rank: 0
INFO: 2023-07-22 15:53:54 Argument num_gpu: 1
INFO: 2023-07-22 15:53:54 Argument num_workers: 2
INFO: 2023-07-22 15:53:54 Argument resume_epoch: 0
INFO: 2023-07-22 15:53:54 Argument resume_path: None
INFO: 2023-07-22 15:53:54 Argument rgb: False
INFO: 2023-07-22 15:53:54 Argument train_dataset: hic
INFO: 2023-07-22 15:53:54 Argument val_datasets: ['hic']
INFO: 2023-07-22 15:53:58 epoch:0 dataset: 1/17 step: 0/12 time:0.20+4.11 loss_avg:2.3402e-01
INFO: 2023-07-22 15:53:59 epoch:0 dataset: 1/17 step: 1/12 time:0.04+1.01 loss_avg:2.3470e-01
INFO: 2023-07-22 15:54:01 epoch:0 dataset: 1/17 step: 2/12 time:0.04+1.03 loss_avg:2.4479e-01
INFO: 2023-07-22 15:54:02 epoch:0 dataset: 1/17 step: 3/12 time:0.04+1.02 loss_avg:2.3912e-01
INFO: 2023-07-22 15:54:03 epoch:0 dataset: 1/17 step: 4/12 time:0.04+1.02 loss_avg:2.4377e-01
INFO: 2023-07-22 15:54:04 epoch:0 dataset: 1/17 step: 5/12 time:0.04+1.02 loss_avg:2.3903e-01
INFO: 2023-07-22 15:54:05 epoch:0 dataset: 1/17 step: 6/12 time:0.04+1.02 loss_avg:2.3861e-01
INFO: 2023-07-22 15:54:06 epoch:0 dataset: 1/17 step: 7/12 time:0.04+1.02 loss_avg:2.3777e-01
INFO: 2023-07-22 15:54:07 epoch:0 dataset: 1/17 step: 8/12 time:0.04+1.01 loss_avg:2.4327e-01
INFO: 2023-07-22 15:54:08 epoch:0 dataset: 1/17 step: 9/12 time:0.04+1.01 loss_avg:2.3366e-01
INFO: 2023-07-22 15:54:09 epoch:0 dataset: 1/17 step: 10/12 time:0.04+1.02 loss_avg:2.3797e-01
INFO: 2023-07-22 15:54:10 epoch:0 dataset: 1/17 step: 11/12 time:0.04+1.02 loss_avg:2.4267e-01
INFO: Training on data_train_chr15_96.npy complete.
INFO: 2023-07-22 15:54:11 epoch:0 dataset: 2/17 step: 0/15 time:0.25+1.12 loss_avg:2.3781e-01
INFO: 2023-07-22 15:54:12 epoch:0 dataset: 2/17 step: 1/15 time:0.04+1.04 loss_avg:2.4345e-01
INFO: 2023-07-22 15:54:14 epoch:0 dataset: 2/17 step: 2/15 time:0.04+1.02 loss_avg:2.3243e-01
INFO: 2023-07-22 15:54:15 epoch:0 dataset: 2/17 step: 3/15 time:0.04+1.02 loss_avg:2.3390e-01
INFO: 2023-07-22 15:54:16 epoch:0 dataset: 2/17 step: 4/15 time:0.04+1.03 loss_avg:2.3059e-01
INFO: 2023-07-22 15:54:17 epoch:0 dataset: 2/17 step: 5/15 time:0.04+1.03 loss_avg:2.3767e-01
INFO: 2023-07-22 15:54:18 epoch:0 dataset: 2/17 step: 6/15 time:0.04+1.04 loss_avg:2.3472e-01
INFO: 2023-07-22 15:54:19 epoch:0 dataset: 2/17 step: 7/15 time:0.04+1.03 loss_avg:2.3358e-01
INFO: 2023-07-22 15:54:20 epoch:0 dataset: 2/17 step: 8/15 time:0.04+1.03 loss_avg:2.4804e-01
INFO: 2023-07-22 15:54:21 epoch:0 dataset: 2/17 step: 9/15 time:0.04+1.03 loss_avg:2.3362e-01
INFO: 2023-07-22 15:54:22 epoch:0 dataset: 2/17 step: 10/15 time:0.04+1.03 loss_avg:2.4683e-01
INFO: 2023-07-22 15:54:23 epoch:0 dataset: 2/17 step: 11/15 time:0.04+1.02 loss_avg:2.2904e-01
INFO: 2023-07-22 15:54:24 epoch:0 dataset: 2/17 step: 12/15 time:0.04+1.02 loss_avg:2.2603e-01
INFO: 2023-07-22 15:54:25 epoch:0 dataset: 2/17 step: 13/15 time:0.04+1.02 loss_avg:2.4122e-01
INFO: 2023-07-22 15:54:26 epoch:0 dataset: 2/17 step: 14/15 time:0.04+1.02 loss_avg:2.3278e-01
INFO: Training on data_train_chr12_96.npy complete.
INFO: 2023-07-22 15:54:28 epoch:0 dataset: 3/17 step: 0/15 time:0.27+1.10 loss_avg:2.6673e-01
INFO: 2023-07-22 15:54:29 epoch:0 dataset: 3/17 step: 1/15 time:0.04+1.05 loss_avg:2.6444e-01
INFO: 2023-07-22 15:54:30 epoch:0 dataset: 3/17 step: 2/15 time:0.04+1.03 loss_avg:2.6479e-01
INFO: 2023-07-22 15:54:31 epoch:0 dataset: 3/17 step: 3/15 time:0.04+1.03 loss_avg:2.7536e-01
INFO: 2023-07-22 15:54:32 epoch:0 dataset: 3/17 step: 4/15 time:0.04+1.03 loss_avg:2.6965e-01
INFO: 2023-07-22 15:54:33 epoch:0 dataset: 3/17 step: 5/15 time:0.04+1.03 loss_avg:2.6536e-01
INFO: 2023-07-22 15:54:34 epoch:0 dataset: 3/17 step: 6/15 time:0.04+1.03 loss_avg:2.7111e-01
INFO: 2023-07-22 15:54:35 epoch:0 dataset: 3/17 step: 7/15 time:0.04+1.03 loss_avg:2.6043e-01
INFO: 2023-07-22 15:54:36 epoch:0 dataset: 3/17 step: 8/15 time:0.04+1.04 loss_avg:2.7500e-01
INFO: 2023-07-22 15:54:37 epoch:0 dataset: 3/17 step: 9/15 time:0.04+1.03 loss_avg:2.5874e-01
INFO: 2023-07-22 15:54:38 epoch:0 dataset: 3/17 step: 10/15 time:0.04+1.03 loss_avg:2.6641e-01
INFO: 2023-07-22 15:54:40 epoch:0 dataset: 3/17 step: 11/15 time:0.04+1.03 loss_avg:2.6206e-01
INFO: 2023-07-22 15:54:41 epoch:0 dataset: 3/17 step: 12/15 time:0.04+1.02 loss_avg:2.6695e-01
INFO: 2023-07-22 15:54:42 epoch:0 dataset: 3/17 step: 13/15 time:0.04+1.04 loss_avg:2.6656e-01
INFO: 2023-07-22 15:54:43 epoch:0 dataset: 3/17 step: 14/15 time:0.04+1.02 loss_avg:2.7028e-01
INFO: Training on data_train_chr11_96.npy complete.
INFO: 2023-07-22 15:54:44 epoch:0 dataset: 4/17 step: 0/11 time:0.25+1.07 loss_avg:2.4214e-01
INFO: 2023-07-22 15:54:45 epoch:0 dataset: 4/17 step: 1/11 time:0.04+1.05 loss_avg:2.4302e-01
INFO: 2023-07-22 15:54:46 epoch:0 dataset: 4/17 step: 2/11 time:0.04+1.03 loss_avg:2.3957e-01
INFO: 2023-07-22 15:54:47 epoch:0 dataset: 4/17 step: 3/11 time:0.04+1.04 loss_avg:2.3980e-01
INFO: 2023-07-22 15:54:48 epoch:0 dataset: 4/17 step: 4/11 time:0.04+1.03 loss_avg:2.3019e-01
INFO: 2023-07-22 15:54:49 epoch:0 dataset: 4/17 step: 5/11 time:0.04+1.04 loss_avg:2.4516e-01
INFO: 2023-07-22 15:54:50 epoch:0 dataset: 4/17 step: 6/11 time:0.04+1.03 loss_avg:2.3451e-01
INFO: 2023-07-22 15:54:52 epoch:0 dataset: 4/17 step: 7/11 time:0.04+1.03 loss_avg:2.3261e-01
INFO: 2023-07-22 15:54:53 epoch:0 dataset: 4/17 step: 8/11 time:0.04+1.03 loss_avg:2.3939e-01
INFO: 2023-07-22 15:54:54 epoch:0 dataset: 4/17 step: 9/11 time:0.04+1.03 loss_avg:2.3215e-01
INFO: 2023-07-22 15:54:55 epoch:0 dataset: 4/17 step: 10/11 time:0.04+1.03 loss_avg:2.4049e-01
INFO: Training on data_train_chr17_96.npy complete.
INFO: 2023-07-22 15:54:56 epoch:0 dataset: 5/17 step: 0/16 time:0.27+1.08 loss_avg:2.6979e-01
INFO: 2023-07-22 15:54:57 epoch:0 dataset: 5/17 step: 1/16 time:0.04+1.05 loss_avg:2.7000e-01
INFO: 2023-07-22 15:54:58 epoch:0 dataset: 5/17 step: 2/16 time:0.04+1.04 loss_avg:2.7637e-01
INFO: 2023-07-22 15:54:59 epoch:0 dataset: 5/17 step: 3/16 time:0.04+1.04 loss_avg:2.6092e-01
INFO: 2023-07-22 15:55:00 epoch:0 dataset: 5/17 step: 4/16 time:0.04+1.04 loss_avg:2.5922e-01
INFO: 2023-07-22 15:55:02 epoch:0 dataset: 5/17 step: 5/16 time:0.04+1.04 loss_avg:2.5948e-01
INFO: 2023-07-22 15:55:03 epoch:0 dataset: 5/17 step: 6/16 time:0.04+1.04 loss_avg:2.6760e-01
INFO: 2023-07-22 15:55:04 epoch:0 dataset: 5/17 step: 7/16 time:0.04+1.04 loss_avg:2.7156e-01
INFO: 2023-07-22 15:55:05 epoch:0 dataset: 5/17 step: 8/16 time:0.04+1.04 loss_avg:2.6835e-01
INFO: 2023-07-22 15:55:06 epoch:0 dataset: 5/17 step: 9/16 time:0.04+1.04 loss_avg:2.7978e-01
INFO: 2023-07-22 15:55:07 epoch:0 dataset: 5/17 step: 10/16 time:0.04+1.04 loss_avg:2.7473e-01
INFO: 2023-07-22 15:55:08 epoch:0 dataset: 5/17 step: 11/16 time:0.04+1.04 loss_avg:2.6967e-01
INFO: 2023-07-22 15:55:09 epoch:0 dataset: 5/17 step: 12/16 time:0.04+1.03 loss_avg:2.8010e-01
INFO: 2023-07-22 15:55:10 epoch:0 dataset: 5/17 step: 13/16 time:0.04+1.03 loss_avg:2.6853e-01
INFO: 2023-07-22 15:55:11 epoch:0 dataset: 5/17 step: 14/16 time:0.04+1.03 loss_avg:2.5934e-01
INFO: 2023-07-22 15:55:12 epoch:0 dataset: 5/17 step: 15/16 time:0.04+1.03 loss_avg:2.7451e-01
INFO: Training on data_train_chr8_96.npy complete.
INFO: 2023-07-22 15:55:14 epoch:0 dataset: 6/17 step: 0/19 time:0.30+1.10 loss_avg:1.9482e-01
INFO: 2023-07-22 15:55:15 epoch:0 dataset: 6/17 step: 1/19 time:0.04+1.05 loss_avg:2.1698e-01
INFO: 2023-07-22 15:55:16 epoch:0 dataset: 6/17 step: 2/19 time:0.04+1.04 loss_avg:2.0636e-01
INFO: 2023-07-22 15:55:17 epoch:0 dataset: 6/17 step: 3/19 time:0.04+1.04 loss_avg:2.2648e-01
INFO: 2023-07-22 15:55:18 epoch:0 dataset: 6/17 step: 4/19 time:0.04+1.04 loss_avg:2.3135e-01
INFO: 2023-07-22 15:55:19 epoch:0 dataset: 6/17 step: 5/19 time:0.04+1.04 loss_avg:2.0440e-01
INFO: 2023-07-22 15:55:20 epoch:0 dataset: 6/17 step: 6/19 time:0.04+1.04 loss_avg:2.2287e-01
INFO: 2023-07-22 15:55:21 epoch:0 dataset: 6/17 step: 7/19 time:0.04+1.04 loss_avg:2.2311e-01
INFO: 2023-07-22 15:55:22 epoch:0 dataset: 6/17 step: 8/19 time:0.04+1.04 loss_avg:2.1307e-01
INFO: 2023-07-22 15:55:23 epoch:0 dataset: 6/17 step: 9/19 time:0.04+1.04 loss_avg:2.2152e-01
INFO: 2023-07-22 15:55:24 epoch:0 dataset: 6/17 step: 10/19 time:0.04+1.04 loss_avg:2.1887e-01
INFO: 2023-07-22 15:55:26 epoch:0 dataset: 6/17 step: 11/19 time:0.04+1.04 loss_avg:2.2003e-01
INFO: 2023-07-22 15:55:27 epoch:0 dataset: 6/17 step: 12/19 time:0.04+1.04 loss_avg:2.3201e-01
INFO: 2023-07-22 15:55:28 epoch:0 dataset: 6/17 step: 13/19 time:0.04+1.05 loss_avg:1.9993e-01
INFO: 2023-07-22 15:55:29 epoch:0 dataset: 6/17 step: 14/19 time:0.04+1.04 loss_avg:2.3125e-01
INFO: 2023-07-22 15:55:30 epoch:0 dataset: 6/17 step: 15/19 time:0.04+1.04 loss_avg:2.1596e-01
INFO: 2023-07-22 15:55:31 epoch:0 dataset: 6/17 step: 16/19 time:0.04+1.03 loss_avg:2.2574e-01
INFO: 2023-07-22 15:55:32 epoch:0 dataset: 6/17 step: 17/19 time:0.04+1.03 loss_avg:2.1813e-01
INFO: 2023-07-22 15:55:33 epoch:0 dataset: 6/17 step: 18/19 time:0.04+1.04 loss_avg:2.2145e-01
INFO: Training on data_train_chr7_96.npy complete.
INFO: 2023-07-22 15:55:34 epoch:0 dataset: 7/17 step: 0/21 time:0.31+1.07 loss_avg:1.7784e-01
INFO: 2023-07-22 15:55:36 epoch:0 dataset: 7/17 step: 1/21 time:0.04+1.04 loss_avg:1.8140e-01
INFO: 2023-07-22 15:55:37 epoch:0 dataset: 7/17 step: 2/21 time:0.04+1.04 loss_avg:1.8060e-01
INFO: 2023-07-22 15:55:38 epoch:0 dataset: 7/17 step: 3/21 time:0.04+1.04 loss_avg:1.6758e-01
INFO: 2023-07-22 15:55:39 epoch:0 dataset: 7/17 step: 4/21 time:0.04+1.04 loss_avg:1.7813e-01
INFO: 2023-07-22 15:55:40 epoch:0 dataset: 7/17 step: 5/21 time:0.04+1.05 loss_avg:1.7245e-01
INFO: 2023-07-22 15:55:41 epoch:0 dataset: 7/17 step: 6/21 time:0.04+1.04 loss_avg:1.7633e-01
INFO: 2023-07-22 15:55:42 epoch:0 dataset: 7/17 step: 7/21 time:0.04+1.04 loss_avg:1.7958e-01
INFO: 2023-07-22 15:55:43 epoch:0 dataset: 7/17 step: 8/21 time:0.04+1.05 loss_avg:1.6919e-01
INFO: 2023-07-22 15:55:44 epoch:0 dataset: 7/17 step: 9/21 time:0.04+1.05 loss_avg:1.6350e-01
INFO: 2023-07-22 15:55:45 epoch:0 dataset: 7/17 step: 10/21 time:0.04+1.05 loss_avg:1.6527e-01
INFO: 2023-07-22 15:55:46 epoch:0 dataset: 7/17 step: 11/21 time:0.04+1.05 loss_avg:1.6924e-01
INFO: 2023-07-22 15:55:47 epoch:0 dataset: 7/17 step: 12/21 time:0.04+1.04 loss_avg:1.5795e-01
INFO: 2023-07-22 15:55:49 epoch:0 dataset: 7/17 step: 13/21 time:0.04+1.04 loss_avg:1.7057e-01
INFO: 2023-07-22 15:55:50 epoch:0 dataset: 7/17 step: 14/21 time:0.04+1.05 loss_avg:1.7225e-01
INFO: 2023-07-22 15:55:51 epoch:0 dataset: 7/17 step: 15/21 time:0.04+1.05 loss_avg:1.6095e-01
INFO: 2023-07-22 15:55:52 epoch:0 dataset: 7/17 step: 16/21 time:0.04+1.05 loss_avg:1.6602e-01
INFO: 2023-07-22 15:55:53 epoch:0 dataset: 7/17 step: 17/21 time:0.04+1.03 loss_avg:1.6564e-01
INFO: 2023-07-22 15:55:54 epoch:0 dataset: 7/17 step: 18/21 time:0.04+1.04 loss_avg:1.7002e-01
INFO: 2023-07-22 15:55:55 epoch:0 dataset: 7/17 step: 19/21 time:0.04+1.04 loss_avg:1.7343e-01
INFO: 2023-07-22 15:55:56 epoch:0 dataset: 7/17 step: 20/21 time:0.04+1.04 loss_avg:1.7796e-01
INFO: Training on data_train_chrX_96.npy complete.
INFO: 2023-07-22 15:55:57 epoch:0 dataset: 8/17 step: 0/15 time:0.27+1.06 loss_avg:2.4495e-01
INFO: 2023-07-22 15:55:59 epoch:0 dataset: 8/17 step: 1/15 time:0.04+1.05 loss_avg:2.4400e-01
INFO: 2023-07-22 15:56:00 epoch:0 dataset: 8/17 step: 2/15 time:0.04+1.04 loss_avg:2.5123e-01
INFO: 2023-07-22 15:56:01 epoch:0 dataset: 8/17 step: 3/15 time:0.04+1.04 loss_avg:2.4820e-01
INFO: 2023-07-22 15:56:02 epoch:0 dataset: 8/17 step: 4/15 time:0.04+1.04 loss_avg:2.4794e-01
INFO: 2023-07-22 15:56:03 epoch:0 dataset: 8/17 step: 5/15 time:0.04+1.04 loss_avg:2.4334e-01
INFO: 2023-07-22 15:56:04 epoch:0 dataset: 8/17 step: 6/15 time:0.04+1.05 loss_avg:2.4284e-01
INFO: 2023-07-22 15:56:05 epoch:0 dataset: 8/17 step: 7/15 time:0.04+1.04 loss_avg:2.4327e-01
INFO: 2023-07-22 15:56:06 epoch:0 dataset: 8/17 step: 8/15 time:0.04+1.04 loss_avg:2.3646e-01
INFO: 2023-07-22 15:56:07 epoch:0 dataset: 8/17 step: 9/15 time:0.04+1.04 loss_avg:2.4114e-01
INFO: 2023-07-22 15:56:08 epoch:0 dataset: 8/17 step: 10/15 time:0.04+1.04 loss_avg:2.3566e-01
INFO: 2023-07-22 15:56:09 epoch:0 dataset: 8/17 step: 11/15 time:0.04+1.04 loss_avg:2.4464e-01
INFO: 2023-07-22 15:56:10 epoch:0 dataset: 8/17 step: 12/15 time:0.04+1.03 loss_avg:2.4891e-01
INFO: 2023-07-22 15:56:12 epoch:0 dataset: 8/17 step: 13/15 time:0.04+1.04 loss_avg:2.4164e-01
INFO: 2023-07-22 15:56:13 epoch:0 dataset: 8/17 step: 14/15 time:0.04+1.04 loss_avg:2.4787e-01
INFO: Training on data_train_chr9_96.npy complete.
INFO: 2023-07-22 15:56:14 epoch:0 dataset: 9/17 step: 0/15 time:0.27+1.08 loss_avg:2.2808e-01
INFO: 2023-07-22 15:56:15 epoch:0 dataset: 9/17 step: 1/15 time:0.04+1.05 loss_avg:2.2989e-01
INFO: 2023-07-22 15:56:16 epoch:0 dataset: 9/17 step: 2/15 time:0.04+1.06 loss_avg:2.1859e-01
INFO: 2023-07-22 15:56:17 epoch:0 dataset: 9/17 step: 3/15 time:0.04+1.05 loss_avg:2.1606e-01
INFO: 2023-07-22 15:56:18 epoch:0 dataset: 9/17 step: 4/15 time:0.04+1.05 loss_avg:2.2015e-01
INFO: 2023-07-22 15:56:19 epoch:0 dataset: 9/17 step: 5/15 time:0.04+1.05 loss_avg:2.1096e-01
INFO: 2023-07-22 15:56:21 epoch:0 dataset: 9/17 step: 6/15 time:0.04+1.05 loss_avg:2.2315e-01
INFO: 2023-07-22 15:56:22 epoch:0 dataset: 9/17 step: 7/15 time:0.04+1.05 loss_avg:2.2098e-01
INFO: 2023-07-22 15:56:23 epoch:0 dataset: 9/17 step: 8/15 time:0.04+1.05 loss_avg:2.1669e-01
INFO: 2023-07-22 15:56:24 epoch:0 dataset: 9/17 step: 9/15 time:0.04+1.05 loss_avg:2.1651e-01
INFO: 2023-07-22 15:56:25 epoch:0 dataset: 9/17 step: 10/15 time:0.04+1.05 loss_avg:2.0629e-01
INFO: 2023-07-22 15:56:26 epoch:0 dataset: 9/17 step: 11/15 time:0.04+1.04 loss_avg:2.1266e-01
INFO: 2023-07-22 15:56:27 epoch:0 dataset: 9/17 step: 12/15 time:0.04+1.04 loss_avg:2.2326e-01
INFO: 2023-07-22 15:56:28 epoch:0 dataset: 9/17 step: 13/15 time:0.04+1.04 loss_avg:2.1358e-01
INFO: 2023-07-22 15:56:29 epoch:0 dataset: 9/17 step: 14/15 time:0.04+1.04 loss_avg:2.0427e-01
INFO: Training on data_train_chr14_96.npy complete.
INFO: 2023-07-22 15:56:31 epoch:0 dataset: 10/17 step: 0/15 time:0.27+1.07 loss_avg:2.2680e-01
INFO: 2023-07-22 15:56:32 epoch:0 dataset: 10/17 step: 1/15 time:0.04+1.06 loss_avg:2.2143e-01
INFO: 2023-07-22 15:56:33 epoch:0 dataset: 10/17 step: 2/15 time:0.04+1.05 loss_avg:2.2668e-01
INFO: 2023-07-22 15:56:34 epoch:0 dataset: 10/17 step: 3/15 time:0.04+1.05 loss_avg:2.2970e-01
INFO: 2023-07-22 15:56:35 epoch:0 dataset: 10/17 step: 4/15 time:0.04+1.05 loss_avg:2.3084e-01
INFO: 2023-07-22 15:56:36 epoch:0 dataset: 10/17 step: 5/15 time:0.05+1.04 loss_avg:2.3332e-01
INFO: 2023-07-22 15:56:37 epoch:0 dataset: 10/17 step: 6/15 time:0.04+1.05 loss_avg:2.3352e-01
INFO: 2023-07-22 15:56:38 epoch:0 dataset: 10/17 step: 7/15 time:0.04+1.05 loss_avg:2.2813e-01
INFO: 2023-07-22 15:56:39 epoch:0 dataset: 10/17 step: 8/15 time:0.04+1.04 loss_avg:2.3019e-01
INFO: 2023-07-22 15:56:40 epoch:0 dataset: 10/17 step: 9/15 time:0.04+1.05 loss_avg:2.2705e-01
INFO: 2023-07-22 15:56:41 epoch:0 dataset: 10/17 step: 10/15 time:0.04+1.05 loss_avg:2.2422e-01
INFO: 2023-07-22 15:56:43 epoch:0 dataset: 10/17 step: 11/15 time:0.04+1.04 loss_avg:2.2366e-01
INFO: 2023-07-22 15:56:44 epoch:0 dataset: 10/17 step: 12/15 time:0.04+1.03 loss_avg:2.2951e-01
INFO: 2023-07-22 15:56:45 epoch:0 dataset: 10/17 step: 13/15 time:0.04+1.04 loss_avg:2.2889e-01
INFO: 2023-07-22 15:56:46 epoch:0 dataset: 10/17 step: 14/15 time:0.04+1.04 loss_avg:2.3314e-01
INFO: Training on data_train_chr13_96.npy complete.
INFO: 2023-07-22 15:56:47 epoch:0 dataset: 11/17 step: 0/19 time:0.29+1.08 loss_avg:2.2741e-01
INFO: 2023-07-22 15:56:48 epoch:0 dataset: 11/17 step: 1/19 time:0.04+1.05 loss_avg:2.2615e-01
INFO: 2023-07-22 15:56:49 epoch:0 dataset: 11/17 step: 2/19 time:0.04+1.05 loss_avg:2.2665e-01
INFO: 2023-07-22 15:56:50 epoch:0 dataset: 11/17 step: 3/19 time:0.04+1.05 loss_avg:2.2185e-01
INFO: 2023-07-22 15:56:51 epoch:0 dataset: 11/17 step: 4/19 time:0.04+1.05 loss_avg:2.3258e-01
INFO: 2023-07-22 15:56:53 epoch:0 dataset: 11/17 step: 5/19 time:0.04+1.04 loss_avg:2.2040e-01
INFO: 2023-07-22 15:56:54 epoch:0 dataset: 11/17 step: 6/19 time:0.04+1.04 loss_avg:2.3317e-01
INFO: 2023-07-22 15:56:55 epoch:0 dataset: 11/17 step: 7/19 time:0.04+1.04 loss_avg:2.1695e-01
INFO: 2023-07-22 15:56:56 epoch:0 dataset: 11/17 step: 8/19 time:0.04+1.05 loss_avg:2.1925e-01
INFO: 2023-07-22 15:56:57 epoch:0 dataset: 11/17 step: 9/19 time:0.04+1.05 loss_avg:2.2864e-01
INFO: 2023-07-22 15:56:58 epoch:0 dataset: 11/17 step: 10/19 time:0.04+1.05 loss_avg:2.4052e-01
INFO: 2023-07-22 15:56:59 epoch:0 dataset: 11/17 step: 11/19 time:0.04+1.05 loss_avg:2.2877e-01
INFO: 2023-07-22 15:57:00 epoch:0 dataset: 11/17 step: 12/19 time:0.04+1.05 loss_avg:2.2496e-01
INFO: 2023-07-22 15:57:01 epoch:0 dataset: 11/17 step: 13/19 time:0.04+1.05 loss_avg:2.2981e-01
INFO: 2023-07-22 15:57:02 epoch:0 dataset: 11/17 step: 14/19 time:0.04+1.05 loss_avg:2.2658e-01
INFO: 2023-07-22 15:57:03 epoch:0 dataset: 11/17 step: 15/19 time:0.04+1.04 loss_avg:2.2288e-01
INFO: 2023-07-22 15:57:05 epoch:0 dataset: 11/17 step: 16/19 time:0.04+1.04 loss_avg:2.2376e-01
INFO: 2023-07-22 15:57:06 epoch:0 dataset: 11/17 step: 17/19 time:0.04+1.04 loss_avg:2.2240e-01
INFO: 2023-07-22 15:57:07 epoch:0 dataset: 11/17 step: 18/19 time:0.04+1.04 loss_avg:2.3221e-01
INFO: Training on data_train_chr4_96.npy complete.
INFO: 2023-07-22 15:57:08 epoch:0 dataset: 12/17 step: 0/19 time:0.29+1.09 loss_avg:2.2043e-01
INFO: 2023-07-22 15:57:09 epoch:0 dataset: 12/17 step: 1/19 time:0.04+1.06 loss_avg:2.2085e-01
INFO: 2023-07-22 15:57:10 epoch:0 dataset: 12/17 step: 2/19 time:0.04+1.09 loss_avg:2.2152e-01
INFO: 2023-07-22 15:57:11 epoch:0 dataset: 12/17 step: 3/19 time:0.04+1.05 loss_avg:2.2409e-01
INFO: 2023-07-22 15:57:13 epoch:0 dataset: 12/17 step: 4/19 time:0.04+1.05 loss_avg:2.2835e-01
INFO: 2023-07-22 15:57:14 epoch:0 dataset: 12/17 step: 5/19 time:0.04+1.05 loss_avg:2.1582e-01
INFO: 2023-07-22 15:57:15 epoch:0 dataset: 12/17 step: 6/19 time:0.04+1.06 loss_avg:2.2494e-01
INFO: 2023-07-22 15:57:16 epoch:0 dataset: 12/17 step: 7/19 time:0.04+1.05 loss_avg:2.2248e-01
INFO: 2023-07-22 15:57:17 epoch:0 dataset: 12/17 step: 8/19 time:0.04+1.05 loss_avg:2.2413e-01
INFO: 2023-07-22 15:57:18 epoch:0 dataset: 12/17 step: 9/19 time:0.04+1.06 loss_avg:2.3296e-01
INFO: 2023-07-22 15:57:19 epoch:0 dataset: 12/17 step: 10/19 time:0.04+1.05 loss_avg:2.2493e-01
INFO: 2023-07-22 15:57:20 epoch:0 dataset: 12/17 step: 11/19 time:0.05+1.05 loss_avg:2.2626e-01
INFO: 2023-07-22 15:57:21 epoch:0 dataset: 12/17 step: 12/19 time:0.04+1.05 loss_avg:2.2738e-01
INFO: 2023-07-22 15:57:22 epoch:0 dataset: 12/17 step: 13/19 time:0.04+1.05 loss_avg:2.2493e-01
INFO: 2023-07-22 15:57:23 epoch:0 dataset: 12/17 step: 14/19 time:0.04+1.05 loss_avg:2.2949e-01
INFO: 2023-07-22 15:57:25 epoch:0 dataset: 12/17 step: 15/19 time:0.04+1.05 loss_avg:2.2228e-01
INFO: 2023-07-22 15:57:26 epoch:0 dataset: 12/17 step: 16/19 time:0.04+1.05 loss_avg:2.2451e-01
INFO: 2023-07-22 15:57:27 epoch:0 dataset: 12/17 step: 17/19 time:0.04+1.04 loss_avg:2.2170e-01
INFO: 2023-07-22 15:57:28 epoch:0 dataset: 12/17 step: 18/19 time:0.04+1.04 loss_avg:2.2719e-01
INFO: Training on data_train_chr5_96.npy complete.
INFO: 2023-07-22 15:57:29 epoch:0 dataset: 13/17 step: 0/20 time:0.29+1.05 loss_avg:2.1750e-01
INFO: 2023-07-22 15:57:30 epoch:0 dataset: 13/17 step: 1/20 time:0.04+1.05 loss_avg:2.1918e-01
INFO: 2023-07-22 15:57:31 epoch:0 dataset: 13/17 step: 2/20 time:0.04+1.04 loss_avg:2.0712e-01
INFO: 2023-07-22 15:57:32 epoch:0 dataset: 13/17 step: 3/20 time:0.04+1.04 loss_avg:2.1529e-01
INFO: 2023-07-22 15:57:33 epoch:0 dataset: 13/17 step: 4/20 time:0.04+1.04 loss_avg:2.1237e-01
INFO: 2023-07-22 15:57:35 epoch:0 dataset: 13/17 step: 5/20 time:0.04+1.04 loss_avg:2.1435e-01
INFO: 2023-07-22 15:57:36 epoch:0 dataset: 13/17 step: 6/20 time:0.04+1.04 loss_avg:2.2225e-01
INFO: 2023-07-22 15:57:37 epoch:0 dataset: 13/17 step: 7/20 time:0.04+1.04 loss_avg:2.1691e-01
INFO: 2023-07-22 15:57:38 epoch:0 dataset: 13/17 step: 8/20 time:0.04+1.04 loss_avg:2.1598e-01
INFO: 2023-07-22 15:57:39 epoch:0 dataset: 13/17 step: 9/20 time:0.04+1.04 loss_avg:2.1393e-01
INFO: 2023-07-22 15:57:40 epoch:0 dataset: 13/17 step: 10/20 time:0.04+1.04 loss_avg:2.1679e-01
INFO: 2023-07-22 15:57:41 epoch:0 dataset: 13/17 step: 11/20 time:0.04+1.04 loss_avg:2.1244e-01
INFO: 2023-07-22 15:57:42 epoch:0 dataset: 13/17 step: 12/20 time:0.04+1.04 loss_avg:2.1903e-01
INFO: 2023-07-22 15:57:43 epoch:0 dataset: 13/17 step: 13/20 time:0.04+1.04 loss_avg:2.1041e-01
INFO: 2023-07-22 15:57:44 epoch:0 dataset: 13/17 step: 14/20 time:0.04+1.04 loss_avg:2.1712e-01
INFO: 2023-07-22 15:57:45 epoch:0 dataset: 13/17 step: 15/20 time:0.04+1.04 loss_avg:2.1486e-01
INFO: 2023-07-22 15:57:46 epoch:0 dataset: 13/17 step: 16/20 time:0.04+1.03 loss_avg:2.2020e-01
INFO: 2023-07-22 15:57:48 epoch:0 dataset: 13/17 step: 17/20 time:0.04+1.04 loss_avg:2.1648e-01
INFO: 2023-07-22 15:57:49 epoch:0 dataset: 13/17 step: 18/20 time:0.04+1.03 loss_avg:2.1741e-01
INFO: 2023-07-22 15:57:50 epoch:0 dataset: 13/17 step: 19/20 time:0.04+1.04 loss_avg:2.1267e-01
INFO: Training on data_train_chr3_96.npy complete.
INFO: 2023-07-22 15:57:51 epoch:0 dataset: 14/17 step: 0/25 time:0.33+1.06 loss_avg:2.6918e-01
INFO: 2023-07-22 15:57:52 epoch:0 dataset: 14/17 step: 1/25 time:0.04+1.05 loss_avg:2.6548e-01
INFO: 2023-07-22 15:57:53 epoch:0 dataset: 14/17 step: 2/25 time:0.04+1.05 loss_avg:2.6314e-01
INFO: 2023-07-22 15:57:54 epoch:0 dataset: 14/17 step: 3/25 time:0.04+1.04 loss_avg:2.7000e-01
INFO: 2023-07-22 15:57:55 epoch:0 dataset: 14/17 step: 4/25 time:0.04+1.04 loss_avg:2.5666e-01
INFO: 2023-07-22 15:57:56 epoch:0 dataset: 14/17 step: 5/25 time:0.04+1.04 loss_avg:2.5778e-01
INFO: 2023-07-22 15:57:58 epoch:0 dataset: 14/17 step: 6/25 time:0.04+1.05 loss_avg:2.5672e-01
INFO: 2023-07-22 15:57:59 epoch:0 dataset: 14/17 step: 7/25 time:0.04+1.04 loss_avg:2.5869e-01
INFO: 2023-07-22 15:58:00 epoch:0 dataset: 14/17 step: 8/25 time:0.04+1.04 loss_avg:2.6592e-01
INFO: 2023-07-22 15:58:01 epoch:0 dataset: 14/17 step: 9/25 time:0.04+1.04 loss_avg:2.6660e-01
INFO: 2023-07-22 15:58:02 epoch:0 dataset: 14/17 step: 10/25 time:0.04+1.04 loss_avg:2.7452e-01
INFO: 2023-07-22 15:58:03 epoch:0 dataset: 14/17 step: 11/25 time:0.04+1.05 loss_avg:2.6031e-01
INFO: 2023-07-22 15:58:04 epoch:0 dataset: 14/17 step: 12/25 time:0.04+1.04 loss_avg:2.8639e-01
INFO: 2023-07-22 15:58:05 epoch:0 dataset: 14/17 step: 13/25 time:0.04+1.04 loss_avg:2.7572e-01
INFO: 2023-07-22 15:58:06 epoch:0 dataset: 14/17 step: 14/25 time:0.04+1.04 loss_avg:2.5862e-01
INFO: 2023-07-22 15:58:07 epoch:0 dataset: 14/17 step: 15/25 time:0.04+1.04 loss_avg:2.6913e-01
INFO: 2023-07-22 15:58:08 epoch:0 dataset: 14/17 step: 16/25 time:0.04+1.04 loss_avg:2.7028e-01
INFO: 2023-07-22 15:58:10 epoch:0 dataset: 14/17 step: 17/25 time:0.04+1.05 loss_avg:2.5963e-01
INFO: 2023-07-22 15:58:11 epoch:0 dataset: 14/17 step: 18/25 time:0.05+1.03 loss_avg:2.6485e-01
INFO: 2023-07-22 15:58:12 epoch:0 dataset: 14/17 step: 19/25 time:0.04+1.04 loss_avg:2.5657e-01
INFO: 2023-07-22 15:58:13 epoch:0 dataset: 14/17 step: 20/25 time:0.04+1.04 loss_avg:2.5618e-01
INFO: 2023-07-22 15:58:14 epoch:0 dataset: 14/17 step: 21/25 time:0.04+1.04 loss_avg:2.6827e-01
INFO: 2023-07-22 15:58:15 epoch:0 dataset: 14/17 step: 22/25 time:0.04+1.04 loss_avg:2.6993e-01
INFO: 2023-07-22 15:58:16 epoch:0 dataset: 14/17 step: 23/25 time:0.04+1.04 loss_avg:2.5975e-01
INFO: 2023-07-22 15:58:17 epoch:0 dataset: 14/17 step: 24/25 time:0.04+1.04 loss_avg:2.5220e-01
INFO: Training on data_train_chr1_96.npy complete.
INFO: 2023-07-22 15:58:18 epoch:0 dataset: 15/17 step: 0/16 time:0.27+1.06 loss_avg:2.1961e-01
INFO: 2023-07-22 15:58:19 epoch:0 dataset: 15/17 step: 1/16 time:0.04+1.05 loss_avg:2.1940e-01
INFO: 2023-07-22 15:58:21 epoch:0 dataset: 15/17 step: 2/16 time:0.04+1.04 loss_avg:2.1730e-01
INFO: 2023-07-22 15:58:22 epoch:0 dataset: 15/17 step: 3/16 time:0.04+1.05 loss_avg:2.1609e-01
INFO: 2023-07-22 15:58:23 epoch:0 dataset: 15/17 step: 4/16 time:0.04+1.04 loss_avg:2.2002e-01
INFO: 2023-07-22 15:58:24 epoch:0 dataset: 15/17 step: 5/16 time:0.04+1.04 loss_avg:2.2167e-01
INFO: 2023-07-22 15:58:25 epoch:0 dataset: 15/17 step: 6/16 time:0.04+1.04 loss_avg:2.1742e-01
INFO: 2023-07-22 15:58:26 epoch:0 dataset: 15/17 step: 7/16 time:0.04+1.04 loss_avg:2.2513e-01
INFO: 2023-07-22 15:58:27 epoch:0 dataset: 15/17 step: 8/16 time:0.04+1.04 loss_avg:2.2269e-01
INFO: 2023-07-22 15:58:28 epoch:0 dataset: 15/17 step: 9/16 time:0.04+1.04 loss_avg:2.2348e-01
INFO: 2023-07-22 15:58:29 epoch:0 dataset: 15/17 step: 10/16 time:0.04+1.04 loss_avg:2.2035e-01
INFO: 2023-07-22 15:58:30 epoch:0 dataset: 15/17 step: 11/16 time:0.04+1.04 loss_avg:2.1880e-01
INFO: 2023-07-22 15:58:31 epoch:0 dataset: 15/17 step: 12/16 time:0.04+1.04 loss_avg:2.1540e-01
INFO: 2023-07-22 15:58:33 epoch:0 dataset: 15/17 step: 13/16 time:0.04+1.04 loss_avg:2.2503e-01
INFO: 2023-07-22 15:58:34 epoch:0 dataset: 15/17 step: 14/16 time:0.04+1.04 loss_avg:2.2444e-01
INFO: 2023-07-22 15:58:35 epoch:0 dataset: 15/17 step: 15/16 time:0.04+1.04 loss_avg:2.2492e-01
INFO: Training on data_train_chr10_96.npy complete.
INFO: 2023-07-22 15:58:36 epoch:0 dataset: 16/17 step: 0/12 time:0.25+1.07 loss_avg:2.1796e-01
INFO: 2023-07-22 15:58:37 epoch:0 dataset: 16/17 step: 1/12 time:0.04+1.05 loss_avg:2.2384e-01
INFO: 2023-07-22 15:58:38 epoch:0 dataset: 16/17 step: 2/12 time:0.04+1.05 loss_avg:2.1340e-01
INFO: 2023-07-22 15:58:39 epoch:0 dataset: 16/17 step: 3/12 time:0.04+1.05 loss_avg:2.2256e-01
INFO: 2023-07-22 15:58:40 epoch:0 dataset: 16/17 step: 4/12 time:0.04+1.05 loss_avg:2.1947e-01
INFO: 2023-07-22 15:58:41 epoch:0 dataset: 16/17 step: 5/12 time:0.04+1.04 loss_avg:2.1494e-01
INFO: 2023-07-22 15:58:43 epoch:0 dataset: 16/17 step: 6/12 time:0.04+1.04 loss_avg:2.2153e-01
INFO: 2023-07-22 15:58:44 epoch:0 dataset: 16/17 step: 7/12 time:0.04+1.04 loss_avg:2.1434e-01
INFO: 2023-07-22 15:58:45 epoch:0 dataset: 16/17 step: 8/12 time:0.04+1.04 loss_avg:2.1686e-01
INFO: 2023-07-22 15:58:46 epoch:0 dataset: 16/17 step: 9/12 time:0.04+1.04 loss_avg:2.1550e-01
INFO: 2023-07-22 15:58:47 epoch:0 dataset: 16/17 step: 10/12 time:0.04+1.04 loss_avg:2.2083e-01
INFO: 2023-07-22 15:58:48 epoch:0 dataset: 16/17 step: 11/12 time:0.04+1.04 loss_avg:2.1391e-01
INFO: Training on data_train_chr16_96.npy complete.
INFO: 2023-07-22 15:58:49 epoch:0 dataset: 0/17 step: 0/11 time:0.23+1.08 loss_avg:2.2778e-01
INFO: 2023-07-22 15:58:50 epoch:0 dataset: 0/17 step: 1/11 time:0.04+1.05 loss_avg:2.2068e-01
INFO: 2023-07-22 15:58:51 epoch:0 dataset: 0/17 step: 2/11 time:0.04+1.04 loss_avg:2.2224e-01
INFO: 2023-07-22 15:58:53 epoch:0 dataset: 0/17 step: 3/11 time:0.04+1.04 loss_avg:2.2015e-01
INFO: 2023-07-22 15:58:54 epoch:0 dataset: 0/17 step: 4/11 time:0.04+1.04 loss_avg:2.2457e-01
INFO: 2023-07-22 15:58:55 epoch:0 dataset: 0/17 step: 5/11 time:0.04+1.04 loss_avg:2.2239e-01
INFO: 2023-07-22 15:58:56 epoch:0 dataset: 0/17 step: 6/11 time:0.04+1.05 loss_avg:2.2255e-01
INFO: 2023-07-22 15:58:57 epoch:0 dataset: 0/17 step: 7/11 time:0.04+1.04 loss_avg:2.1479e-01
INFO: 2023-07-22 15:58:58 epoch:0 dataset: 0/17 step: 8/11 time:0.04+1.04 loss_avg:2.1731e-01
INFO: 2023-07-22 15:58:59 epoch:0 dataset: 0/17 step: 9/11 time:0.04+1.04 loss_avg:2.1760e-01
INFO: 2023-07-22 15:59:00 epoch:0 dataset: 0/17 step: 10/11 time:0.04+1.04 loss_avg:2.2040e-01
INFO: Training on data_train_chr18_96.npy complete.
INFO: 2023-07-22 15:59:01 epoch:1 dataset: 1/17 step: 0/12 time:0.28+1.07 loss_avg:2.1832e-01
INFO: 2023-07-22 15:59:03 epoch:1 dataset: 1/17 step: 1/12 time:0.04+1.05 loss_avg:2.2524e-01
INFO: 2023-07-22 15:59:04 epoch:1 dataset: 1/17 step: 2/12 time:0.04+1.04 loss_avg:2.1606e-01
INFO: 2023-07-22 15:59:05 epoch:1 dataset: 1/17 step: 3/12 time:0.04+1.05 loss_avg:2.2151e-01
INFO: 2023-07-22 15:59:06 epoch:1 dataset: 1/17 step: 4/12 time:0.04+1.04 loss_avg:2.1855e-01
INFO: 2023-07-22 15:59:07 epoch:1 dataset: 1/17 step: 5/12 time:0.04+1.04 loss_avg:2.2569e-01
INFO: 2023-07-22 15:59:08 epoch:1 dataset: 1/17 step: 6/12 time:0.04+1.04 loss_avg:2.1844e-01
INFO: 2023-07-22 15:59:09 epoch:1 dataset: 1/17 step: 7/12 time:0.04+1.04 loss_avg:2.1774e-01
INFO: 2023-07-22 15:59:10 epoch:1 dataset: 1/17 step: 8/12 time:0.04+1.04 loss_avg:2.2605e-01
INFO: 2023-07-22 15:59:11 epoch:1 dataset: 1/17 step: 9/12 time:0.04+1.04 loss_avg:2.2063e-01
INFO: 2023-07-22 15:59:12 epoch:1 dataset: 1/17 step: 10/12 time:0.04+1.04 loss_avg:2.1654e-01
INFO: 2023-07-22 15:59:13 epoch:1 dataset: 1/17 step: 11/12 time:0.04+1.03 loss_avg:2.1759e-01
INFO: Training on data_train_chr15_96.npy complete.
INFO: Traceback:
INFO: Traceback (most recent call last):
  File "./train_1d.py", line 293, in <module>
    train(model, args)
  File "./train_1d.py", line 167, in train
    loss_avg = model.train(data_gpu, learning_rate)
  File "/home/ubuntu/dpinchuk/dmvfn/CVPR2023-DMVFN/model/model_1d.py", line 60, in train
    merged =  self.dmvfn(torch.cat((img0, img1, gt), 1), scale=[4,4,4,2,2,2,1,1,1])
  File "/usr/local/lib/python3.8/dist-packages/torch/nn/modules/module.py", line 1501, in _call_impl
    return forward_call(*args, **kwargs)
  File "/usr/local/lib/python3.8/dist-packages/torch/nn/parallel/distributed.py", line 1156, in forward
    output = self._run_ddp_forward(*inputs, **kwargs)
  File "/usr/local/lib/python3.8/dist-packages/torch/nn/parallel/distributed.py", line 1110, in _run_ddp_forward
    return module_to_run(*inputs[0], **kwargs[0])  # type: ignore[index]
  File "/usr/local/lib/python3.8/dist-packages/torch/nn/modules/module.py", line 1501, in _call_impl
    return forward_call(*args, **kwargs)
  File "/home/ubuntu/dpinchuk/dmvfn/CVPR2023-DMVFN/model/arch_1d.py", line 142, in forward
    flow = Variable(torch.zeros(batch_size, 4, height, width)).cuda()
  File "/usr/local/lib/python3.8/dist-packages/torch/utils/data/_utils/signal_handling.py", line 66, in handler
    _error_if_any_worker_fails()
RuntimeError: DataLoader worker (pid 1180) is killed by signal: Bus error. It is possible that dataloader's workers are out of shared memory. Please try to raise your shared memory limit.

INFO: Sys.exc_info()[2]:
INFO: <traceback object at 0x7f9be09cd900>
