INFO: 2024-02-03 20:13:15 Argument batch_size: 128
INFO: 2024-02-03 20:13:15 Argument block_num: 9
INFO: 2024-02-03 20:13:15 Argument code_test: False
INFO: 2024-02-03 20:13:15 Argument cut_off: True
INFO: 2024-02-03 20:13:15 Argument data_train_path: ./../data/data_48/train/
INFO: 2024-02-03 20:13:15 Argument data_val_path: ./../data/data_48/val/data_val_chr19_48.npy
INFO: 2024-02-03 20:13:15 Argument device_id: 0
INFO: 2024-02-03 20:13:15 Argument dynamics: True
INFO: 2024-02-03 20:13:15 Argument early_stoppage_epochs: 5
INFO: 2024-02-03 20:13:15 Argument early_stoppage_start: 400
INFO: 2024-02-03 20:13:15 Argument epoch: 150
INFO: 2024-02-03 20:13:15 Argument learning_rate: None
INFO: 2024-02-03 20:13:15 Argument local_rank: 0
INFO: 2024-02-03 20:13:15 Argument loss: single_channel_L1_no_vgg
INFO: 2024-02-03 20:13:15 Argument lr_max: 0.0001
INFO: 2024-02-03 20:13:15 Argument lr_min: 1e-05
INFO: 2024-02-03 20:13:15 Argument lr_scale: 16.0
INFO: 2024-02-03 20:13:15 Argument max_HiC: 250
INFO: 2024-02-03 20:13:15 Argument max_cut_off: False
INFO: 2024-02-03 20:13:15 Argument num_gpu: 1
INFO: 2024-02-03 20:13:15 Argument num_workers: 1
INFO: 2024-02-03 20:13:15 Argument patch_size: 48
INFO: 2024-02-03 20:13:15 Argument resume_epoch: 0
INFO: 2024-02-03 20:13:15 Argument resume_path: None
INFO: 2024-02-03 20:13:15 Argument rgb: False
INFO: 2024-02-03 20:13:15 Argument train_dataset: hic
INFO: 2024-02-03 20:13:15 Argument val_datasets: ['hic']
INFO: Defualt learning rate schedule
INFO: 2024-02-03 20:13:27 epoch:0 dataset: 1/17 step: 0/12 time:0.64+7.32 loss_avg:2.2120e-01
INFO: 2024-02-03 20:13:28 epoch:0 dataset: 1/17 step: 1/12 time:0.01+0.64 loss_avg:2.1649e-01
INFO: 2024-02-03 20:13:28 epoch:0 dataset: 1/17 step: 2/12 time:0.02+0.64 loss_avg:2.1019e-01
INFO: 2024-02-03 20:13:29 epoch:0 dataset: 1/17 step: 3/12 time:0.02+0.57 loss_avg:2.0171e-01
INFO: 2024-02-03 20:13:30 epoch:0 dataset: 1/17 step: 4/12 time:0.03+0.58 loss_avg:2.0888e-01
INFO: 2024-02-03 20:13:30 epoch:0 dataset: 1/17 step: 5/12 time:0.01+0.61 loss_avg:2.0167e-01
INFO: 2024-02-03 20:13:31 epoch:0 dataset: 1/17 step: 6/12 time:0.02+0.66 loss_avg:2.1037e-01
INFO: 2024-02-03 20:13:32 epoch:0 dataset: 1/17 step: 7/12 time:0.01+0.73 loss_avg:2.1102e-01
INFO: 2024-02-03 20:13:32 epoch:0 dataset: 1/17 step: 8/12 time:0.02+0.75 loss_avg:2.1349e-01
INFO: 2024-02-03 20:13:33 epoch:0 dataset: 1/17 step: 9/12 time:0.02+0.76 loss_avg:2.0074e-01
INFO: 2024-02-03 20:13:34 epoch:0 dataset: 1/17 step: 10/12 time:0.00+0.73 loss_avg:2.1572e-01
INFO: 2024-02-03 20:13:35 epoch:0 dataset: 1/17 step: 11/12 time:0.00+0.71 loss_avg:2.0689e-01
INFO: Training on data_train_chr1_48.npy complete.
INFO: 2024-02-03 20:13:36 epoch:0 dataset: 2/17 step: 0/9 time:0.39+0.80 loss_avg:1.5907e-01
INFO: 2024-02-03 20:13:37 epoch:0 dataset: 2/17 step: 1/9 time:0.02+0.75 loss_avg:1.6216e-01
INFO: 2024-02-03 20:13:37 epoch:0 dataset: 2/17 step: 2/9 time:0.02+0.73 loss_avg:1.6458e-01
INFO: 2024-02-03 20:13:38 epoch:0 dataset: 2/17 step: 3/9 time:0.02+0.74 loss_avg:1.6096e-01
INFO: 2024-02-03 20:13:39 epoch:0 dataset: 2/17 step: 4/9 time:0.02+0.73 loss_avg:1.6357e-01
INFO: 2024-02-03 20:13:40 epoch:0 dataset: 2/17 step: 5/9 time:0.02+0.69 loss_avg:1.6485e-01
INFO: 2024-02-03 20:13:40 epoch:0 dataset: 2/17 step: 6/9 time:0.00+0.71 loss_avg:1.6116e-01
INFO: 2024-02-03 20:13:41 epoch:0 dataset: 2/17 step: 7/9 time:0.00+0.66 loss_avg:1.6662e-01
INFO: 2024-02-03 20:13:42 epoch:0 dataset: 2/17 step: 8/9 time:0.00+0.67 loss_avg:1.6753e-01
INFO: Training on data_train_chr5_48.npy complete.
INFO: 2024-02-03 20:13:43 epoch:0 dataset: 3/17 step: 0/10 time:0.45+0.72 loss_avg:1.6410e-01
INFO: 2024-02-03 20:13:43 epoch:0 dataset: 3/17 step: 1/10 time:0.00+0.68 loss_avg:1.6193e-01
INFO: 2024-02-03 20:13:44 epoch:0 dataset: 3/17 step: 2/10 time:0.00+0.67 loss_avg:1.6048e-01
INFO: 2024-02-03 20:13:45 epoch:0 dataset: 3/17 step: 3/10 time:0.00+0.71 loss_avg:1.5967e-01
INFO: 2024-02-03 20:13:46 epoch:0 dataset: 3/17 step: 4/10 time:0.00+0.73 loss_avg:1.6428e-01
INFO: 2024-02-03 20:13:46 epoch:0 dataset: 3/17 step: 5/10 time:0.00+0.69 loss_avg:1.6442e-01
INFO: 2024-02-03 20:13:47 epoch:0 dataset: 3/17 step: 6/10 time:0.00+0.73 loss_avg:1.6207e-01
INFO: 2024-02-03 20:13:48 epoch:0 dataset: 3/17 step: 7/10 time:0.00+0.72 loss_avg:1.6180e-01
INFO: 2024-02-03 20:13:48 epoch:0 dataset: 3/17 step: 8/10 time:0.00+0.73 loss_avg:1.6709e-01
INFO: 2024-02-03 20:13:49 epoch:0 dataset: 3/17 step: 9/10 time:0.00+0.67 loss_avg:1.6446e-01
INFO: Training on data_train_chr4_48.npy complete.
INFO: 2024-02-03 20:13:50 epoch:0 dataset: 4/17 step: 0/10 time:0.39+0.64 loss_avg:1.6443e-01
INFO: 2024-02-03 20:13:51 epoch:0 dataset: 4/17 step: 1/10 time:0.00+0.61 loss_avg:1.6060e-01
INFO: 2024-02-03 20:13:51 epoch:0 dataset: 4/17 step: 2/10 time:0.00+0.58 loss_avg:1.6043e-01
INFO: 2024-02-03 20:13:52 epoch:0 dataset: 4/17 step: 3/10 time:0.00+0.67 loss_avg:1.6146e-01
INFO: 2024-02-03 20:13:53 epoch:0 dataset: 4/17 step: 4/10 time:0.00+0.65 loss_avg:1.6635e-01
INFO: 2024-02-03 20:13:53 epoch:0 dataset: 4/17 step: 5/10 time:0.00+0.66 loss_avg:1.6518e-01
INFO: 2024-02-03 20:13:54 epoch:0 dataset: 4/17 step: 6/10 time:0.00+0.64 loss_avg:1.6401e-01
INFO: 2024-02-03 20:13:55 epoch:0 dataset: 4/17 step: 7/10 time:0.00+0.66 loss_avg:1.5893e-01
INFO: 2024-02-03 20:13:55 epoch:0 dataset: 4/17 step: 8/10 time:0.00+0.64 loss_avg:1.6437e-01
INFO: 2024-02-03 20:13:56 epoch:0 dataset: 4/17 step: 9/10 time:0.00+0.88 loss_avg:1.6352e-01
INFO: Training on data_train_chr3_48.npy complete.
INFO: 2024-02-03 20:13:57 epoch:0 dataset: 5/17 step: 0/5 time:0.35+0.66 loss_avg:1.6501e-01
INFO: 2024-02-03 20:13:58 epoch:0 dataset: 5/17 step: 1/5 time:0.01+0.65 loss_avg:1.6229e-01
INFO: 2024-02-03 20:13:58 epoch:0 dataset: 5/17 step: 2/5 time:0.00+0.64 loss_avg:1.6221e-01
INFO: 2024-02-03 20:13:59 epoch:0 dataset: 5/17 step: 3/5 time:0.00+0.62 loss_avg:1.5861e-01
INFO: 2024-02-03 20:14:00 epoch:0 dataset: 5/17 step: 4/5 time:0.00+0.65 loss_avg:1.6249e-01
INFO: Training on data_train_chr18_48.npy complete.
INFO: 2024-02-03 20:14:01 epoch:0 dataset: 6/17 step: 0/7 time:0.40+0.67 loss_avg:1.7047e-01
INFO: 2024-02-03 20:14:01 epoch:0 dataset: 6/17 step: 1/7 time:0.01+0.67 loss_avg:1.7163e-01
INFO: 2024-02-03 20:14:02 epoch:0 dataset: 6/17 step: 2/7 time:0.00+0.61 loss_avg:1.6661e-01
INFO: 2024-02-03 20:14:03 epoch:0 dataset: 6/17 step: 3/7 time:0.00+0.58 loss_avg:1.7562e-01
INFO: 2024-02-03 20:14:03 epoch:0 dataset: 6/17 step: 4/7 time:0.01+0.57 loss_avg:1.6805e-01
INFO: 2024-02-03 20:14:04 epoch:0 dataset: 6/17 step: 5/7 time:0.00+0.61 loss_avg:1.7014e-01
INFO: 2024-02-03 20:14:05 epoch:0 dataset: 6/17 step: 6/7 time:0.00+0.65 loss_avg:1.7121e-01
INFO: Training on data_train_chr11_48.npy complete.
INFO: 2024-02-03 20:14:06 epoch:0 dataset: 7/17 step: 0/8 time:0.40+0.62 loss_avg:1.6369e-01
INFO: 2024-02-03 20:14:06 epoch:0 dataset: 7/17 step: 1/8 time:0.00+0.64 loss_avg:1.6066e-01
INFO: 2024-02-03 20:14:07 epoch:0 dataset: 7/17 step: 2/8 time:0.00+0.77 loss_avg:1.6259e-01
INFO: 2024-02-03 20:14:08 epoch:0 dataset: 7/17 step: 3/8 time:0.03+0.57 loss_avg:1.6096e-01
INFO: 2024-02-03 20:14:08 epoch:0 dataset: 7/17 step: 4/8 time:0.00+0.63 loss_avg:1.6071e-01
INFO: 2024-02-03 20:14:09 epoch:0 dataset: 7/17 step: 5/8 time:0.00+0.71 loss_avg:1.6539e-01
INFO: 2024-02-03 20:14:10 epoch:0 dataset: 7/17 step: 6/8 time:0.00+0.70 loss_avg:1.6394e-01
INFO: 2024-02-03 20:14:10 epoch:0 dataset: 7/17 step: 7/8 time:0.00+0.66 loss_avg:1.5925e-01
INFO: Training on data_train_chr10_48.npy complete.
INFO: 2024-02-03 20:14:11 epoch:0 dataset: 8/17 step: 0/8 time:0.41+0.70 loss_avg:2.0058e-01
INFO: 2024-02-03 20:14:12 epoch:0 dataset: 8/17 step: 1/8 time:0.00+0.70 loss_avg:2.0143e-01
INFO: 2024-02-03 20:14:13 epoch:0 dataset: 8/17 step: 2/8 time:0.01+0.70 loss_avg:2.0457e-01
INFO: 2024-02-03 20:14:14 epoch:0 dataset: 8/17 step: 3/8 time:0.00+0.71 loss_avg:1.9604e-01
INFO: 2024-02-03 20:14:14 epoch:0 dataset: 8/17 step: 4/8 time:0.01+0.69 loss_avg:2.0199e-01
INFO: 2024-02-03 20:14:15 epoch:0 dataset: 8/17 step: 5/8 time:0.01+0.61 loss_avg:1.9827e-01
INFO: 2024-02-03 20:14:15 epoch:0 dataset: 8/17 step: 6/8 time:0.00+0.66 loss_avg:2.0290e-01
INFO: 2024-02-03 20:14:16 epoch:0 dataset: 8/17 step: 7/8 time:0.00+0.62 loss_avg:1.9438e-01
INFO: Training on data_train_chr8_48.npy complete.
INFO: 2024-02-03 20:14:17 epoch:0 dataset: 9/17 step: 0/10 time:0.43+0.59 loss_avg:1.3974e-01
INFO: 2024-02-03 20:14:18 epoch:0 dataset: 9/17 step: 1/10 time:0.00+0.61 loss_avg:1.3594e-01
INFO: 2024-02-03 20:14:18 epoch:0 dataset: 9/17 step: 2/10 time:0.01+0.64 loss_avg:1.3632e-01
INFO: 2024-02-03 20:14:19 epoch:0 dataset: 9/17 step: 3/10 time:0.00+0.67 loss_avg:1.3536e-01
INFO: 2024-02-03 20:14:20 epoch:0 dataset: 9/17 step: 4/10 time:0.02+0.63 loss_avg:1.3290e-01
INFO: 2024-02-03 20:14:20 epoch:0 dataset: 9/17 step: 5/10 time:0.02+0.67 loss_avg:1.2623e-01
INFO: 2024-02-03 20:14:21 epoch:0 dataset: 9/17 step: 6/10 time:0.02+0.70 loss_avg:1.3315e-01
INFO: 2024-02-03 20:14:22 epoch:0 dataset: 9/17 step: 7/10 time:0.02+0.67 loss_avg:1.2200e-01
INFO: 2024-02-03 20:14:22 epoch:0 dataset: 9/17 step: 8/10 time:0.00+0.67 loss_avg:1.3199e-01
INFO: 2024-02-03 20:14:23 epoch:0 dataset: 9/17 step: 9/10 time:0.01+0.66 loss_avg:1.2326e-01
INFO: Training on data_train_chrX_48.npy complete.
INFO: 2024-02-03 20:14:24 epoch:0 dataset: 10/17 step: 0/7 time:0.38+0.71 loss_avg:1.6318e-01
INFO: 2024-02-03 20:14:25 epoch:0 dataset: 10/17 step: 1/7 time:0.02+0.74 loss_avg:1.6291e-01
INFO: 2024-02-03 20:14:26 epoch:0 dataset: 10/17 step: 2/7 time:0.02+0.70 loss_avg:1.6064e-01
INFO: 2024-02-03 20:14:26 epoch:0 dataset: 10/17 step: 3/7 time:0.03+0.62 loss_avg:1.6092e-01
INFO: 2024-02-03 20:14:27 epoch:0 dataset: 10/17 step: 4/7 time:0.02+0.58 loss_avg:1.5441e-01
INFO: 2024-02-03 20:14:28 epoch:0 dataset: 10/17 step: 5/7 time:0.02+0.65 loss_avg:1.5769e-01
INFO: 2024-02-03 20:14:28 epoch:0 dataset: 10/17 step: 6/7 time:0.00+0.64 loss_avg:1.6025e-01
INFO: Training on data_train_chr12_48.npy complete.
INFO: 2024-02-03 20:14:29 epoch:0 dataset: 11/17 step: 0/8 time:0.37+0.67 loss_avg:1.5552e-01
INFO: 2024-02-03 20:14:30 epoch:0 dataset: 11/17 step: 1/8 time:0.04+0.61 loss_avg:1.5066e-01
INFO: 2024-02-03 20:14:31 epoch:0 dataset: 11/17 step: 2/8 time:0.02+0.61 loss_avg:1.5322e-01
INFO: 2024-02-03 20:14:31 epoch:0 dataset: 11/17 step: 3/8 time:0.01+0.71 loss_avg:1.5085e-01
INFO: 2024-02-03 20:14:32 epoch:0 dataset: 11/17 step: 4/8 time:0.02+0.61 loss_avg:1.5049e-01
INFO: 2024-02-03 20:14:33 epoch:0 dataset: 11/17 step: 5/8 time:0.02+0.58 loss_avg:1.5281e-01
INFO: 2024-02-03 20:14:33 epoch:0 dataset: 11/17 step: 6/8 time:0.02+0.58 loss_avg:1.4467e-01
INFO: 2024-02-03 20:14:34 epoch:0 dataset: 11/17 step: 7/8 time:0.01+0.63 loss_avg:1.5686e-01
INFO: Training on data_train_chr14_48.npy complete.
INFO: 2024-02-03 20:14:35 epoch:0 dataset: 12/17 step: 0/6 time:0.31+0.70 loss_avg:1.6239e-01
INFO: 2024-02-03 20:14:35 epoch:0 dataset: 12/17 step: 1/6 time:0.05+0.62 loss_avg:1.6454e-01
INFO: 2024-02-03 20:14:36 epoch:0 dataset: 12/17 step: 2/6 time:0.01+0.65 loss_avg:1.6239e-01
INFO: 2024-02-03 20:14:37 epoch:0 dataset: 12/17 step: 3/6 time:0.00+0.70 loss_avg:1.5822e-01
INFO: 2024-02-03 20:14:38 epoch:0 dataset: 12/17 step: 4/6 time:0.00+0.70 loss_avg:1.5848e-01
INFO: 2024-02-03 20:14:38 epoch:0 dataset: 12/17 step: 5/6 time:0.00+0.72 loss_avg:1.5630e-01
INFO: Training on data_train_chr17_48.npy complete.
INFO: 2024-02-03 20:14:39 epoch:0 dataset: 13/17 step: 0/7 time:0.41+0.75 loss_avg:1.6547e-01
INFO: 2024-02-03 20:14:40 epoch:0 dataset: 13/17 step: 1/7 time:0.03+0.69 loss_avg:1.6239e-01
INFO: 2024-02-03 20:14:41 epoch:0 dataset: 13/17 step: 2/7 time:0.03+0.63 loss_avg:1.6383e-01
INFO: 2024-02-03 20:14:41 epoch:0 dataset: 13/17 step: 3/7 time:0.00+0.61 loss_avg:1.5881e-01
INFO: 2024-02-03 20:14:42 epoch:0 dataset: 13/17 step: 4/7 time:0.00+0.62 loss_avg:1.5842e-01
INFO: 2024-02-03 20:14:43 epoch:0 dataset: 13/17 step: 5/7 time:0.01+0.59 loss_avg:1.5945e-01
INFO: 2024-02-03 20:14:43 epoch:0 dataset: 13/17 step: 6/7 time:0.00+0.59 loss_avg:1.6381e-01
INFO: Training on data_train_chr13_48.npy complete.
INFO: 2024-02-03 20:14:44 epoch:0 dataset: 14/17 step: 0/6 time:0.35+0.70 loss_avg:1.5876e-01
INFO: 2024-02-03 20:14:45 epoch:0 dataset: 14/17 step: 1/6 time:0.02+0.65 loss_avg:1.5495e-01
INFO: 2024-02-03 20:14:46 epoch:0 dataset: 14/17 step: 2/6 time:0.03+0.63 loss_avg:1.5571e-01
INFO: 2024-02-03 20:14:46 epoch:0 dataset: 14/17 step: 3/6 time:0.00+0.64 loss_avg:1.5881e-01
INFO: 2024-02-03 20:14:47 epoch:0 dataset: 14/17 step: 4/6 time:0.01+0.65 loss_avg:1.6038e-01
INFO: 2024-02-03 20:14:47 epoch:0 dataset: 14/17 step: 5/6 time:0.00+0.62 loss_avg:1.5480e-01
INFO: Training on data_train_chr15_48.npy complete.
INFO: 2024-02-03 20:14:49 epoch:0 dataset: 15/17 step: 0/9 time:0.41+0.69 loss_avg:1.4022e-01
INFO: 2024-02-03 20:14:49 epoch:0 dataset: 15/17 step: 1/9 time:0.00+0.67 loss_avg:1.4804e-01
INFO: 2024-02-03 20:14:50 epoch:0 dataset: 15/17 step: 2/9 time:0.00+0.73 loss_avg:1.4717e-01
INFO: 2024-02-03 20:14:51 epoch:0 dataset: 15/17 step: 3/9 time:0.02+0.73 loss_avg:1.4981e-01
INFO: 2024-02-03 20:14:51 epoch:0 dataset: 15/17 step: 4/9 time:0.02+0.72 loss_avg:1.4427e-01
INFO: 2024-02-03 20:14:52 epoch:0 dataset: 15/17 step: 5/9 time:0.04+0.73 loss_avg:1.5096e-01
INFO: 2024-02-03 20:14:53 epoch:0 dataset: 15/17 step: 6/9 time:0.03+0.65 loss_avg:1.3644e-01
INFO: 2024-02-03 20:14:54 epoch:0 dataset: 15/17 step: 7/9 time:0.02+0.66 loss_avg:1.4839e-01
INFO: 2024-02-03 20:14:54 epoch:0 dataset: 15/17 step: 8/9 time:0.01+0.62 loss_avg:1.3877e-01
INFO: Training on data_train_chr7_48.npy complete.
INFO: 2024-02-03 20:14:55 epoch:0 dataset: 16/17 step: 0/7 time:0.36+0.66 loss_avg:1.6453e-01
INFO: 2024-02-03 20:14:56 epoch:0 dataset: 16/17 step: 1/7 time:0.04+0.65 loss_avg:1.6171e-01
INFO: 2024-02-03 20:14:57 epoch:0 dataset: 16/17 step: 2/7 time:0.02+0.66 loss_avg:1.6281e-01
INFO: 2024-02-03 20:14:57 epoch:0 dataset: 16/17 step: 3/7 time:0.02+0.67 loss_avg:1.6181e-01
INFO: 2024-02-03 20:14:58 epoch:0 dataset: 16/17 step: 4/7 time:0.01+0.67 loss_avg:1.6344e-01
INFO: 2024-02-03 20:14:59 epoch:0 dataset: 16/17 step: 5/7 time:0.00+0.63 loss_avg:1.6432e-01
INFO: 2024-02-03 20:14:59 epoch:0 dataset: 16/17 step: 6/7 time:0.01+0.64 loss_avg:1.6272e-01
INFO: Training on data_train_chr9_48.npy complete.
INFO: 2024-02-03 20:15:00 epoch:0 dataset: 0/17 step: 0/6 time:0.37+0.65 loss_avg:1.5726e-01
INFO: 2024-02-03 20:15:01 epoch:0 dataset: 0/17 step: 1/6 time:0.01+0.67 loss_avg:1.4928e-01
INFO: 2024-02-03 20:15:02 epoch:0 dataset: 0/17 step: 2/6 time:0.00+0.61 loss_avg:1.5588e-01
INFO: 2024-02-03 20:15:02 epoch:0 dataset: 0/17 step: 3/6 time:0.00+0.63 loss_avg:1.5796e-01
INFO: 2024-02-03 20:15:03 epoch:0 dataset: 0/17 step: 4/6 time:0.00+0.65 loss_avg:1.5444e-01
INFO: 2024-02-03 20:15:04 epoch:0 dataset: 0/17 step: 5/6 time:0.00+0.68 loss_avg:1.5250e-01
INFO: Training on data_train_chr16_48.npy complete.
INFO: Validation disco scores: [0.8729033571710334, 0.8253104521593863, 0.8376304214076994]
INFO: 2024-02-03 20:16:13 epoch:1 dataset: 1/17 step: 0/12 time:68.59+0.85 loss_avg:1.9336e-01
INFO: 2024-02-03 20:16:14 epoch:1 dataset: 1/17 step: 1/12 time:0.02+0.74 loss_avg:2.0558e-01
INFO: 2024-02-03 20:16:14 epoch:1 dataset: 1/17 step: 2/12 time:0.01+0.72 loss_avg:1.9113e-01
INFO: 2024-02-03 20:16:15 epoch:1 dataset: 1/17 step: 3/12 time:0.02+0.73 loss_avg:1.9886e-01
INFO: 2024-02-03 20:16:16 epoch:1 dataset: 1/17 step: 4/12 time:0.02+0.72 loss_avg:1.9184e-01
INFO: 2024-02-03 20:16:17 epoch:1 dataset: 1/17 step: 5/12 time:0.02+0.73 loss_avg:1.9825e-01
INFO: 2024-02-03 20:16:17 epoch:1 dataset: 1/17 step: 6/12 time:0.02+0.73 loss_avg:1.9713e-01
INFO: 2024-02-03 20:16:18 epoch:1 dataset: 1/17 step: 7/12 time:0.02+0.72 loss_avg:1.9921e-01
INFO: 2024-02-03 20:16:19 epoch:1 dataset: 1/17 step: 8/12 time:0.02+0.67 loss_avg:1.9147e-01
INFO: 2024-02-03 20:16:20 epoch:1 dataset: 1/17 step: 9/12 time:0.02+0.64 loss_avg:2.0471e-01
INFO: 2024-02-03 20:16:20 epoch:1 dataset: 1/17 step: 10/12 time:0.00+0.62 loss_avg:1.8876e-01
INFO: 2024-02-03 20:16:21 epoch:1 dataset: 1/17 step: 11/12 time:0.00+0.63 loss_avg:1.8729e-01
INFO: Training on data_train_chr1_48.npy complete.
INFO: 2024-02-03 20:16:22 epoch:1 dataset: 2/17 step: 0/9 time:0.41+0.70 loss_avg:1.5026e-01
INFO: 2024-02-03 20:16:23 epoch:1 dataset: 2/17 step: 1/9 time:0.01+0.64 loss_avg:1.5240e-01
INFO: 2024-02-03 20:16:23 epoch:1 dataset: 2/17 step: 2/9 time:0.00+0.65 loss_avg:1.5007e-01
INFO: 2024-02-03 20:16:24 epoch:1 dataset: 2/17 step: 3/9 time:0.03+0.63 loss_avg:1.5246e-01
INFO: 2024-02-03 20:16:25 epoch:1 dataset: 2/17 step: 4/9 time:0.03+0.67 loss_avg:1.5740e-01
INFO: 2024-02-03 20:16:25 epoch:1 dataset: 2/17 step: 5/9 time:0.02+0.69 loss_avg:1.5017e-01
INFO: 2024-02-03 20:16:26 epoch:1 dataset: 2/17 step: 6/9 time:0.00+0.69 loss_avg:1.4994e-01
INFO: 2024-02-03 20:16:27 epoch:1 dataset: 2/17 step: 7/9 time:0.00+0.68 loss_avg:1.5065e-01
INFO: 2024-02-03 20:16:27 epoch:1 dataset: 2/17 step: 8/9 time:0.01+0.71 loss_avg:1.5682e-01
INFO: Training on data_train_chr5_48.npy complete.
INFO: 2024-02-03 20:16:29 epoch:1 dataset: 3/17 step: 0/10 time:0.48+0.76 loss_avg:1.5286e-01
INFO: 2024-02-03 20:16:29 epoch:1 dataset: 3/17 step: 1/10 time:0.00+0.65 loss_avg:1.5039e-01
INFO: 2024-02-03 20:16:30 epoch:1 dataset: 3/17 step: 2/10 time:0.01+0.60 loss_avg:1.4867e-01
INFO: 2024-02-03 20:16:31 epoch:1 dataset: 3/17 step: 3/10 time:0.03+0.67 loss_avg:1.5283e-01
INFO: 2024-02-03 20:16:31 epoch:1 dataset: 3/17 step: 4/10 time:0.01+0.66 loss_avg:1.5061e-01
INFO: 2024-02-03 20:16:32 epoch:1 dataset: 3/17 step: 5/10 time:0.00+0.71 loss_avg:1.4976e-01
INFO: 2024-02-03 20:16:33 epoch:1 dataset: 3/17 step: 6/10 time:0.00+0.69 loss_avg:1.5148e-01
INFO: 2024-02-03 20:16:33 epoch:1 dataset: 3/17 step: 7/10 time:0.02+0.67 loss_avg:1.5194e-01
INFO: 2024-02-03 20:16:34 epoch:1 dataset: 3/17 step: 8/10 time:0.00+0.63 loss_avg:1.5748e-01
INFO: 2024-02-03 20:16:35 epoch:1 dataset: 3/17 step: 9/10 time:0.00+0.65 loss_avg:1.5866e-01
INFO: Training on data_train_chr4_48.npy complete.
INFO: 2024-02-03 20:16:36 epoch:1 dataset: 4/17 step: 0/10 time:0.43+0.83 loss_avg:1.4901e-01
INFO: 2024-02-03 20:16:37 epoch:1 dataset: 4/17 step: 1/10 time:0.02+0.74 loss_avg:1.5394e-01
INFO: 2024-02-03 20:16:37 epoch:1 dataset: 4/17 step: 2/10 time:0.02+0.74 loss_avg:1.5691e-01
INFO: 2024-02-03 20:16:38 epoch:1 dataset: 4/17 step: 3/10 time:0.02+0.79 loss_avg:1.4711e-01
INFO: 2024-02-03 20:16:39 epoch:1 dataset: 4/17 step: 4/10 time:0.02+0.74 loss_avg:1.5094e-01
INFO: 2024-02-03 20:16:40 epoch:1 dataset: 4/17 step: 5/10 time:0.02+0.74 loss_avg:1.4946e-01
INFO: 2024-02-03 20:16:40 epoch:1 dataset: 4/17 step: 6/10 time:0.01+0.67 loss_avg:1.4614e-01
INFO: 2024-02-03 20:16:41 epoch:1 dataset: 4/17 step: 7/10 time:0.00+0.67 loss_avg:1.4916e-01
INFO: 2024-02-03 20:16:42 epoch:1 dataset: 4/17 step: 8/10 time:0.00+0.66 loss_avg:1.5547e-01
INFO: 2024-02-03 20:16:42 epoch:1 dataset: 4/17 step: 9/10 time:0.00+0.67 loss_avg:1.4904e-01
INFO: Training on data_train_chr3_48.npy complete.
INFO: 2024-02-03 20:16:44 epoch:1 dataset: 5/17 step: 0/5 time:0.38+0.72 loss_avg:1.4967e-01
INFO: 2024-02-03 20:16:44 epoch:1 dataset: 5/17 step: 1/5 time:0.00+0.68 loss_avg:1.5518e-01
INFO: 2024-02-03 20:16:45 epoch:1 dataset: 5/17 step: 2/5 time:0.01+0.75 loss_avg:1.5079e-01
INFO: 2024-02-03 20:16:46 epoch:1 dataset: 5/17 step: 3/5 time:0.00+0.65 loss_avg:1.5064e-01
INFO: 2024-02-03 20:16:46 epoch:1 dataset: 5/17 step: 4/5 time:0.00+0.64 loss_avg:1.4779e-01
INFO: Training on data_train_chr18_48.npy complete.
INFO: 2024-02-03 20:16:47 epoch:1 dataset: 6/17 step: 0/7 time:0.40+0.61 loss_avg:1.6992e-01
INFO: 2024-02-03 20:16:48 epoch:1 dataset: 6/17 step: 1/7 time:0.00+0.59 loss_avg:1.6216e-01
INFO: 2024-02-03 20:16:49 epoch:1 dataset: 6/17 step: 2/7 time:0.01+0.63 loss_avg:1.6130e-01
INFO: 2024-02-03 20:16:49 epoch:1 dataset: 6/17 step: 3/7 time:0.02+0.61 loss_avg:1.6307e-01
INFO: 2024-02-03 20:16:50 epoch:1 dataset: 6/17 step: 4/7 time:0.02+0.62 loss_avg:1.6271e-01
INFO: 2024-02-03 20:16:50 epoch:1 dataset: 6/17 step: 5/7 time:0.00+0.61 loss_avg:1.6166e-01
INFO: 2024-02-03 20:16:51 epoch:1 dataset: 6/17 step: 6/7 time:0.00+0.61 loss_avg:1.6065e-01
INFO: Training on data_train_chr11_48.npy complete.
INFO: 2024-02-03 20:16:52 epoch:1 dataset: 7/17 step: 0/8 time:0.40+0.69 loss_avg:1.5332e-01
INFO: 2024-02-03 20:16:53 epoch:1 dataset: 7/17 step: 1/8 time:0.00+0.65 loss_avg:1.5171e-01
INFO: 2024-02-03 20:16:53 epoch:1 dataset: 7/17 step: 2/8 time:0.00+0.65 loss_avg:1.5088e-01
INFO: 2024-02-03 20:16:54 epoch:1 dataset: 7/17 step: 3/8 time:0.00+0.64 loss_avg:1.5179e-01
INFO: 2024-02-03 20:16:55 epoch:1 dataset: 7/17 step: 4/8 time:0.00+0.65 loss_avg:1.5275e-01
INFO: 2024-02-03 20:16:55 epoch:1 dataset: 7/17 step: 5/8 time:0.00+0.64 loss_avg:1.5592e-01
INFO: 2024-02-03 20:16:56 epoch:1 dataset: 7/17 step: 6/8 time:0.00+0.62 loss_avg:1.5144e-01
INFO: 2024-02-03 20:16:57 epoch:1 dataset: 7/17 step: 7/8 time:0.00+0.57 loss_avg:1.5220e-01
INFO: Training on data_train_chr10_48.npy complete.
INFO: 2024-02-03 20:16:58 epoch:1 dataset: 8/17 step: 0/8 time:0.40+0.67 loss_avg:1.9191e-01
INFO: 2024-02-03 20:16:58 epoch:1 dataset: 8/17 step: 1/8 time:0.02+0.64 loss_avg:1.9548e-01
INFO: 2024-02-03 20:16:59 epoch:1 dataset: 8/17 step: 2/8 time:0.02+0.65 loss_avg:1.9108e-01
INFO: 2024-02-03 20:17:00 epoch:1 dataset: 8/17 step: 3/8 time:0.02+0.64 loss_avg:1.8924e-01
INFO: 2024-02-03 20:17:00 epoch:1 dataset: 8/17 step: 4/8 time:0.02+0.61 loss_avg:1.9630e-01
INFO: 2024-02-03 20:17:01 epoch:1 dataset: 8/17 step: 5/8 time:0.00+0.57 loss_avg:1.9280e-01
INFO: 2024-02-03 20:17:01 epoch:1 dataset: 8/17 step: 6/8 time:0.00+0.61 loss_avg:1.8663e-01
INFO: 2024-02-03 20:17:02 epoch:1 dataset: 8/17 step: 7/8 time:0.00+0.60 loss_avg:1.9161e-01
INFO: Training on data_train_chr8_48.npy complete.
INFO: 2024-02-03 20:17:03 epoch:1 dataset: 9/17 step: 0/10 time:0.44+0.61 loss_avg:1.2841e-01
INFO: 2024-02-03 20:17:04 epoch:1 dataset: 9/17 step: 1/10 time:0.00+0.56 loss_avg:1.2366e-01
INFO: 2024-02-03 20:17:04 epoch:1 dataset: 9/17 step: 2/10 time:0.00+0.56 loss_avg:1.2347e-01
INFO: 2024-02-03 20:17:05 epoch:1 dataset: 9/17 step: 3/10 time:0.00+0.58 loss_avg:1.1515e-01
INFO: 2024-02-03 20:17:05 epoch:1 dataset: 9/17 step: 4/10 time:0.01+0.56 loss_avg:1.1688e-01
INFO: 2024-02-03 20:17:06 epoch:1 dataset: 9/17 step: 5/10 time:0.00+0.64 loss_avg:1.1885e-01
INFO: 2024-02-03 20:17:07 epoch:1 dataset: 9/17 step: 6/10 time:0.00+0.64 loss_avg:1.1279e-01
INFO: 2024-02-03 20:17:07 epoch:1 dataset: 9/17 step: 7/10 time:0.00+0.68 loss_avg:1.1608e-01
INFO: 2024-02-03 20:17:08 epoch:1 dataset: 9/17 step: 8/10 time:0.00+0.67 loss_avg:1.1433e-01
INFO: 2024-02-03 20:17:09 epoch:1 dataset: 9/17 step: 9/10 time:0.00+0.67 loss_avg:1.1233e-01
INFO: Training on data_train_chrX_48.npy complete.
INFO: 2024-02-03 20:17:10 epoch:1 dataset: 10/17 step: 0/7 time:0.43+0.63 loss_avg:1.6199e-01
INFO: 2024-02-03 20:17:10 epoch:1 dataset: 10/17 step: 1/7 time:0.00+0.64 loss_avg:1.4893e-01
INFO: 2024-02-03 20:17:11 epoch:1 dataset: 10/17 step: 2/7 time:0.00+0.62 loss_avg:1.5246e-01
INFO: 2024-02-03 20:17:12 epoch:1 dataset: 10/17 step: 3/7 time:0.00+0.72 loss_avg:1.5331e-01
INFO: 2024-02-03 20:17:12 epoch:1 dataset: 10/17 step: 4/7 time:0.01+0.71 loss_avg:1.5157e-01
INFO: 2024-02-03 20:17:13 epoch:1 dataset: 10/17 step: 5/7 time:0.00+0.66 loss_avg:1.4716e-01
INFO: 2024-02-03 20:17:14 epoch:1 dataset: 10/17 step: 6/7 time:0.00+0.55 loss_avg:1.4772e-01
INFO: Training on data_train_chr12_48.npy complete.
INFO: 2024-02-03 20:17:15 epoch:1 dataset: 11/17 step: 0/8 time:0.40+0.65 loss_avg:1.3789e-01
INFO: 2024-02-03 20:17:15 epoch:1 dataset: 11/17 step: 1/8 time:0.01+0.61 loss_avg:1.3438e-01
INFO: 2024-02-03 20:17:16 epoch:1 dataset: 11/17 step: 2/8 time:0.00+0.60 loss_avg:1.3887e-01
INFO: 2024-02-03 20:17:16 epoch:1 dataset: 11/17 step: 3/8 time:0.00+0.60 loss_avg:1.4387e-01
INFO: 2024-02-03 20:17:17 epoch:1 dataset: 11/17 step: 4/8 time:0.00+0.56 loss_avg:1.4391e-01
INFO: 2024-02-03 20:17:18 epoch:1 dataset: 11/17 step: 5/8 time:0.01+0.61 loss_avg:1.3985e-01
INFO: 2024-02-03 20:17:18 epoch:1 dataset: 11/17 step: 6/8 time:0.00+0.70 loss_avg:1.3279e-01
INFO: 2024-02-03 20:17:19 epoch:1 dataset: 11/17 step: 7/8 time:0.00+0.72 loss_avg:1.4241e-01
INFO: Training on data_train_chr14_48.npy complete.
INFO: 2024-02-03 20:17:20 epoch:1 dataset: 12/17 step: 0/6 time:0.39+0.72 loss_avg:1.5411e-01
INFO: 2024-02-03 20:17:21 epoch:1 dataset: 12/17 step: 1/6 time:0.00+0.69 loss_avg:1.5707e-01
INFO: 2024-02-03 20:17:22 epoch:1 dataset: 12/17 step: 2/6 time:0.00+0.64 loss_avg:1.5314e-01
INFO: 2024-02-03 20:17:22 epoch:1 dataset: 12/17 step: 3/6 time:0.00+0.55 loss_avg:1.5086e-01
INFO: 2024-02-03 20:17:23 epoch:1 dataset: 12/17 step: 4/6 time:0.00+0.62 loss_avg:1.5313e-01
INFO: 2024-02-03 20:17:24 epoch:1 dataset: 12/17 step: 5/6 time:0.00+0.97 loss_avg:1.5461e-01
INFO: Training on data_train_chr17_48.npy complete.
INFO: 2024-02-03 20:17:25 epoch:1 dataset: 13/17 step: 0/7 time:0.42+0.81 loss_avg:1.5223e-01
INFO: 2024-02-03 20:17:26 epoch:1 dataset: 13/17 step: 1/7 time:0.02+0.75 loss_avg:1.5636e-01
INFO: 2024-02-03 20:17:26 epoch:1 dataset: 13/17 step: 2/7 time:0.02+0.73 loss_avg:1.5128e-01
INFO: 2024-02-03 20:17:27 epoch:1 dataset: 13/17 step: 3/7 time:0.01+0.67 loss_avg:1.5478e-01
INFO: 2024-02-03 20:17:28 epoch:1 dataset: 13/17 step: 4/7 time:0.02+0.56 loss_avg:1.5441e-01
INFO: 2024-02-03 20:17:28 epoch:1 dataset: 13/17 step: 5/7 time:0.00+0.58 loss_avg:1.5251e-01
INFO: 2024-02-03 20:17:29 epoch:1 dataset: 13/17 step: 6/7 time:0.00+0.58 loss_avg:1.5174e-01
INFO: Training on data_train_chr13_48.npy complete.
INFO: 2024-02-03 20:17:30 epoch:1 dataset: 14/17 step: 0/6 time:0.36+0.62 loss_avg:1.4578e-01
INFO: 2024-02-03 20:17:30 epoch:1 dataset: 14/17 step: 1/6 time:0.02+0.61 loss_avg:1.5025e-01
INFO: 2024-02-03 20:17:31 epoch:1 dataset: 14/17 step: 2/6 time:0.02+0.56 loss_avg:1.5074e-01
INFO: 2024-02-03 20:17:32 epoch:1 dataset: 14/17 step: 3/6 time:0.02+0.56 loss_avg:1.4556e-01
INFO: 2024-02-03 20:17:32 epoch:1 dataset: 14/17 step: 4/6 time:0.00+0.56 loss_avg:1.4941e-01
INFO: 2024-02-03 20:17:33 epoch:1 dataset: 14/17 step: 5/6 time:0.00+0.58 loss_avg:1.4513e-01
INFO: Training on data_train_chr15_48.npy complete.
INFO: 2024-02-03 20:17:34 epoch:1 dataset: 15/17 step: 0/9 time:0.42+0.82 loss_avg:1.3793e-01
INFO: 2024-02-03 20:17:35 epoch:1 dataset: 15/17 step: 1/9 time:0.02+0.74 loss_avg:1.3781e-01
INFO: 2024-02-03 20:17:35 epoch:1 dataset: 15/17 step: 2/9 time:0.02+0.71 loss_avg:1.3258e-01
INFO: 2024-02-03 20:17:36 epoch:1 dataset: 15/17 step: 3/9 time:0.02+0.61 loss_avg:1.3413e-01
INFO: 2024-02-03 20:17:37 epoch:1 dataset: 15/17 step: 4/9 time:0.02+0.62 loss_avg:1.3484e-01
INFO: 2024-02-03 20:17:37 epoch:1 dataset: 15/17 step: 5/9 time:0.02+0.65 loss_avg:1.3924e-01
INFO: 2024-02-03 20:17:38 epoch:1 dataset: 15/17 step: 6/9 time:0.02+0.64 loss_avg:1.3662e-01
INFO: 2024-02-03 20:17:39 epoch:1 dataset: 15/17 step: 7/9 time:0.00+0.60 loss_avg:1.3775e-01
INFO: 2024-02-03 20:17:39 epoch:1 dataset: 15/17 step: 8/9 time:0.00+0.61 loss_avg:1.3708e-01
INFO: Training on data_train_chr7_48.npy complete.
INFO: 2024-02-03 20:17:40 epoch:1 dataset: 16/17 step: 0/7 time:0.40+0.71 loss_avg:1.5594e-01
INFO: 2024-02-03 20:17:41 epoch:1 dataset: 16/17 step: 1/7 time:0.02+0.63 loss_avg:1.5787e-01
INFO: 2024-02-03 20:17:42 epoch:1 dataset: 16/17 step: 2/7 time:0.02+0.73 loss_avg:1.5657e-01
INFO: 2024-02-03 20:17:43 epoch:1 dataset: 16/17 step: 3/7 time:0.01+0.74 loss_avg:1.5129e-01
INFO: 2024-02-03 20:17:43 epoch:1 dataset: 16/17 step: 4/7 time:0.02+0.72 loss_avg:1.5328e-01
INFO: 2024-02-03 20:17:44 epoch:1 dataset: 16/17 step: 5/7 time:0.00+0.71 loss_avg:1.5864e-01
INFO: 2024-02-03 20:17:45 epoch:1 dataset: 16/17 step: 6/7 time:0.00+0.70 loss_avg:1.5684e-01
INFO: Training on data_train_chr9_48.npy complete.
INFO: 2024-02-03 20:17:46 epoch:1 dataset: 0/17 step: 0/6 time:0.36+0.72 loss_avg:1.4403e-01
INFO: 2024-02-03 20:17:46 epoch:1 dataset: 0/17 step: 1/6 time:0.00+0.69 loss_avg:1.4887e-01
INFO: 2024-02-03 20:17:47 epoch:1 dataset: 0/17 step: 2/6 time:0.00+0.65 loss_avg:1.4726e-01
INFO: 2024-02-03 20:17:48 epoch:1 dataset: 0/17 step: 3/6 time:0.00+0.66 loss_avg:1.4459e-01
INFO: 2024-02-03 20:17:48 epoch:1 dataset: 0/17 step: 4/6 time:0.00+0.60 loss_avg:1.4662e-01
INFO: 2024-02-03 20:17:49 epoch:1 dataset: 0/17 step: 5/6 time:0.00+0.61 loss_avg:1.4549e-01
INFO: Training on data_train_chr16_48.npy complete.
INFO: Validation disco scores: [0.8761365787527438, 0.8461160494256408, 0.8591403323210963]
INFO: 2024-02-03 20:18:55 epoch:2 dataset: 1/17 step: 0/12 time:65.59+0.67 loss_avg:1.8172e-01
INFO: 2024-02-03 20:18:56 epoch:2 dataset: 1/17 step: 1/12 time:0.02+0.58 loss_avg:1.8893e-01
INFO: 2024-02-03 20:18:56 epoch:2 dataset: 1/17 step: 2/12 time:0.02+0.57 loss_avg:1.8542e-01
INFO: 2024-02-03 20:18:57 epoch:2 dataset: 1/17 step: 3/12 time:0.02+0.59 loss_avg:1.8162e-01
INFO: 2024-02-03 20:18:58 epoch:2 dataset: 1/17 step: 4/12 time:0.02+0.57 loss_avg:1.8729e-01
INFO: 2024-02-03 20:18:58 epoch:2 dataset: 1/17 step: 5/12 time:0.02+0.56 loss_avg:1.9681e-01
INFO: 2024-02-03 20:18:59 epoch:2 dataset: 1/17 step: 6/12 time:0.02+0.58 loss_avg:1.9166e-01
INFO: 2024-02-03 20:18:59 epoch:2 dataset: 1/17 step: 7/12 time:0.02+0.55 loss_avg:1.8499e-01
INFO: 2024-02-03 20:19:00 epoch:2 dataset: 1/17 step: 8/12 time:0.01+0.57 loss_avg:1.8314e-01
INFO: 2024-02-03 20:19:01 epoch:2 dataset: 1/17 step: 9/12 time:0.02+0.56 loss_avg:1.9897e-01
INFO: 2024-02-03 20:19:01 epoch:2 dataset: 1/17 step: 10/12 time:0.00+0.55 loss_avg:1.8636e-01
INFO: 2024-02-03 20:19:02 epoch:2 dataset: 1/17 step: 11/12 time:0.00+0.55 loss_avg:1.8622e-01
INFO: Training on data_train_chr1_48.npy complete.
INFO: 2024-02-03 20:19:03 epoch:2 dataset: 2/17 step: 0/9 time:0.52+0.74 loss_avg:1.5369e-01
INFO: 2024-02-03 20:19:04 epoch:2 dataset: 2/17 step: 1/9 time:0.02+0.66 loss_avg:1.4920e-01
INFO: 2024-02-03 20:19:04 epoch:2 dataset: 2/17 step: 2/9 time:0.02+0.62 loss_avg:1.4553e-01
INFO: 2024-02-03 20:19:05 epoch:2 dataset: 2/17 step: 3/9 time:0.01+0.63 loss_avg:1.4917e-01
INFO: 2024-02-03 20:19:05 epoch:2 dataset: 2/17 step: 4/9 time:0.01+0.55 loss_avg:1.4852e-01
INFO: 2024-02-03 20:19:06 epoch:2 dataset: 2/17 step: 5/9 time:0.02+0.65 loss_avg:1.4638e-01
INFO: 2024-02-03 20:19:07 epoch:2 dataset: 2/17 step: 6/9 time:0.00+0.68 loss_avg:1.4568e-01
INFO: 2024-02-03 20:19:08 epoch:2 dataset: 2/17 step: 7/9 time:0.00+0.71 loss_avg:1.4311e-01
INFO: 2024-02-03 20:19:08 epoch:2 dataset: 2/17 step: 8/9 time:0.00+0.61 loss_avg:1.4395e-01
INFO: Training on data_train_chr5_48.npy complete.
INFO: 2024-02-03 20:19:09 epoch:2 dataset: 3/17 step: 0/10 time:0.49+0.66 loss_avg:1.4373e-01
INFO: 2024-02-03 20:19:10 epoch:2 dataset: 3/17 step: 1/10 time:0.01+0.61 loss_avg:1.4565e-01
INFO: 2024-02-03 20:19:10 epoch:2 dataset: 3/17 step: 2/10 time:0.00+0.58 loss_avg:1.3994e-01
INFO: 2024-02-03 20:19:11 epoch:2 dataset: 3/17 step: 3/10 time:0.00+0.58 loss_avg:1.4595e-01
INFO: 2024-02-03 20:19:12 epoch:2 dataset: 3/17 step: 4/10 time:0.00+0.56 loss_avg:1.4852e-01
INFO: 2024-02-03 20:19:12 epoch:2 dataset: 3/17 step: 5/10 time:0.00+0.71 loss_avg:1.4374e-01
INFO: 2024-02-03 20:19:13 epoch:2 dataset: 3/17 step: 6/10 time:0.00+0.60 loss_avg:1.4878e-01
INFO: 2024-02-03 20:19:14 epoch:2 dataset: 3/17 step: 7/10 time:0.00+0.59 loss_avg:1.4673e-01
INFO: 2024-02-03 20:19:14 epoch:2 dataset: 3/17 step: 8/10 time:0.00+0.64 loss_avg:1.4480e-01
INFO: 2024-02-03 20:19:15 epoch:2 dataset: 3/17 step: 9/10 time:0.00+0.56 loss_avg:1.4676e-01
INFO: Training on data_train_chr4_48.npy complete.
INFO: 2024-02-03 20:19:16 epoch:2 dataset: 4/17 step: 0/10 time:0.46+0.63 loss_avg:1.4613e-01
INFO: 2024-02-03 20:19:16 epoch:2 dataset: 4/17 step: 1/10 time:0.02+0.56 loss_avg:1.4714e-01
INFO: 2024-02-03 20:19:17 epoch:2 dataset: 4/17 step: 2/10 time:0.01+0.57 loss_avg:1.4857e-01
INFO: 2024-02-03 20:19:18 epoch:2 dataset: 4/17 step: 3/10 time:0.02+0.54 loss_avg:1.4370e-01
INFO: 2024-02-03 20:19:18 epoch:2 dataset: 4/17 step: 4/10 time:0.01+0.58 loss_avg:1.4081e-01
INFO: 2024-02-03 20:19:19 epoch:2 dataset: 4/17 step: 5/10 time:0.02+0.73 loss_avg:1.4146e-01
INFO: 2024-02-03 20:19:19 epoch:2 dataset: 4/17 step: 6/10 time:0.02+0.61 loss_avg:1.4590e-01
INFO: 2024-02-03 20:19:20 epoch:2 dataset: 4/17 step: 7/10 time:0.00+0.61 loss_avg:1.4178e-01
INFO: 2024-02-03 20:19:21 epoch:2 dataset: 4/17 step: 8/10 time:0.00+0.54 loss_avg:1.4476e-01
INFO: 2024-02-03 20:19:21 epoch:2 dataset: 4/17 step: 9/10 time:0.00+0.55 loss_avg:1.3718e-01
INFO: Training on data_train_chr3_48.npy complete.
INFO: 2024-02-03 20:19:22 epoch:2 dataset: 5/17 step: 0/5 time:0.35+0.61 loss_avg:1.4228e-01
INFO: 2024-02-03 20:19:23 epoch:2 dataset: 5/17 step: 1/5 time:0.00+0.60 loss_avg:1.4196e-01
INFO: 2024-02-03 20:19:23 epoch:2 dataset: 5/17 step: 2/5 time:0.00+0.58 loss_avg:1.4338e-01
INFO: 2024-02-03 20:19:24 epoch:2 dataset: 5/17 step: 3/5 time:0.00+0.58 loss_avg:1.4635e-01
INFO: 2024-02-03 20:19:24 epoch:2 dataset: 5/17 step: 4/5 time:0.00+0.55 loss_avg:1.4499e-01
INFO: Training on data_train_chr18_48.npy complete.
INFO: 2024-02-03 20:19:26 epoch:2 dataset: 6/17 step: 0/7 time:0.42+0.72 loss_avg:1.5746e-01
INFO: 2024-02-03 20:19:26 epoch:2 dataset: 6/17 step: 1/7 time:0.02+0.60 loss_avg:1.5558e-01
INFO: 2024-02-03 20:19:27 epoch:2 dataset: 6/17 step: 2/7 time:0.02+0.57 loss_avg:1.5612e-01
INFO: 2024-02-03 20:19:28 epoch:2 dataset: 6/17 step: 3/7 time:0.02+0.80 loss_avg:1.5092e-01
INFO: 2024-02-03 20:19:28 epoch:2 dataset: 6/17 step: 4/7 time:0.03+0.62 loss_avg:1.5906e-01
INFO: 2024-02-03 20:19:29 epoch:2 dataset: 6/17 step: 5/7 time:0.01+0.59 loss_avg:1.6149e-01
INFO: 2024-02-03 20:19:29 epoch:2 dataset: 6/17 step: 6/7 time:0.00+0.59 loss_avg:1.5984e-01
INFO: Training on data_train_chr11_48.npy complete.
INFO: 2024-02-03 20:19:31 epoch:2 dataset: 7/17 step: 0/8 time:0.41+0.65 loss_avg:1.4506e-01
INFO: 2024-02-03 20:19:31 epoch:2 dataset: 7/17 step: 1/8 time:0.02+0.63 loss_avg:1.4875e-01
INFO: 2024-02-03 20:19:32 epoch:2 dataset: 7/17 step: 2/8 time:0.02+0.68 loss_avg:1.5008e-01
INFO: 2024-02-03 20:19:33 epoch:2 dataset: 7/17 step: 3/8 time:0.02+0.68 loss_avg:1.4309e-01
INFO: 2024-02-03 20:19:33 epoch:2 dataset: 7/17 step: 4/8 time:0.00+0.60 loss_avg:1.4609e-01
INFO: 2024-02-03 20:19:34 epoch:2 dataset: 7/17 step: 5/8 time:0.03+0.63 loss_avg:1.4735e-01
INFO: 2024-02-03 20:19:35 epoch:2 dataset: 7/17 step: 6/8 time:0.00+0.63 loss_avg:1.4541e-01
INFO: 2024-02-03 20:19:35 epoch:2 dataset: 7/17 step: 7/8 time:0.00+0.58 loss_avg:1.4779e-01
INFO: Training on data_train_chr10_48.npy complete.
INFO: 2024-02-03 20:19:36 epoch:2 dataset: 8/17 step: 0/8 time:0.41+0.68 loss_avg:1.9073e-01
INFO: 2024-02-03 20:19:37 epoch:2 dataset: 8/17 step: 1/8 time:0.02+0.62 loss_avg:1.9100e-01
INFO: 2024-02-03 20:19:38 epoch:2 dataset: 8/17 step: 2/8 time:0.02+0.68 loss_avg:1.8990e-01
INFO: 2024-02-03 20:19:38 epoch:2 dataset: 8/17 step: 3/8 time:0.02+0.73 loss_avg:1.8352e-01
INFO: 2024-02-03 20:19:39 epoch:2 dataset: 8/17 step: 4/8 time:0.02+0.71 loss_avg:1.7557e-01
INFO: 2024-02-03 20:19:40 epoch:2 dataset: 8/17 step: 5/8 time:0.02+0.67 loss_avg:1.8785e-01
INFO: 2024-02-03 20:19:40 epoch:2 dataset: 8/17 step: 6/8 time:0.02+0.69 loss_avg:1.8500e-01
INFO: 2024-02-03 20:19:41 epoch:2 dataset: 8/17 step: 7/8 time:0.01+0.64 loss_avg:1.8612e-01
INFO: Training on data_train_chr8_48.npy complete.
INFO: 2024-02-03 20:19:42 epoch:2 dataset: 9/17 step: 0/10 time:0.49+0.82 loss_avg:1.3642e-01
INFO: 2024-02-03 20:19:43 epoch:2 dataset: 9/17 step: 1/10 time:0.02+0.75 loss_avg:1.2573e-01
INFO: 2024-02-03 20:19:44 epoch:2 dataset: 9/17 step: 2/10 time:0.02+0.69 loss_avg:1.1707e-01
INFO: 2024-02-03 20:19:45 epoch:2 dataset: 9/17 step: 3/10 time:0.00+0.72 loss_avg:1.0805e-01
INFO: 2024-02-03 20:19:45 epoch:2 dataset: 9/17 step: 4/10 time:0.00+0.77 loss_avg:1.0720e-01
INFO: 2024-02-03 20:19:46 epoch:2 dataset: 9/17 step: 5/10 time:0.00+0.77 loss_avg:1.1792e-01
INFO: 2024-02-03 20:19:47 epoch:2 dataset: 9/17 step: 6/10 time:0.02+0.65 loss_avg:1.0291e-01
INFO: 2024-02-03 20:19:47 epoch:2 dataset: 9/17 step: 7/10 time:0.04+0.67 loss_avg:1.1115e-01
INFO: 2024-02-03 20:19:48 epoch:2 dataset: 9/17 step: 8/10 time:0.00+0.65 loss_avg:1.0925e-01
INFO: 2024-02-03 20:19:49 epoch:2 dataset: 9/17 step: 9/10 time:0.00+0.66 loss_avg:1.1257e-01
INFO: Training on data_train_chrX_48.npy complete.
INFO: 2024-02-03 20:19:50 epoch:2 dataset: 10/17 step: 0/7 time:0.38+0.71 loss_avg:1.5730e-01
INFO: 2024-02-03 20:19:51 epoch:2 dataset: 10/17 step: 1/7 time:0.00+0.69 loss_avg:1.4941e-01
INFO: 2024-02-03 20:19:51 epoch:2 dataset: 10/17 step: 2/7 time:0.00+0.68 loss_avg:1.4521e-01
INFO: 2024-02-03 20:19:52 epoch:2 dataset: 10/17 step: 3/7 time:0.00+0.66 loss_avg:1.5236e-01
INFO: 2024-02-03 20:19:53 epoch:2 dataset: 10/17 step: 4/7 time:0.00+0.62 loss_avg:1.4493e-01
INFO: 2024-02-03 20:19:53 epoch:2 dataset: 10/17 step: 5/7 time:0.00+0.57 loss_avg:1.4759e-01
INFO: 2024-02-03 20:19:54 epoch:2 dataset: 10/17 step: 6/7 time:0.00+0.54 loss_avg:1.4681e-01
INFO: Training on data_train_chr12_48.npy complete.
INFO: 2024-02-03 20:19:55 epoch:2 dataset: 11/17 step: 0/8 time:0.40+0.62 loss_avg:1.3643e-01
INFO: 2024-02-03 20:19:55 epoch:2 dataset: 11/17 step: 1/8 time:0.02+0.60 loss_avg:1.3305e-01
INFO: 2024-02-03 20:19:56 epoch:2 dataset: 11/17 step: 2/8 time:0.02+0.64 loss_avg:1.3991e-01
INFO: 2024-02-03 20:19:57 epoch:2 dataset: 11/17 step: 3/8 time:0.03+0.64 loss_avg:1.3694e-01
INFO: 2024-02-03 20:19:57 epoch:2 dataset: 11/17 step: 4/8 time:0.00+0.63 loss_avg:1.3266e-01
INFO: 2024-02-03 20:19:58 epoch:2 dataset: 11/17 step: 5/8 time:0.00+0.65 loss_avg:1.3448e-01
INFO: 2024-02-03 20:19:59 epoch:2 dataset: 11/17 step: 6/8 time:0.00+0.63 loss_avg:1.3608e-01
INFO: 2024-02-03 20:19:59 epoch:2 dataset: 11/17 step: 7/8 time:0.00+0.61 loss_avg:1.4025e-01
INFO: Training on data_train_chr14_48.npy complete.
INFO: 2024-02-03 20:20:00 epoch:2 dataset: 12/17 step: 0/6 time:0.40+0.64 loss_avg:1.4797e-01
INFO: 2024-02-03 20:20:01 epoch:2 dataset: 12/17 step: 1/6 time:0.00+0.62 loss_avg:1.5145e-01
INFO: 2024-02-03 20:20:01 epoch:2 dataset: 12/17 step: 2/6 time:0.00+0.65 loss_avg:1.5453e-01
INFO: 2024-02-03 20:20:02 epoch:2 dataset: 12/17 step: 3/6 time:0.00+0.63 loss_avg:1.5269e-01
INFO: 2024-02-03 20:20:03 epoch:2 dataset: 12/17 step: 4/6 time:0.00+0.62 loss_avg:1.5266e-01
INFO: 2024-02-03 20:20:03 epoch:2 dataset: 12/17 step: 5/6 time:0.00+0.62 loss_avg:1.4459e-01
INFO: Training on data_train_chr17_48.npy complete.
INFO: 2024-02-03 20:20:05 epoch:2 dataset: 13/17 step: 0/7 time:0.44+0.76 loss_avg:1.5189e-01
INFO: 2024-02-03 20:20:05 epoch:2 dataset: 13/17 step: 1/7 time:0.00+0.74 loss_avg:1.5125e-01
INFO: 2024-02-03 20:20:06 epoch:2 dataset: 13/17 step: 2/7 time:0.00+0.74 loss_avg:1.5341e-01
INFO: 2024-02-03 20:20:07 epoch:2 dataset: 13/17 step: 3/7 time:0.00+0.73 loss_avg:1.4642e-01
INFO: 2024-02-03 20:20:08 epoch:2 dataset: 13/17 step: 4/7 time:0.00+0.74 loss_avg:1.4758e-01
INFO: 2024-02-03 20:20:08 epoch:2 dataset: 13/17 step: 5/7 time:0.00+0.71 loss_avg:1.5043e-01
INFO: 2024-02-03 20:20:09 epoch:2 dataset: 13/17 step: 6/7 time:0.00+0.67 loss_avg:1.5154e-01
INFO: Training on data_train_chr13_48.npy complete.
INFO: 2024-02-03 20:20:10 epoch:2 dataset: 14/17 step: 0/6 time:0.40+0.69 loss_avg:1.4277e-01
INFO: 2024-02-03 20:20:11 epoch:2 dataset: 14/17 step: 1/6 time:0.00+0.59 loss_avg:1.4897e-01
INFO: 2024-02-03 20:20:11 epoch:2 dataset: 14/17 step: 2/6 time:0.00+0.61 loss_avg:1.4794e-01
INFO: 2024-02-03 20:20:12 epoch:2 dataset: 14/17 step: 3/6 time:0.00+0.59 loss_avg:1.4354e-01
INFO: 2024-02-03 20:20:12 epoch:2 dataset: 14/17 step: 4/6 time:0.00+0.59 loss_avg:1.4253e-01
INFO: 2024-02-03 20:20:13 epoch:2 dataset: 14/17 step: 5/6 time:0.00+0.60 loss_avg:1.4176e-01
INFO: Training on data_train_chr15_48.npy complete.
INFO: 2024-02-03 20:20:14 epoch:2 dataset: 15/17 step: 0/9 time:0.43+0.66 loss_avg:1.3321e-01
INFO: 2024-02-03 20:20:15 epoch:2 dataset: 15/17 step: 1/9 time:0.02+0.62 loss_avg:1.3285e-01
INFO: 2024-02-03 20:20:15 epoch:2 dataset: 15/17 step: 2/9 time:0.02+0.72 loss_avg:1.3240e-01
INFO: 2024-02-03 20:20:16 epoch:2 dataset: 15/17 step: 3/9 time:0.02+0.72 loss_avg:1.3651e-01
INFO: 2024-02-03 20:20:17 epoch:2 dataset: 15/17 step: 4/9 time:0.02+0.72 loss_avg:1.3292e-01
INFO: 2024-02-03 20:20:18 epoch:2 dataset: 15/17 step: 5/9 time:0.02+0.72 loss_avg:1.3605e-01
INFO: 2024-02-03 20:20:18 epoch:2 dataset: 15/17 step: 6/9 time:0.02+0.70 loss_avg:1.3659e-01
INFO: 2024-02-03 20:20:19 epoch:2 dataset: 15/17 step: 7/9 time:0.01+0.59 loss_avg:1.2867e-01
INFO: 2024-02-03 20:20:20 epoch:2 dataset: 15/17 step: 8/9 time:0.02+0.62 loss_avg:1.3033e-01
INFO: Training on data_train_chr7_48.npy complete.
INFO: 2024-02-03 20:20:21 epoch:2 dataset: 16/17 step: 0/7 time:0.39+0.74 loss_avg:1.5193e-01
INFO: 2024-02-03 20:20:21 epoch:2 dataset: 16/17 step: 1/7 time:0.02+0.59 loss_avg:1.5066e-01
INFO: 2024-02-03 20:20:22 epoch:2 dataset: 16/17 step: 2/7 time:0.02+0.57 loss_avg:1.4612e-01
INFO: 2024-02-03 20:20:23 epoch:2 dataset: 16/17 step: 3/7 time:0.02+0.68 loss_avg:1.5094e-01
INFO: 2024-02-03 20:20:23 epoch:2 dataset: 16/17 step: 4/7 time:0.02+0.70 loss_avg:1.5236e-01
INFO: 2024-02-03 20:20:24 epoch:2 dataset: 16/17 step: 5/7 time:0.00+0.69 loss_avg:1.5601e-01
INFO: 2024-02-03 20:20:25 epoch:2 dataset: 16/17 step: 6/7 time:0.00+0.67 loss_avg:1.5051e-01
INFO: Training on data_train_chr9_48.npy complete.
INFO: 2024-02-03 20:20:26 epoch:2 dataset: 0/17 step: 0/6 time:0.41+0.79 loss_avg:1.4209e-01
INFO: 2024-02-03 20:20:27 epoch:2 dataset: 0/17 step: 1/6 time:0.00+0.71 loss_avg:1.4369e-01
INFO: 2024-02-03 20:20:27 epoch:2 dataset: 0/17 step: 2/6 time:0.00+0.69 loss_avg:1.4042e-01
INFO: 2024-02-03 20:20:28 epoch:2 dataset: 0/17 step: 3/6 time:0.01+0.73 loss_avg:1.3878e-01
INFO: 2024-02-03 20:20:29 epoch:2 dataset: 0/17 step: 4/6 time:0.00+0.72 loss_avg:1.3956e-01
INFO: 2024-02-03 20:20:30 epoch:2 dataset: 0/17 step: 5/6 time:0.00+0.71 loss_avg:1.3987e-01
INFO: Training on data_train_chr16_48.npy complete.
