INFO: 2024-01-16 16:26:23 Argument batch_size: 8
INFO: 2024-01-16 16:26:23 Argument block_num: 9
INFO: 2024-01-16 16:26:23 Argument code_test: False
INFO: 2024-01-16 16:26:23 Argument cut_off: True
INFO: 2024-01-16 16:26:23 Argument data_train_path: ./../data/data_64/train/
INFO: 2024-01-16 16:26:23 Argument data_val_path: ./../data/data_64/val/data_val_chr19_64.npy
INFO: 2024-01-16 16:26:23 Argument device_id: 0
INFO: 2024-01-16 16:26:23 Argument dynamics: True
INFO: 2024-01-16 16:26:23 Argument early_stoppage_epochs: 5
INFO: 2024-01-16 16:26:23 Argument early_stoppage_start: 400
INFO: 2024-01-16 16:26:23 Argument epoch: 150
INFO: 2024-01-16 16:26:23 Argument learning_rate: None
INFO: 2024-01-16 16:26:23 Argument local_rank: 0
INFO: 2024-01-16 16:26:23 Argument loss: single_channel_no_vgg
INFO: 2024-01-16 16:26:23 Argument max_HiC: 250
INFO: 2024-01-16 16:26:23 Argument num_gpu: 1
INFO: 2024-01-16 16:26:23 Argument num_workers: 1
INFO: 2024-01-16 16:26:23 Argument patch_size: 64
INFO: 2024-01-16 16:26:23 Argument resume_epoch: 0
INFO: 2024-01-16 16:26:23 Argument resume_path: None
INFO: 2024-01-16 16:26:23 Argument rgb: False
INFO: 2024-01-16 16:26:23 Argument train_dataset: hic
INFO: 2024-01-16 16:26:23 Argument val_datasets: ['hic']
INFO: Defualt learning rate schedule
INFO: 2024-01-16 16:26:34 epoch:0 dataset: 1/17 step: 0/105 time:0.43+5.68 loss_avg:4.7692e-01
INFO: 2024-01-16 16:26:35 epoch:0 dataset: 1/17 step: 1/105 time:0.00+1.44 loss_avg:4.7282e-01
INFO: 2024-01-16 16:26:37 epoch:0 dataset: 1/17 step: 2/105 time:0.01+1.38 loss_avg:4.5894e-01
INFO: 2024-01-16 16:26:38 epoch:0 dataset: 1/17 step: 3/105 time:0.01+1.24 loss_avg:4.7384e-01
INFO: 2024-01-16 16:26:39 epoch:0 dataset: 1/17 step: 4/105 time:0.00+1.17 loss_avg:4.5502e-01
INFO: 2024-01-16 16:26:40 epoch:0 dataset: 1/17 step: 5/105 time:0.00+1.14 loss_avg:4.3610e-01
INFO: 2024-01-16 16:26:42 epoch:0 dataset: 1/17 step: 6/105 time:0.01+1.22 loss_avg:4.6108e-01
INFO: 2024-01-16 16:26:43 epoch:0 dataset: 1/17 step: 7/105 time:0.01+1.24 loss_avg:4.2144e-01
INFO: 2024-01-16 16:26:44 epoch:0 dataset: 1/17 step: 8/105 time:0.01+1.26 loss_avg:4.3676e-01
INFO: 2024-01-16 16:26:45 epoch:0 dataset: 1/17 step: 9/105 time:0.01+1.24 loss_avg:4.5297e-01
INFO: 2024-01-16 16:26:47 epoch:0 dataset: 1/17 step: 10/105 time:0.00+1.36 loss_avg:4.1888e-01
INFO: 2024-01-16 16:26:48 epoch:0 dataset: 1/17 step: 11/105 time:0.00+1.27 loss_avg:4.6108e-01
INFO: 2024-01-16 16:26:49 epoch:0 dataset: 1/17 step: 12/105 time:0.01+1.31 loss_avg:4.6048e-01
INFO: 2024-01-16 16:26:50 epoch:0 dataset: 1/17 step: 13/105 time:0.01+1.25 loss_avg:4.5888e-01
INFO: 2024-01-16 16:26:52 epoch:0 dataset: 1/17 step: 14/105 time:0.01+1.34 loss_avg:4.4948e-01
INFO: 2024-01-16 16:26:53 epoch:0 dataset: 1/17 step: 15/105 time:0.01+1.27 loss_avg:4.4870e-01
INFO: 2024-01-16 16:26:54 epoch:0 dataset: 1/17 step: 16/105 time:0.00+1.34 loss_avg:4.4487e-01
INFO: 2024-01-16 16:26:56 epoch:0 dataset: 1/17 step: 17/105 time:0.00+1.26 loss_avg:4.0354e-01
INFO: 2024-01-16 16:26:57 epoch:0 dataset: 1/17 step: 18/105 time:0.00+1.31 loss_avg:4.4892e-01
INFO: 2024-01-16 16:26:58 epoch:0 dataset: 1/17 step: 19/105 time:0.00+1.26 loss_avg:4.6313e-01
INFO: 2024-01-16 16:27:00 epoch:0 dataset: 1/17 step: 20/105 time:0.00+1.34 loss_avg:4.4754e-01
INFO: 2024-01-16 16:27:01 epoch:0 dataset: 1/17 step: 21/105 time:0.00+1.29 loss_avg:4.5888e-01
INFO: 2024-01-16 16:27:02 epoch:0 dataset: 1/17 step: 22/105 time:0.00+1.32 loss_avg:4.4179e-01
INFO: 2024-01-16 16:27:04 epoch:0 dataset: 1/17 step: 23/105 time:0.00+1.30 loss_avg:4.7847e-01
INFO: 2024-01-16 16:27:05 epoch:0 dataset: 1/17 step: 24/105 time:0.00+1.29 loss_avg:4.6167e-01
INFO: 2024-01-16 16:27:06 epoch:0 dataset: 1/17 step: 25/105 time:0.00+1.26 loss_avg:4.4315e-01
INFO: 2024-01-16 16:27:07 epoch:0 dataset: 1/17 step: 26/105 time:0.00+1.26 loss_avg:4.5172e-01
INFO: 2024-01-16 16:27:09 epoch:0 dataset: 1/17 step: 27/105 time:0.01+1.26 loss_avg:4.3951e-01
INFO: 2024-01-16 16:27:10 epoch:0 dataset: 1/17 step: 28/105 time:0.00+1.31 loss_avg:4.5365e-01
INFO: 2024-01-16 16:27:11 epoch:0 dataset: 1/17 step: 29/105 time:0.00+1.29 loss_avg:4.5210e-01
INFO: 2024-01-16 16:27:13 epoch:0 dataset: 1/17 step: 30/105 time:0.00+1.36 loss_avg:4.4551e-01
INFO: 2024-01-16 16:27:14 epoch:0 dataset: 1/17 step: 31/105 time:0.01+1.24 loss_avg:4.7274e-01
INFO: 2024-01-16 16:27:15 epoch:0 dataset: 1/17 step: 32/105 time:0.01+1.30 loss_avg:4.4465e-01
INFO: 2024-01-16 16:27:16 epoch:0 dataset: 1/17 step: 33/105 time:0.00+1.26 loss_avg:4.4046e-01
INFO: 2024-01-16 16:27:18 epoch:0 dataset: 1/17 step: 34/105 time:0.00+1.26 loss_avg:3.9702e-01
INFO: 2024-01-16 16:27:19 epoch:0 dataset: 1/17 step: 35/105 time:0.00+1.35 loss_avg:4.3800e-01
INFO: 2024-01-16 16:27:20 epoch:0 dataset: 1/17 step: 36/105 time:0.01+1.32 loss_avg:4.5549e-01
INFO: 2024-01-16 16:27:22 epoch:0 dataset: 1/17 step: 37/105 time:0.00+1.28 loss_avg:4.1912e-01
INFO: 2024-01-16 16:27:23 epoch:0 dataset: 1/17 step: 38/105 time:0.01+1.37 loss_avg:4.4342e-01
INFO: 2024-01-16 16:27:24 epoch:0 dataset: 1/17 step: 39/105 time:0.01+1.28 loss_avg:4.4948e-01
INFO: 2024-01-16 16:27:26 epoch:0 dataset: 1/17 step: 40/105 time:0.01+1.29 loss_avg:4.2348e-01
INFO: 2024-01-16 16:27:27 epoch:0 dataset: 1/17 step: 41/105 time:0.01+1.27 loss_avg:4.5580e-01
INFO: 2024-01-16 16:27:28 epoch:0 dataset: 1/17 step: 42/105 time:0.00+1.42 loss_avg:4.6590e-01
INFO: 2024-01-16 16:27:30 epoch:0 dataset: 1/17 step: 43/105 time:0.00+1.28 loss_avg:4.3720e-01
INFO: 2024-01-16 16:27:31 epoch:0 dataset: 1/17 step: 44/105 time:0.01+1.25 loss_avg:4.5345e-01
INFO: 2024-01-16 16:27:32 epoch:0 dataset: 1/17 step: 45/105 time:0.01+1.28 loss_avg:4.6591e-01
INFO: 2024-01-16 16:27:33 epoch:0 dataset: 1/17 step: 46/105 time:0.01+1.23 loss_avg:4.2865e-01
INFO: 2024-01-16 16:27:35 epoch:0 dataset: 1/17 step: 47/105 time:0.00+1.30 loss_avg:4.4838e-01
INFO: 2024-01-16 16:27:36 epoch:0 dataset: 1/17 step: 48/105 time:0.01+1.19 loss_avg:4.4235e-01
INFO: 2024-01-16 16:27:37 epoch:0 dataset: 1/17 step: 49/105 time:0.00+1.30 loss_avg:4.4413e-01
INFO: 2024-01-16 16:27:38 epoch:0 dataset: 1/17 step: 50/105 time:0.00+1.29 loss_avg:3.9818e-01
INFO: 2024-01-16 16:27:40 epoch:0 dataset: 1/17 step: 51/105 time:0.01+1.28 loss_avg:4.0389e-01
INFO: 2024-01-16 16:27:41 epoch:0 dataset: 1/17 step: 52/105 time:0.01+1.29 loss_avg:4.2759e-01
INFO: 2024-01-16 16:27:42 epoch:0 dataset: 1/17 step: 53/105 time:0.01+1.27 loss_avg:4.2666e-01
INFO: 2024-01-16 16:27:44 epoch:0 dataset: 1/17 step: 54/105 time:0.01+1.25 loss_avg:4.4912e-01
INFO: 2024-01-16 16:27:45 epoch:0 dataset: 1/17 step: 55/105 time:0.01+1.28 loss_avg:4.7247e-01
INFO: 2024-01-16 16:27:46 epoch:0 dataset: 1/17 step: 56/105 time:0.01+1.27 loss_avg:4.2294e-01
INFO: 2024-01-16 16:27:47 epoch:0 dataset: 1/17 step: 57/105 time:0.01+1.25 loss_avg:4.1096e-01
INFO: 2024-01-16 16:27:49 epoch:0 dataset: 1/17 step: 58/105 time:0.01+1.26 loss_avg:4.3888e-01
INFO: 2024-01-16 16:27:50 epoch:0 dataset: 1/17 step: 59/105 time:0.01+1.24 loss_avg:4.2368e-01
INFO: 2024-01-16 16:27:51 epoch:0 dataset: 1/17 step: 60/105 time:0.01+1.43 loss_avg:4.4545e-01
INFO: 2024-01-16 16:27:53 epoch:0 dataset: 1/17 step: 61/105 time:0.01+1.31 loss_avg:4.4483e-01
INFO: 2024-01-16 16:27:54 epoch:0 dataset: 1/17 step: 62/105 time:0.00+1.26 loss_avg:4.5030e-01
INFO: 2024-01-16 16:27:55 epoch:0 dataset: 1/17 step: 63/105 time:0.01+1.24 loss_avg:4.6238e-01
INFO: 2024-01-16 16:27:56 epoch:0 dataset: 1/17 step: 64/105 time:0.01+1.28 loss_avg:3.8056e-01
INFO: 2024-01-16 16:27:58 epoch:0 dataset: 1/17 step: 65/105 time:0.01+1.46 loss_avg:4.4562e-01
INFO: 2024-01-16 16:27:59 epoch:0 dataset: 1/17 step: 66/105 time:0.00+1.36 loss_avg:4.2846e-01
INFO: 2024-01-16 16:28:01 epoch:0 dataset: 1/17 step: 67/105 time:0.01+1.29 loss_avg:4.3084e-01
INFO: 2024-01-16 16:28:02 epoch:0 dataset: 1/17 step: 68/105 time:0.01+1.29 loss_avg:4.5281e-01
INFO: 2024-01-16 16:28:03 epoch:0 dataset: 1/17 step: 69/105 time:0.01+1.29 loss_avg:4.2062e-01
INFO: 2024-01-16 16:28:04 epoch:0 dataset: 1/17 step: 70/105 time:0.01+1.25 loss_avg:4.4002e-01
INFO: 2024-01-16 16:28:06 epoch:0 dataset: 1/17 step: 71/105 time:0.00+1.30 loss_avg:4.0148e-01
INFO: 2024-01-16 16:28:07 epoch:0 dataset: 1/17 step: 72/105 time:0.00+1.31 loss_avg:3.8250e-01
INFO: 2024-01-16 16:28:08 epoch:0 dataset: 1/17 step: 73/105 time:0.00+1.27 loss_avg:3.7634e-01
INFO: 2024-01-16 16:28:10 epoch:0 dataset: 1/17 step: 74/105 time:0.01+1.41 loss_avg:4.3167e-01
INFO: 2024-01-16 16:28:11 epoch:0 dataset: 1/17 step: 75/105 time:0.00+1.28 loss_avg:4.2904e-01
INFO: 2024-01-16 16:28:12 epoch:0 dataset: 1/17 step: 76/105 time:0.00+1.28 loss_avg:4.5079e-01
INFO: 2024-01-16 16:28:14 epoch:0 dataset: 1/17 step: 77/105 time:0.00+1.30 loss_avg:3.9224e-01
INFO: 2024-01-16 16:28:15 epoch:0 dataset: 1/17 step: 78/105 time:0.00+1.37 loss_avg:4.1404e-01
INFO: 2024-01-16 16:28:16 epoch:0 dataset: 1/17 step: 79/105 time:0.00+1.29 loss_avg:4.0200e-01
INFO: 2024-01-16 16:28:18 epoch:0 dataset: 1/17 step: 80/105 time:0.00+1.24 loss_avg:4.2593e-01
INFO: 2024-01-16 16:28:19 epoch:0 dataset: 1/17 step: 81/105 time:0.01+1.26 loss_avg:4.3209e-01
INFO: 2024-01-16 16:28:20 epoch:0 dataset: 1/17 step: 82/105 time:0.01+1.30 loss_avg:3.9677e-01
INFO: 2024-01-16 16:28:21 epoch:0 dataset: 1/17 step: 83/105 time:0.00+1.30 loss_avg:4.4288e-01
INFO: 2024-01-16 16:28:23 epoch:0 dataset: 1/17 step: 84/105 time:0.01+1.29 loss_avg:4.2824e-01
INFO: 2024-01-16 16:28:24 epoch:0 dataset: 1/17 step: 85/105 time:0.00+1.37 loss_avg:4.1725e-01
INFO: 2024-01-16 16:28:25 epoch:0 dataset: 1/17 step: 86/105 time:0.01+1.41 loss_avg:4.2664e-01
INFO: 2024-01-16 16:28:27 epoch:0 dataset: 1/17 step: 87/105 time:0.00+1.29 loss_avg:4.1979e-01
INFO: 2024-01-16 16:28:28 epoch:0 dataset: 1/17 step: 88/105 time:0.01+1.28 loss_avg:4.4738e-01
INFO: 2024-01-16 16:28:29 epoch:0 dataset: 1/17 step: 89/105 time:0.00+1.34 loss_avg:4.3900e-01
INFO: 2024-01-16 16:28:31 epoch:0 dataset: 1/17 step: 90/105 time:0.01+1.34 loss_avg:4.2850e-01
INFO: 2024-01-16 16:28:32 epoch:0 dataset: 1/17 step: 91/105 time:0.00+1.27 loss_avg:3.8337e-01
INFO: 2024-01-16 16:28:33 epoch:0 dataset: 1/17 step: 92/105 time:0.01+1.28 loss_avg:4.6437e-01
INFO: 2024-01-16 16:28:35 epoch:0 dataset: 1/17 step: 93/105 time:0.01+1.27 loss_avg:4.2350e-01
INFO: 2024-01-16 16:28:36 epoch:0 dataset: 1/17 step: 94/105 time:0.01+1.25 loss_avg:4.3772e-01
INFO: 2024-01-16 16:28:37 epoch:0 dataset: 1/17 step: 95/105 time:0.01+1.25 loss_avg:4.3894e-01
INFO: 2024-01-16 16:28:38 epoch:0 dataset: 1/17 step: 96/105 time:0.01+1.24 loss_avg:3.5333e-01
INFO: 2024-01-16 16:28:40 epoch:0 dataset: 1/17 step: 97/105 time:0.01+1.25 loss_avg:4.2492e-01
INFO: 2024-01-16 16:28:41 epoch:0 dataset: 1/17 step: 98/105 time:0.01+1.27 loss_avg:4.2378e-01
INFO: 2024-01-16 16:28:42 epoch:0 dataset: 1/17 step: 99/105 time:0.01+1.37 loss_avg:4.2481e-01
INFO: 2024-01-16 16:28:44 epoch:0 dataset: 1/17 step: 100/105 time:0.01+1.27 loss_avg:4.2325e-01
INFO: 2024-01-16 16:28:45 epoch:0 dataset: 1/17 step: 101/105 time:0.01+1.25 loss_avg:4.4169e-01
INFO: 2024-01-16 16:28:46 epoch:0 dataset: 1/17 step: 102/105 time:0.00+1.49 loss_avg:4.1943e-01
INFO: 2024-01-16 16:28:47 epoch:0 dataset: 1/17 step: 103/105 time:0.00+1.23 loss_avg:4.1791e-01
INFO: 2024-01-16 16:28:49 epoch:0 dataset: 1/17 step: 104/105 time:0.00+1.29 loss_avg:4.2064e-01
INFO: Training on data_train_chr15_64.npy complete.
INFO: 2024-01-16 16:28:51 epoch:0 dataset: 2/17 step: 0/159 time:0.44+1.30 loss_avg:4.3947e-01
INFO: 2024-01-16 16:28:52 epoch:0 dataset: 2/17 step: 1/159 time:0.00+1.26 loss_avg:4.3187e-01
INFO: 2024-01-16 16:28:53 epoch:0 dataset: 2/17 step: 2/159 time:0.00+1.28 loss_avg:4.5722e-01
INFO: 2024-01-16 16:28:54 epoch:0 dataset: 2/17 step: 3/159 time:0.00+1.25 loss_avg:4.4539e-01
INFO: 2024-01-16 16:28:56 epoch:0 dataset: 2/17 step: 4/159 time:0.00+1.34 loss_avg:3.6329e-01
INFO: 2024-01-16 16:28:57 epoch:0 dataset: 2/17 step: 5/159 time:0.00+1.30 loss_avg:4.4953e-01
INFO: 2024-01-16 16:28:58 epoch:0 dataset: 2/17 step: 6/159 time:0.00+1.26 loss_avg:4.4105e-01
INFO: 2024-01-16 16:29:00 epoch:0 dataset: 2/17 step: 7/159 time:0.00+1.28 loss_avg:3.8921e-01
INFO: 2024-01-16 16:29:01 epoch:0 dataset: 2/17 step: 8/159 time:0.00+1.20 loss_avg:3.5118e-01
INFO: 2024-01-16 16:29:02 epoch:0 dataset: 2/17 step: 9/159 time:0.00+1.11 loss_avg:4.3537e-01
INFO: 2024-01-16 16:29:03 epoch:0 dataset: 2/17 step: 10/159 time:0.00+1.10 loss_avg:4.2358e-01
INFO: 2024-01-16 16:29:04 epoch:0 dataset: 2/17 step: 11/159 time:0.00+1.13 loss_avg:4.2174e-01
INFO: 2024-01-16 16:29:05 epoch:0 dataset: 2/17 step: 12/159 time:0.00+1.23 loss_avg:4.1236e-01
INFO: 2024-01-16 16:29:06 epoch:0 dataset: 2/17 step: 13/159 time:0.00+1.10 loss_avg:3.8507e-01
INFO: 2024-01-16 16:29:07 epoch:0 dataset: 2/17 step: 14/159 time:0.00+1.10 loss_avg:4.2968e-01
INFO: 2024-01-16 16:29:09 epoch:0 dataset: 2/17 step: 15/159 time:0.00+1.23 loss_avg:4.0670e-01
INFO: 2024-01-16 16:29:10 epoch:0 dataset: 2/17 step: 16/159 time:0.00+1.14 loss_avg:4.2349e-01
INFO: 2024-01-16 16:29:11 epoch:0 dataset: 2/17 step: 17/159 time:0.00+1.30 loss_avg:3.9062e-01
INFO: 2024-01-16 16:29:12 epoch:0 dataset: 2/17 step: 18/159 time:0.00+1.18 loss_avg:4.0543e-01
INFO: 2024-01-16 16:29:13 epoch:0 dataset: 2/17 step: 19/159 time:0.00+1.12 loss_avg:4.5391e-01
INFO: 2024-01-16 16:29:15 epoch:0 dataset: 2/17 step: 20/159 time:0.00+1.11 loss_avg:4.0276e-01
INFO: 2024-01-16 16:29:16 epoch:0 dataset: 2/17 step: 21/159 time:0.00+1.14 loss_avg:4.3248e-01
INFO: 2024-01-16 16:29:17 epoch:0 dataset: 2/17 step: 22/159 time:0.00+1.19 loss_avg:3.7092e-01
INFO: 2024-01-16 16:29:18 epoch:0 dataset: 2/17 step: 23/159 time:0.00+1.26 loss_avg:4.3574e-01
INFO: 2024-01-16 16:29:19 epoch:0 dataset: 2/17 step: 24/159 time:0.00+1.17 loss_avg:4.3033e-01
INFO: 2024-01-16 16:29:20 epoch:0 dataset: 2/17 step: 25/159 time:0.00+1.13 loss_avg:4.2359e-01
INFO: 2024-01-16 16:29:22 epoch:0 dataset: 2/17 step: 26/159 time:0.00+1.12 loss_avg:3.6565e-01
INFO: 2024-01-16 16:29:23 epoch:0 dataset: 2/17 step: 27/159 time:0.00+1.11 loss_avg:3.8983e-01
INFO: 2024-01-16 16:29:24 epoch:0 dataset: 2/17 step: 28/159 time:0.00+1.17 loss_avg:4.3670e-01
INFO: 2024-01-16 16:29:25 epoch:0 dataset: 2/17 step: 29/159 time:0.00+1.11 loss_avg:3.5343e-01
INFO: 2024-01-16 16:29:26 epoch:0 dataset: 2/17 step: 30/159 time:0.00+1.10 loss_avg:3.9910e-01
INFO: 2024-01-16 16:29:27 epoch:0 dataset: 2/17 step: 31/159 time:0.00+1.32 loss_avg:4.5587e-01
INFO: 2024-01-16 16:29:29 epoch:0 dataset: 2/17 step: 32/159 time:0.01+1.28 loss_avg:4.1977e-01
INFO: 2024-01-16 16:29:30 epoch:0 dataset: 2/17 step: 33/159 time:0.01+1.46 loss_avg:4.0646e-01
INFO: 2024-01-16 16:29:31 epoch:0 dataset: 2/17 step: 34/159 time:0.01+1.25 loss_avg:4.0942e-01
INFO: 2024-01-16 16:29:33 epoch:0 dataset: 2/17 step: 35/159 time:0.01+1.31 loss_avg:4.2523e-01
INFO: 2024-01-16 16:29:34 epoch:0 dataset: 2/17 step: 36/159 time:0.01+1.29 loss_avg:4.2687e-01
INFO: 2024-01-16 16:29:35 epoch:0 dataset: 2/17 step: 37/159 time:0.01+1.30 loss_avg:4.4027e-01
INFO: 2024-01-16 16:29:37 epoch:0 dataset: 2/17 step: 38/159 time:0.01+1.27 loss_avg:3.7806e-01
INFO: 2024-01-16 16:29:38 epoch:0 dataset: 2/17 step: 39/159 time:0.01+1.23 loss_avg:4.1838e-01
INFO: 2024-01-16 16:29:39 epoch:0 dataset: 2/17 step: 40/159 time:0.01+1.26 loss_avg:4.3018e-01
INFO: 2024-01-16 16:29:40 epoch:0 dataset: 2/17 step: 41/159 time:0.00+1.24 loss_avg:4.1360e-01
INFO: 2024-01-16 16:29:42 epoch:0 dataset: 2/17 step: 42/159 time:0.01+1.67 loss_avg:4.2381e-01
INFO: 2024-01-16 16:29:43 epoch:0 dataset: 2/17 step: 43/159 time:0.01+1.38 loss_avg:4.2941e-01
INFO: 2024-01-16 16:29:45 epoch:0 dataset: 2/17 step: 44/159 time:0.00+1.47 loss_avg:4.3739e-01
INFO: 2024-01-16 16:29:46 epoch:0 dataset: 2/17 step: 45/159 time:0.00+1.29 loss_avg:4.0688e-01
INFO: 2024-01-16 16:29:48 epoch:0 dataset: 2/17 step: 46/159 time:0.00+1.36 loss_avg:4.2248e-01
INFO: 2024-01-16 16:29:49 epoch:0 dataset: 2/17 step: 47/159 time:0.00+1.39 loss_avg:4.1753e-01
INFO: 2024-01-16 16:29:50 epoch:0 dataset: 2/17 step: 48/159 time:0.00+1.19 loss_avg:4.1377e-01
INFO: 2024-01-16 16:29:51 epoch:0 dataset: 2/17 step: 49/159 time:0.01+1.25 loss_avg:3.8889e-01
INFO: 2024-01-16 16:29:53 epoch:0 dataset: 2/17 step: 50/159 time:0.01+1.29 loss_avg:4.1301e-01
INFO: 2024-01-16 16:29:54 epoch:0 dataset: 2/17 step: 51/159 time:0.00+1.29 loss_avg:4.4489e-01
INFO: 2024-01-16 16:29:55 epoch:0 dataset: 2/17 step: 52/159 time:0.01+1.29 loss_avg:4.0948e-01
INFO: 2024-01-16 16:29:57 epoch:0 dataset: 2/17 step: 53/159 time:0.00+1.25 loss_avg:3.9630e-01
INFO: 2024-01-16 16:29:58 epoch:0 dataset: 2/17 step: 54/159 time:0.00+1.85 loss_avg:4.4161e-01
INFO: 2024-01-16 16:30:00 epoch:0 dataset: 2/17 step: 55/159 time:0.01+1.26 loss_avg:4.0239e-01
INFO: 2024-01-16 16:30:01 epoch:0 dataset: 2/17 step: 56/159 time:0.00+1.39 loss_avg:3.7487e-01
INFO: 2024-01-16 16:30:03 epoch:0 dataset: 2/17 step: 57/159 time:0.00+1.48 loss_avg:4.2692e-01
INFO: 2024-01-16 16:30:04 epoch:0 dataset: 2/17 step: 58/159 time:0.00+1.44 loss_avg:3.9919e-01
INFO: 2024-01-16 16:30:05 epoch:0 dataset: 2/17 step: 59/159 time:0.01+1.25 loss_avg:3.8443e-01
INFO: 2024-01-16 16:30:07 epoch:0 dataset: 2/17 step: 60/159 time:0.01+1.25 loss_avg:4.2731e-01
INFO: 2024-01-16 16:30:08 epoch:0 dataset: 2/17 step: 61/159 time:0.01+1.33 loss_avg:4.2168e-01
INFO: 2024-01-16 16:30:09 epoch:0 dataset: 2/17 step: 62/159 time:0.01+1.37 loss_avg:3.9282e-01
INFO: 2024-01-16 16:30:11 epoch:0 dataset: 2/17 step: 63/159 time:0.00+1.46 loss_avg:3.7843e-01
INFO: 2024-01-16 16:30:12 epoch:0 dataset: 2/17 step: 64/159 time:0.00+1.38 loss_avg:4.4736e-01
INFO: 2024-01-16 16:30:13 epoch:0 dataset: 2/17 step: 65/159 time:0.00+1.26 loss_avg:4.4635e-01
INFO: 2024-01-16 16:30:15 epoch:0 dataset: 2/17 step: 66/159 time:0.00+1.28 loss_avg:4.3313e-01
INFO: 2024-01-16 16:30:16 epoch:0 dataset: 2/17 step: 67/159 time:0.01+1.27 loss_avg:4.2517e-01
INFO: 2024-01-16 16:30:17 epoch:0 dataset: 2/17 step: 68/159 time:0.01+1.26 loss_avg:4.2264e-01
INFO: 2024-01-16 16:30:18 epoch:0 dataset: 2/17 step: 69/159 time:0.00+1.20 loss_avg:4.4834e-01
INFO: 2024-01-16 16:30:20 epoch:0 dataset: 2/17 step: 70/159 time:0.00+1.19 loss_avg:3.4755e-01
INFO: 2024-01-16 16:30:21 epoch:0 dataset: 2/17 step: 71/159 time:0.00+1.30 loss_avg:4.2339e-01
INFO: 2024-01-16 16:30:22 epoch:0 dataset: 2/17 step: 72/159 time:0.01+1.27 loss_avg:4.1195e-01
INFO: 2024-01-16 16:30:24 epoch:0 dataset: 2/17 step: 73/159 time:0.01+1.84 loss_avg:3.7746e-01
INFO: 2024-01-16 16:30:26 epoch:0 dataset: 2/17 step: 74/159 time:0.01+1.88 loss_avg:4.4955e-01
INFO: 2024-01-16 16:30:27 epoch:0 dataset: 2/17 step: 75/159 time:0.01+1.30 loss_avg:4.3038e-01
INFO: 2024-01-16 16:30:28 epoch:0 dataset: 2/17 step: 76/159 time:0.01+1.29 loss_avg:4.4545e-01
INFO: 2024-01-16 16:30:30 epoch:0 dataset: 2/17 step: 77/159 time:0.01+1.26 loss_avg:3.9658e-01
INFO: 2024-01-16 16:30:31 epoch:0 dataset: 2/17 step: 78/159 time:0.01+1.26 loss_avg:4.3845e-01
INFO: 2024-01-16 16:30:32 epoch:0 dataset: 2/17 step: 79/159 time:0.01+1.26 loss_avg:4.0243e-01
INFO: 2024-01-16 16:30:34 epoch:0 dataset: 2/17 step: 80/159 time:0.01+1.26 loss_avg:3.4727e-01
INFO: 2024-01-16 16:30:35 epoch:0 dataset: 2/17 step: 81/159 time:0.01+1.27 loss_avg:4.0283e-01
INFO: 2024-01-16 16:30:36 epoch:0 dataset: 2/17 step: 82/159 time:0.01+1.27 loss_avg:3.7335e-01
INFO: 2024-01-16 16:30:37 epoch:0 dataset: 2/17 step: 83/159 time:0.01+1.26 loss_avg:4.2427e-01
INFO: 2024-01-16 16:30:39 epoch:0 dataset: 2/17 step: 84/159 time:0.01+1.33 loss_avg:4.3333e-01
INFO: 2024-01-16 16:30:40 epoch:0 dataset: 2/17 step: 85/159 time:0.01+1.30 loss_avg:4.2035e-01
INFO: 2024-01-16 16:30:41 epoch:0 dataset: 2/17 step: 86/159 time:0.01+1.29 loss_avg:3.9364e-01
INFO: 2024-01-16 16:30:43 epoch:0 dataset: 2/17 step: 87/159 time:0.00+1.27 loss_avg:4.1615e-01
INFO: 2024-01-16 16:30:44 epoch:0 dataset: 2/17 step: 88/159 time:0.00+1.30 loss_avg:4.0190e-01
INFO: 2024-01-16 16:30:45 epoch:0 dataset: 2/17 step: 89/159 time:0.00+1.43 loss_avg:4.1860e-01
INFO: 2024-01-16 16:30:47 epoch:0 dataset: 2/17 step: 90/159 time:0.00+1.82 loss_avg:3.9754e-01
INFO: 2024-01-16 16:30:48 epoch:0 dataset: 2/17 step: 91/159 time:0.00+1.28 loss_avg:4.0375e-01
INFO: 2024-01-16 16:30:50 epoch:0 dataset: 2/17 step: 92/159 time:0.00+1.27 loss_avg:4.2542e-01
INFO: 2024-01-16 16:30:51 epoch:0 dataset: 2/17 step: 93/159 time:0.00+1.26 loss_avg:4.4755e-01
INFO: 2024-01-16 16:30:52 epoch:0 dataset: 2/17 step: 94/159 time:0.00+1.26 loss_avg:4.2575e-01
INFO: 2024-01-16 16:30:53 epoch:0 dataset: 2/17 step: 95/159 time:0.00+1.24 loss_avg:4.1885e-01
INFO: 2024-01-16 16:30:55 epoch:0 dataset: 2/17 step: 96/159 time:0.00+1.29 loss_avg:4.3265e-01
INFO: 2024-01-16 16:30:56 epoch:0 dataset: 2/17 step: 97/159 time:0.00+1.51 loss_avg:4.2555e-01
INFO: 2024-01-16 16:30:58 epoch:0 dataset: 2/17 step: 98/159 time:0.00+1.30 loss_avg:4.3135e-01
INFO: 2024-01-16 16:30:59 epoch:0 dataset: 2/17 step: 99/159 time:0.00+1.25 loss_avg:4.1292e-01
INFO: 2024-01-16 16:31:00 epoch:0 dataset: 2/17 step: 100/159 time:0.00+1.35 loss_avg:4.0494e-01
INFO: 2024-01-16 16:31:02 epoch:0 dataset: 2/17 step: 101/159 time:0.00+1.99 loss_avg:4.1404e-01
INFO: 2024-01-16 16:31:04 epoch:0 dataset: 2/17 step: 102/159 time:0.00+1.65 loss_avg:4.4439e-01
INFO: 2024-01-16 16:31:05 epoch:0 dataset: 2/17 step: 103/159 time:0.00+1.30 loss_avg:4.4934e-01
INFO: 2024-01-16 16:31:06 epoch:0 dataset: 2/17 step: 104/159 time:0.00+1.23 loss_avg:4.0301e-01
INFO: 2024-01-16 16:31:08 epoch:0 dataset: 2/17 step: 105/159 time:0.00+1.28 loss_avg:4.4388e-01
INFO: 2024-01-16 16:31:09 epoch:0 dataset: 2/17 step: 106/159 time:0.00+1.28 loss_avg:4.1224e-01
INFO: 2024-01-16 16:31:10 epoch:0 dataset: 2/17 step: 107/159 time:0.00+1.39 loss_avg:4.2999e-01
INFO: 2024-01-16 16:31:12 epoch:0 dataset: 2/17 step: 108/159 time:0.00+1.45 loss_avg:4.0092e-01
INFO: 2024-01-16 16:31:13 epoch:0 dataset: 2/17 step: 109/159 time:0.00+1.52 loss_avg:4.2533e-01
INFO: 2024-01-16 16:31:15 epoch:0 dataset: 2/17 step: 110/159 time:0.00+1.27 loss_avg:4.4867e-01
INFO: 2024-01-16 16:31:17 epoch:0 dataset: 2/17 step: 111/159 time:0.00+1.96 loss_avg:3.6643e-01
INFO: 2024-01-16 16:31:18 epoch:0 dataset: 2/17 step: 112/159 time:0.00+1.47 loss_avg:3.9909e-01
INFO: 2024-01-16 16:31:19 epoch:0 dataset: 2/17 step: 113/159 time:0.00+1.26 loss_avg:3.9064e-01
INFO: 2024-01-16 16:31:21 epoch:0 dataset: 2/17 step: 114/159 time:0.00+1.53 loss_avg:4.4825e-01
INFO: 2024-01-16 16:31:22 epoch:0 dataset: 2/17 step: 115/159 time:0.00+1.40 loss_avg:4.2516e-01
INFO: 2024-01-16 16:31:23 epoch:0 dataset: 2/17 step: 116/159 time:0.00+1.26 loss_avg:4.3109e-01
INFO: 2024-01-16 16:31:25 epoch:0 dataset: 2/17 step: 117/159 time:0.00+1.26 loss_avg:4.1536e-01
INFO: 2024-01-16 16:31:26 epoch:0 dataset: 2/17 step: 118/159 time:0.00+1.24 loss_avg:4.2155e-01
INFO: 2024-01-16 16:31:27 epoch:0 dataset: 2/17 step: 119/159 time:0.00+1.34 loss_avg:4.0710e-01
INFO: 2024-01-16 16:31:29 epoch:0 dataset: 2/17 step: 120/159 time:0.00+1.23 loss_avg:4.4407e-01
INFO: 2024-01-16 16:31:30 epoch:0 dataset: 2/17 step: 121/159 time:0.00+1.16 loss_avg:3.6524e-01
INFO: 2024-01-16 16:31:31 epoch:0 dataset: 2/17 step: 122/159 time:0.00+1.25 loss_avg:4.3546e-01
INFO: 2024-01-16 16:31:32 epoch:0 dataset: 2/17 step: 123/159 time:0.00+1.24 loss_avg:4.0357e-01
INFO: 2024-01-16 16:31:34 epoch:0 dataset: 2/17 step: 124/159 time:0.00+1.33 loss_avg:3.4448e-01
INFO: 2024-01-16 16:31:35 epoch:0 dataset: 2/17 step: 125/159 time:0.00+1.26 loss_avg:3.8304e-01
INFO: 2024-01-16 16:31:36 epoch:0 dataset: 2/17 step: 126/159 time:0.00+1.27 loss_avg:4.2817e-01
INFO: 2024-01-16 16:31:37 epoch:0 dataset: 2/17 step: 127/159 time:0.00+1.27 loss_avg:4.4156e-01
INFO: 2024-01-16 16:31:39 epoch:0 dataset: 2/17 step: 128/159 time:0.00+1.19 loss_avg:4.1477e-01
INFO: 2024-01-16 16:31:40 epoch:0 dataset: 2/17 step: 129/159 time:0.00+1.29 loss_avg:4.3722e-01
INFO: 2024-01-16 16:31:41 epoch:0 dataset: 2/17 step: 130/159 time:0.00+1.29 loss_avg:4.2893e-01
INFO: 2024-01-16 16:31:42 epoch:0 dataset: 2/17 step: 131/159 time:0.00+1.29 loss_avg:3.3865e-01
INFO: 2024-01-16 16:31:44 epoch:0 dataset: 2/17 step: 132/159 time:0.00+1.54 loss_avg:4.0855e-01
INFO: 2024-01-16 16:31:45 epoch:0 dataset: 2/17 step: 133/159 time:0.00+1.38 loss_avg:4.1227e-01
INFO: 2024-01-16 16:31:47 epoch:0 dataset: 2/17 step: 134/159 time:0.00+1.28 loss_avg:4.0613e-01
INFO: 2024-01-16 16:31:48 epoch:0 dataset: 2/17 step: 135/159 time:0.00+1.28 loss_avg:4.2378e-01
INFO: 2024-01-16 16:31:49 epoch:0 dataset: 2/17 step: 136/159 time:0.00+1.26 loss_avg:3.7037e-01
INFO: 2024-01-16 16:31:50 epoch:0 dataset: 2/17 step: 137/159 time:0.00+1.27 loss_avg:3.9886e-01
INFO: 2024-01-16 16:31:52 epoch:0 dataset: 2/17 step: 138/159 time:0.00+1.26 loss_avg:4.3397e-01
INFO: 2024-01-16 16:31:53 epoch:0 dataset: 2/17 step: 139/159 time:0.00+1.32 loss_avg:3.6823e-01
INFO: 2024-01-16 16:31:54 epoch:0 dataset: 2/17 step: 140/159 time:0.00+1.26 loss_avg:3.9818e-01
INFO: 2024-01-16 16:31:56 epoch:0 dataset: 2/17 step: 141/159 time:0.00+1.26 loss_avg:4.3603e-01
INFO: 2024-01-16 16:31:57 epoch:0 dataset: 2/17 step: 142/159 time:0.00+1.31 loss_avg:4.1284e-01
INFO: 2024-01-16 16:31:58 epoch:0 dataset: 2/17 step: 143/159 time:0.00+1.26 loss_avg:4.3439e-01
INFO: 2024-01-16 16:31:59 epoch:0 dataset: 2/17 step: 144/159 time:0.00+1.26 loss_avg:4.0809e-01
INFO: 2024-01-16 16:32:01 epoch:0 dataset: 2/17 step: 145/159 time:0.00+1.84 loss_avg:4.2238e-01
INFO: 2024-01-16 16:32:03 epoch:0 dataset: 2/17 step: 146/159 time:0.00+1.62 loss_avg:4.0347e-01
INFO: 2024-01-16 16:32:04 epoch:0 dataset: 2/17 step: 147/159 time:0.01+1.37 loss_avg:4.1627e-01
INFO: 2024-01-16 16:32:06 epoch:0 dataset: 2/17 step: 148/159 time:0.00+1.34 loss_avg:4.4282e-01
INFO: 2024-01-16 16:32:07 epoch:0 dataset: 2/17 step: 149/159 time:0.01+1.33 loss_avg:4.0978e-01
INFO: 2024-01-16 16:32:08 epoch:0 dataset: 2/17 step: 150/159 time:0.00+1.35 loss_avg:4.3381e-01
INFO: 2024-01-16 16:32:10 epoch:0 dataset: 2/17 step: 151/159 time:0.01+1.26 loss_avg:4.3884e-01
INFO: 2024-01-16 16:32:11 epoch:0 dataset: 2/17 step: 152/159 time:0.00+1.27 loss_avg:4.2722e-01
INFO: 2024-01-16 16:32:12 epoch:0 dataset: 2/17 step: 153/159 time:0.00+1.28 loss_avg:4.2608e-01
INFO: 2024-01-16 16:32:13 epoch:0 dataset: 2/17 step: 154/159 time:0.01+1.23 loss_avg:4.1909e-01
INFO: 2024-01-16 16:32:15 epoch:0 dataset: 2/17 step: 155/159 time:0.01+1.27 loss_avg:4.1497e-01
INFO: 2024-01-16 16:32:16 epoch:0 dataset: 2/17 step: 156/159 time:0.01+1.24 loss_avg:3.9064e-01
INFO: 2024-01-16 16:32:17 epoch:0 dataset: 2/17 step: 157/159 time:0.00+1.28 loss_avg:4.2405e-01
INFO: 2024-01-16 16:32:18 epoch:0 dataset: 2/17 step: 158/159 time:0.00+1.27 loss_avg:4.0704e-01
INFO: Training on data_train_chr4_64.npy complete.
INFO: 2024-01-16 16:32:20 epoch:0 dataset: 3/17 step: 0/156 time:0.43+1.66 loss_avg:3.6071e-01
INFO: 2024-01-16 16:32:22 epoch:0 dataset: 3/17 step: 1/156 time:0.00+1.35 loss_avg:3.8943e-01
INFO: 2024-01-16 16:32:23 epoch:0 dataset: 3/17 step: 2/156 time:0.00+1.47 loss_avg:4.1672e-01
INFO: 2024-01-16 16:32:25 epoch:0 dataset: 3/17 step: 3/156 time:0.00+1.41 loss_avg:4.1455e-01
INFO: 2024-01-16 16:32:26 epoch:0 dataset: 3/17 step: 4/156 time:0.00+1.45 loss_avg:2.6450e-01
INFO: 2024-01-16 16:32:27 epoch:0 dataset: 3/17 step: 5/156 time:0.00+1.27 loss_avg:4.0587e-01
INFO: 2024-01-16 16:32:29 epoch:0 dataset: 3/17 step: 6/156 time:0.00+1.27 loss_avg:4.1953e-01
INFO: 2024-01-16 16:32:30 epoch:0 dataset: 3/17 step: 7/156 time:0.00+1.27 loss_avg:3.4628e-01
INFO: 2024-01-16 16:32:31 epoch:0 dataset: 3/17 step: 8/156 time:0.01+1.47 loss_avg:4.2615e-01
INFO: 2024-01-16 16:32:33 epoch:0 dataset: 3/17 step: 9/156 time:0.00+1.53 loss_avg:3.7484e-01
INFO: 2024-01-16 16:32:35 epoch:0 dataset: 3/17 step: 10/156 time:0.00+1.49 loss_avg:4.2449e-01
INFO: 2024-01-16 16:32:36 epoch:0 dataset: 3/17 step: 11/156 time:0.01+1.28 loss_avg:4.3223e-01
INFO: 2024-01-16 16:32:37 epoch:0 dataset: 3/17 step: 12/156 time:0.00+1.35 loss_avg:4.3341e-01
INFO: 2024-01-16 16:32:38 epoch:0 dataset: 3/17 step: 13/156 time:0.00+1.27 loss_avg:3.8035e-01
INFO: 2024-01-16 16:32:40 epoch:0 dataset: 3/17 step: 14/156 time:0.00+1.29 loss_avg:3.4984e-01
INFO: 2024-01-16 16:32:41 epoch:0 dataset: 3/17 step: 15/156 time:0.01+1.27 loss_avg:3.4171e-01
INFO: 2024-01-16 16:32:42 epoch:0 dataset: 3/17 step: 16/156 time:0.00+1.33 loss_avg:3.4994e-01
INFO: 2024-01-16 16:32:44 epoch:0 dataset: 3/17 step: 17/156 time:0.00+1.27 loss_avg:3.5821e-01
INFO: 2024-01-16 16:32:45 epoch:0 dataset: 3/17 step: 18/156 time:0.00+1.28 loss_avg:3.5123e-01
INFO: 2024-01-16 16:32:46 epoch:0 dataset: 3/17 step: 19/156 time:0.00+1.28 loss_avg:3.4392e-01
INFO: 2024-01-16 16:32:48 epoch:0 dataset: 3/17 step: 20/156 time:0.01+1.40 loss_avg:4.2192e-01
INFO: 2024-01-16 16:32:49 epoch:0 dataset: 3/17 step: 21/156 time:0.01+1.37 loss_avg:4.6566e-01
INFO: 2024-01-16 16:32:50 epoch:0 dataset: 3/17 step: 22/156 time:0.00+1.40 loss_avg:2.4850e-01
INFO: 2024-01-16 16:32:52 epoch:0 dataset: 3/17 step: 23/156 time:0.00+1.44 loss_avg:3.4644e-01
INFO: 2024-01-16 16:32:53 epoch:0 dataset: 3/17 step: 24/156 time:0.00+1.38 loss_avg:3.6065e-01
INFO: 2024-01-16 16:32:54 epoch:0 dataset: 3/17 step: 25/156 time:0.00+1.27 loss_avg:3.8216e-01
INFO: 2024-01-16 16:32:56 epoch:0 dataset: 3/17 step: 26/156 time:0.01+1.23 loss_avg:3.3293e-01
INFO: 2024-01-16 16:32:57 epoch:0 dataset: 3/17 step: 27/156 time:0.00+1.27 loss_avg:3.7200e-01
INFO: 2024-01-16 16:32:58 epoch:0 dataset: 3/17 step: 28/156 time:0.01+1.28 loss_avg:3.4269e-01
INFO: 2024-01-16 16:33:00 epoch:0 dataset: 3/17 step: 29/156 time:0.00+1.29 loss_avg:3.9537e-01
INFO: 2024-01-16 16:33:01 epoch:0 dataset: 3/17 step: 30/156 time:0.00+1.27 loss_avg:3.9396e-01
INFO: 2024-01-16 16:33:02 epoch:0 dataset: 3/17 step: 31/156 time:0.00+1.24 loss_avg:3.6170e-01
INFO: 2024-01-16 16:33:03 epoch:0 dataset: 3/17 step: 32/156 time:0.00+1.33 loss_avg:4.1446e-01
INFO: 2024-01-16 16:33:05 epoch:0 dataset: 3/17 step: 33/156 time:0.00+1.26 loss_avg:3.0970e-01
INFO: 2024-01-16 16:33:06 epoch:0 dataset: 3/17 step: 34/156 time:0.00+1.33 loss_avg:3.7601e-01
INFO: 2024-01-16 16:33:07 epoch:0 dataset: 3/17 step: 35/156 time:0.00+1.30 loss_avg:4.0376e-01
INFO: 2024-01-16 16:33:09 epoch:0 dataset: 3/17 step: 36/156 time:0.01+1.47 loss_avg:4.1251e-01
INFO: 2024-01-16 16:33:10 epoch:0 dataset: 3/17 step: 37/156 time:0.00+1.30 loss_avg:4.0761e-01
INFO: 2024-01-16 16:33:12 epoch:0 dataset: 3/17 step: 38/156 time:0.00+1.45 loss_avg:3.8565e-01
INFO: 2024-01-16 16:33:13 epoch:0 dataset: 3/17 step: 39/156 time:0.00+1.31 loss_avg:4.0726e-01
INFO: 2024-01-16 16:33:14 epoch:0 dataset: 3/17 step: 40/156 time:0.00+1.39 loss_avg:4.1607e-01
INFO: 2024-01-16 16:33:16 epoch:0 dataset: 3/17 step: 41/156 time:0.00+1.26 loss_avg:4.3686e-01
INFO: 2024-01-16 16:33:17 epoch:0 dataset: 3/17 step: 42/156 time:0.01+1.30 loss_avg:4.6234e-01
INFO: 2024-01-16 16:33:18 epoch:0 dataset: 3/17 step: 43/156 time:0.00+1.29 loss_avg:3.0419e-01
INFO: 2024-01-16 16:33:19 epoch:0 dataset: 3/17 step: 44/156 time:0.00+1.33 loss_avg:3.8655e-01
INFO: 2024-01-16 16:33:21 epoch:0 dataset: 3/17 step: 45/156 time:0.00+1.30 loss_avg:3.4435e-01
INFO: 2024-01-16 16:33:22 epoch:0 dataset: 3/17 step: 46/156 time:0.01+1.31 loss_avg:3.4860e-01
INFO: 2024-01-16 16:33:23 epoch:0 dataset: 3/17 step: 47/156 time:0.01+1.29 loss_avg:3.3824e-01
INFO: 2024-01-16 16:33:25 epoch:0 dataset: 3/17 step: 48/156 time:0.00+1.28 loss_avg:4.0804e-01
INFO: 2024-01-16 16:33:26 epoch:0 dataset: 3/17 step: 49/156 time:0.00+1.25 loss_avg:3.2028e-01
INFO: 2024-01-16 16:33:27 epoch:0 dataset: 3/17 step: 50/156 time:0.00+1.30 loss_avg:3.5895e-01
INFO: 2024-01-16 16:33:28 epoch:0 dataset: 3/17 step: 51/156 time:0.00+1.27 loss_avg:3.1620e-01
INFO: 2024-01-16 16:33:30 epoch:0 dataset: 3/17 step: 52/156 time:0.00+1.24 loss_avg:3.9814e-01
INFO: 2024-01-16 16:33:31 epoch:0 dataset: 3/17 step: 53/156 time:0.01+1.26 loss_avg:4.0078e-01
INFO: 2024-01-16 16:33:33 epoch:0 dataset: 3/17 step: 54/156 time:0.00+1.68 loss_avg:4.0680e-01
INFO: 2024-01-16 16:33:35 epoch:0 dataset: 3/17 step: 55/156 time:0.00+1.98 loss_avg:3.6052e-01
INFO: 2024-01-16 16:33:36 epoch:0 dataset: 3/17 step: 56/156 time:0.00+1.80 loss_avg:3.8308e-01
INFO: 2024-01-16 16:33:38 epoch:0 dataset: 3/17 step: 57/156 time:0.00+1.28 loss_avg:4.0128e-01
INFO: 2024-01-16 16:33:39 epoch:0 dataset: 3/17 step: 58/156 time:0.00+1.28 loss_avg:3.9064e-01
INFO: 2024-01-16 16:33:40 epoch:0 dataset: 3/17 step: 59/156 time:0.01+1.29 loss_avg:3.7773e-01
INFO: 2024-01-16 16:33:42 epoch:0 dataset: 3/17 step: 60/156 time:0.00+1.26 loss_avg:2.9205e-01
INFO: 2024-01-16 16:33:43 epoch:0 dataset: 3/17 step: 61/156 time:0.00+1.34 loss_avg:3.7094e-01
INFO: 2024-01-16 16:33:44 epoch:0 dataset: 3/17 step: 62/156 time:0.00+1.32 loss_avg:2.3623e-01
INFO: 2024-01-16 16:33:45 epoch:0 dataset: 3/17 step: 63/156 time:0.00+1.21 loss_avg:3.7591e-01
INFO: 2024-01-16 16:33:47 epoch:0 dataset: 3/17 step: 64/156 time:0.01+1.46 loss_avg:4.0361e-01
INFO: 2024-01-16 16:33:48 epoch:0 dataset: 3/17 step: 65/156 time:0.00+1.35 loss_avg:3.6467e-01
INFO: 2024-01-16 16:33:50 epoch:0 dataset: 3/17 step: 66/156 time:0.00+1.27 loss_avg:3.9044e-01
INFO: 2024-01-16 16:33:51 epoch:0 dataset: 3/17 step: 67/156 time:0.00+1.26 loss_avg:4.1919e-01
INFO: 2024-01-16 16:33:52 epoch:0 dataset: 3/17 step: 68/156 time:0.00+1.30 loss_avg:3.7343e-01
INFO: 2024-01-16 16:33:53 epoch:0 dataset: 3/17 step: 69/156 time:0.00+1.27 loss_avg:4.2556e-01
INFO: 2024-01-16 16:33:55 epoch:0 dataset: 3/17 step: 70/156 time:0.00+1.37 loss_avg:3.1813e-01
INFO: 2024-01-16 16:33:56 epoch:0 dataset: 3/17 step: 71/156 time:0.00+1.32 loss_avg:4.0124e-01
INFO: 2024-01-16 16:33:58 epoch:0 dataset: 3/17 step: 72/156 time:0.00+1.41 loss_avg:2.9268e-01
INFO: 2024-01-16 16:33:59 epoch:0 dataset: 3/17 step: 73/156 time:0.00+1.36 loss_avg:3.1094e-01
INFO: 2024-01-16 16:34:00 epoch:0 dataset: 3/17 step: 74/156 time:0.00+1.59 loss_avg:3.7037e-01
INFO: 2024-01-16 16:34:02 epoch:0 dataset: 3/17 step: 75/156 time:0.00+1.93 loss_avg:4.0835e-01
INFO: 2024-01-16 16:34:04 epoch:0 dataset: 3/17 step: 76/156 time:0.00+1.93 loss_avg:3.2314e-01
INFO: 2024-01-16 16:34:06 epoch:0 dataset: 3/17 step: 77/156 time:0.00+1.92 loss_avg:4.5138e-01
INFO: 2024-01-16 16:34:08 epoch:0 dataset: 3/17 step: 78/156 time:0.00+1.94 loss_avg:3.1084e-01
INFO: 2024-01-16 16:34:10 epoch:0 dataset: 3/17 step: 79/156 time:0.00+1.52 loss_avg:3.1750e-01
INFO: 2024-01-16 16:34:11 epoch:0 dataset: 3/17 step: 80/156 time:0.00+1.28 loss_avg:4.0794e-01
INFO: 2024-01-16 16:34:12 epoch:0 dataset: 3/17 step: 81/156 time:0.00+1.30 loss_avg:3.8625e-01
INFO: 2024-01-16 16:34:14 epoch:0 dataset: 3/17 step: 82/156 time:0.00+1.30 loss_avg:3.8356e-01
INFO: 2024-01-16 16:34:15 epoch:0 dataset: 3/17 step: 83/156 time:0.00+1.28 loss_avg:3.6200e-01
INFO: 2024-01-16 16:34:16 epoch:0 dataset: 3/17 step: 84/156 time:0.00+1.20 loss_avg:4.0279e-01
INFO: 2024-01-16 16:34:17 epoch:0 dataset: 3/17 step: 85/156 time:0.00+1.32 loss_avg:4.3009e-01
INFO: 2024-01-16 16:34:19 epoch:0 dataset: 3/17 step: 86/156 time:0.00+1.41 loss_avg:3.8948e-01
INFO: 2024-01-16 16:34:20 epoch:0 dataset: 3/17 step: 87/156 time:0.00+1.27 loss_avg:3.6253e-01
INFO: 2024-01-16 16:34:21 epoch:0 dataset: 3/17 step: 88/156 time:0.00+1.29 loss_avg:4.0713e-01
INFO: 2024-01-16 16:34:23 epoch:0 dataset: 3/17 step: 89/156 time:0.00+1.62 loss_avg:3.3883e-01
INFO: 2024-01-16 16:34:25 epoch:0 dataset: 3/17 step: 90/156 time:0.00+1.96 loss_avg:3.9936e-01
INFO: 2024-01-16 16:34:27 epoch:0 dataset: 3/17 step: 91/156 time:0.00+1.97 loss_avg:3.0505e-01
INFO: 2024-01-16 16:34:28 epoch:0 dataset: 3/17 step: 92/156 time:0.00+1.50 loss_avg:3.6563e-01
INFO: 2024-01-16 16:34:30 epoch:0 dataset: 3/17 step: 93/156 time:0.00+1.28 loss_avg:3.3071e-01
INFO: 2024-01-16 16:34:31 epoch:0 dataset: 3/17 step: 94/156 time:0.00+1.32 loss_avg:3.7337e-01
INFO: 2024-01-16 16:34:32 epoch:0 dataset: 3/17 step: 95/156 time:0.00+1.27 loss_avg:4.0604e-01
INFO: 2024-01-16 16:34:34 epoch:0 dataset: 3/17 step: 96/156 time:0.00+1.31 loss_avg:4.2927e-01
INFO: 2024-01-16 16:34:35 epoch:0 dataset: 3/17 step: 97/156 time:0.00+1.24 loss_avg:4.3571e-01
INFO: 2024-01-16 16:34:36 epoch:0 dataset: 3/17 step: 98/156 time:0.00+1.27 loss_avg:3.2798e-01
INFO: 2024-01-16 16:34:37 epoch:0 dataset: 3/17 step: 99/156 time:0.00+1.32 loss_avg:3.4183e-01
INFO: 2024-01-16 16:34:39 epoch:0 dataset: 3/17 step: 100/156 time:0.00+1.59 loss_avg:3.5258e-01
INFO: 2024-01-16 16:34:40 epoch:0 dataset: 3/17 step: 101/156 time:0.00+1.35 loss_avg:3.5821e-01
INFO: 2024-01-16 16:34:42 epoch:0 dataset: 3/17 step: 102/156 time:0.00+1.30 loss_avg:3.7320e-01
INFO: 2024-01-16 16:34:43 epoch:0 dataset: 3/17 step: 103/156 time:0.00+1.42 loss_avg:3.4192e-01
INFO: 2024-01-16 16:34:44 epoch:0 dataset: 3/17 step: 104/156 time:0.00+1.27 loss_avg:4.1659e-01
INFO: 2024-01-16 16:34:46 epoch:0 dataset: 3/17 step: 105/156 time:0.00+1.26 loss_avg:3.9062e-01
INFO: 2024-01-16 16:34:47 epoch:0 dataset: 3/17 step: 106/156 time:0.00+1.26 loss_avg:3.9102e-01
INFO: 2024-01-16 16:34:48 epoch:0 dataset: 3/17 step: 107/156 time:0.00+1.25 loss_avg:3.7577e-01
INFO: 2024-01-16 16:34:49 epoch:0 dataset: 3/17 step: 108/156 time:0.00+1.29 loss_avg:3.6845e-01
INFO: 2024-01-16 16:34:51 epoch:0 dataset: 3/17 step: 109/156 time:0.00+1.29 loss_avg:3.9838e-01
INFO: 2024-01-16 16:34:52 epoch:0 dataset: 3/17 step: 110/156 time:0.00+1.26 loss_avg:4.1505e-01
INFO: 2024-01-16 16:34:53 epoch:0 dataset: 3/17 step: 111/156 time:0.00+1.30 loss_avg:4.3849e-01
INFO: 2024-01-16 16:34:55 epoch:0 dataset: 3/17 step: 112/156 time:0.00+1.25 loss_avg:3.8063e-01
INFO: 2024-01-16 16:34:56 epoch:0 dataset: 3/17 step: 113/156 time:0.00+1.56 loss_avg:3.3111e-01
INFO: 2024-01-16 16:34:57 epoch:0 dataset: 3/17 step: 114/156 time:0.00+1.35 loss_avg:3.9665e-01
INFO: 2024-01-16 16:34:59 epoch:0 dataset: 3/17 step: 115/156 time:0.00+1.27 loss_avg:3.6857e-01
INFO: 2024-01-16 16:35:00 epoch:0 dataset: 3/17 step: 116/156 time:0.00+1.28 loss_avg:4.0508e-01
INFO: 2024-01-16 16:35:01 epoch:0 dataset: 3/17 step: 117/156 time:0.00+1.36 loss_avg:4.2465e-01
INFO: 2024-01-16 16:35:03 epoch:0 dataset: 3/17 step: 118/156 time:0.00+1.29 loss_avg:4.2531e-01
INFO: 2024-01-16 16:35:04 epoch:0 dataset: 3/17 step: 119/156 time:0.00+1.45 loss_avg:4.1884e-01
INFO: 2024-01-16 16:35:06 epoch:0 dataset: 3/17 step: 120/156 time:0.00+1.88 loss_avg:3.6894e-01
INFO: 2024-01-16 16:35:07 epoch:0 dataset: 3/17 step: 121/156 time:0.00+1.26 loss_avg:3.7941e-01
INFO: 2024-01-16 16:35:09 epoch:0 dataset: 3/17 step: 122/156 time:0.00+1.46 loss_avg:4.2141e-01
INFO: 2024-01-16 16:35:10 epoch:0 dataset: 3/17 step: 123/156 time:0.00+1.32 loss_avg:4.2684e-01
INFO: 2024-01-16 16:35:11 epoch:0 dataset: 3/17 step: 124/156 time:0.00+1.33 loss_avg:4.0159e-01
INFO: 2024-01-16 16:35:13 epoch:0 dataset: 3/17 step: 125/156 time:0.00+1.30 loss_avg:3.6738e-01
INFO: 2024-01-16 16:35:14 epoch:0 dataset: 3/17 step: 126/156 time:0.00+1.27 loss_avg:3.8794e-01
INFO: 2024-01-16 16:35:15 epoch:0 dataset: 3/17 step: 127/156 time:0.00+1.27 loss_avg:4.1519e-01
INFO: 2024-01-16 16:35:17 epoch:0 dataset: 3/17 step: 128/156 time:0.00+1.25 loss_avg:4.1993e-01
INFO: 2024-01-16 16:35:18 epoch:0 dataset: 3/17 step: 129/156 time:0.00+1.27 loss_avg:3.6638e-01
INFO: 2024-01-16 16:35:19 epoch:0 dataset: 3/17 step: 130/156 time:0.00+1.37 loss_avg:3.6494e-01
INFO: 2024-01-16 16:35:20 epoch:0 dataset: 3/17 step: 131/156 time:0.00+1.30 loss_avg:3.6468e-01
INFO: 2024-01-16 16:35:22 epoch:0 dataset: 3/17 step: 132/156 time:0.00+1.80 loss_avg:2.3448e-01
INFO: 2024-01-16 16:35:24 epoch:0 dataset: 3/17 step: 133/156 time:0.00+1.44 loss_avg:3.8912e-01
INFO: 2024-01-16 16:35:25 epoch:0 dataset: 3/17 step: 134/156 time:0.00+1.44 loss_avg:3.4502e-01
INFO: 2024-01-16 16:35:26 epoch:0 dataset: 3/17 step: 135/156 time:0.00+1.27 loss_avg:3.4573e-01
INFO: 2024-01-16 16:35:28 epoch:0 dataset: 3/17 step: 136/156 time:0.00+1.22 loss_avg:3.9635e-01
INFO: 2024-01-16 16:35:29 epoch:0 dataset: 3/17 step: 137/156 time:0.00+1.29 loss_avg:3.9054e-01
INFO: 2024-01-16 16:35:30 epoch:0 dataset: 3/17 step: 138/156 time:0.00+1.24 loss_avg:3.8763e-01
INFO: 2024-01-16 16:35:31 epoch:0 dataset: 3/17 step: 139/156 time:0.00+1.27 loss_avg:3.8500e-01
INFO: 2024-01-16 16:35:33 epoch:0 dataset: 3/17 step: 140/156 time:0.00+1.37 loss_avg:3.6102e-01
INFO: 2024-01-16 16:35:34 epoch:0 dataset: 3/17 step: 141/156 time:0.00+1.29 loss_avg:3.7107e-01
INFO: 2024-01-16 16:35:36 epoch:0 dataset: 3/17 step: 142/156 time:0.00+1.46 loss_avg:3.8485e-01
INFO: 2024-01-16 16:35:37 epoch:0 dataset: 3/17 step: 143/156 time:0.00+1.26 loss_avg:4.2131e-01
INFO: 2024-01-16 16:35:38 epoch:0 dataset: 3/17 step: 144/156 time:0.00+1.27 loss_avg:3.4582e-01
INFO: 2024-01-16 16:35:39 epoch:0 dataset: 3/17 step: 145/156 time:0.00+1.29 loss_avg:3.2812e-01
INFO: 2024-01-16 16:35:41 epoch:0 dataset: 3/17 step: 146/156 time:0.00+1.24 loss_avg:4.2290e-01
INFO: 2024-01-16 16:35:42 epoch:0 dataset: 3/17 step: 147/156 time:0.00+1.27 loss_avg:3.4848e-01
INFO: 2024-01-16 16:35:43 epoch:0 dataset: 3/17 step: 148/156 time:0.00+1.26 loss_avg:4.3750e-01
INFO: 2024-01-16 16:35:45 epoch:0 dataset: 3/17 step: 149/156 time:0.00+1.38 loss_avg:3.8960e-01
INFO: 2024-01-16 16:35:46 epoch:0 dataset: 3/17 step: 150/156 time:0.00+1.47 loss_avg:4.1524e-01
INFO: 2024-01-16 16:35:48 epoch:0 dataset: 3/17 step: 151/156 time:0.00+1.51 loss_avg:4.5695e-01
INFO: 2024-01-16 16:35:49 epoch:0 dataset: 3/17 step: 152/156 time:0.00+1.49 loss_avg:4.0758e-01
INFO: 2024-01-16 16:35:50 epoch:0 dataset: 3/17 step: 153/156 time:0.00+1.32 loss_avg:4.2338e-01
INFO: 2024-01-16 16:35:52 epoch:0 dataset: 3/17 step: 154/156 time:0.00+1.40 loss_avg:3.9010e-01
INFO: 2024-01-16 16:35:53 epoch:0 dataset: 3/17 step: 155/156 time:0.00+1.40 loss_avg:3.6234e-01
INFO: Training on data_train_chr7_64.npy complete.
INFO: 2024-01-16 16:35:55 epoch:0 dataset: 4/17 step: 0/99 time:0.37+1.49 loss_avg:4.2290e-01
INFO: 2024-01-16 16:35:56 epoch:0 dataset: 4/17 step: 1/99 time:0.00+1.45 loss_avg:4.3475e-01
INFO: 2024-01-16 16:35:58 epoch:0 dataset: 4/17 step: 2/99 time:0.00+1.46 loss_avg:4.4234e-01
INFO: 2024-01-16 16:36:00 epoch:0 dataset: 4/17 step: 3/99 time:0.00+1.57 loss_avg:4.1721e-01
INFO: 2024-01-16 16:36:01 epoch:0 dataset: 4/17 step: 4/99 time:0.00+1.48 loss_avg:4.1314e-01
INFO: 2024-01-16 16:36:02 epoch:0 dataset: 4/17 step: 5/99 time:0.00+1.37 loss_avg:3.9150e-01
INFO: 2024-01-16 16:36:04 epoch:0 dataset: 4/17 step: 6/99 time:0.00+1.93 loss_avg:3.6891e-01
INFO: 2024-01-16 16:36:06 epoch:0 dataset: 4/17 step: 7/99 time:0.00+1.39 loss_avg:3.7127e-01
INFO: 2024-01-16 16:36:07 epoch:0 dataset: 4/17 step: 8/99 time:0.00+1.29 loss_avg:4.3477e-01
INFO: 2024-01-16 16:36:08 epoch:0 dataset: 4/17 step: 9/99 time:0.00+1.37 loss_avg:4.3223e-01
INFO: 2024-01-16 16:36:10 epoch:0 dataset: 4/17 step: 10/99 time:0.00+1.44 loss_avg:4.0600e-01
INFO: 2024-01-16 16:36:11 epoch:0 dataset: 4/17 step: 11/99 time:0.01+1.43 loss_avg:3.6655e-01
INFO: 2024-01-16 16:36:13 epoch:0 dataset: 4/17 step: 12/99 time:0.00+1.43 loss_avg:4.1946e-01
INFO: 2024-01-16 16:36:14 epoch:0 dataset: 4/17 step: 13/99 time:0.00+1.77 loss_avg:4.1396e-01
INFO: 2024-01-16 16:36:17 epoch:0 dataset: 4/17 step: 14/99 time:0.00+2.06 loss_avg:4.1512e-01
INFO: 2024-01-16 16:36:18 epoch:0 dataset: 4/17 step: 15/99 time:0.00+1.81 loss_avg:3.4261e-01
INFO: 2024-01-16 16:36:20 epoch:0 dataset: 4/17 step: 16/99 time:0.00+1.39 loss_avg:4.0497e-01
INFO: 2024-01-16 16:36:21 epoch:0 dataset: 4/17 step: 17/99 time:0.00+1.43 loss_avg:3.9514e-01
INFO: 2024-01-16 16:36:23 epoch:0 dataset: 4/17 step: 18/99 time:0.00+1.46 loss_avg:3.6705e-01
INFO: 2024-01-16 16:36:24 epoch:0 dataset: 4/17 step: 19/99 time:0.00+1.32 loss_avg:4.2254e-01
INFO: 2024-01-16 16:36:25 epoch:0 dataset: 4/17 step: 20/99 time:0.00+1.40 loss_avg:4.1361e-01
INFO: 2024-01-16 16:36:27 epoch:0 dataset: 4/17 step: 21/99 time:0.00+1.26 loss_avg:4.0522e-01
INFO: 2024-01-16 16:36:28 epoch:0 dataset: 4/17 step: 22/99 time:0.00+1.31 loss_avg:4.0355e-01
INFO: 2024-01-16 16:36:29 epoch:0 dataset: 4/17 step: 23/99 time:0.00+1.48 loss_avg:3.7590e-01
INFO: 2024-01-16 16:36:31 epoch:0 dataset: 4/17 step: 24/99 time:0.00+1.51 loss_avg:4.0670e-01
INFO: 2024-01-16 16:36:32 epoch:0 dataset: 4/17 step: 25/99 time:0.00+1.32 loss_avg:4.2451e-01
INFO: 2024-01-16 16:36:33 epoch:0 dataset: 4/17 step: 26/99 time:0.00+1.26 loss_avg:3.9110e-01
INFO: 2024-01-16 16:36:35 epoch:0 dataset: 4/17 step: 27/99 time:0.00+1.24 loss_avg:4.0401e-01
INFO: 2024-01-16 16:36:36 epoch:0 dataset: 4/17 step: 28/99 time:0.00+1.21 loss_avg:4.1552e-01
INFO: 2024-01-16 16:36:37 epoch:0 dataset: 4/17 step: 29/99 time:0.00+1.50 loss_avg:3.9067e-01
INFO: 2024-01-16 16:36:39 epoch:0 dataset: 4/17 step: 30/99 time:0.00+1.24 loss_avg:4.1336e-01
INFO: 2024-01-16 16:36:40 epoch:0 dataset: 4/17 step: 31/99 time:0.00+1.25 loss_avg:3.0942e-01
INFO: 2024-01-16 16:36:41 epoch:0 dataset: 4/17 step: 32/99 time:0.00+1.22 loss_avg:4.0505e-01
INFO: 2024-01-16 16:36:42 epoch:0 dataset: 4/17 step: 33/99 time:0.00+1.22 loss_avg:4.1586e-01
INFO: 2024-01-16 16:36:44 epoch:0 dataset: 4/17 step: 34/99 time:0.00+1.24 loss_avg:4.1974e-01
INFO: 2024-01-16 16:36:45 epoch:0 dataset: 4/17 step: 35/99 time:0.00+1.20 loss_avg:3.8240e-01
INFO: 2024-01-16 16:36:46 epoch:0 dataset: 4/17 step: 36/99 time:0.00+1.41 loss_avg:3.7241e-01
INFO: 2024-01-16 16:36:48 epoch:0 dataset: 4/17 step: 37/99 time:0.00+1.75 loss_avg:3.9807e-01
INFO: 2024-01-16 16:36:50 epoch:0 dataset: 4/17 step: 38/99 time:0.00+1.76 loss_avg:4.1542e-01
INFO: 2024-01-16 16:36:51 epoch:0 dataset: 4/17 step: 39/99 time:0.00+1.28 loss_avg:4.3097e-01
INFO: 2024-01-16 16:36:52 epoch:0 dataset: 4/17 step: 40/99 time:0.00+1.25 loss_avg:4.2281e-01
INFO: 2024-01-16 16:36:54 epoch:0 dataset: 4/17 step: 41/99 time:0.00+1.25 loss_avg:3.9956e-01
INFO: 2024-01-16 16:36:55 epoch:0 dataset: 4/17 step: 42/99 time:0.00+1.24 loss_avg:4.1927e-01
INFO: 2024-01-16 16:36:56 epoch:0 dataset: 4/17 step: 43/99 time:0.00+1.24 loss_avg:4.1901e-01
INFO: 2024-01-16 16:36:57 epoch:0 dataset: 4/17 step: 44/99 time:0.00+1.35 loss_avg:3.9855e-01
INFO: 2024-01-16 16:36:59 epoch:0 dataset: 4/17 step: 45/99 time:0.00+1.27 loss_avg:4.0108e-01
INFO: 2024-01-16 16:37:00 epoch:0 dataset: 4/17 step: 46/99 time:0.00+1.28 loss_avg:3.9505e-01
INFO: 2024-01-16 16:37:01 epoch:0 dataset: 4/17 step: 47/99 time:0.00+1.32 loss_avg:3.8953e-01
INFO: 2024-01-16 16:37:03 epoch:0 dataset: 4/17 step: 48/99 time:0.00+1.31 loss_avg:4.2001e-01
INFO: 2024-01-16 16:37:04 epoch:0 dataset: 4/17 step: 49/99 time:0.00+1.32 loss_avg:4.0397e-01
INFO: 2024-01-16 16:37:05 epoch:0 dataset: 4/17 step: 50/99 time:0.00+1.27 loss_avg:4.0439e-01
INFO: 2024-01-16 16:37:06 epoch:0 dataset: 4/17 step: 51/99 time:0.00+1.23 loss_avg:4.1810e-01
INFO: 2024-01-16 16:37:08 epoch:0 dataset: 4/17 step: 52/99 time:0.00+1.24 loss_avg:3.9290e-01
INFO: 2024-01-16 16:37:09 epoch:0 dataset: 4/17 step: 53/99 time:0.00+1.24 loss_avg:4.3058e-01
INFO: 2024-01-16 16:37:10 epoch:0 dataset: 4/17 step: 54/99 time:0.00+1.31 loss_avg:4.1188e-01
INFO: 2024-01-16 16:37:12 epoch:0 dataset: 4/17 step: 55/99 time:0.00+1.36 loss_avg:4.1948e-01
INFO: 2024-01-16 16:37:13 epoch:0 dataset: 4/17 step: 56/99 time:0.00+1.25 loss_avg:4.0331e-01
INFO: 2024-01-16 16:37:14 epoch:0 dataset: 4/17 step: 57/99 time:0.00+1.27 loss_avg:4.0843e-01
INFO: 2024-01-16 16:37:15 epoch:0 dataset: 4/17 step: 58/99 time:0.00+1.46 loss_avg:4.0707e-01
INFO: 2024-01-16 16:37:17 epoch:0 dataset: 4/17 step: 59/99 time:0.00+1.50 loss_avg:3.9014e-01
INFO: 2024-01-16 16:37:19 epoch:0 dataset: 4/17 step: 60/99 time:0.01+1.61 loss_avg:4.2678e-01
INFO: 2024-01-16 16:37:20 epoch:0 dataset: 4/17 step: 61/99 time:0.00+1.30 loss_avg:3.5758e-01
INFO: 2024-01-16 16:37:22 epoch:0 dataset: 4/17 step: 62/99 time:0.00+1.59 loss_avg:3.7441e-01
INFO: 2024-01-16 16:37:23 epoch:0 dataset: 4/17 step: 63/99 time:0.00+1.28 loss_avg:3.9903e-01
INFO: 2024-01-16 16:37:24 epoch:0 dataset: 4/17 step: 64/99 time:0.00+1.28 loss_avg:4.2834e-01
INFO: 2024-01-16 16:37:25 epoch:0 dataset: 4/17 step: 65/99 time:0.00+1.30 loss_avg:4.2636e-01
INFO: 2024-01-16 16:37:27 epoch:0 dataset: 4/17 step: 66/99 time:0.00+1.45 loss_avg:4.0319e-01
INFO: 2024-01-16 16:37:28 epoch:0 dataset: 4/17 step: 67/99 time:0.00+1.21 loss_avg:3.9282e-01
INFO: 2024-01-16 16:37:29 epoch:0 dataset: 4/17 step: 68/99 time:0.00+1.23 loss_avg:4.1004e-01
INFO: 2024-01-16 16:37:31 epoch:0 dataset: 4/17 step: 69/99 time:0.00+1.23 loss_avg:4.0160e-01
INFO: 2024-01-16 16:37:32 epoch:0 dataset: 4/17 step: 70/99 time:0.00+1.24 loss_avg:3.5635e-01
INFO: 2024-01-16 16:37:33 epoch:0 dataset: 4/17 step: 71/99 time:0.00+1.26 loss_avg:4.1383e-01
INFO: 2024-01-16 16:37:34 epoch:0 dataset: 4/17 step: 72/99 time:0.00+1.26 loss_avg:4.3588e-01
INFO: 2024-01-16 16:37:36 epoch:0 dataset: 4/17 step: 73/99 time:0.00+1.26 loss_avg:3.8575e-01
INFO: 2024-01-16 16:37:37 epoch:0 dataset: 4/17 step: 74/99 time:0.00+1.40 loss_avg:4.0760e-01
INFO: 2024-01-16 16:37:38 epoch:0 dataset: 4/17 step: 75/99 time:0.00+1.27 loss_avg:3.7731e-01
INFO: 2024-01-16 16:37:40 epoch:0 dataset: 4/17 step: 76/99 time:0.00+1.44 loss_avg:3.7684e-01
INFO: 2024-01-16 16:37:41 epoch:0 dataset: 4/17 step: 77/99 time:0.00+1.45 loss_avg:3.8692e-01
INFO: 2024-01-16 16:37:43 epoch:0 dataset: 4/17 step: 78/99 time:0.00+1.52 loss_avg:4.1064e-01
INFO: 2024-01-16 16:37:44 epoch:0 dataset: 4/17 step: 79/99 time:0.00+1.78 loss_avg:4.3319e-01
INFO: 2024-01-16 16:37:46 epoch:0 dataset: 4/17 step: 80/99 time:0.00+1.27 loss_avg:3.6546e-01
INFO: 2024-01-16 16:37:47 epoch:0 dataset: 4/17 step: 81/99 time:0.00+1.23 loss_avg:4.0537e-01
INFO: 2024-01-16 16:37:48 epoch:0 dataset: 4/17 step: 82/99 time:0.00+1.24 loss_avg:4.1757e-01
INFO: 2024-01-16 16:37:49 epoch:0 dataset: 4/17 step: 83/99 time:0.00+1.23 loss_avg:4.1396e-01
INFO: 2024-01-16 16:37:51 epoch:0 dataset: 4/17 step: 84/99 time:0.00+1.24 loss_avg:4.1272e-01
INFO: 2024-01-16 16:37:52 epoch:0 dataset: 4/17 step: 85/99 time:0.00+1.27 loss_avg:4.2019e-01
INFO: 2024-01-16 16:37:53 epoch:0 dataset: 4/17 step: 86/99 time:0.00+1.24 loss_avg:4.3709e-01
INFO: 2024-01-16 16:37:54 epoch:0 dataset: 4/17 step: 87/99 time:0.00+1.27 loss_avg:4.1160e-01
INFO: 2024-01-16 16:37:56 epoch:0 dataset: 4/17 step: 88/99 time:0.00+1.40 loss_avg:4.3928e-01
INFO: 2024-01-16 16:37:57 epoch:0 dataset: 4/17 step: 89/99 time:0.00+1.29 loss_avg:4.0750e-01
INFO: 2024-01-16 16:37:59 epoch:0 dataset: 4/17 step: 90/99 time:0.00+1.59 loss_avg:4.2534e-01
INFO: 2024-01-16 16:38:00 epoch:0 dataset: 4/17 step: 91/99 time:0.00+1.29 loss_avg:4.1435e-01
INFO: 2024-01-16 16:38:01 epoch:0 dataset: 4/17 step: 92/99 time:0.00+1.41 loss_avg:3.5592e-01
INFO: 2024-01-16 16:38:03 epoch:0 dataset: 4/17 step: 93/99 time:0.00+1.36 loss_avg:4.1609e-01
INFO: 2024-01-16 16:38:04 epoch:0 dataset: 4/17 step: 94/99 time:0.00+1.28 loss_avg:4.0835e-01
INFO: 2024-01-16 16:38:05 epoch:0 dataset: 4/17 step: 95/99 time:0.00+1.24 loss_avg:3.9040e-01
INFO: 2024-01-16 16:38:07 epoch:0 dataset: 4/17 step: 96/99 time:0.00+1.29 loss_avg:4.0518e-01
INFO: 2024-01-16 16:38:08 epoch:0 dataset: 4/17 step: 97/99 time:0.00+1.25 loss_avg:4.0512e-01
INFO: 2024-01-16 16:38:09 epoch:0 dataset: 4/17 step: 98/99 time:0.00+1.26 loss_avg:4.1180e-01
INFO: Training on data_train_chr16_64.npy complete.
INFO: 2024-01-16 16:38:11 epoch:0 dataset: 5/17 step: 0/122 time:0.37+1.33 loss_avg:4.1530e-01
INFO: 2024-01-16 16:38:12 epoch:0 dataset: 5/17 step: 1/122 time:0.00+1.29 loss_avg:4.0766e-01
INFO: 2024-01-16 16:38:13 epoch:0 dataset: 5/17 step: 2/122 time:0.00+1.20 loss_avg:4.1107e-01
INFO: 2024-01-16 16:38:15 epoch:0 dataset: 5/17 step: 3/122 time:0.00+1.24 loss_avg:4.4939e-01
INFO: 2024-01-16 16:38:16 epoch:0 dataset: 5/17 step: 4/122 time:0.00+1.37 loss_avg:4.2576e-01
INFO: 2024-01-16 16:38:17 epoch:0 dataset: 5/17 step: 5/122 time:0.00+1.30 loss_avg:4.0595e-01
INFO: 2024-01-16 16:38:18 epoch:0 dataset: 5/17 step: 6/122 time:0.00+1.24 loss_avg:4.4069e-01
INFO: 2024-01-16 16:38:20 epoch:0 dataset: 5/17 step: 7/122 time:0.00+1.35 loss_avg:4.3451e-01
INFO: 2024-01-16 16:38:21 epoch:0 dataset: 5/17 step: 8/122 time:0.00+1.25 loss_avg:4.3897e-01
INFO: 2024-01-16 16:38:22 epoch:0 dataset: 5/17 step: 9/122 time:0.00+1.25 loss_avg:4.2908e-01
INFO: 2024-01-16 16:38:24 epoch:0 dataset: 5/17 step: 10/122 time:0.00+1.48 loss_avg:3.4887e-01
INFO: 2024-01-16 16:38:25 epoch:0 dataset: 5/17 step: 11/122 time:0.01+1.27 loss_avg:3.6327e-01
INFO: 2024-01-16 16:38:26 epoch:0 dataset: 5/17 step: 12/122 time:0.00+1.27 loss_avg:4.0863e-01
INFO: 2024-01-16 16:38:28 epoch:0 dataset: 5/17 step: 13/122 time:0.01+1.29 loss_avg:4.1448e-01
INFO: 2024-01-16 16:38:29 epoch:0 dataset: 5/17 step: 14/122 time:0.01+1.50 loss_avg:4.1348e-01
INFO: 2024-01-16 16:38:31 epoch:0 dataset: 5/17 step: 15/122 time:0.01+1.37 loss_avg:4.1824e-01
INFO: 2024-01-16 16:38:32 epoch:0 dataset: 5/17 step: 16/122 time:0.01+1.31 loss_avg:4.1908e-01
INFO: 2024-01-16 16:38:33 epoch:0 dataset: 5/17 step: 17/122 time:0.00+1.27 loss_avg:3.7844e-01
INFO: 2024-01-16 16:38:35 epoch:0 dataset: 5/17 step: 18/122 time:0.00+1.38 loss_avg:3.9213e-01
INFO: 2024-01-16 16:38:36 epoch:0 dataset: 5/17 step: 19/122 time:0.00+1.35 loss_avg:4.0977e-01
INFO: 2024-01-16 16:38:37 epoch:0 dataset: 5/17 step: 20/122 time:0.01+1.39 loss_avg:4.1679e-01
INFO: 2024-01-16 16:38:39 epoch:0 dataset: 5/17 step: 21/122 time:0.00+1.27 loss_avg:3.7132e-01
INFO: 2024-01-16 16:38:40 epoch:0 dataset: 5/17 step: 22/122 time:0.00+1.25 loss_avg:4.0751e-01
INFO: 2024-01-16 16:38:41 epoch:0 dataset: 5/17 step: 23/122 time:0.01+1.25 loss_avg:4.3658e-01
INFO: 2024-01-16 16:38:42 epoch:0 dataset: 5/17 step: 24/122 time:0.00+1.27 loss_avg:4.1320e-01
INFO: 2024-01-16 16:38:44 epoch:0 dataset: 5/17 step: 25/122 time:0.00+1.45 loss_avg:4.1293e-01
INFO: 2024-01-16 16:38:45 epoch:0 dataset: 5/17 step: 26/122 time:0.01+1.28 loss_avg:4.2573e-01
INFO: 2024-01-16 16:38:47 epoch:0 dataset: 5/17 step: 27/122 time:0.00+1.51 loss_avg:4.1662e-01
INFO: 2024-01-16 16:38:48 epoch:0 dataset: 5/17 step: 28/122 time:0.00+1.54 loss_avg:4.3335e-01
INFO: 2024-01-16 16:38:49 epoch:0 dataset: 5/17 step: 29/122 time:0.00+1.28 loss_avg:3.9490e-01
INFO: 2024-01-16 16:38:51 epoch:0 dataset: 5/17 step: 30/122 time:0.00+1.30 loss_avg:4.2308e-01
INFO: 2024-01-16 16:38:52 epoch:0 dataset: 5/17 step: 31/122 time:0.01+1.25 loss_avg:4.0566e-01
INFO: 2024-01-16 16:38:53 epoch:0 dataset: 5/17 step: 32/122 time:0.00+1.28 loss_avg:4.3365e-01
INFO: 2024-01-16 16:38:54 epoch:0 dataset: 5/17 step: 33/122 time:0.01+1.24 loss_avg:4.4565e-01
INFO: 2024-01-16 16:38:56 epoch:0 dataset: 5/17 step: 34/122 time:0.00+1.28 loss_avg:4.2132e-01
INFO: 2024-01-16 16:38:57 epoch:0 dataset: 5/17 step: 35/122 time:0.00+1.28 loss_avg:4.4055e-01
INFO: 2024-01-16 16:38:58 epoch:0 dataset: 5/17 step: 36/122 time:0.01+1.27 loss_avg:4.5060e-01
INFO: 2024-01-16 16:39:00 epoch:0 dataset: 5/17 step: 37/122 time:0.00+1.29 loss_avg:4.3528e-01
INFO: 2024-01-16 16:39:01 epoch:0 dataset: 5/17 step: 38/122 time:0.00+1.30 loss_avg:4.1731e-01
INFO: 2024-01-16 16:39:03 epoch:0 dataset: 5/17 step: 39/122 time:0.01+1.75 loss_avg:4.2073e-01
INFO: 2024-01-16 16:39:04 epoch:0 dataset: 5/17 step: 40/122 time:0.01+1.38 loss_avg:4.1892e-01
INFO: 2024-01-16 16:39:05 epoch:0 dataset: 5/17 step: 41/122 time:0.01+1.38 loss_avg:4.1628e-01
INFO: 2024-01-16 16:39:07 epoch:0 dataset: 5/17 step: 42/122 time:0.00+1.36 loss_avg:3.8650e-01
INFO: 2024-01-16 16:39:08 epoch:0 dataset: 5/17 step: 43/122 time:0.00+1.14 loss_avg:4.2029e-01
INFO: 2024-01-16 16:39:09 epoch:0 dataset: 5/17 step: 44/122 time:0.01+1.14 loss_avg:4.3274e-01
INFO: 2024-01-16 16:39:10 epoch:0 dataset: 5/17 step: 45/122 time:0.00+1.11 loss_avg:3.5427e-01
INFO: 2024-01-16 16:39:11 epoch:0 dataset: 5/17 step: 46/122 time:0.00+1.15 loss_avg:4.2328e-01
INFO: 2024-01-16 16:39:13 epoch:0 dataset: 5/17 step: 47/122 time:0.00+1.13 loss_avg:4.2695e-01
INFO: 2024-01-16 16:39:14 epoch:0 dataset: 5/17 step: 48/122 time:0.00+1.17 loss_avg:3.9400e-01
INFO: 2024-01-16 16:39:15 epoch:0 dataset: 5/17 step: 49/122 time:0.00+1.20 loss_avg:3.7306e-01
INFO: 2024-01-16 16:39:16 epoch:0 dataset: 5/17 step: 50/122 time:0.01+1.33 loss_avg:4.2790e-01
INFO: 2024-01-16 16:39:17 epoch:0 dataset: 5/17 step: 51/122 time:0.00+1.23 loss_avg:4.1039e-01
INFO: 2024-01-16 16:39:19 epoch:0 dataset: 5/17 step: 52/122 time:0.00+1.21 loss_avg:4.3810e-01
INFO: 2024-01-16 16:39:20 epoch:0 dataset: 5/17 step: 53/122 time:0.01+1.66 loss_avg:4.1869e-01
INFO: 2024-01-16 16:39:22 epoch:0 dataset: 5/17 step: 54/122 time:0.01+1.58 loss_avg:3.7721e-01
INFO: 2024-01-16 16:39:23 epoch:0 dataset: 5/17 step: 55/122 time:0.01+1.12 loss_avg:3.8385e-01
INFO: 2024-01-16 16:39:25 epoch:0 dataset: 5/17 step: 56/122 time:0.00+1.47 loss_avg:4.0380e-01
INFO: 2024-01-16 16:39:26 epoch:0 dataset: 5/17 step: 57/122 time:0.00+1.40 loss_avg:4.1661e-01
INFO: 2024-01-16 16:39:27 epoch:0 dataset: 5/17 step: 58/122 time:0.01+1.12 loss_avg:4.2753e-01
INFO: 2024-01-16 16:39:28 epoch:0 dataset: 5/17 step: 59/122 time:0.00+1.13 loss_avg:4.0875e-01
INFO: 2024-01-16 16:39:29 epoch:0 dataset: 5/17 step: 60/122 time:0.01+1.12 loss_avg:3.9279e-01
INFO: 2024-01-16 16:39:31 epoch:0 dataset: 5/17 step: 61/122 time:0.00+1.19 loss_avg:4.1176e-01
INFO: 2024-01-16 16:39:32 epoch:0 dataset: 5/17 step: 62/122 time:0.00+1.35 loss_avg:4.2426e-01
INFO: 2024-01-16 16:39:33 epoch:0 dataset: 5/17 step: 63/122 time:0.00+1.31 loss_avg:4.3323e-01
INFO: 2024-01-16 16:39:35 epoch:0 dataset: 5/17 step: 64/122 time:0.00+1.80 loss_avg:4.0211e-01
INFO: 2024-01-16 16:39:37 epoch:0 dataset: 5/17 step: 65/122 time:0.00+1.73 loss_avg:3.8387e-01
INFO: 2024-01-16 16:39:38 epoch:0 dataset: 5/17 step: 66/122 time:0.00+1.19 loss_avg:4.1030e-01
INFO: 2024-01-16 16:39:39 epoch:0 dataset: 5/17 step: 67/122 time:0.01+1.29 loss_avg:4.0955e-01
INFO: 2024-01-16 16:39:40 epoch:0 dataset: 5/17 step: 68/122 time:0.01+1.28 loss_avg:3.9233e-01
INFO: 2024-01-16 16:39:42 epoch:0 dataset: 5/17 step: 69/122 time:0.00+1.14 loss_avg:4.2343e-01
INFO: 2024-01-16 16:39:43 epoch:0 dataset: 5/17 step: 70/122 time:0.00+1.17 loss_avg:4.1345e-01
INFO: 2024-01-16 16:39:44 epoch:0 dataset: 5/17 step: 71/122 time:0.00+1.32 loss_avg:4.2814e-01
INFO: 2024-01-16 16:39:45 epoch:0 dataset: 5/17 step: 72/122 time:0.00+1.21 loss_avg:4.2560e-01
INFO: 2024-01-16 16:39:47 epoch:0 dataset: 5/17 step: 73/122 time:0.01+1.32 loss_avg:4.1269e-01
INFO: 2024-01-16 16:39:48 epoch:0 dataset: 5/17 step: 74/122 time:0.00+1.27 loss_avg:3.9599e-01
INFO: 2024-01-16 16:39:49 epoch:0 dataset: 5/17 step: 75/122 time:0.00+1.31 loss_avg:4.3102e-01
INFO: 2024-01-16 16:39:51 epoch:0 dataset: 5/17 step: 76/122 time:0.00+1.26 loss_avg:4.0575e-01
INFO: 2024-01-16 16:39:52 epoch:0 dataset: 5/17 step: 77/122 time:0.00+1.30 loss_avg:4.0673e-01
INFO: 2024-01-16 16:39:53 epoch:0 dataset: 5/17 step: 78/122 time:0.00+1.26 loss_avg:4.0177e-01
INFO: 2024-01-16 16:39:54 epoch:0 dataset: 5/17 step: 79/122 time:0.00+1.28 loss_avg:4.2616e-01
INFO: 2024-01-16 16:39:56 epoch:0 dataset: 5/17 step: 80/122 time:0.01+1.35 loss_avg:4.0919e-01
INFO: 2024-01-16 16:39:57 epoch:0 dataset: 5/17 step: 81/122 time:0.00+1.26 loss_avg:4.0674e-01
INFO: 2024-01-16 16:39:58 epoch:0 dataset: 5/17 step: 82/122 time:0.01+1.31 loss_avg:3.9004e-01
INFO: 2024-01-16 16:40:00 epoch:0 dataset: 5/17 step: 83/122 time:0.01+1.80 loss_avg:4.0309e-01
INFO: 2024-01-16 16:40:02 epoch:0 dataset: 5/17 step: 84/122 time:0.01+2.01 loss_avg:4.0973e-01
INFO: 2024-01-16 16:40:04 epoch:0 dataset: 5/17 step: 85/122 time:0.00+1.91 loss_avg:3.9661e-01
INFO: 2024-01-16 16:40:06 epoch:0 dataset: 5/17 step: 86/122 time:0.01+1.63 loss_avg:4.2791e-01
INFO: 2024-01-16 16:40:07 epoch:0 dataset: 5/17 step: 87/122 time:0.01+1.34 loss_avg:4.3206e-01
INFO: 2024-01-16 16:40:08 epoch:0 dataset: 5/17 step: 88/122 time:0.01+1.25 loss_avg:4.1660e-01
INFO: 2024-01-16 16:40:10 epoch:0 dataset: 5/17 step: 89/122 time:0.00+1.69 loss_avg:4.4224e-01
INFO: 2024-01-16 16:40:12 epoch:0 dataset: 5/17 step: 90/122 time:0.01+1.79 loss_avg:4.1387e-01
INFO: 2024-01-16 16:40:13 epoch:0 dataset: 5/17 step: 91/122 time:0.00+1.31 loss_avg:4.4006e-01
INFO: 2024-01-16 16:40:14 epoch:0 dataset: 5/17 step: 92/122 time:0.01+1.26 loss_avg:3.9699e-01
INFO: 2024-01-16 16:40:16 epoch:0 dataset: 5/17 step: 93/122 time:0.01+1.44 loss_avg:3.8367e-01
INFO: 2024-01-16 16:40:17 epoch:0 dataset: 5/17 step: 94/122 time:0.00+1.30 loss_avg:3.8380e-01
INFO: 2024-01-16 16:40:18 epoch:0 dataset: 5/17 step: 95/122 time:0.00+1.30 loss_avg:4.0827e-01
INFO: 2024-01-16 16:40:20 epoch:0 dataset: 5/17 step: 96/122 time:0.00+1.28 loss_avg:4.0605e-01
INFO: 2024-01-16 16:40:21 epoch:0 dataset: 5/17 step: 97/122 time:0.01+1.71 loss_avg:4.3488e-01
INFO: 2024-01-16 16:40:23 epoch:0 dataset: 5/17 step: 98/122 time:0.01+1.55 loss_avg:4.1996e-01
INFO: 2024-01-16 16:40:24 epoch:0 dataset: 5/17 step: 99/122 time:0.01+1.49 loss_avg:3.8437e-01
INFO: 2024-01-16 16:40:26 epoch:0 dataset: 5/17 step: 100/122 time:0.01+1.54 loss_avg:3.5371e-01
INFO: 2024-01-16 16:40:28 epoch:0 dataset: 5/17 step: 101/122 time:0.01+1.86 loss_avg:4.1162e-01
INFO: 2024-01-16 16:40:30 epoch:0 dataset: 5/17 step: 102/122 time:0.01+2.24 loss_avg:3.8528e-01
INFO: 2024-01-16 16:40:32 epoch:0 dataset: 5/17 step: 103/122 time:0.01+2.22 loss_avg:4.0570e-01
INFO: 2024-01-16 16:40:34 epoch:0 dataset: 5/17 step: 104/122 time:0.01+1.80 loss_avg:4.0348e-01
INFO: 2024-01-16 16:40:36 epoch:0 dataset: 5/17 step: 105/122 time:0.01+1.56 loss_avg:3.9391e-01
INFO: 2024-01-16 16:40:37 epoch:0 dataset: 5/17 step: 106/122 time:0.00+1.52 loss_avg:3.6179e-01
INFO: 2024-01-16 16:40:39 epoch:0 dataset: 5/17 step: 107/122 time:0.01+2.22 loss_avg:4.1110e-01
INFO: 2024-01-16 16:40:42 epoch:0 dataset: 5/17 step: 108/122 time:0.01+2.17 loss_avg:4.2941e-01
INFO: 2024-01-16 16:40:43 epoch:0 dataset: 5/17 step: 109/122 time:0.00+1.64 loss_avg:4.5017e-01
INFO: 2024-01-16 16:40:45 epoch:0 dataset: 5/17 step: 110/122 time:0.01+1.45 loss_avg:4.2895e-01
INFO: 2024-01-16 16:40:46 epoch:0 dataset: 5/17 step: 111/122 time:0.01+1.46 loss_avg:4.0600e-01
INFO: 2024-01-16 16:40:48 epoch:0 dataset: 5/17 step: 112/122 time:0.00+1.48 loss_avg:4.4317e-01
INFO: 2024-01-16 16:40:49 epoch:0 dataset: 5/17 step: 113/122 time:0.01+1.44 loss_avg:4.0501e-01
INFO: 2024-01-16 16:40:51 epoch:0 dataset: 5/17 step: 114/122 time:0.00+1.62 loss_avg:3.9767e-01
INFO: 2024-01-16 16:40:52 epoch:0 dataset: 5/17 step: 115/122 time:0.01+1.51 loss_avg:4.1507e-01
INFO: 2024-01-16 16:40:54 epoch:0 dataset: 5/17 step: 116/122 time:0.00+1.53 loss_avg:3.9981e-01
INFO: 2024-01-16 16:40:55 epoch:0 dataset: 5/17 step: 117/122 time:0.01+1.51 loss_avg:4.2359e-01
INFO: 2024-01-16 16:40:57 epoch:0 dataset: 5/17 step: 118/122 time:0.00+1.50 loss_avg:3.9392e-01
INFO: 2024-01-16 16:40:58 epoch:0 dataset: 5/17 step: 119/122 time:0.00+1.47 loss_avg:4.0847e-01
INFO: 2024-01-16 16:41:00 epoch:0 dataset: 5/17 step: 120/122 time:0.00+1.49 loss_avg:3.8762e-01
INFO: 2024-01-16 16:41:02 epoch:0 dataset: 5/17 step: 121/122 time:0.00+2.26 loss_avg:4.0367e-01
INFO: Training on data_train_chr13_64.npy complete.
INFO: 2024-01-16 16:41:04 epoch:0 dataset: 6/17 step: 0/163 time:0.46+1.72 loss_avg:3.9910e-01
INFO: 2024-01-16 16:41:06 epoch:0 dataset: 6/17 step: 1/163 time:0.01+1.72 loss_avg:3.8933e-01
INFO: 2024-01-16 16:41:08 epoch:0 dataset: 6/17 step: 2/163 time:0.01+2.02 loss_avg:4.0025e-01
INFO: 2024-01-16 16:41:10 epoch:0 dataset: 6/17 step: 3/163 time:0.01+1.77 loss_avg:4.1868e-01
INFO: 2024-01-16 16:41:11 epoch:0 dataset: 6/17 step: 4/163 time:0.01+1.70 loss_avg:4.0702e-01
INFO: 2024-01-16 16:41:13 epoch:0 dataset: 6/17 step: 5/163 time:0.01+1.66 loss_avg:3.8052e-01
INFO: 2024-01-16 16:41:15 epoch:0 dataset: 6/17 step: 6/163 time:0.01+1.54 loss_avg:4.1674e-01
INFO: 2024-01-16 16:41:16 epoch:0 dataset: 6/17 step: 7/163 time:0.01+1.51 loss_avg:3.9448e-01
INFO: 2024-01-16 16:41:18 epoch:0 dataset: 6/17 step: 8/163 time:0.01+2.07 loss_avg:4.0272e-01
INFO: 2024-01-16 16:41:20 epoch:0 dataset: 6/17 step: 9/163 time:0.01+1.67 loss_avg:4.1000e-01
INFO: 2024-01-16 16:41:22 epoch:0 dataset: 6/17 step: 10/163 time:0.01+1.90 loss_avg:3.8494e-01
INFO: 2024-01-16 16:41:23 epoch:0 dataset: 6/17 step: 11/163 time:0.01+1.49 loss_avg:3.9163e-01
INFO: 2024-01-16 16:41:25 epoch:0 dataset: 6/17 step: 12/163 time:0.01+1.53 loss_avg:3.9480e-01
INFO: 2024-01-16 16:41:27 epoch:0 dataset: 6/17 step: 13/163 time:0.01+1.71 loss_avg:3.9610e-01
INFO: 2024-01-16 16:41:28 epoch:0 dataset: 6/17 step: 14/163 time:0.01+1.48 loss_avg:3.7549e-01
INFO: 2024-01-16 16:41:30 epoch:0 dataset: 6/17 step: 15/163 time:0.01+1.47 loss_avg:4.0653e-01
INFO: 2024-01-16 16:41:31 epoch:0 dataset: 6/17 step: 16/163 time:0.01+1.67 loss_avg:3.9952e-01
INFO: 2024-01-16 16:41:33 epoch:0 dataset: 6/17 step: 17/163 time:0.01+2.16 loss_avg:4.0201e-01
INFO: 2024-01-16 16:41:35 epoch:0 dataset: 6/17 step: 18/163 time:0.01+1.75 loss_avg:3.9967e-01
INFO: 2024-01-16 16:41:37 epoch:0 dataset: 6/17 step: 19/163 time:0.01+1.81 loss_avg:3.9970e-01
INFO: 2024-01-16 16:41:39 epoch:0 dataset: 6/17 step: 20/163 time:0.01+2.34 loss_avg:4.0176e-01
INFO: 2024-01-16 16:41:41 epoch:0 dataset: 6/17 step: 21/163 time:0.01+2.04 loss_avg:3.8472e-01
INFO: 2024-01-16 16:41:43 epoch:0 dataset: 6/17 step: 22/163 time:0.01+1.47 loss_avg:3.8273e-01
INFO: 2024-01-16 16:41:45 epoch:0 dataset: 6/17 step: 23/163 time:0.01+1.77 loss_avg:4.0251e-01
INFO: 2024-01-16 16:41:46 epoch:0 dataset: 6/17 step: 24/163 time:0.01+1.75 loss_avg:3.9443e-01
INFO: 2024-01-16 16:41:48 epoch:0 dataset: 6/17 step: 25/163 time:0.01+1.60 loss_avg:3.9161e-01
INFO: 2024-01-16 16:41:50 epoch:0 dataset: 6/17 step: 26/163 time:0.01+1.55 loss_avg:3.7802e-01
INFO: 2024-01-16 16:41:51 epoch:0 dataset: 6/17 step: 27/163 time:0.01+1.60 loss_avg:3.9827e-01
INFO: 2024-01-16 16:41:54 epoch:0 dataset: 6/17 step: 28/163 time:0.01+2.38 loss_avg:3.4152e-01
INFO: 2024-01-16 16:41:55 epoch:0 dataset: 6/17 step: 29/163 time:0.01+1.69 loss_avg:3.5969e-01
INFO: 2024-01-16 16:41:57 epoch:0 dataset: 6/17 step: 30/163 time:0.01+1.60 loss_avg:3.8814e-01
INFO: 2024-01-16 16:41:58 epoch:0 dataset: 6/17 step: 31/163 time:0.01+1.54 loss_avg:3.6732e-01
INFO: 2024-01-16 16:42:00 epoch:0 dataset: 6/17 step: 32/163 time:0.01+1.55 loss_avg:3.9654e-01
INFO: 2024-01-16 16:42:01 epoch:0 dataset: 6/17 step: 33/163 time:0.01+1.53 loss_avg:3.9762e-01
INFO: 2024-01-16 16:42:03 epoch:0 dataset: 6/17 step: 34/163 time:0.01+1.50 loss_avg:4.0542e-01
INFO: 2024-01-16 16:42:05 epoch:0 dataset: 6/17 step: 35/163 time:0.01+1.55 loss_avg:3.9537e-01
INFO: 2024-01-16 16:42:06 epoch:0 dataset: 6/17 step: 36/163 time:0.00+1.44 loss_avg:3.2754e-01
INFO: 2024-01-16 16:42:08 epoch:0 dataset: 6/17 step: 37/163 time:0.00+2.06 loss_avg:3.8804e-01
INFO: 2024-01-16 16:42:10 epoch:0 dataset: 6/17 step: 38/163 time:0.01+1.62 loss_avg:3.9866e-01
INFO: 2024-01-16 16:42:11 epoch:0 dataset: 6/17 step: 39/163 time:0.01+1.55 loss_avg:3.4420e-01
INFO: 2024-01-16 16:42:13 epoch:0 dataset: 6/17 step: 40/163 time:0.01+1.46 loss_avg:3.9729e-01
INFO: 2024-01-16 16:42:14 epoch:0 dataset: 6/17 step: 41/163 time:0.01+1.51 loss_avg:4.0706e-01
INFO: 2024-01-16 16:42:16 epoch:0 dataset: 6/17 step: 42/163 time:0.01+1.51 loss_avg:4.0804e-01
INFO: 2024-01-16 16:42:17 epoch:0 dataset: 6/17 step: 43/163 time:0.01+1.46 loss_avg:4.0746e-01
INFO: 2024-01-16 16:42:19 epoch:0 dataset: 6/17 step: 44/163 time:0.01+1.54 loss_avg:4.0558e-01
INFO: 2024-01-16 16:42:20 epoch:0 dataset: 6/17 step: 45/163 time:0.01+1.49 loss_avg:3.8744e-01
INFO: 2024-01-16 16:42:22 epoch:0 dataset: 6/17 step: 46/163 time:0.00+1.52 loss_avg:3.9296e-01
INFO: 2024-01-16 16:42:23 epoch:0 dataset: 6/17 step: 47/163 time:0.00+1.49 loss_avg:3.7647e-01
INFO: 2024-01-16 16:42:25 epoch:0 dataset: 6/17 step: 48/163 time:0.00+1.45 loss_avg:3.9147e-01
INFO: 2024-01-16 16:42:26 epoch:0 dataset: 6/17 step: 49/163 time:0.01+1.39 loss_avg:4.0894e-01
INFO: 2024-01-16 16:42:28 epoch:0 dataset: 6/17 step: 50/163 time:0.00+1.43 loss_avg:4.0386e-01
INFO: 2024-01-16 16:42:29 epoch:0 dataset: 6/17 step: 51/163 time:0.01+1.45 loss_avg:3.7570e-01
INFO: 2024-01-16 16:42:30 epoch:0 dataset: 6/17 step: 52/163 time:0.01+1.44 loss_avg:3.9263e-01
INFO: 2024-01-16 16:42:32 epoch:0 dataset: 6/17 step: 53/163 time:0.00+1.51 loss_avg:3.9200e-01
INFO: 2024-01-16 16:42:33 epoch:0 dataset: 6/17 step: 54/163 time:0.00+1.51 loss_avg:3.8640e-01
INFO: 2024-01-16 16:42:35 epoch:0 dataset: 6/17 step: 55/163 time:0.00+1.51 loss_avg:3.8989e-01
INFO: 2024-01-16 16:42:36 epoch:0 dataset: 6/17 step: 56/163 time:0.00+1.45 loss_avg:3.8909e-01
INFO: 2024-01-16 16:42:38 epoch:0 dataset: 6/17 step: 57/163 time:0.01+1.48 loss_avg:3.8810e-01
INFO: 2024-01-16 16:42:39 epoch:0 dataset: 6/17 step: 58/163 time:0.00+1.54 loss_avg:3.9766e-01
INFO: 2024-01-16 16:42:41 epoch:0 dataset: 6/17 step: 59/163 time:0.00+1.47 loss_avg:3.9493e-01
INFO: 2024-01-16 16:42:42 epoch:0 dataset: 6/17 step: 60/163 time:0.00+1.46 loss_avg:3.8473e-01
INFO: 2024-01-16 16:42:44 epoch:0 dataset: 6/17 step: 61/163 time:0.00+1.70 loss_avg:3.9131e-01
INFO: 2024-01-16 16:42:46 epoch:0 dataset: 6/17 step: 62/163 time:0.01+1.39 loss_avg:4.0645e-01
INFO: 2024-01-16 16:42:47 epoch:0 dataset: 6/17 step: 63/163 time:0.01+1.67 loss_avg:3.9004e-01
INFO: 2024-01-16 16:42:49 epoch:0 dataset: 6/17 step: 64/163 time:0.01+1.66 loss_avg:3.9488e-01
INFO: 2024-01-16 16:42:50 epoch:0 dataset: 6/17 step: 65/163 time:0.01+1.45 loss_avg:3.9937e-01
INFO: 2024-01-16 16:42:52 epoch:0 dataset: 6/17 step: 66/163 time:0.01+1.35 loss_avg:4.0298e-01
INFO: 2024-01-16 16:42:53 epoch:0 dataset: 6/17 step: 67/163 time:0.01+1.28 loss_avg:4.0489e-01
INFO: 2024-01-16 16:42:54 epoch:0 dataset: 6/17 step: 68/163 time:0.01+1.33 loss_avg:3.9382e-01
INFO: 2024-01-16 16:42:56 epoch:0 dataset: 6/17 step: 69/163 time:0.01+1.46 loss_avg:3.9975e-01
INFO: 2024-01-16 16:42:57 epoch:0 dataset: 6/17 step: 70/163 time:0.01+1.39 loss_avg:3.7187e-01
INFO: 2024-01-16 16:42:58 epoch:0 dataset: 6/17 step: 71/163 time:0.01+1.29 loss_avg:3.6409e-01
INFO: 2024-01-16 16:43:00 epoch:0 dataset: 6/17 step: 72/163 time:0.01+1.28 loss_avg:3.8083e-01
INFO: 2024-01-16 16:43:01 epoch:0 dataset: 6/17 step: 73/163 time:0.01+1.23 loss_avg:4.1926e-01
INFO: 2024-01-16 16:43:02 epoch:0 dataset: 6/17 step: 74/163 time:0.01+1.27 loss_avg:3.8931e-01
INFO: 2024-01-16 16:43:04 epoch:0 dataset: 6/17 step: 75/163 time:0.01+1.27 loss_avg:4.0628e-01
INFO: 2024-01-16 16:43:05 epoch:0 dataset: 6/17 step: 76/163 time:0.01+1.46 loss_avg:3.9358e-01
INFO: 2024-01-16 16:43:06 epoch:0 dataset: 6/17 step: 77/163 time:0.01+1.31 loss_avg:3.9255e-01
INFO: 2024-01-16 16:43:08 epoch:0 dataset: 6/17 step: 78/163 time:0.01+1.83 loss_avg:3.8743e-01
INFO: 2024-01-16 16:43:10 epoch:0 dataset: 6/17 step: 79/163 time:0.01+1.37 loss_avg:3.7451e-01
INFO: 2024-01-16 16:43:11 epoch:0 dataset: 6/17 step: 80/163 time:0.01+1.19 loss_avg:3.9109e-01
INFO: 2024-01-16 16:43:12 epoch:0 dataset: 6/17 step: 81/163 time:0.01+1.30 loss_avg:3.8321e-01
INFO: 2024-01-16 16:43:13 epoch:0 dataset: 6/17 step: 82/163 time:0.01+1.28 loss_avg:4.0076e-01
INFO: 2024-01-16 16:43:15 epoch:0 dataset: 6/17 step: 83/163 time:0.01+1.60 loss_avg:3.7568e-01
INFO: 2024-01-16 16:43:17 epoch:0 dataset: 6/17 step: 84/163 time:0.01+1.94 loss_avg:4.0024e-01
INFO: 2024-01-16 16:43:19 epoch:0 dataset: 6/17 step: 85/163 time:0.01+1.87 loss_avg:3.9159e-01
INFO: 2024-01-16 16:43:20 epoch:0 dataset: 6/17 step: 86/163 time:0.01+1.63 loss_avg:3.7952e-01
INFO: 2024-01-16 16:43:22 epoch:0 dataset: 6/17 step: 87/163 time:0.01+1.25 loss_avg:3.4564e-01
INFO: 2024-01-16 16:43:23 epoch:0 dataset: 6/17 step: 88/163 time:0.01+1.31 loss_avg:4.0275e-01
INFO: 2024-01-16 16:43:24 epoch:0 dataset: 6/17 step: 89/163 time:0.01+1.31 loss_avg:3.8385e-01
INFO: 2024-01-16 16:43:26 epoch:0 dataset: 6/17 step: 90/163 time:0.01+1.21 loss_avg:3.9539e-01
INFO: 2024-01-16 16:43:27 epoch:0 dataset: 6/17 step: 91/163 time:0.01+1.45 loss_avg:4.0223e-01
INFO: 2024-01-16 16:43:28 epoch:0 dataset: 6/17 step: 92/163 time:0.01+1.40 loss_avg:3.9607e-01
INFO: 2024-01-16 16:43:30 epoch:0 dataset: 6/17 step: 93/163 time:0.01+1.51 loss_avg:3.8311e-01
INFO: 2024-01-16 16:43:32 epoch:0 dataset: 6/17 step: 94/163 time:0.01+1.70 loss_avg:3.8386e-01
INFO: 2024-01-16 16:43:33 epoch:0 dataset: 6/17 step: 95/163 time:0.01+1.47 loss_avg:3.9082e-01
INFO: 2024-01-16 16:43:35 epoch:0 dataset: 6/17 step: 96/163 time:0.01+1.52 loss_avg:3.9947e-01
INFO: 2024-01-16 16:43:36 epoch:0 dataset: 6/17 step: 97/163 time:0.01+1.61 loss_avg:4.0941e-01
INFO: 2024-01-16 16:43:38 epoch:0 dataset: 6/17 step: 98/163 time:0.01+1.54 loss_avg:3.9385e-01
INFO: 2024-01-16 16:43:39 epoch:0 dataset: 6/17 step: 99/163 time:0.01+1.48 loss_avg:3.8243e-01
INFO: 2024-01-16 16:43:41 epoch:0 dataset: 6/17 step: 100/163 time:0.01+1.53 loss_avg:4.0282e-01
INFO: 2024-01-16 16:43:42 epoch:0 dataset: 6/17 step: 101/163 time:0.01+1.66 loss_avg:3.4963e-01
INFO: 2024-01-16 16:43:44 epoch:0 dataset: 6/17 step: 102/163 time:0.01+1.50 loss_avg:3.8183e-01
INFO: 2024-01-16 16:43:46 epoch:0 dataset: 6/17 step: 103/163 time:0.01+1.51 loss_avg:3.7285e-01
INFO: 2024-01-16 16:43:47 epoch:0 dataset: 6/17 step: 104/163 time:0.01+1.51 loss_avg:3.9426e-01
INFO: 2024-01-16 16:43:49 epoch:0 dataset: 6/17 step: 105/163 time:0.01+1.71 loss_avg:3.3865e-01
INFO: 2024-01-16 16:43:50 epoch:0 dataset: 6/17 step: 106/163 time:0.01+1.54 loss_avg:3.8816e-01
INFO: 2024-01-16 16:43:52 epoch:0 dataset: 6/17 step: 107/163 time:0.01+1.50 loss_avg:3.8926e-01
INFO: 2024-01-16 16:43:54 epoch:0 dataset: 6/17 step: 108/163 time:0.01+1.76 loss_avg:3.8214e-01
INFO: 2024-01-16 16:43:55 epoch:0 dataset: 6/17 step: 109/163 time:0.01+1.50 loss_avg:3.7548e-01
INFO: 2024-01-16 16:43:57 epoch:0 dataset: 6/17 step: 110/163 time:0.01+2.06 loss_avg:3.8101e-01
INFO: 2024-01-16 16:43:59 epoch:0 dataset: 6/17 step: 111/163 time:0.01+1.68 loss_avg:3.8239e-01
INFO: 2024-01-16 16:44:00 epoch:0 dataset: 6/17 step: 112/163 time:0.01+1.53 loss_avg:3.9837e-01
INFO: 2024-01-16 16:44:02 epoch:0 dataset: 6/17 step: 113/163 time:0.01+1.53 loss_avg:4.0700e-01
INFO: 2024-01-16 16:44:03 epoch:0 dataset: 6/17 step: 114/163 time:0.01+1.54 loss_avg:4.0008e-01
INFO: 2024-01-16 16:44:05 epoch:0 dataset: 6/17 step: 115/163 time:0.01+1.49 loss_avg:3.9799e-01
INFO: 2024-01-16 16:44:06 epoch:0 dataset: 6/17 step: 116/163 time:0.01+1.48 loss_avg:3.8184e-01
INFO: 2024-01-16 16:44:08 epoch:0 dataset: 6/17 step: 117/163 time:0.01+1.54 loss_avg:3.8179e-01
