INFO: 2024-01-17 22:57:00 Argument batch_size: 8
INFO: 2024-01-17 22:57:00 Argument block_num: 9
INFO: 2024-01-17 22:57:00 Argument code_test: False
INFO: 2024-01-17 22:57:00 Argument cut_off: True
INFO: 2024-01-17 22:57:00 Argument data_train_path: ./../data/data_96/train/
INFO: 2024-01-17 22:57:00 Argument data_val_path: ./../data/data_96/val/data_val_chr19_96.npy
INFO: 2024-01-17 22:57:00 Argument device_id: 0
INFO: 2024-01-17 22:57:00 Argument dynamics: True
INFO: 2024-01-17 22:57:00 Argument early_stoppage_epochs: 5
INFO: 2024-01-17 22:57:00 Argument early_stoppage_start: 400
INFO: 2024-01-17 22:57:00 Argument epoch: 150
INFO: 2024-01-17 22:57:00 Argument learning_rate: None
INFO: 2024-01-17 22:57:00 Argument local_rank: 0
INFO: 2024-01-17 22:57:00 Argument loss: single_channel_default_VGG
INFO: 2024-01-17 22:57:00 Argument max_HiC: 250
INFO: 2024-01-17 22:57:00 Argument num_gpu: 1
INFO: 2024-01-17 22:57:00 Argument num_workers: 1
INFO: 2024-01-17 22:57:00 Argument patch_size: 96
INFO: 2024-01-17 22:57:00 Argument resume_epoch: 0
INFO: 2024-01-17 22:57:00 Argument resume_path: None
INFO: 2024-01-17 22:57:00 Argument rgb: False
INFO: 2024-01-17 22:57:00 Argument train_dataset: hic
INFO: 2024-01-17 22:57:00 Argument val_datasets: ['hic']
INFO: Defualt learning rate schedule
INFO: 2024-01-17 22:57:38 epoch:0 dataset: 1/17 step: 0/125 time:2.68+13.98 loss_avg:4.6540e-01
INFO: 2024-01-17 22:57:42 epoch:0 dataset: 1/17 step: 1/125 time:0.01+4.59 loss_avg:4.8068e-01
INFO: 2024-01-17 22:57:47 epoch:0 dataset: 1/17 step: 2/125 time:0.02+4.63 loss_avg:4.8566e-01
INFO: 2024-01-17 22:57:52 epoch:0 dataset: 1/17 step: 3/125 time:0.01+4.63 loss_avg:4.6902e-01
INFO: 2024-01-17 22:57:56 epoch:0 dataset: 1/17 step: 4/125 time:0.00+4.70 loss_avg:4.7918e-01
INFO: 2024-01-17 22:58:01 epoch:0 dataset: 1/17 step: 5/125 time:0.01+4.94 loss_avg:4.7362e-01
INFO: 2024-01-17 22:58:06 epoch:0 dataset: 1/17 step: 6/125 time:0.01+4.69 loss_avg:4.8452e-01
INFO: 2024-01-17 22:58:11 epoch:0 dataset: 1/17 step: 7/125 time:0.00+4.71 loss_avg:4.8064e-01
INFO: 2024-01-17 22:58:15 epoch:0 dataset: 1/17 step: 8/125 time:0.02+4.82 loss_avg:4.8527e-01
INFO: 2024-01-17 22:58:20 epoch:0 dataset: 1/17 step: 9/125 time:0.01+4.70 loss_avg:3.9356e-01
INFO: 2024-01-17 22:58:25 epoch:0 dataset: 1/17 step: 10/125 time:0.01+4.75 loss_avg:4.4522e-01
INFO: 2024-01-17 22:58:30 epoch:0 dataset: 1/17 step: 11/125 time:0.01+4.95 loss_avg:4.8230e-01
INFO: 2024-01-17 22:58:37 epoch:0 dataset: 1/17 step: 12/125 time:0.01+7.59 loss_avg:4.6428e-01
INFO: 2024-01-17 22:58:45 epoch:0 dataset: 1/17 step: 13/125 time:0.01+7.33 loss_avg:4.8034e-01
INFO: 2024-01-17 22:58:51 epoch:0 dataset: 1/17 step: 14/125 time:0.01+6.59 loss_avg:4.7364e-01
INFO: 2024-01-17 22:58:58 epoch:0 dataset: 1/17 step: 15/125 time:0.01+6.63 loss_avg:4.9447e-01
INFO: 2024-01-17 22:59:04 epoch:0 dataset: 1/17 step: 16/125 time:0.01+5.95 loss_avg:4.8827e-01
INFO: 2024-01-17 22:59:11 epoch:0 dataset: 1/17 step: 17/125 time:0.02+7.48 loss_avg:4.6631e-01
INFO: 2024-01-17 22:59:19 epoch:0 dataset: 1/17 step: 18/125 time:0.01+7.35 loss_avg:4.6287e-01
INFO: 2024-01-17 22:59:26 epoch:0 dataset: 1/17 step: 19/125 time:0.01+7.54 loss_avg:4.6240e-01
INFO: 2024-01-17 22:59:33 epoch:0 dataset: 1/17 step: 20/125 time:0.01+6.90 loss_avg:4.5732e-01
INFO: 2024-01-17 22:59:41 epoch:0 dataset: 1/17 step: 21/125 time:0.01+7.49 loss_avg:4.7654e-01
INFO: 2024-01-17 22:59:47 epoch:0 dataset: 1/17 step: 22/125 time:0.01+6.65 loss_avg:4.7766e-01
INFO: 2024-01-17 22:59:54 epoch:0 dataset: 1/17 step: 23/125 time:0.00+6.85 loss_avg:4.7138e-01
INFO: 2024-01-17 23:00:00 epoch:0 dataset: 1/17 step: 24/125 time:0.00+5.37 loss_avg:4.8309e-01
INFO: 2024-01-17 23:00:07 epoch:0 dataset: 1/17 step: 25/125 time:0.02+7.59 loss_avg:4.7003e-01
INFO: 2024-01-17 23:00:14 epoch:0 dataset: 1/17 step: 26/125 time:0.01+7.17 loss_avg:4.6867e-01
INFO: 2024-01-17 23:00:22 epoch:0 dataset: 1/17 step: 27/125 time:0.01+7.17 loss_avg:4.8819e-01
INFO: 2024-01-17 23:00:29 epoch:0 dataset: 1/17 step: 28/125 time:0.01+6.88 loss_avg:4.6152e-01
INFO: 2024-01-17 23:00:35 epoch:0 dataset: 1/17 step: 29/125 time:0.01+6.30 loss_avg:4.6290e-01
INFO: 2024-01-17 23:00:42 epoch:0 dataset: 1/17 step: 30/125 time:0.01+6.93 loss_avg:4.6575e-01
INFO: 2024-01-17 23:00:49 epoch:0 dataset: 1/17 step: 31/125 time:0.01+7.10 loss_avg:4.7933e-01
INFO: 2024-01-17 23:00:56 epoch:0 dataset: 1/17 step: 32/125 time:0.01+7.36 loss_avg:4.6843e-01
INFO: 2024-01-17 23:01:00 epoch:0 dataset: 1/17 step: 33/125 time:0.01+4.10 loss_avg:4.7895e-01
INFO: 2024-01-17 23:01:08 epoch:0 dataset: 1/17 step: 34/125 time:0.01+7.37 loss_avg:4.6420e-01
INFO: 2024-01-17 23:01:15 epoch:0 dataset: 1/17 step: 35/125 time:0.01+7.47 loss_avg:4.5477e-01
INFO: 2024-01-17 23:01:23 epoch:0 dataset: 1/17 step: 36/125 time:0.01+7.36 loss_avg:4.7514e-01
INFO: 2024-01-17 23:01:30 epoch:0 dataset: 1/17 step: 37/125 time:0.01+7.50 loss_avg:4.4471e-01
INFO: 2024-01-17 23:01:38 epoch:0 dataset: 1/17 step: 38/125 time:0.01+7.61 loss_avg:4.7616e-01
INFO: 2024-01-17 23:01:45 epoch:0 dataset: 1/17 step: 39/125 time:0.01+7.01 loss_avg:4.5536e-01
INFO: 2024-01-17 23:01:52 epoch:0 dataset: 1/17 step: 40/125 time:0.01+6.82 loss_avg:4.6197e-01
INFO: 2024-01-17 23:01:59 epoch:0 dataset: 1/17 step: 41/125 time:0.01+7.35 loss_avg:4.7896e-01
INFO: 2024-01-17 23:02:06 epoch:0 dataset: 1/17 step: 42/125 time:0.01+7.21 loss_avg:4.6692e-01
INFO: 2024-01-17 23:02:13 epoch:0 dataset: 1/17 step: 43/125 time:0.01+6.97 loss_avg:4.4875e-01
INFO: 2024-01-17 23:02:19 epoch:0 dataset: 1/17 step: 44/125 time:0.00+6.23 loss_avg:4.5867e-01
INFO: 2024-01-17 23:02:26 epoch:0 dataset: 1/17 step: 45/125 time:0.03+6.61 loss_avg:4.7809e-01
INFO: 2024-01-17 23:02:32 epoch:0 dataset: 1/17 step: 46/125 time:0.00+6.14 loss_avg:4.8136e-01
INFO: 2024-01-17 23:02:39 epoch:0 dataset: 1/17 step: 47/125 time:0.00+6.74 loss_avg:4.1215e-01
INFO: 2024-01-17 23:02:46 epoch:0 dataset: 1/17 step: 48/125 time:0.03+7.21 loss_avg:4.4485e-01
INFO: 2024-01-17 23:02:54 epoch:0 dataset: 1/17 step: 49/125 time:0.01+7.40 loss_avg:4.5915e-01
INFO: 2024-01-17 23:03:01 epoch:0 dataset: 1/17 step: 50/125 time:0.01+7.56 loss_avg:4.4805e-01
INFO: 2024-01-17 23:03:08 epoch:0 dataset: 1/17 step: 51/125 time:0.02+6.69 loss_avg:4.6367e-01
INFO: 2024-01-17 23:03:15 epoch:0 dataset: 1/17 step: 52/125 time:0.02+7.29 loss_avg:4.2375e-01
INFO: 2024-01-17 23:03:22 epoch:0 dataset: 1/17 step: 53/125 time:0.01+7.29 loss_avg:4.8626e-01
INFO: 2024-01-17 23:03:30 epoch:0 dataset: 1/17 step: 54/125 time:0.01+7.40 loss_avg:4.4485e-01
INFO: 2024-01-17 23:03:37 epoch:0 dataset: 1/17 step: 55/125 time:0.01+7.31 loss_avg:4.8133e-01
INFO: 2024-01-17 23:03:45 epoch:0 dataset: 1/17 step: 56/125 time:0.01+7.53 loss_avg:4.5789e-01
INFO: 2024-01-17 23:03:51 epoch:0 dataset: 1/17 step: 57/125 time:0.01+6.79 loss_avg:4.6693e-01
INFO: 2024-01-17 23:03:59 epoch:0 dataset: 1/17 step: 58/125 time:0.01+7.55 loss_avg:4.5790e-01
INFO: 2024-01-17 23:04:06 epoch:0 dataset: 1/17 step: 59/125 time:0.01+6.59 loss_avg:4.2460e-01
INFO: 2024-01-17 23:04:12 epoch:0 dataset: 1/17 step: 60/125 time:0.01+6.03 loss_avg:4.8161e-01
INFO: 2024-01-17 23:04:18 epoch:0 dataset: 1/17 step: 61/125 time:0.01+6.65 loss_avg:4.6871e-01
INFO: 2024-01-17 23:04:26 epoch:0 dataset: 1/17 step: 62/125 time:0.01+7.34 loss_avg:4.4806e-01
INFO: 2024-01-17 23:04:33 epoch:0 dataset: 1/17 step: 63/125 time:0.01+7.14 loss_avg:4.7664e-01
INFO: 2024-01-17 23:04:39 epoch:0 dataset: 1/17 step: 64/125 time:0.02+5.99 loss_avg:4.5811e-01
INFO: 2024-01-17 23:04:46 epoch:0 dataset: 1/17 step: 65/125 time:0.02+7.35 loss_avg:4.2274e-01
INFO: 2024-01-17 23:04:53 epoch:0 dataset: 1/17 step: 66/125 time:0.02+7.09 loss_avg:4.5167e-01
INFO: 2024-01-17 23:05:00 epoch:0 dataset: 1/17 step: 67/125 time:0.01+6.63 loss_avg:4.6087e-01
INFO: 2024-01-17 23:05:02 epoch:0 dataset: 1/17 step: 68/125 time:0.01+1.85 loss_avg:4.4698e-01
INFO: 2024-01-17 23:05:03 epoch:0 dataset: 1/17 step: 69/125 time:0.00+1.65 loss_avg:4.7149e-01
INFO: 2024-01-17 23:05:07 epoch:0 dataset: 1/17 step: 70/125 time:0.00+3.33 loss_avg:4.5383e-01
INFO: 2024-01-17 23:05:14 epoch:0 dataset: 1/17 step: 71/125 time:0.03+7.36 loss_avg:4.5740e-01
INFO: 2024-01-17 23:05:21 epoch:0 dataset: 1/17 step: 72/125 time:0.01+6.82 loss_avg:4.4658e-01
INFO: 2024-01-17 23:05:28 epoch:0 dataset: 1/17 step: 73/125 time:0.01+7.25 loss_avg:4.6200e-01
INFO: 2024-01-17 23:05:34 epoch:0 dataset: 1/17 step: 74/125 time:0.01+5.38 loss_avg:4.1530e-01
INFO: 2024-01-17 23:05:41 epoch:0 dataset: 1/17 step: 75/125 time:0.01+7.08 loss_avg:4.5137e-01
INFO: 2024-01-17 23:05:48 epoch:0 dataset: 1/17 step: 76/125 time:0.01+7.21 loss_avg:4.5153e-01
INFO: 2024-01-17 23:05:53 epoch:0 dataset: 1/17 step: 77/125 time:0.01+5.32 loss_avg:4.4830e-01
INFO: 2024-01-17 23:06:01 epoch:0 dataset: 1/17 step: 78/125 time:0.01+7.24 loss_avg:4.6412e-01
INFO: 2024-01-17 23:06:07 epoch:0 dataset: 1/17 step: 79/125 time:0.01+6.65 loss_avg:4.6636e-01
INFO: 2024-01-17 23:06:14 epoch:0 dataset: 1/17 step: 80/125 time:0.01+6.88 loss_avg:4.0539e-01
INFO: 2024-01-17 23:06:22 epoch:0 dataset: 1/17 step: 81/125 time:0.01+7.50 loss_avg:4.6187e-01
INFO: 2024-01-17 23:06:28 epoch:0 dataset: 1/17 step: 82/125 time:0.01+6.23 loss_avg:4.4178e-01
INFO: 2024-01-17 23:06:34 epoch:0 dataset: 1/17 step: 83/125 time:0.00+5.71 loss_avg:4.5901e-01
INFO: 2024-01-17 23:06:41 epoch:0 dataset: 1/17 step: 84/125 time:0.02+7.04 loss_avg:4.6653e-01
INFO: 2024-01-17 23:06:47 epoch:0 dataset: 1/17 step: 85/125 time:0.01+6.00 loss_avg:4.6512e-01
INFO: 2024-01-17 23:06:54 epoch:0 dataset: 1/17 step: 86/125 time:0.01+7.19 loss_avg:4.5975e-01
INFO: 2024-01-17 23:07:01 epoch:0 dataset: 1/17 step: 87/125 time:0.01+7.52 loss_avg:4.3943e-01
INFO: 2024-01-17 23:07:08 epoch:0 dataset: 1/17 step: 88/125 time:0.01+6.87 loss_avg:4.5970e-01
INFO: 2024-01-17 23:07:15 epoch:0 dataset: 1/17 step: 89/125 time:0.01+6.57 loss_avg:4.7190e-01
INFO: 2024-01-17 23:07:22 epoch:0 dataset: 1/17 step: 90/125 time:0.01+7.31 loss_avg:4.6262e-01
INFO: 2024-01-17 23:07:29 epoch:0 dataset: 1/17 step: 91/125 time:0.01+6.94 loss_avg:4.6902e-01
INFO: 2024-01-17 23:07:37 epoch:0 dataset: 1/17 step: 92/125 time:0.01+7.47 loss_avg:4.7237e-01
INFO: 2024-01-17 23:07:44 epoch:0 dataset: 1/17 step: 93/125 time:0.02+7.29 loss_avg:4.6368e-01
INFO: 2024-01-17 23:07:50 epoch:0 dataset: 1/17 step: 94/125 time:0.00+6.29 loss_avg:3.8708e-01
INFO: 2024-01-17 23:07:57 epoch:0 dataset: 1/17 step: 95/125 time:0.00+6.76 loss_avg:4.3913e-01
INFO: 2024-01-17 23:08:04 epoch:0 dataset: 1/17 step: 96/125 time:0.02+7.36 loss_avg:4.6464e-01
INFO: 2024-01-17 23:08:11 epoch:0 dataset: 1/17 step: 97/125 time:0.02+7.03 loss_avg:4.7973e-01
INFO: 2024-01-17 23:08:18 epoch:0 dataset: 1/17 step: 98/125 time:0.02+7.01 loss_avg:4.6063e-01
INFO: 2024-01-17 23:08:25 epoch:0 dataset: 1/17 step: 99/125 time:0.01+6.94 loss_avg:4.4364e-01
INFO: 2024-01-17 23:08:32 epoch:0 dataset: 1/17 step: 100/125 time:0.01+6.72 loss_avg:4.3601e-01
INFO: 2024-01-17 23:08:38 epoch:0 dataset: 1/17 step: 101/125 time:0.01+5.95 loss_avg:4.5275e-01
INFO: 2024-01-17 23:08:45 epoch:0 dataset: 1/17 step: 102/125 time:0.00+7.36 loss_avg:4.4866e-01
INFO: 2024-01-17 23:08:52 epoch:0 dataset: 1/17 step: 103/125 time:0.01+6.80 loss_avg:4.8102e-01
INFO: 2024-01-17 23:09:00 epoch:0 dataset: 1/17 step: 104/125 time:0.01+7.53 loss_avg:4.5833e-01
INFO: 2024-01-17 23:09:05 epoch:0 dataset: 1/17 step: 105/125 time:0.01+5.50 loss_avg:4.5215e-01
INFO: 2024-01-17 23:09:10 epoch:0 dataset: 1/17 step: 106/125 time:0.01+5.02 loss_avg:4.4581e-01
INFO: 2024-01-17 23:09:17 epoch:0 dataset: 1/17 step: 107/125 time:0.00+6.41 loss_avg:4.3910e-01
INFO: 2024-01-17 23:09:22 epoch:0 dataset: 1/17 step: 108/125 time:0.00+5.52 loss_avg:4.5861e-01
INFO: 2024-01-17 23:09:27 epoch:0 dataset: 1/17 step: 109/125 time:0.04+4.61 loss_avg:4.5473e-01
INFO: 2024-01-17 23:09:31 epoch:0 dataset: 1/17 step: 110/125 time:0.01+4.60 loss_avg:4.2021e-01
INFO: 2024-01-17 23:09:37 epoch:0 dataset: 1/17 step: 111/125 time:0.01+5.20 loss_avg:4.4573e-01
INFO: 2024-01-17 23:09:44 epoch:0 dataset: 1/17 step: 112/125 time:0.01+7.38 loss_avg:4.5377e-01
INFO: 2024-01-17 23:09:51 epoch:0 dataset: 1/17 step: 113/125 time:0.01+7.38 loss_avg:4.6297e-01
INFO: 2024-01-17 23:09:57 epoch:0 dataset: 1/17 step: 114/125 time:0.01+5.97 loss_avg:4.4975e-01
INFO: 2024-01-17 23:10:04 epoch:0 dataset: 1/17 step: 115/125 time:0.00+6.52 loss_avg:4.5888e-01
INFO: 2024-01-17 23:10:08 epoch:0 dataset: 1/17 step: 116/125 time:0.01+4.48 loss_avg:4.6341e-01
INFO: 2024-01-17 23:10:13 epoch:0 dataset: 1/17 step: 117/125 time:0.00+4.81 loss_avg:4.4540e-01
INFO: 2024-01-17 23:10:21 epoch:0 dataset: 1/17 step: 118/125 time:0.01+7.41 loss_avg:4.4153e-01
INFO: 2024-01-17 23:10:28 epoch:0 dataset: 1/17 step: 119/125 time:0.01+7.29 loss_avg:4.5953e-01
INFO: 2024-01-17 23:10:35 epoch:0 dataset: 1/17 step: 120/125 time:0.01+7.49 loss_avg:4.5590e-01
INFO: 2024-01-17 23:10:43 epoch:0 dataset: 1/17 step: 121/125 time:0.02+7.45 loss_avg:4.1120e-01
INFO: 2024-01-17 23:10:50 epoch:0 dataset: 1/17 step: 122/125 time:0.01+7.49 loss_avg:4.4234e-01
INFO: 2024-01-17 23:10:58 epoch:0 dataset: 1/17 step: 123/125 time:0.01+7.45 loss_avg:4.5759e-01
INFO: 2024-01-17 23:11:05 epoch:0 dataset: 1/17 step: 124/125 time:0.01+7.56 loss_avg:4.2657e-01
INFO: Training on data_train_chr9_96.npy complete.
INFO: 2024-01-17 23:11:14 epoch:0 dataset: 2/17 step: 0/103 time:0.57+7.73 loss_avg:4.3115e-01
INFO: 2024-01-17 23:11:21 epoch:0 dataset: 2/17 step: 1/103 time:0.01+7.29 loss_avg:4.3939e-01
INFO: 2024-01-17 23:11:29 epoch:0 dataset: 2/17 step: 2/103 time:0.01+7.70 loss_avg:4.1910e-01
INFO: 2024-01-17 23:11:34 epoch:0 dataset: 2/17 step: 3/103 time:0.01+5.57 loss_avg:3.5179e-01
INFO: 2024-01-17 23:11:39 epoch:0 dataset: 2/17 step: 4/103 time:0.01+5.17 loss_avg:4.3095e-01
INFO: 2024-01-17 23:11:46 epoch:0 dataset: 2/17 step: 5/103 time:0.01+6.73 loss_avg:4.2437e-01
INFO: 2024-01-17 23:11:54 epoch:0 dataset: 2/17 step: 6/103 time:0.01+7.69 loss_avg:4.2249e-01
INFO: 2024-01-17 23:12:01 epoch:0 dataset: 2/17 step: 7/103 time:0.01+6.90 loss_avg:4.1325e-01
INFO: 2024-01-17 23:12:07 epoch:0 dataset: 2/17 step: 8/103 time:0.01+6.11 loss_avg:4.3241e-01
INFO: 2024-01-17 23:12:14 epoch:0 dataset: 2/17 step: 9/103 time:0.01+7.19 loss_avg:4.2632e-01
INFO: 2024-01-17 23:12:21 epoch:0 dataset: 2/17 step: 10/103 time:0.01+7.18 loss_avg:4.2107e-01
INFO: 2024-01-17 23:12:29 epoch:0 dataset: 2/17 step: 11/103 time:0.01+7.17 loss_avg:3.8399e-01
INFO: 2024-01-17 23:12:35 epoch:0 dataset: 2/17 step: 12/103 time:0.01+6.92 loss_avg:4.1900e-01
INFO: 2024-01-17 23:12:43 epoch:0 dataset: 2/17 step: 13/103 time:0.01+7.17 loss_avg:4.0981e-01
INFO: 2024-01-17 23:12:50 epoch:0 dataset: 2/17 step: 14/103 time:0.01+7.50 loss_avg:4.2134e-01
INFO: 2024-01-17 23:12:57 epoch:0 dataset: 2/17 step: 15/103 time:0.01+7.09 loss_avg:4.3351e-01
INFO: 2024-01-17 23:13:02 epoch:0 dataset: 2/17 step: 16/103 time:0.01+4.79 loss_avg:4.3719e-01
INFO: 2024-01-17 23:13:06 epoch:0 dataset: 2/17 step: 17/103 time:0.01+4.02 loss_avg:4.2135e-01
INFO: 2024-01-17 23:13:14 epoch:0 dataset: 2/17 step: 18/103 time:0.00+7.49 loss_avg:4.3293e-01
INFO: 2024-01-17 23:13:21 epoch:0 dataset: 2/17 step: 19/103 time:0.01+7.53 loss_avg:4.2775e-01
INFO: 2024-01-17 23:13:29 epoch:0 dataset: 2/17 step: 20/103 time:0.01+7.50 loss_avg:4.4044e-01
INFO: 2024-01-17 23:13:36 epoch:0 dataset: 2/17 step: 21/103 time:0.02+7.09 loss_avg:4.3453e-01
INFO: 2024-01-17 23:13:42 epoch:0 dataset: 2/17 step: 22/103 time:0.01+6.75 loss_avg:4.3938e-01
INFO: 2024-01-17 23:13:50 epoch:0 dataset: 2/17 step: 23/103 time:0.00+7.24 loss_avg:4.3522e-01
INFO: 2024-01-17 23:13:57 epoch:0 dataset: 2/17 step: 24/103 time:0.02+7.44 loss_avg:4.4130e-01
INFO: 2024-01-17 23:14:05 epoch:0 dataset: 2/17 step: 25/103 time:0.01+7.54 loss_avg:3.6026e-01
INFO: 2024-01-17 23:14:13 epoch:0 dataset: 2/17 step: 26/103 time:0.02+7.82 loss_avg:3.8574e-01
INFO: 2024-01-17 23:14:20 epoch:0 dataset: 2/17 step: 27/103 time:0.01+7.33 loss_avg:4.2746e-01
INFO: 2024-01-17 23:14:27 epoch:0 dataset: 2/17 step: 28/103 time:0.01+7.57 loss_avg:4.4025e-01
INFO: 2024-01-17 23:14:35 epoch:0 dataset: 2/17 step: 29/103 time:0.00+7.56 loss_avg:4.4872e-01
INFO: 2024-01-17 23:14:42 epoch:0 dataset: 2/17 step: 30/103 time:0.01+7.47 loss_avg:4.2675e-01
INFO: 2024-01-17 23:14:50 epoch:0 dataset: 2/17 step: 31/103 time:0.01+7.32 loss_avg:4.3558e-01
INFO: 2024-01-17 23:14:57 epoch:0 dataset: 2/17 step: 32/103 time:0.00+7.14 loss_avg:4.2236e-01
INFO: 2024-01-17 23:15:05 epoch:0 dataset: 2/17 step: 33/103 time:0.03+7.56 loss_avg:4.3181e-01
INFO: 2024-01-17 23:15:12 epoch:0 dataset: 2/17 step: 34/103 time:0.01+7.52 loss_avg:4.3223e-01
INFO: 2024-01-17 23:15:20 epoch:0 dataset: 2/17 step: 35/103 time:0.01+7.69 loss_avg:4.2681e-01
INFO: 2024-01-17 23:15:27 epoch:0 dataset: 2/17 step: 36/103 time:0.01+7.53 loss_avg:4.5345e-01
INFO: 2024-01-17 23:15:33 epoch:0 dataset: 2/17 step: 37/103 time:0.01+5.93 loss_avg:4.2898e-01
INFO: 2024-01-17 23:15:40 epoch:0 dataset: 2/17 step: 38/103 time:0.01+6.66 loss_avg:4.1345e-01
INFO: 2024-01-17 23:15:48 epoch:0 dataset: 2/17 step: 39/103 time:0.01+7.74 loss_avg:4.3245e-01
INFO: 2024-01-17 23:15:55 epoch:0 dataset: 2/17 step: 40/103 time:0.01+7.58 loss_avg:4.4036e-01
INFO: 2024-01-17 23:16:02 epoch:0 dataset: 2/17 step: 41/103 time:0.01+7.24 loss_avg:4.2924e-01
INFO: 2024-01-17 23:16:10 epoch:0 dataset: 2/17 step: 42/103 time:0.01+7.14 loss_avg:4.2322e-01
INFO: 2024-01-17 23:16:17 epoch:0 dataset: 2/17 step: 43/103 time:0.01+7.31 loss_avg:4.2415e-01
INFO: 2024-01-17 23:16:24 epoch:0 dataset: 2/17 step: 44/103 time:0.01+7.09 loss_avg:4.3126e-01
INFO: 2024-01-17 23:16:32 epoch:0 dataset: 2/17 step: 45/103 time:0.01+7.82 loss_avg:4.3592e-01
INFO: 2024-01-17 23:16:39 epoch:0 dataset: 2/17 step: 46/103 time:0.01+7.50 loss_avg:4.3842e-01
INFO: 2024-01-17 23:16:46 epoch:0 dataset: 2/17 step: 47/103 time:0.01+6.45 loss_avg:4.0797e-01
INFO: 2024-01-17 23:16:51 epoch:0 dataset: 2/17 step: 48/103 time:0.00+5.01 loss_avg:4.4067e-01
INFO: 2024-01-17 23:16:56 epoch:0 dataset: 2/17 step: 49/103 time:0.03+4.89 loss_avg:4.4121e-01
INFO: 2024-01-17 23:17:03 epoch:0 dataset: 2/17 step: 50/103 time:0.01+6.89 loss_avg:4.2891e-01
INFO: 2024-01-17 23:17:08 epoch:0 dataset: 2/17 step: 51/103 time:0.01+5.26 loss_avg:4.2384e-01
INFO: 2024-01-17 23:17:15 epoch:0 dataset: 2/17 step: 52/103 time:0.02+7.43 loss_avg:4.4042e-01
INFO: 2024-01-17 23:17:22 epoch:0 dataset: 2/17 step: 53/103 time:0.01+6.91 loss_avg:3.9215e-01
INFO: 2024-01-17 23:17:29 epoch:0 dataset: 2/17 step: 54/103 time:0.01+6.99 loss_avg:3.9585e-01
INFO: 2024-01-17 23:17:37 epoch:0 dataset: 2/17 step: 55/103 time:0.00+7.20 loss_avg:4.2147e-01
INFO: 2024-01-17 23:17:44 epoch:0 dataset: 2/17 step: 56/103 time:0.02+7.63 loss_avg:4.2154e-01
INFO: 2024-01-17 23:17:48 epoch:0 dataset: 2/17 step: 57/103 time:0.02+4.26 loss_avg:4.2523e-01
INFO: 2024-01-17 23:17:53 epoch:0 dataset: 2/17 step: 58/103 time:0.00+4.91 loss_avg:4.4025e-01
INFO: 2024-01-17 23:17:59 epoch:0 dataset: 2/17 step: 59/103 time:0.02+5.56 loss_avg:4.3394e-01
INFO: 2024-01-17 23:18:07 epoch:0 dataset: 2/17 step: 60/103 time:0.01+7.95 loss_avg:4.1287e-01
INFO: 2024-01-17 23:18:13 epoch:0 dataset: 2/17 step: 61/103 time:0.01+6.58 loss_avg:4.1114e-01
INFO: 2024-01-17 23:18:22 epoch:0 dataset: 2/17 step: 62/103 time:0.01+8.39 loss_avg:4.3154e-01
INFO: 2024-01-17 23:18:30 epoch:0 dataset: 2/17 step: 63/103 time:0.02+8.26 loss_avg:4.4597e-01
INFO: 2024-01-17 23:18:37 epoch:0 dataset: 2/17 step: 64/103 time:0.02+7.22 loss_avg:4.2162e-01
INFO: 2024-01-17 23:18:45 epoch:0 dataset: 2/17 step: 65/103 time:0.01+7.66 loss_avg:4.3673e-01
INFO: 2024-01-17 23:18:53 epoch:0 dataset: 2/17 step: 66/103 time:0.01+7.61 loss_avg:4.3538e-01
INFO: 2024-01-17 23:19:00 epoch:0 dataset: 2/17 step: 67/103 time:0.01+7.56 loss_avg:3.9772e-01
INFO: 2024-01-17 23:19:09 epoch:0 dataset: 2/17 step: 68/103 time:0.01+8.55 loss_avg:4.5289e-01
INFO: 2024-01-17 23:19:18 epoch:0 dataset: 2/17 step: 69/103 time:0.01+9.08 loss_avg:4.3401e-01
INFO: 2024-01-17 23:19:24 epoch:0 dataset: 2/17 step: 70/103 time:0.01+5.99 loss_avg:4.4077e-01
INFO: 2024-01-17 23:19:29 epoch:0 dataset: 2/17 step: 71/103 time:0.00+5.22 loss_avg:4.1594e-01
INFO: 2024-01-17 23:19:35 epoch:0 dataset: 2/17 step: 72/103 time:0.02+5.34 loss_avg:4.2286e-01
INFO: 2024-01-17 23:19:42 epoch:0 dataset: 2/17 step: 73/103 time:0.00+7.17 loss_avg:4.3020e-01
INFO: 2024-01-17 23:19:49 epoch:0 dataset: 2/17 step: 74/103 time:0.02+7.59 loss_avg:4.3426e-01
INFO: 2024-01-17 23:19:56 epoch:0 dataset: 2/17 step: 75/103 time:0.02+7.05 loss_avg:4.3492e-01
INFO: 2024-01-17 23:20:03 epoch:0 dataset: 2/17 step: 76/103 time:0.01+6.45 loss_avg:4.2131e-01
INFO: 2024-01-17 23:20:11 epoch:0 dataset: 2/17 step: 77/103 time:0.04+7.71 loss_avg:4.0089e-01
INFO: 2024-01-17 23:20:18 epoch:0 dataset: 2/17 step: 78/103 time:0.03+7.26 loss_avg:4.1603e-01
INFO: 2024-01-17 23:20:25 epoch:0 dataset: 2/17 step: 79/103 time:0.02+7.28 loss_avg:4.3501e-01
INFO: 2024-01-17 23:20:33 epoch:0 dataset: 2/17 step: 80/103 time:0.01+7.42 loss_avg:4.3804e-01
INFO: 2024-01-17 23:20:40 epoch:0 dataset: 2/17 step: 81/103 time:0.00+7.16 loss_avg:4.3957e-01
INFO: 2024-01-17 23:20:47 epoch:0 dataset: 2/17 step: 82/103 time:0.01+7.47 loss_avg:4.3213e-01
INFO: 2024-01-17 23:20:55 epoch:0 dataset: 2/17 step: 83/103 time:0.01+7.63 loss_avg:4.1823e-01
INFO: 2024-01-17 23:21:02 epoch:0 dataset: 2/17 step: 84/103 time:0.01+7.54 loss_avg:4.4334e-01
INFO: 2024-01-17 23:21:10 epoch:0 dataset: 2/17 step: 85/103 time:0.01+7.50 loss_avg:4.2890e-01
INFO: 2024-01-17 23:21:16 epoch:0 dataset: 2/17 step: 86/103 time:0.01+6.27 loss_avg:3.9041e-01
INFO: 2024-01-17 23:21:21 epoch:0 dataset: 2/17 step: 87/103 time:0.00+4.76 loss_avg:4.2398e-01
INFO: 2024-01-17 23:21:26 epoch:0 dataset: 2/17 step: 88/103 time:0.00+4.62 loss_avg:4.1712e-01
INFO: 2024-01-17 23:21:33 epoch:0 dataset: 2/17 step: 89/103 time:0.00+7.10 loss_avg:4.3924e-01
INFO: 2024-01-17 23:21:40 epoch:0 dataset: 2/17 step: 90/103 time:0.02+6.99 loss_avg:4.4394e-01
INFO: 2024-01-17 23:21:47 epoch:0 dataset: 2/17 step: 91/103 time:0.00+7.51 loss_avg:4.1666e-01
INFO: 2024-01-17 23:21:55 epoch:0 dataset: 2/17 step: 92/103 time:0.02+7.66 loss_avg:4.2632e-01
INFO: 2024-01-17 23:22:02 epoch:0 dataset: 2/17 step: 93/103 time:0.01+7.58 loss_avg:4.3959e-01
INFO: 2024-01-17 23:22:10 epoch:0 dataset: 2/17 step: 94/103 time:0.01+7.64 loss_avg:4.2949e-01
INFO: 2024-01-17 23:22:18 epoch:0 dataset: 2/17 step: 95/103 time:0.01+7.66 loss_avg:4.1040e-01
INFO: 2024-01-17 23:22:26 epoch:0 dataset: 2/17 step: 96/103 time:0.02+7.68 loss_avg:4.2781e-01
INFO: 2024-01-17 23:22:33 epoch:0 dataset: 2/17 step: 97/103 time:0.03+7.65 loss_avg:4.1403e-01
INFO: 2024-01-17 23:22:41 epoch:0 dataset: 2/17 step: 98/103 time:0.02+7.29 loss_avg:4.3805e-01
INFO: 2024-01-17 23:22:48 epoch:0 dataset: 2/17 step: 99/103 time:0.01+7.18 loss_avg:4.2933e-01
INFO: 2024-01-17 23:22:54 epoch:0 dataset: 2/17 step: 100/103 time:0.01+6.48 loss_avg:4.4913e-01
INFO: 2024-01-17 23:22:59 epoch:0 dataset: 2/17 step: 101/103 time:0.01+4.62 loss_avg:4.3562e-01
INFO: 2024-01-17 23:23:05 epoch:0 dataset: 2/17 step: 102/103 time:0.01+6.62 loss_avg:4.1965e-01
INFO: Training on data_train_chr15_96.npy complete.
INFO: 2024-01-17 23:23:16 epoch:0 dataset: 3/17 step: 0/158 time:3.43+7.01 loss_avg:4.5782e-01
INFO: 2024-01-17 23:23:22 epoch:0 dataset: 3/17 step: 1/158 time:0.00+6.18 loss_avg:4.3505e-01
INFO: 2024-01-17 23:23:28 epoch:0 dataset: 3/17 step: 2/158 time:0.01+5.84 loss_avg:4.2784e-01
INFO: 2024-01-17 23:23:34 epoch:0 dataset: 3/17 step: 3/158 time:0.00+6.52 loss_avg:4.0903e-01
INFO: 2024-01-17 23:23:42 epoch:0 dataset: 3/17 step: 4/158 time:0.01+7.75 loss_avg:4.1253e-01
INFO: 2024-01-17 23:23:49 epoch:0 dataset: 3/17 step: 5/158 time:0.01+7.26 loss_avg:4.3134e-01
INFO: 2024-01-17 23:23:57 epoch:0 dataset: 3/17 step: 6/158 time:0.01+7.20 loss_avg:4.3955e-01
INFO: 2024-01-17 23:24:03 epoch:0 dataset: 3/17 step: 7/158 time:0.02+6.73 loss_avg:4.2232e-01
INFO: 2024-01-17 23:24:11 epoch:0 dataset: 3/17 step: 8/158 time:0.01+7.61 loss_avg:4.3499e-01
INFO: 2024-01-17 23:24:16 epoch:0 dataset: 3/17 step: 9/158 time:0.01+5.37 loss_avg:3.7570e-01
INFO: 2024-01-17 23:24:22 epoch:0 dataset: 3/17 step: 10/158 time:0.00+5.71 loss_avg:4.4546e-01
INFO: 2024-01-17 23:24:27 epoch:0 dataset: 3/17 step: 11/158 time:0.01+4.98 loss_avg:4.2353e-01
INFO: 2024-01-17 23:24:32 epoch:0 dataset: 3/17 step: 12/158 time:0.01+4.96 loss_avg:4.3105e-01
INFO: 2024-01-17 23:24:37 epoch:0 dataset: 3/17 step: 13/158 time:0.01+4.78 loss_avg:4.5191e-01
INFO: 2024-01-17 23:24:43 epoch:0 dataset: 3/17 step: 14/158 time:0.01+6.44 loss_avg:4.0571e-01
INFO: 2024-01-17 23:24:48 epoch:0 dataset: 3/17 step: 15/158 time:0.01+5.11 loss_avg:4.1357e-01
INFO: 2024-01-17 23:24:56 epoch:0 dataset: 3/17 step: 16/158 time:0.03+7.51 loss_avg:4.1985e-01
INFO: 2024-01-17 23:25:01 epoch:0 dataset: 3/17 step: 17/158 time:0.00+4.91 loss_avg:4.3581e-01
INFO: 2024-01-17 23:25:06 epoch:0 dataset: 3/17 step: 18/158 time:0.00+4.85 loss_avg:4.1718e-01
INFO: 2024-01-17 23:25:11 epoch:0 dataset: 3/17 step: 19/158 time:0.00+4.99 loss_avg:4.2475e-01
INFO: 2024-01-17 23:25:16 epoch:0 dataset: 3/17 step: 20/158 time:0.00+5.07 loss_avg:4.4896e-01
INFO: 2024-01-17 23:25:22 epoch:0 dataset: 3/17 step: 21/158 time:0.02+6.48 loss_avg:3.9128e-01
INFO: 2024-01-17 23:25:29 epoch:0 dataset: 3/17 step: 22/158 time:0.01+6.49 loss_avg:4.5116e-01
INFO: 2024-01-17 23:25:32 epoch:0 dataset: 3/17 step: 23/158 time:0.01+2.78 loss_avg:4.2836e-01
INFO: 2024-01-17 23:25:37 epoch:0 dataset: 3/17 step: 24/158 time:0.00+5.06 loss_avg:4.2832e-01
INFO: 2024-01-17 23:25:42 epoch:0 dataset: 3/17 step: 25/158 time:0.00+5.36 loss_avg:4.2115e-01
INFO: 2024-01-17 23:25:48 epoch:0 dataset: 3/17 step: 26/158 time:0.02+6.25 loss_avg:4.0025e-01
INFO: 2024-01-17 23:25:54 epoch:0 dataset: 3/17 step: 27/158 time:0.01+5.85 loss_avg:4.2522e-01
INFO: 2024-01-17 23:25:59 epoch:0 dataset: 3/17 step: 28/158 time:0.00+5.11 loss_avg:4.3502e-01
INFO: 2024-01-17 23:26:05 epoch:0 dataset: 3/17 step: 29/158 time:0.00+5.41 loss_avg:4.0277e-01
INFO: 2024-01-17 23:26:10 epoch:0 dataset: 3/17 step: 30/158 time:0.03+5.17 loss_avg:4.4445e-01
INFO: 2024-01-17 23:26:16 epoch:0 dataset: 3/17 step: 31/158 time:0.00+6.40 loss_avg:4.3764e-01
INFO: 2024-01-17 23:26:21 epoch:0 dataset: 3/17 step: 32/158 time:0.02+4.83 loss_avg:4.5972e-01
INFO: 2024-01-17 23:26:26 epoch:0 dataset: 3/17 step: 33/158 time:0.01+4.93 loss_avg:4.4123e-01
INFO: 2024-01-17 23:26:33 epoch:0 dataset: 3/17 step: 34/158 time:0.01+6.44 loss_avg:4.2277e-01
INFO: 2024-01-17 23:26:38 epoch:0 dataset: 3/17 step: 35/158 time:0.01+5.13 loss_avg:4.3547e-01
INFO: 2024-01-17 23:26:43 epoch:0 dataset: 3/17 step: 36/158 time:0.01+4.98 loss_avg:4.0224e-01
INFO: 2024-01-17 23:26:47 epoch:0 dataset: 3/17 step: 37/158 time:0.00+4.53 loss_avg:4.2229e-01
INFO: 2024-01-17 23:26:52 epoch:0 dataset: 3/17 step: 38/158 time:0.00+4.70 loss_avg:4.2549e-01
INFO: 2024-01-17 23:26:58 epoch:0 dataset: 3/17 step: 39/158 time:0.00+5.68 loss_avg:4.4333e-01
INFO: 2024-01-17 23:27:05 epoch:0 dataset: 3/17 step: 40/158 time:0.00+7.31 loss_avg:4.3963e-01
INFO: 2024-01-17 23:27:12 epoch:0 dataset: 3/17 step: 41/158 time:0.02+7.15 loss_avg:4.0615e-01
INFO: 2024-01-17 23:27:20 epoch:0 dataset: 3/17 step: 42/158 time:0.02+7.47 loss_avg:3.8679e-01
INFO: 2024-01-17 23:27:22 epoch:0 dataset: 3/17 step: 43/158 time:0.01+2.32 loss_avg:4.3717e-01
INFO: 2024-01-17 23:27:24 epoch:0 dataset: 3/17 step: 44/158 time:0.00+2.10 loss_avg:4.1372e-01
INFO: 2024-01-17 23:27:28 epoch:0 dataset: 3/17 step: 45/158 time:0.00+4.45 loss_avg:3.5744e-01
INFO: 2024-01-17 23:27:35 epoch:0 dataset: 3/17 step: 46/158 time:0.02+6.85 loss_avg:4.3498e-01
INFO: 2024-01-17 23:27:40 epoch:0 dataset: 3/17 step: 47/158 time:0.00+5.10 loss_avg:4.3920e-01
INFO: 2024-01-17 23:27:45 epoch:0 dataset: 3/17 step: 48/158 time:0.02+5.04 loss_avg:4.1136e-01
INFO: 2024-01-17 23:27:50 epoch:0 dataset: 3/17 step: 49/158 time:0.03+4.53 loss_avg:4.1201e-01
INFO: 2024-01-17 23:27:56 epoch:0 dataset: 3/17 step: 50/158 time:0.00+5.91 loss_avg:4.2775e-01
INFO: 2024-01-17 23:28:03 epoch:0 dataset: 3/17 step: 51/158 time:0.00+7.43 loss_avg:3.9276e-01
INFO: 2024-01-17 23:28:09 epoch:0 dataset: 3/17 step: 52/158 time:0.00+6.13 loss_avg:4.4945e-01
INFO: 2024-01-17 23:28:17 epoch:0 dataset: 3/17 step: 53/158 time:0.00+7.50 loss_avg:4.6653e-01
INFO: 2024-01-17 23:28:23 epoch:0 dataset: 3/17 step: 54/158 time:0.01+6.26 loss_avg:4.3026e-01
INFO: 2024-01-17 23:28:30 epoch:0 dataset: 3/17 step: 55/158 time:0.01+6.74 loss_avg:4.2606e-01
INFO: 2024-01-17 23:28:37 epoch:0 dataset: 3/17 step: 56/158 time:0.01+6.95 loss_avg:4.2765e-01
INFO: 2024-01-17 23:28:42 epoch:0 dataset: 3/17 step: 57/158 time:0.00+4.78 loss_avg:4.2085e-01
INFO: 2024-01-17 23:28:47 epoch:0 dataset: 3/17 step: 58/158 time:0.00+4.79 loss_avg:4.2837e-01
INFO: 2024-01-17 23:28:52 epoch:0 dataset: 3/17 step: 59/158 time:0.00+5.25 loss_avg:4.2732e-01
INFO: 2024-01-17 23:28:56 epoch:0 dataset: 3/17 step: 60/158 time:0.02+4.19 loss_avg:3.8309e-01
INFO: 2024-01-17 23:28:59 epoch:0 dataset: 3/17 step: 61/158 time:0.00+2.91 loss_avg:4.1331e-01
INFO: 2024-01-17 23:29:01 epoch:0 dataset: 3/17 step: 62/158 time:0.02+2.20 loss_avg:4.2552e-01
INFO: 2024-01-17 23:29:04 epoch:0 dataset: 3/17 step: 63/158 time:0.00+2.89 loss_avg:3.9289e-01
INFO: 2024-01-17 23:29:06 epoch:0 dataset: 3/17 step: 64/158 time:0.00+2.28 loss_avg:4.1680e-01
INFO: 2024-01-17 23:29:12 epoch:0 dataset: 3/17 step: 65/158 time:0.03+5.33 loss_avg:4.1595e-01
INFO: 2024-01-17 23:29:19 epoch:0 dataset: 3/17 step: 66/158 time:0.01+6.85 loss_avg:4.1719e-01
INFO: 2024-01-17 23:29:23 epoch:0 dataset: 3/17 step: 67/158 time:0.00+4.82 loss_avg:4.1803e-01
INFO: 2024-01-17 23:29:31 epoch:0 dataset: 3/17 step: 68/158 time:0.00+7.29 loss_avg:4.2137e-01
INFO: 2024-01-17 23:29:37 epoch:0 dataset: 3/17 step: 69/158 time:0.03+6.11 loss_avg:4.2058e-01
INFO: 2024-01-17 23:29:41 epoch:0 dataset: 3/17 step: 70/158 time:0.01+4.38 loss_avg:4.3107e-01
INFO: 2024-01-17 23:29:47 epoch:0 dataset: 3/17 step: 71/158 time:0.01+5.59 loss_avg:4.1923e-01
INFO: 2024-01-17 23:29:53 epoch:0 dataset: 3/17 step: 72/158 time:0.00+6.31 loss_avg:4.2969e-01
INFO: 2024-01-17 23:30:00 epoch:0 dataset: 3/17 step: 73/158 time:0.02+7.05 loss_avg:4.2514e-01
INFO: 2024-01-17 23:30:07 epoch:0 dataset: 3/17 step: 74/158 time:0.01+7.06 loss_avg:4.4993e-01
INFO: 2024-01-17 23:30:14 epoch:0 dataset: 3/17 step: 75/158 time:0.00+7.09 loss_avg:4.5515e-01
INFO: 2024-01-17 23:30:18 epoch:0 dataset: 3/17 step: 76/158 time:0.00+4.11 loss_avg:4.4087e-01
INFO: 2024-01-17 23:30:23 epoch:0 dataset: 3/17 step: 77/158 time:0.02+4.53 loss_avg:4.0000e-01
INFO: 2024-01-17 23:30:29 epoch:0 dataset: 3/17 step: 78/158 time:0.01+5.85 loss_avg:4.1820e-01
INFO: 2024-01-17 23:30:34 epoch:0 dataset: 3/17 step: 79/158 time:0.01+5.06 loss_avg:4.3704e-01
INFO: 2024-01-17 23:30:39 epoch:0 dataset: 3/17 step: 80/158 time:0.00+5.19 loss_avg:4.3633e-01
INFO: 2024-01-17 23:30:44 epoch:0 dataset: 3/17 step: 81/158 time:0.00+5.31 loss_avg:4.5184e-01
INFO: 2024-01-17 23:30:51 epoch:0 dataset: 3/17 step: 82/158 time:0.00+6.26 loss_avg:4.3790e-01
INFO: 2024-01-17 23:30:58 epoch:0 dataset: 3/17 step: 83/158 time:0.03+7.27 loss_avg:4.3726e-01
INFO: 2024-01-17 23:31:05 epoch:0 dataset: 3/17 step: 84/158 time:0.02+7.29 loss_avg:4.4564e-01
INFO: 2024-01-17 23:31:13 epoch:0 dataset: 3/17 step: 85/158 time:0.03+7.63 loss_avg:4.3796e-01
INFO: 2024-01-17 23:31:20 epoch:0 dataset: 3/17 step: 86/158 time:0.03+7.17 loss_avg:4.4408e-01
INFO: 2024-01-17 23:31:27 epoch:0 dataset: 3/17 step: 87/158 time:0.02+7.03 loss_avg:4.3932e-01
INFO: 2024-01-17 23:31:34 epoch:0 dataset: 3/17 step: 88/158 time:0.01+6.56 loss_avg:4.3009e-01
INFO: 2024-01-17 23:31:40 epoch:0 dataset: 3/17 step: 89/158 time:0.01+6.21 loss_avg:4.3000e-01
INFO: 2024-01-17 23:31:45 epoch:0 dataset: 3/17 step: 90/158 time:0.01+5.44 loss_avg:4.3415e-01
INFO: 2024-01-17 23:31:51 epoch:0 dataset: 3/17 step: 91/158 time:0.01+5.51 loss_avg:4.1882e-01
INFO: 2024-01-17 23:31:57 epoch:0 dataset: 3/17 step: 92/158 time:0.01+6.20 loss_avg:4.4832e-01
INFO: 2024-01-17 23:32:02 epoch:0 dataset: 3/17 step: 93/158 time:0.01+4.77 loss_avg:4.2018e-01
INFO: 2024-01-17 23:32:07 epoch:0 dataset: 3/17 step: 94/158 time:0.01+4.98 loss_avg:3.8857e-01
INFO: 2024-01-17 23:32:11 epoch:0 dataset: 3/17 step: 95/158 time:0.01+4.57 loss_avg:4.1485e-01
INFO: 2024-01-17 23:32:16 epoch:0 dataset: 3/17 step: 96/158 time:0.00+5.01 loss_avg:3.9834e-01
INFO: 2024-01-17 23:32:23 epoch:0 dataset: 3/17 step: 97/158 time:0.00+6.54 loss_avg:4.5165e-01
INFO: 2024-01-17 23:32:31 epoch:0 dataset: 3/17 step: 98/158 time:0.02+7.46 loss_avg:4.3858e-01
INFO: 2024-01-17 23:32:36 epoch:0 dataset: 3/17 step: 99/158 time:0.02+5.54 loss_avg:4.0588e-01
INFO: 2024-01-17 23:32:42 epoch:0 dataset: 3/17 step: 100/158 time:0.00+5.74 loss_avg:4.3452e-01
INFO: 2024-01-17 23:32:48 epoch:0 dataset: 3/17 step: 101/158 time:0.03+6.30 loss_avg:3.9861e-01
INFO: 2024-01-17 23:32:54 epoch:0 dataset: 3/17 step: 102/158 time:0.03+6.09 loss_avg:4.2752e-01
INFO: 2024-01-17 23:33:00 epoch:0 dataset: 3/17 step: 103/158 time:0.02+5.95 loss_avg:4.4566e-01
INFO: 2024-01-17 23:33:05 epoch:0 dataset: 3/17 step: 104/158 time:0.02+4.72 loss_avg:4.1721e-01
INFO: 2024-01-17 23:33:10 epoch:0 dataset: 3/17 step: 105/158 time:0.02+5.03 loss_avg:4.1503e-01
INFO: 2024-01-17 23:33:17 epoch:0 dataset: 3/17 step: 106/158 time:0.02+6.46 loss_avg:4.5730e-01
INFO: 2024-01-17 23:33:22 epoch:0 dataset: 3/17 step: 107/158 time:0.01+5.36 loss_avg:4.1923e-01
INFO: 2024-01-17 23:33:26 epoch:0 dataset: 3/17 step: 108/158 time:0.02+3.88 loss_avg:4.3095e-01
INFO: 2024-01-17 23:33:31 epoch:0 dataset: 3/17 step: 109/158 time:0.00+5.27 loss_avg:4.2846e-01
INFO: 2024-01-17 23:33:36 epoch:0 dataset: 3/17 step: 110/158 time:0.00+5.05 loss_avg:4.4931e-01
INFO: 2024-01-17 23:33:42 epoch:0 dataset: 3/17 step: 111/158 time:0.00+5.66 loss_avg:4.3887e-01
INFO: 2024-01-17 23:33:49 epoch:0 dataset: 3/17 step: 112/158 time:0.01+6.98 loss_avg:4.4388e-01
INFO: 2024-01-17 23:33:53 epoch:0 dataset: 3/17 step: 113/158 time:0.01+4.51 loss_avg:4.1859e-01
INFO: 2024-01-17 23:33:58 epoch:0 dataset: 3/17 step: 114/158 time:0.02+4.23 loss_avg:4.3546e-01
INFO: 2024-01-17 23:34:03 epoch:0 dataset: 3/17 step: 115/158 time:0.00+5.05 loss_avg:4.1885e-01
INFO: 2024-01-17 23:34:08 epoch:0 dataset: 3/17 step: 116/158 time:0.02+5.15 loss_avg:4.4174e-01
INFO: 2024-01-17 23:34:13 epoch:0 dataset: 3/17 step: 117/158 time:0.00+5.38 loss_avg:4.1273e-01
INFO: 2024-01-17 23:34:18 epoch:0 dataset: 3/17 step: 118/158 time:0.03+4.87 loss_avg:4.1895e-01
INFO: 2024-01-17 23:34:23 epoch:0 dataset: 3/17 step: 119/158 time:0.03+4.91 loss_avg:4.2076e-01
INFO: 2024-01-17 23:34:28 epoch:0 dataset: 3/17 step: 120/158 time:0.02+4.75 loss_avg:4.1898e-01
INFO: 2024-01-17 23:34:33 epoch:0 dataset: 3/17 step: 121/158 time:0.02+5.34 loss_avg:4.2312e-01
INFO: 2024-01-17 23:34:38 epoch:0 dataset: 3/17 step: 122/158 time:0.02+5.20 loss_avg:4.2483e-01
INFO: 2024-01-17 23:34:42 epoch:0 dataset: 3/17 step: 123/158 time:0.02+3.54 loss_avg:4.3906e-01
INFO: 2024-01-17 23:34:46 epoch:0 dataset: 3/17 step: 124/158 time:0.00+3.90 loss_avg:4.3601e-01
INFO: 2024-01-17 23:34:52 epoch:0 dataset: 3/17 step: 125/158 time:0.02+5.82 loss_avg:3.8578e-01
INFO: 2024-01-17 23:34:59 epoch:0 dataset: 3/17 step: 126/158 time:0.02+7.27 loss_avg:4.1238e-01
INFO: 2024-01-17 23:35:04 epoch:0 dataset: 3/17 step: 127/158 time:0.00+5.27 loss_avg:4.1864e-01
INFO: 2024-01-17 23:35:11 epoch:0 dataset: 3/17 step: 128/158 time:0.00+6.96 loss_avg:4.3276e-01
INFO: 2024-01-17 23:35:17 epoch:0 dataset: 3/17 step: 129/158 time:0.01+5.95 loss_avg:4.0079e-01
INFO: 2024-01-17 23:35:25 epoch:0 dataset: 3/17 step: 130/158 time:0.01+7.83 loss_avg:4.3244e-01
INFO: 2024-01-17 23:35:30 epoch:0 dataset: 3/17 step: 131/158 time:0.01+5.07 loss_avg:3.9555e-01
INFO: 2024-01-17 23:35:36 epoch:0 dataset: 3/17 step: 132/158 time:0.01+6.45 loss_avg:4.1347e-01
INFO: 2024-01-17 23:35:44 epoch:0 dataset: 3/17 step: 133/158 time:0.01+7.32 loss_avg:4.1403e-01
INFO: 2024-01-17 23:35:52 epoch:0 dataset: 3/17 step: 134/158 time:0.02+7.74 loss_avg:4.2159e-01
INFO: 2024-01-17 23:35:57 epoch:0 dataset: 3/17 step: 135/158 time:0.03+5.78 loss_avg:4.1142e-01
INFO: 2024-01-17 23:36:04 epoch:0 dataset: 3/17 step: 136/158 time:0.03+6.23 loss_avg:4.0443e-01
INFO: 2024-01-17 23:36:10 epoch:0 dataset: 3/17 step: 137/158 time:0.00+6.42 loss_avg:4.2373e-01
INFO: 2024-01-17 23:36:16 epoch:0 dataset: 3/17 step: 138/158 time:0.01+6.29 loss_avg:4.1925e-01
INFO: 2024-01-17 23:36:21 epoch:0 dataset: 3/17 step: 139/158 time:0.00+5.07 loss_avg:4.0889e-01
INFO: 2024-01-17 23:36:29 epoch:0 dataset: 3/17 step: 140/158 time:0.00+7.35 loss_avg:4.4726e-01
INFO: 2024-01-17 23:36:35 epoch:0 dataset: 3/17 step: 141/158 time:0.02+5.76 loss_avg:3.9969e-01
INFO: 2024-01-17 23:36:42 epoch:0 dataset: 3/17 step: 142/158 time:0.02+7.40 loss_avg:4.2913e-01
INFO: 2024-01-17 23:36:50 epoch:0 dataset: 3/17 step: 143/158 time:0.01+7.64 loss_avg:4.0999e-01
INFO: 2024-01-17 23:36:57 epoch:0 dataset: 3/17 step: 144/158 time:0.01+7.40 loss_avg:4.3174e-01
INFO: 2024-01-17 23:37:04 epoch:0 dataset: 3/17 step: 145/158 time:0.01+6.92 loss_avg:4.2051e-01
INFO: 2024-01-17 23:37:11 epoch:0 dataset: 3/17 step: 146/158 time:0.01+6.58 loss_avg:4.0539e-01
INFO: 2024-01-17 23:37:18 epoch:0 dataset: 3/17 step: 147/158 time:0.03+7.45 loss_avg:4.2229e-01
INFO: 2024-01-17 23:37:23 epoch:0 dataset: 3/17 step: 148/158 time:0.00+5.05 loss_avg:4.3545e-01
INFO: 2024-01-17 23:37:29 epoch:0 dataset: 3/17 step: 149/158 time:0.00+6.30 loss_avg:4.1335e-01
INFO: 2024-01-17 23:37:35 epoch:0 dataset: 3/17 step: 150/158 time:0.01+5.89 loss_avg:4.3565e-01
INFO: 2024-01-17 23:37:41 epoch:0 dataset: 3/17 step: 151/158 time:0.01+5.78 loss_avg:4.4033e-01
INFO: 2024-01-17 23:37:49 epoch:0 dataset: 3/17 step: 152/158 time:0.01+7.42 loss_avg:4.1727e-01
INFO: 2024-01-17 23:37:55 epoch:0 dataset: 3/17 step: 153/158 time:0.01+6.53 loss_avg:4.3809e-01
INFO: 2024-01-17 23:38:02 epoch:0 dataset: 3/17 step: 154/158 time:0.00+7.24 loss_avg:3.9770e-01
INFO: 2024-01-17 23:38:09 epoch:0 dataset: 3/17 step: 155/158 time:0.01+6.87 loss_avg:4.1023e-01
INFO: 2024-01-17 23:38:14 epoch:0 dataset: 3/17 step: 156/158 time:0.01+4.93 loss_avg:4.2804e-01
INFO: 2024-01-17 23:38:19 epoch:0 dataset: 3/17 step: 157/158 time:0.01+4.55 loss_avg:3.7536e-01
INFO: Training on data_train_chr4_96.npy complete.
INFO: 2024-01-17 23:38:22 epoch:0 dataset: 4/17 step: 0/122 time:0.68+2.22 loss_avg:3.9618e-01
INFO: 2024-01-17 23:38:25 epoch:0 dataset: 4/17 step: 1/122 time:0.01+3.76 loss_avg:4.0783e-01
INFO: 2024-01-17 23:38:28 epoch:0 dataset: 4/17 step: 2/122 time:0.01+2.87 loss_avg:4.2523e-01
INFO: 2024-01-17 23:38:34 epoch:0 dataset: 4/17 step: 3/122 time:0.01+6.03 loss_avg:4.2192e-01
INFO: 2024-01-17 23:38:41 epoch:0 dataset: 4/17 step: 4/122 time:0.01+6.88 loss_avg:4.2568e-01
INFO: 2024-01-17 23:38:48 epoch:0 dataset: 4/17 step: 5/122 time:0.01+6.59 loss_avg:4.4559e-01
INFO: 2024-01-17 23:38:56 epoch:0 dataset: 4/17 step: 6/122 time:0.01+7.93 loss_avg:4.4347e-01
INFO: 2024-01-17 23:39:01 epoch:0 dataset: 4/17 step: 7/122 time:0.01+5.51 loss_avg:4.3084e-01
INFO: 2024-01-17 23:39:07 epoch:0 dataset: 4/17 step: 8/122 time:0.02+5.82 loss_avg:4.1848e-01
INFO: 2024-01-17 23:39:14 epoch:0 dataset: 4/17 step: 9/122 time:0.02+6.82 loss_avg:4.4887e-01
INFO: 2024-01-17 23:39:20 epoch:0 dataset: 4/17 step: 10/122 time:0.01+6.09 loss_avg:4.4894e-01
INFO: 2024-01-17 23:39:28 epoch:0 dataset: 4/17 step: 11/122 time:0.01+7.62 loss_avg:3.8865e-01
INFO: 2024-01-17 23:39:33 epoch:0 dataset: 4/17 step: 12/122 time:0.01+5.54 loss_avg:4.3258e-01
INFO: 2024-01-17 23:39:40 epoch:0 dataset: 4/17 step: 13/122 time:0.01+6.31 loss_avg:4.3692e-01
INFO: 2024-01-17 23:39:46 epoch:0 dataset: 4/17 step: 14/122 time:0.01+6.31 loss_avg:4.4229e-01
INFO: 2024-01-17 23:39:51 epoch:0 dataset: 4/17 step: 15/122 time:0.01+4.81 loss_avg:4.4736e-01
INFO: 2024-01-17 23:39:59 epoch:0 dataset: 4/17 step: 16/122 time:0.02+7.82 loss_avg:4.1424e-01
INFO: 2024-01-17 23:40:06 epoch:0 dataset: 4/17 step: 17/122 time:0.01+7.67 loss_avg:4.1049e-01
INFO: 2024-01-17 23:40:12 epoch:0 dataset: 4/17 step: 18/122 time:0.02+5.78 loss_avg:4.0479e-01
INFO: 2024-01-17 23:40:20 epoch:0 dataset: 4/17 step: 19/122 time:0.01+7.50 loss_avg:3.9808e-01
INFO: 2024-01-17 23:40:26 epoch:0 dataset: 4/17 step: 20/122 time:0.01+6.28 loss_avg:4.4038e-01
INFO: 2024-01-17 23:40:33 epoch:0 dataset: 4/17 step: 21/122 time:0.01+7.25 loss_avg:4.3222e-01
INFO: 2024-01-17 23:40:40 epoch:0 dataset: 4/17 step: 22/122 time:0.01+7.14 loss_avg:4.3387e-01
INFO: 2024-01-17 23:40:46 epoch:0 dataset: 4/17 step: 23/122 time:0.01+5.30 loss_avg:4.2013e-01
INFO: 2024-01-17 23:40:53 epoch:0 dataset: 4/17 step: 24/122 time:0.01+7.65 loss_avg:3.9780e-01
INFO: 2024-01-17 23:40:59 epoch:0 dataset: 4/17 step: 25/122 time:0.01+5.62 loss_avg:3.8668e-01
INFO: 2024-01-17 23:41:06 epoch:0 dataset: 4/17 step: 26/122 time:0.01+7.17 loss_avg:4.0334e-01
INFO: 2024-01-17 23:41:14 epoch:0 dataset: 4/17 step: 27/122 time:0.01+7.62 loss_avg:4.2920e-01
INFO: 2024-01-17 23:41:19 epoch:0 dataset: 4/17 step: 28/122 time:0.01+5.70 loss_avg:4.3511e-01
INFO: 2024-01-17 23:41:27 epoch:0 dataset: 4/17 step: 29/122 time:0.00+7.77 loss_avg:4.4039e-01
INFO: 2024-01-17 23:41:35 epoch:0 dataset: 4/17 step: 30/122 time:0.02+7.90 loss_avg:4.5842e-01
INFO: 2024-01-17 23:41:43 epoch:0 dataset: 4/17 step: 31/122 time:0.01+8.37 loss_avg:4.0653e-01
INFO: 2024-01-17 23:41:50 epoch:0 dataset: 4/17 step: 32/122 time:0.02+6.27 loss_avg:3.9461e-01
INFO: 2024-01-17 23:41:57 epoch:0 dataset: 4/17 step: 33/122 time:0.01+7.47 loss_avg:4.2858e-01
INFO: 2024-01-17 23:42:03 epoch:0 dataset: 4/17 step: 34/122 time:0.00+5.94 loss_avg:4.2623e-01
INFO: 2024-01-17 23:42:08 epoch:0 dataset: 4/17 step: 35/122 time:0.02+5.33 loss_avg:4.2658e-01
INFO: 2024-01-17 23:42:16 epoch:0 dataset: 4/17 step: 36/122 time:0.03+7.20 loss_avg:3.5990e-01
INFO: 2024-01-17 23:42:22 epoch:0 dataset: 4/17 step: 37/122 time:0.02+5.82 loss_avg:4.2373e-01
INFO: 2024-01-17 23:42:27 epoch:0 dataset: 4/17 step: 38/122 time:0.03+5.21 loss_avg:4.4622e-01
INFO: 2024-01-17 23:42:33 epoch:0 dataset: 4/17 step: 39/122 time:0.01+6.41 loss_avg:4.2731e-01
INFO: 2024-01-17 23:42:37 epoch:0 dataset: 4/17 step: 40/122 time:0.01+3.70 loss_avg:4.3628e-01
INFO: 2024-01-17 23:42:41 epoch:0 dataset: 4/17 step: 41/122 time:0.01+4.58 loss_avg:4.2863e-01
INFO: 2024-01-17 23:42:46 epoch:0 dataset: 4/17 step: 42/122 time:0.02+4.84 loss_avg:4.2860e-01
INFO: 2024-01-17 23:42:53 epoch:0 dataset: 4/17 step: 43/122 time:0.01+7.15 loss_avg:4.1421e-01
INFO: 2024-01-17 23:43:00 epoch:0 dataset: 4/17 step: 44/122 time:0.02+6.82 loss_avg:4.1003e-01
INFO: 2024-01-17 23:43:07 epoch:0 dataset: 4/17 step: 45/122 time:0.00+6.75 loss_avg:4.2279e-01
INFO: 2024-01-17 23:43:13 epoch:0 dataset: 4/17 step: 46/122 time:0.01+5.72 loss_avg:4.3751e-01
INFO: 2024-01-17 23:43:18 epoch:0 dataset: 4/17 step: 47/122 time:0.00+4.96 loss_avg:4.3605e-01
INFO: 2024-01-17 23:43:23 epoch:0 dataset: 4/17 step: 48/122 time:0.00+5.01 loss_avg:4.3307e-01
INFO: 2024-01-17 23:43:28 epoch:0 dataset: 4/17 step: 49/122 time:0.00+4.90 loss_avg:4.4950e-01
INFO: 2024-01-17 23:43:33 epoch:0 dataset: 4/17 step: 50/122 time:0.00+5.16 loss_avg:4.1077e-01
INFO: 2024-01-17 23:43:40 epoch:0 dataset: 4/17 step: 51/122 time:0.02+7.22 loss_avg:4.0125e-01
INFO: 2024-01-17 23:43:43 epoch:0 dataset: 4/17 step: 52/122 time:0.01+3.38 loss_avg:3.8410e-01
INFO: 2024-01-17 23:43:50 epoch:0 dataset: 4/17 step: 53/122 time:0.00+6.08 loss_avg:4.4188e-01
INFO: 2024-01-17 23:43:55 epoch:0 dataset: 4/17 step: 54/122 time:0.00+5.10 loss_avg:4.3472e-01
INFO: 2024-01-17 23:44:00 epoch:0 dataset: 4/17 step: 55/122 time:0.02+5.12 loss_avg:4.2728e-01
INFO: 2024-01-17 23:44:05 epoch:0 dataset: 4/17 step: 56/122 time:0.00+5.26 loss_avg:4.3543e-01
INFO: 2024-01-17 23:44:12 epoch:0 dataset: 4/17 step: 57/122 time:0.03+7.18 loss_avg:4.1522e-01
INFO: 2024-01-17 23:44:20 epoch:0 dataset: 4/17 step: 58/122 time:0.02+7.82 loss_avg:4.5045e-01
INFO: 2024-01-17 23:44:28 epoch:0 dataset: 4/17 step: 59/122 time:0.02+7.74 loss_avg:4.3210e-01
INFO: 2024-01-17 23:44:35 epoch:0 dataset: 4/17 step: 60/122 time:0.01+7.53 loss_avg:4.5480e-01
INFO: 2024-01-17 23:44:44 epoch:0 dataset: 4/17 step: 61/122 time:0.00+8.45 loss_avg:4.3058e-01
INFO: 2024-01-17 23:44:53 epoch:0 dataset: 4/17 step: 62/122 time:0.02+8.77 loss_avg:4.1203e-01
INFO: 2024-01-17 23:45:02 epoch:0 dataset: 4/17 step: 63/122 time:0.03+9.39 loss_avg:3.7020e-01
INFO: 2024-01-17 23:45:10 epoch:0 dataset: 4/17 step: 64/122 time:0.01+7.74 loss_avg:4.2382e-01
INFO: 2024-01-17 23:45:17 epoch:0 dataset: 4/17 step: 65/122 time:0.01+7.59 loss_avg:4.4690e-01
INFO: 2024-01-17 23:45:25 epoch:0 dataset: 4/17 step: 66/122 time:0.01+7.91 loss_avg:4.3639e-01
INFO: 2024-01-17 23:45:34 epoch:0 dataset: 4/17 step: 67/122 time:0.01+9.10 loss_avg:4.2660e-01
INFO: 2024-01-17 23:45:43 epoch:0 dataset: 4/17 step: 68/122 time:0.01+8.13 loss_avg:4.0330e-01
INFO: 2024-01-17 23:45:50 epoch:0 dataset: 4/17 step: 69/122 time:0.02+7.16 loss_avg:4.7242e-01
INFO: 2024-01-17 23:45:58 epoch:0 dataset: 4/17 step: 70/122 time:0.02+7.78 loss_avg:4.5388e-01
INFO: 2024-01-17 23:46:07 epoch:0 dataset: 4/17 step: 71/122 time:0.02+8.95 loss_avg:4.5061e-01
INFO: 2024-01-17 23:46:15 epoch:0 dataset: 4/17 step: 72/122 time:0.01+8.41 loss_avg:3.8503e-01
INFO: 2024-01-17 23:46:23 epoch:0 dataset: 4/17 step: 73/122 time:0.01+8.43 loss_avg:4.4048e-01
INFO: 2024-01-17 23:46:33 epoch:0 dataset: 4/17 step: 74/122 time:0.02+9.14 loss_avg:3.9955e-01
INFO: 2024-01-17 23:46:42 epoch:0 dataset: 4/17 step: 75/122 time:0.01+9.59 loss_avg:4.3540e-01
INFO: 2024-01-17 23:46:51 epoch:0 dataset: 4/17 step: 76/122 time:0.01+8.59 loss_avg:4.0121e-01
INFO: 2024-01-17 23:46:59 epoch:0 dataset: 4/17 step: 77/122 time:0.02+7.88 loss_avg:4.3411e-01
INFO: 2024-01-17 23:47:07 epoch:0 dataset: 4/17 step: 78/122 time:0.01+8.32 loss_avg:4.4194e-01
INFO: 2024-01-17 23:47:17 epoch:0 dataset: 4/17 step: 79/122 time:0.02+9.62 loss_avg:4.4565e-01
INFO: 2024-01-17 23:47:26 epoch:0 dataset: 4/17 step: 80/122 time:0.01+9.25 loss_avg:4.5035e-01
INFO: 2024-01-17 23:47:35 epoch:0 dataset: 4/17 step: 81/122 time:0.01+9.28 loss_avg:4.3532e-01
INFO: 2024-01-17 23:47:44 epoch:0 dataset: 4/17 step: 82/122 time:0.00+9.30 loss_avg:4.4094e-01
INFO: 2024-01-17 23:47:54 epoch:0 dataset: 4/17 step: 83/122 time:0.02+9.03 loss_avg:4.3575e-01
INFO: 2024-01-17 23:48:03 epoch:0 dataset: 4/17 step: 84/122 time:0.01+9.49 loss_avg:4.3473e-01
INFO: 2024-01-17 23:48:12 epoch:0 dataset: 4/17 step: 85/122 time:0.01+8.65 loss_avg:4.4770e-01
INFO: 2024-01-17 23:48:21 epoch:0 dataset: 4/17 step: 86/122 time:0.01+9.19 loss_avg:4.3410e-01
