INFO: 2024-02-03 20:20:16 Argument batch_size: 128
INFO: 2024-02-03 20:20:16 Argument block_num: 9
INFO: 2024-02-03 20:20:16 Argument code_test: False
INFO: 2024-02-03 20:20:16 Argument cut_off: True
INFO: 2024-02-03 20:20:16 Argument data_train_path: ./../data/data_48/train/
INFO: 2024-02-03 20:20:16 Argument data_val_path: ./../data/data_48/val/data_val_chr19_48.npy
INFO: 2024-02-03 20:20:16 Argument device_id: 0
INFO: 2024-02-03 20:20:16 Argument dynamics: True
INFO: 2024-02-03 20:20:16 Argument early_stoppage_epochs: 5
INFO: 2024-02-03 20:20:16 Argument early_stoppage_start: 400
INFO: 2024-02-03 20:20:16 Argument epoch: 150
INFO: 2024-02-03 20:20:16 Argument learning_rate: None
INFO: 2024-02-03 20:20:16 Argument local_rank: 0
INFO: 2024-02-03 20:20:16 Argument loss: single_channel_L1_no_vgg
INFO: 2024-02-03 20:20:16 Argument lr_max: 0.0001
INFO: 2024-02-03 20:20:16 Argument lr_min: 1e-05
INFO: 2024-02-03 20:20:16 Argument lr_scale: 4.0
INFO: 2024-02-03 20:20:16 Argument max_HiC: 250
INFO: 2024-02-03 20:20:16 Argument max_cut_off: False
INFO: 2024-02-03 20:20:16 Argument num_gpu: 1
INFO: 2024-02-03 20:20:16 Argument num_workers: 1
INFO: 2024-02-03 20:20:16 Argument patch_size: 48
INFO: 2024-02-03 20:20:16 Argument resume_epoch: 0
INFO: 2024-02-03 20:20:16 Argument resume_path: None
INFO: 2024-02-03 20:20:16 Argument rgb: False
INFO: 2024-02-03 20:20:16 Argument train_dataset: hic
INFO: 2024-02-03 20:20:16 Argument val_datasets: ['hic']
INFO: Defualt learning rate schedule
INFO: 2024-02-03 20:20:31 epoch:0 dataset: 1/17 step: 0/12 time:0.65+9.50 loss_avg:2.2198e-01
INFO: 2024-02-03 20:20:31 epoch:0 dataset: 1/17 step: 1/12 time:0.02+0.58 loss_avg:2.1891e-01
INFO: 2024-02-03 20:20:32 epoch:0 dataset: 1/17 step: 2/12 time:0.03+0.57 loss_avg:2.1286e-01
INFO: 2024-02-03 20:20:32 epoch:0 dataset: 1/17 step: 3/12 time:0.02+0.59 loss_avg:2.0446e-01
INFO: 2024-02-03 20:20:33 epoch:0 dataset: 1/17 step: 4/12 time:0.02+0.58 loss_avg:2.1221e-01
INFO: 2024-02-03 20:20:34 epoch:0 dataset: 1/17 step: 5/12 time:0.03+0.56 loss_avg:2.0528e-01
INFO: 2024-02-03 20:20:34 epoch:0 dataset: 1/17 step: 6/12 time:0.02+0.58 loss_avg:2.1422e-01
INFO: 2024-02-03 20:20:35 epoch:0 dataset: 1/17 step: 7/12 time:0.02+0.58 loss_avg:2.1537e-01
INFO: 2024-02-03 20:20:35 epoch:0 dataset: 1/17 step: 8/12 time:0.01+0.59 loss_avg:2.1811e-01
INFO: 2024-02-03 20:20:36 epoch:0 dataset: 1/17 step: 9/12 time:0.02+0.57 loss_avg:2.0550e-01
INFO: 2024-02-03 20:20:37 epoch:0 dataset: 1/17 step: 10/12 time:0.00+0.56 loss_avg:2.2090e-01
INFO: 2024-02-03 20:20:37 epoch:0 dataset: 1/17 step: 11/12 time:0.00+0.55 loss_avg:2.1220e-01
INFO: Training on data_train_chr1_48.npy complete.
INFO: 2024-02-03 20:20:38 epoch:0 dataset: 2/17 step: 0/9 time:0.37+0.61 loss_avg:1.6523e-01
INFO: 2024-02-03 20:20:39 epoch:0 dataset: 2/17 step: 1/9 time:0.02+0.56 loss_avg:1.6909e-01
INFO: 2024-02-03 20:20:39 epoch:0 dataset: 2/17 step: 2/9 time:0.03+0.54 loss_avg:1.7158e-01
INFO: 2024-02-03 20:20:40 epoch:0 dataset: 2/17 step: 3/9 time:0.02+0.56 loss_avg:1.6721e-01
INFO: 2024-02-03 20:20:40 epoch:0 dataset: 2/17 step: 4/9 time:0.02+0.57 loss_avg:1.7007e-01
INFO: 2024-02-03 20:20:41 epoch:0 dataset: 2/17 step: 5/9 time:0.02+0.58 loss_avg:1.7189e-01
INFO: 2024-02-03 20:20:42 epoch:0 dataset: 2/17 step: 6/9 time:0.02+0.58 loss_avg:1.6767e-01
INFO: 2024-02-03 20:20:42 epoch:0 dataset: 2/17 step: 7/9 time:0.01+0.57 loss_avg:1.7343e-01
INFO: 2024-02-03 20:20:43 epoch:0 dataset: 2/17 step: 8/9 time:0.00+0.57 loss_avg:1.7412e-01
INFO: Training on data_train_chr5_48.npy complete.
INFO: 2024-02-03 20:20:44 epoch:0 dataset: 3/17 step: 0/10 time:0.41+0.64 loss_avg:1.7080e-01
INFO: 2024-02-03 20:20:44 epoch:0 dataset: 3/17 step: 1/10 time:0.02+0.57 loss_avg:1.6817e-01
INFO: 2024-02-03 20:20:45 epoch:0 dataset: 3/17 step: 2/10 time:0.02+0.58 loss_avg:1.6702e-01
INFO: 2024-02-03 20:20:46 epoch:0 dataset: 3/17 step: 3/10 time:0.02+0.58 loss_avg:1.6521e-01
INFO: 2024-02-03 20:20:46 epoch:0 dataset: 3/17 step: 4/10 time:0.01+0.58 loss_avg:1.6980e-01
INFO: 2024-02-03 20:20:47 epoch:0 dataset: 3/17 step: 5/10 time:0.02+0.57 loss_avg:1.7035e-01
INFO: 2024-02-03 20:20:47 epoch:0 dataset: 3/17 step: 6/10 time:0.03+0.56 loss_avg:1.6726e-01
INFO: 2024-02-03 20:20:48 epoch:0 dataset: 3/17 step: 7/10 time:0.03+0.55 loss_avg:1.6636e-01
INFO: 2024-02-03 20:20:48 epoch:0 dataset: 3/17 step: 8/10 time:0.01+0.55 loss_avg:1.7167e-01
INFO: 2024-02-03 20:20:49 epoch:0 dataset: 3/17 step: 9/10 time:0.00+0.55 loss_avg:1.6891e-01
INFO: Training on data_train_chr4_48.npy complete.
INFO: 2024-02-03 20:20:50 epoch:0 dataset: 4/17 step: 0/10 time:0.40+0.61 loss_avg:1.6854e-01
INFO: 2024-02-03 20:20:51 epoch:0 dataset: 4/17 step: 1/10 time:0.02+0.56 loss_avg:1.6465e-01
INFO: 2024-02-03 20:20:51 epoch:0 dataset: 4/17 step: 2/10 time:0.02+0.58 loss_avg:1.6381e-01
INFO: 2024-02-03 20:20:52 epoch:0 dataset: 4/17 step: 3/10 time:0.01+0.58 loss_avg:1.6523e-01
INFO: 2024-02-03 20:20:52 epoch:0 dataset: 4/17 step: 4/10 time:0.02+0.59 loss_avg:1.7018e-01
INFO: 2024-02-03 20:20:53 epoch:0 dataset: 4/17 step: 5/10 time:0.03+0.59 loss_avg:1.6879e-01
INFO: 2024-02-03 20:20:54 epoch:0 dataset: 4/17 step: 6/10 time:0.02+0.57 loss_avg:1.6682e-01
INFO: 2024-02-03 20:20:54 epoch:0 dataset: 4/17 step: 7/10 time:0.02+0.59 loss_avg:1.6179e-01
INFO: 2024-02-03 20:20:55 epoch:0 dataset: 4/17 step: 8/10 time:0.01+0.61 loss_avg:1.6705e-01
INFO: 2024-02-03 20:20:56 epoch:0 dataset: 4/17 step: 9/10 time:0.02+0.78 loss_avg:1.6727e-01
INFO: Training on data_train_chr3_48.npy complete.
INFO: 2024-02-03 20:20:57 epoch:0 dataset: 5/17 step: 0/5 time:0.34+0.66 loss_avg:1.6794e-01
INFO: 2024-02-03 20:20:57 epoch:0 dataset: 5/17 step: 1/5 time:0.01+0.77 loss_avg:1.6554e-01
INFO: 2024-02-03 20:20:58 epoch:0 dataset: 5/17 step: 2/5 time:0.04+0.79 loss_avg:1.6542e-01
INFO: 2024-02-03 20:20:59 epoch:0 dataset: 5/17 step: 3/5 time:0.03+0.76 loss_avg:1.6179e-01
INFO: 2024-02-03 20:21:00 epoch:0 dataset: 5/17 step: 4/5 time:0.03+0.73 loss_avg:1.6574e-01
INFO: Training on data_train_chr18_48.npy complete.
INFO: 2024-02-03 20:21:01 epoch:0 dataset: 6/17 step: 0/7 time:0.44+0.85 loss_avg:1.7326e-01
INFO: 2024-02-03 20:21:02 epoch:0 dataset: 6/17 step: 1/7 time:0.05+0.83 loss_avg:1.7419e-01
INFO: 2024-02-03 20:21:03 epoch:0 dataset: 6/17 step: 2/7 time:0.04+0.76 loss_avg:1.6974e-01
INFO: 2024-02-03 20:21:04 epoch:0 dataset: 6/17 step: 3/7 time:0.04+0.77 loss_avg:1.7854e-01
INFO: 2024-02-03 20:21:04 epoch:0 dataset: 6/17 step: 4/7 time:0.04+0.77 loss_avg:1.7123e-01
INFO: 2024-02-03 20:21:05 epoch:0 dataset: 6/17 step: 5/7 time:0.03+0.76 loss_avg:1.7293e-01
INFO: 2024-02-03 20:21:06 epoch:0 dataset: 6/17 step: 6/7 time:0.04+0.71 loss_avg:1.7380e-01
INFO: Training on data_train_chr11_48.npy complete.
INFO: 2024-02-03 20:21:07 epoch:0 dataset: 7/17 step: 0/8 time:0.36+0.65 loss_avg:1.6498e-01
INFO: 2024-02-03 20:21:08 epoch:0 dataset: 7/17 step: 1/8 time:0.01+0.58 loss_avg:1.6293e-01
INFO: 2024-02-03 20:21:08 epoch:0 dataset: 7/17 step: 2/8 time:0.00+0.66 loss_avg:1.6570e-01
INFO: 2024-02-03 20:21:09 epoch:0 dataset: 7/17 step: 3/8 time:0.04+0.77 loss_avg:1.6359e-01
INFO: 2024-02-03 20:21:10 epoch:0 dataset: 7/17 step: 4/8 time:0.03+0.79 loss_avg:1.6319e-01
INFO: 2024-02-03 20:21:11 epoch:0 dataset: 7/17 step: 5/8 time:0.03+0.74 loss_avg:1.6777e-01
INFO: 2024-02-03 20:21:11 epoch:0 dataset: 7/17 step: 6/8 time:0.02+0.77 loss_avg:1.6680e-01
INFO: 2024-02-03 20:21:12 epoch:0 dataset: 7/17 step: 7/8 time:0.03+0.77 loss_avg:1.6229e-01
INFO: Training on data_train_chr10_48.npy complete.
INFO: 2024-02-03 20:21:13 epoch:0 dataset: 8/17 step: 0/8 time:0.39+0.80 loss_avg:2.0284e-01
INFO: 2024-02-03 20:21:14 epoch:0 dataset: 8/17 step: 1/8 time:0.04+0.60 loss_avg:2.0388e-01
INFO: 2024-02-03 20:21:15 epoch:0 dataset: 8/17 step: 2/8 time:0.02+0.61 loss_avg:2.0710e-01
INFO: 2024-02-03 20:21:15 epoch:0 dataset: 8/17 step: 3/8 time:0.02+0.60 loss_avg:1.9840e-01
INFO: 2024-02-03 20:21:16 epoch:0 dataset: 8/17 step: 4/8 time:0.03+0.56 loss_avg:2.0475e-01
INFO: 2024-02-03 20:21:17 epoch:0 dataset: 8/17 step: 5/8 time:0.05+0.76 loss_avg:2.0142e-01
INFO: 2024-02-03 20:21:17 epoch:0 dataset: 8/17 step: 6/8 time:0.04+0.75 loss_avg:2.0603e-01
INFO: 2024-02-03 20:21:18 epoch:0 dataset: 8/17 step: 7/8 time:0.02+0.65 loss_avg:1.9756e-01
INFO: Training on data_train_chr8_48.npy complete.
INFO: 2024-02-03 20:21:19 epoch:0 dataset: 9/17 step: 0/10 time:0.40+0.62 loss_avg:1.4089e-01
INFO: 2024-02-03 20:21:20 epoch:0 dataset: 9/17 step: 1/10 time:0.03+0.62 loss_avg:1.3740e-01
INFO: 2024-02-03 20:21:21 epoch:0 dataset: 9/17 step: 2/10 time:0.05+0.78 loss_avg:1.4000e-01
INFO: 2024-02-03 20:21:21 epoch:0 dataset: 9/17 step: 3/10 time:0.03+0.75 loss_avg:1.3957e-01
INFO: 2024-02-03 20:21:22 epoch:0 dataset: 9/17 step: 4/10 time:0.05+0.74 loss_avg:1.3661e-01
INFO: 2024-02-03 20:21:23 epoch:0 dataset: 9/17 step: 5/10 time:0.04+0.78 loss_avg:1.3008e-01
INFO: 2024-02-03 20:21:24 epoch:0 dataset: 9/17 step: 6/10 time:0.04+0.74 loss_avg:1.3742e-01
INFO: 2024-02-03 20:21:24 epoch:0 dataset: 9/17 step: 7/10 time:0.02+0.56 loss_avg:1.2656e-01
INFO: 2024-02-03 20:21:25 epoch:0 dataset: 9/17 step: 8/10 time:0.00+0.56 loss_avg:1.3712e-01
INFO: 2024-02-03 20:21:26 epoch:0 dataset: 9/17 step: 9/10 time:0.00+0.57 loss_avg:1.2842e-01
INFO: Training on data_train_chrX_48.npy complete.
INFO: 2024-02-03 20:21:26 epoch:0 dataset: 10/17 step: 0/7 time:0.36+0.60 loss_avg:1.6655e-01
INFO: 2024-02-03 20:21:27 epoch:0 dataset: 10/17 step: 1/7 time:0.00+0.59 loss_avg:1.6661e-01
INFO: 2024-02-03 20:21:28 epoch:0 dataset: 10/17 step: 2/7 time:0.00+0.58 loss_avg:1.6377e-01
INFO: 2024-02-03 20:21:28 epoch:0 dataset: 10/17 step: 3/7 time:0.01+0.58 loss_avg:1.6452e-01
INFO: 2024-02-03 20:21:29 epoch:0 dataset: 10/17 step: 4/7 time:0.00+0.58 loss_avg:1.5781e-01
INFO: 2024-02-03 20:21:29 epoch:0 dataset: 10/17 step: 5/7 time:0.02+0.57 loss_avg:1.6056e-01
INFO: 2024-02-03 20:21:30 epoch:0 dataset: 10/17 step: 6/7 time:0.00+0.55 loss_avg:1.6397e-01
INFO: Training on data_train_chr12_48.npy complete.
INFO: 2024-02-03 20:21:31 epoch:0 dataset: 11/17 step: 0/8 time:0.36+0.65 loss_avg:1.5984e-01
INFO: 2024-02-03 20:21:32 epoch:0 dataset: 11/17 step: 1/8 time:0.03+0.58 loss_avg:1.5538e-01
INFO: 2024-02-03 20:21:32 epoch:0 dataset: 11/17 step: 2/8 time:0.02+0.56 loss_avg:1.5752e-01
INFO: 2024-02-03 20:21:33 epoch:0 dataset: 11/17 step: 3/8 time:0.02+0.57 loss_avg:1.5495e-01
INFO: 2024-02-03 20:21:33 epoch:0 dataset: 11/17 step: 4/8 time:0.01+0.58 loss_avg:1.5488e-01
INFO: 2024-02-03 20:21:34 epoch:0 dataset: 11/17 step: 5/8 time:0.02+0.58 loss_avg:1.5718e-01
INFO: 2024-02-03 20:21:34 epoch:0 dataset: 11/17 step: 6/8 time:0.00+0.55 loss_avg:1.4875e-01
INFO: 2024-02-03 20:21:35 epoch:0 dataset: 11/17 step: 7/8 time:0.00+0.56 loss_avg:1.6142e-01
INFO: Training on data_train_chr14_48.npy complete.
INFO: 2024-02-03 20:21:36 epoch:0 dataset: 12/17 step: 0/6 time:0.32+0.60 loss_avg:1.6536e-01
INFO: 2024-02-03 20:21:37 epoch:0 dataset: 12/17 step: 1/6 time:0.00+0.60 loss_avg:1.6775e-01
