INFO: 2024-01-25 12:32:42 Argument batch_size: 8
INFO: 2024-01-25 12:32:42 Argument block_num: 9
INFO: 2024-01-25 12:32:42 Argument code_test: False
INFO: 2024-01-25 12:32:42 Argument cut_off: True
INFO: 2024-01-25 12:32:42 Argument data_train_path: ./../data/data_64/train/
INFO: 2024-01-25 12:32:42 Argument data_val_path: ./../data/data_64/val/data_val_chr19_64.npy
INFO: 2024-01-25 12:32:42 Argument device_id: 0
INFO: 2024-01-25 12:32:42 Argument dynamics: True
INFO: 2024-01-25 12:32:42 Argument early_stoppage_epochs: 5
INFO: 2024-01-25 12:32:42 Argument early_stoppage_start: 400
INFO: 2024-01-25 12:32:42 Argument epoch: 150
INFO: 2024-01-25 12:32:42 Argument learning_rate: None
INFO: 2024-01-25 12:32:42 Argument local_rank: 0
INFO: 2024-01-25 12:32:42 Argument loss: single_channel_L1_no_vgg
INFO: 2024-01-25 12:32:42 Argument max_HiC: 150
INFO: 2024-01-25 12:32:42 Argument num_gpu: 1
INFO: 2024-01-25 12:32:42 Argument num_workers: 1
INFO: 2024-01-25 12:32:42 Argument patch_size: 64
INFO: 2024-01-25 12:32:42 Argument resume_epoch: 0
INFO: 2024-01-25 12:32:42 Argument resume_path: None
INFO: 2024-01-25 12:32:42 Argument rgb: False
INFO: 2024-01-25 12:32:42 Argument train_dataset: hic
INFO: 2024-01-25 12:32:42 Argument val_datasets: ['hic']
INFO: Defualt learning rate schedule
INFO: 2024-01-25 12:33:31 epoch:0 dataset: 1/17 step: 0/105 time:1.84+25.49 loss_avg:2.1819e-01
INFO: 2024-01-25 12:33:34 epoch:0 dataset: 1/17 step: 1/105 time:0.00+3.22 loss_avg:2.0952e-01
INFO: 2024-01-25 12:33:37 epoch:0 dataset: 1/17 step: 2/105 time:0.02+3.09 loss_avg:2.0746e-01
INFO: 2024-01-25 12:33:40 epoch:0 dataset: 1/17 step: 3/105 time:0.01+2.91 loss_avg:2.1211e-01
INFO: 2024-01-25 12:33:43 epoch:0 dataset: 1/17 step: 4/105 time:0.01+3.02 loss_avg:2.1185e-01
INFO: 2024-01-25 12:33:46 epoch:0 dataset: 1/17 step: 5/105 time:0.01+2.98 loss_avg:2.0418e-01
INFO: 2024-01-25 12:33:49 epoch:0 dataset: 1/17 step: 6/105 time:0.01+2.92 loss_avg:2.0615e-01
INFO: 2024-01-25 12:33:53 epoch:0 dataset: 1/17 step: 7/105 time:0.01+3.40 loss_avg:1.8860e-01
INFO: 2024-01-25 12:33:56 epoch:0 dataset: 1/17 step: 8/105 time:0.02+3.43 loss_avg:1.9946e-01
INFO: 2024-01-25 12:33:59 epoch:0 dataset: 1/17 step: 9/105 time:0.01+3.36 loss_avg:2.0591e-01
INFO: 2024-01-25 12:34:03 epoch:0 dataset: 1/17 step: 10/105 time:0.01+3.27 loss_avg:1.9062e-01
INFO: 2024-01-25 12:34:06 epoch:0 dataset: 1/17 step: 11/105 time:0.01+3.10 loss_avg:2.1390e-01
INFO: 2024-01-25 12:34:09 epoch:0 dataset: 1/17 step: 12/105 time:0.01+3.00 loss_avg:2.1532e-01
INFO: 2024-01-25 12:34:12 epoch:0 dataset: 1/17 step: 13/105 time:0.01+3.01 loss_avg:2.0990e-01
INFO: 2024-01-25 12:34:15 epoch:0 dataset: 1/17 step: 14/105 time:0.01+3.15 loss_avg:2.0605e-01
INFO: 2024-01-25 12:34:18 epoch:0 dataset: 1/17 step: 15/105 time:0.01+3.23 loss_avg:2.1190e-01
INFO: 2024-01-25 12:34:21 epoch:0 dataset: 1/17 step: 16/105 time:0.01+3.13 loss_avg:2.0571e-01
INFO: 2024-01-25 12:34:25 epoch:0 dataset: 1/17 step: 17/105 time:0.01+3.23 loss_avg:1.8090e-01
INFO: 2024-01-25 12:34:28 epoch:0 dataset: 1/17 step: 18/105 time:0.01+3.03 loss_avg:2.0211e-01
INFO: 2024-01-25 12:34:31 epoch:0 dataset: 1/17 step: 19/105 time:0.01+3.16 loss_avg:2.0980e-01
INFO: 2024-01-25 12:34:34 epoch:0 dataset: 1/17 step: 20/105 time:0.02+3.30 loss_avg:2.0504e-01
INFO: 2024-01-25 12:34:37 epoch:0 dataset: 1/17 step: 21/105 time:0.01+3.06 loss_avg:2.0476e-01
INFO: 2024-01-25 12:34:40 epoch:0 dataset: 1/17 step: 22/105 time:0.01+3.17 loss_avg:2.0170e-01
INFO: 2024-01-25 12:34:44 epoch:0 dataset: 1/17 step: 23/105 time:0.02+3.11 loss_avg:2.1356e-01
INFO: 2024-01-25 12:34:47 epoch:0 dataset: 1/17 step: 24/105 time:0.01+3.22 loss_avg:2.1282e-01
INFO: 2024-01-25 12:34:50 epoch:0 dataset: 1/17 step: 25/105 time:0.01+3.09 loss_avg:2.0322e-01
INFO: 2024-01-25 12:34:53 epoch:0 dataset: 1/17 step: 26/105 time:0.01+3.29 loss_avg:2.0693e-01
INFO: 2024-01-25 12:34:57 epoch:0 dataset: 1/17 step: 27/105 time:0.01+3.39 loss_avg:1.9876e-01
INFO: 2024-01-25 12:35:00 epoch:0 dataset: 1/17 step: 28/105 time:0.01+3.23 loss_avg:2.0827e-01
INFO: 2024-01-25 12:35:03 epoch:0 dataset: 1/17 step: 29/105 time:0.01+3.13 loss_avg:2.0290e-01
INFO: 2024-01-25 12:35:06 epoch:0 dataset: 1/17 step: 30/105 time:0.01+3.42 loss_avg:2.0353e-01
INFO: 2024-01-25 12:35:10 epoch:0 dataset: 1/17 step: 31/105 time:0.01+3.42 loss_avg:2.1279e-01
INFO: 2024-01-25 12:35:13 epoch:0 dataset: 1/17 step: 32/105 time:0.01+2.99 loss_avg:2.0190e-01
INFO: 2024-01-25 12:35:16 epoch:0 dataset: 1/17 step: 33/105 time:0.01+3.17 loss_avg:1.9812e-01
INFO: 2024-01-25 12:35:19 epoch:0 dataset: 1/17 step: 34/105 time:0.01+3.43 loss_avg:1.8366e-01
INFO: 2024-01-25 12:35:23 epoch:0 dataset: 1/17 step: 35/105 time:0.01+3.39 loss_avg:2.0519e-01
INFO: 2024-01-25 12:35:26 epoch:0 dataset: 1/17 step: 36/105 time:0.01+3.50 loss_avg:2.0684e-01
INFO: 2024-01-25 12:35:30 epoch:0 dataset: 1/17 step: 37/105 time:0.01+3.59 loss_avg:1.8942e-01
INFO: 2024-01-25 12:35:33 epoch:0 dataset: 1/17 step: 38/105 time:0.01+3.51 loss_avg:2.0104e-01
INFO: 2024-01-25 12:35:37 epoch:0 dataset: 1/17 step: 39/105 time:0.01+3.47 loss_avg:2.0501e-01
INFO: 2024-01-25 12:35:41 epoch:0 dataset: 1/17 step: 40/105 time:0.01+4.29 loss_avg:1.8927e-01
INFO: 2024-01-25 12:35:45 epoch:0 dataset: 1/17 step: 41/105 time:0.01+3.53 loss_avg:2.0476e-01
INFO: 2024-01-25 12:35:48 epoch:0 dataset: 1/17 step: 42/105 time:0.01+3.50 loss_avg:2.1526e-01
INFO: 2024-01-25 12:35:52 epoch:0 dataset: 1/17 step: 43/105 time:0.01+3.49 loss_avg:2.0266e-01
INFO: 2024-01-25 12:35:55 epoch:0 dataset: 1/17 step: 44/105 time:0.01+3.48 loss_avg:2.0900e-01
INFO: 2024-01-25 12:35:59 epoch:0 dataset: 1/17 step: 45/105 time:0.01+3.60 loss_avg:2.0710e-01
INFO: 2024-01-25 12:36:02 epoch:0 dataset: 1/17 step: 46/105 time:0.01+3.58 loss_avg:1.9582e-01
INFO: 2024-01-25 12:36:06 epoch:0 dataset: 1/17 step: 47/105 time:0.01+3.48 loss_avg:2.0276e-01
INFO: 2024-01-25 12:36:09 epoch:0 dataset: 1/17 step: 48/105 time:0.01+3.50 loss_avg:2.0411e-01
INFO: 2024-01-25 12:36:13 epoch:0 dataset: 1/17 step: 49/105 time:0.01+3.56 loss_avg:2.0415e-01
INFO: 2024-01-25 12:36:17 epoch:0 dataset: 1/17 step: 50/105 time:0.01+3.52 loss_avg:1.8085e-01
INFO: 2024-01-25 12:36:20 epoch:0 dataset: 1/17 step: 51/105 time:0.01+3.45 loss_avg:1.8131e-01
INFO: 2024-01-25 12:36:24 epoch:0 dataset: 1/17 step: 52/105 time:0.01+3.52 loss_avg:1.9574e-01
INFO: 2024-01-25 12:36:27 epoch:0 dataset: 1/17 step: 53/105 time:0.01+3.51 loss_avg:2.0073e-01
INFO: 2024-01-25 12:36:31 epoch:0 dataset: 1/17 step: 54/105 time:0.01+3.49 loss_avg:2.0816e-01
INFO: 2024-01-25 12:36:34 epoch:0 dataset: 1/17 step: 55/105 time:0.01+3.54 loss_avg:2.1114e-01
INFO: 2024-01-25 12:36:38 epoch:0 dataset: 1/17 step: 56/105 time:0.01+3.50 loss_avg:1.9514e-01
INFO: 2024-01-25 12:36:41 epoch:0 dataset: 1/17 step: 57/105 time:0.01+3.47 loss_avg:1.8994e-01
INFO: 2024-01-25 12:36:45 epoch:0 dataset: 1/17 step: 58/105 time:0.01+3.53 loss_avg:2.0196e-01
INFO: 2024-01-25 12:36:48 epoch:0 dataset: 1/17 step: 59/105 time:0.01+3.48 loss_avg:1.9719e-01
INFO: 2024-01-25 12:36:52 epoch:0 dataset: 1/17 step: 60/105 time:0.01+3.48 loss_avg:2.0189e-01
INFO: 2024-01-25 12:36:55 epoch:0 dataset: 1/17 step: 61/105 time:0.01+3.51 loss_avg:2.0069e-01
INFO: 2024-01-25 12:36:59 epoch:0 dataset: 1/17 step: 62/105 time:0.01+3.47 loss_avg:2.0296e-01
INFO: 2024-01-25 12:37:02 epoch:0 dataset: 1/17 step: 63/105 time:0.01+3.52 loss_avg:2.0592e-01
INFO: 2024-01-25 12:37:06 epoch:0 dataset: 1/17 step: 64/105 time:0.00+3.50 loss_avg:1.7243e-01
INFO: 2024-01-25 12:37:09 epoch:0 dataset: 1/17 step: 65/105 time:0.01+3.44 loss_avg:2.0075e-01
INFO: 2024-01-25 12:37:13 epoch:0 dataset: 1/17 step: 66/105 time:0.01+3.54 loss_avg:1.9683e-01
INFO: 2024-01-25 12:37:16 epoch:0 dataset: 1/17 step: 67/105 time:0.01+3.48 loss_avg:1.9408e-01
INFO: 2024-01-25 12:37:20 epoch:0 dataset: 1/17 step: 68/105 time:0.01+3.48 loss_avg:2.0102e-01
INFO: 2024-01-25 12:37:23 epoch:0 dataset: 1/17 step: 69/105 time:0.01+3.48 loss_avg:1.9646e-01
INFO: 2024-01-25 12:37:27 epoch:0 dataset: 1/17 step: 70/105 time:0.01+3.45 loss_avg:2.0522e-01
INFO: 2024-01-25 12:37:30 epoch:0 dataset: 1/17 step: 71/105 time:0.01+3.50 loss_avg:1.8257e-01
INFO: 2024-01-25 12:37:34 epoch:0 dataset: 1/17 step: 72/105 time:0.01+3.48 loss_avg:1.6736e-01
INFO: 2024-01-25 12:37:37 epoch:0 dataset: 1/17 step: 73/105 time:0.01+3.48 loss_avg:1.6831e-01
INFO: 2024-01-25 12:37:41 epoch:0 dataset: 1/17 step: 74/105 time:0.01+3.51 loss_avg:1.9758e-01
INFO: 2024-01-25 12:37:44 epoch:0 dataset: 1/17 step: 75/105 time:0.01+3.29 loss_avg:1.9313e-01
INFO: 2024-01-25 12:37:47 epoch:0 dataset: 1/17 step: 76/105 time:0.01+3.45 loss_avg:2.0124e-01
INFO: 2024-01-25 12:37:51 epoch:0 dataset: 1/17 step: 77/105 time:0.01+3.52 loss_avg:1.7796e-01
INFO: 2024-01-25 12:37:54 epoch:0 dataset: 1/17 step: 78/105 time:0.01+3.46 loss_avg:1.9383e-01
INFO: 2024-01-25 12:37:58 epoch:0 dataset: 1/17 step: 79/105 time:0.01+3.48 loss_avg:1.7874e-01
INFO: 2024-01-25 12:38:01 epoch:0 dataset: 1/17 step: 80/105 time:0.01+3.50 loss_avg:1.9343e-01
INFO: 2024-01-25 12:38:05 epoch:0 dataset: 1/17 step: 81/105 time:0.01+3.22 loss_avg:1.9968e-01
INFO: 2024-01-25 12:38:08 epoch:0 dataset: 1/17 step: 82/105 time:0.01+3.52 loss_avg:1.7510e-01
INFO: 2024-01-25 12:38:11 epoch:0 dataset: 1/17 step: 83/105 time:0.01+3.34 loss_avg:2.0387e-01
INFO: 2024-01-25 12:38:15 epoch:0 dataset: 1/17 step: 84/105 time:0.01+3.42 loss_avg:1.9244e-01
INFO: 2024-01-25 12:38:18 epoch:0 dataset: 1/17 step: 85/105 time:0.01+3.57 loss_avg:1.9534e-01
INFO: 2024-01-25 12:38:22 epoch:0 dataset: 1/17 step: 86/105 time:0.01+3.57 loss_avg:1.9126e-01
INFO: 2024-01-25 12:38:26 epoch:0 dataset: 1/17 step: 87/105 time:0.01+3.49 loss_avg:1.8937e-01
INFO: 2024-01-25 12:38:29 epoch:0 dataset: 1/17 step: 88/105 time:0.01+3.61 loss_avg:1.9064e-01
INFO: 2024-01-25 12:38:33 epoch:0 dataset: 1/17 step: 89/105 time:0.01+3.45 loss_avg:1.9767e-01
INFO: 2024-01-25 12:38:36 epoch:0 dataset: 1/17 step: 90/105 time:0.01+3.52 loss_avg:1.9163e-01
INFO: 2024-01-25 12:38:40 epoch:0 dataset: 1/17 step: 91/105 time:0.01+3.53 loss_avg:1.7254e-01
INFO: 2024-01-25 12:38:43 epoch:0 dataset: 1/17 step: 92/105 time:0.01+3.47 loss_avg:2.0001e-01
INFO: 2024-01-25 12:38:47 epoch:0 dataset: 1/17 step: 93/105 time:0.01+3.54 loss_avg:1.9442e-01
INFO: 2024-01-25 12:38:50 epoch:0 dataset: 1/17 step: 94/105 time:0.01+3.46 loss_avg:1.9577e-01
INFO: 2024-01-25 12:38:54 epoch:0 dataset: 1/17 step: 95/105 time:0.01+3.50 loss_avg:1.9611e-01
INFO: 2024-01-25 12:38:57 epoch:0 dataset: 1/17 step: 96/105 time:0.01+3.19 loss_avg:1.5924e-01
INFO: 2024-01-25 12:39:00 epoch:0 dataset: 1/17 step: 97/105 time:0.01+3.26 loss_avg:1.8787e-01
INFO: 2024-01-25 12:39:04 epoch:0 dataset: 1/17 step: 98/105 time:0.01+3.57 loss_avg:1.9308e-01
INFO: 2024-01-25 12:39:07 epoch:0 dataset: 1/17 step: 99/105 time:0.01+3.51 loss_avg:1.9161e-01
INFO: 2024-01-25 12:39:10 epoch:0 dataset: 1/17 step: 100/105 time:0.01+3.19 loss_avg:1.8910e-01
INFO: 2024-01-25 12:39:14 epoch:0 dataset: 1/17 step: 101/105 time:0.00+3.21 loss_avg:1.9510e-01
INFO: 2024-01-25 12:39:17 epoch:0 dataset: 1/17 step: 102/105 time:0.01+3.55 loss_avg:1.9014e-01
INFO: 2024-01-25 12:39:21 epoch:0 dataset: 1/17 step: 103/105 time:0.01+3.48 loss_avg:1.9171e-01
INFO: 2024-01-25 12:39:24 epoch:0 dataset: 1/17 step: 104/105 time:0.01+3.36 loss_avg:1.9338e-01
INFO: Training on data_train_chr15_64.npy complete.
INFO: 2024-01-25 12:39:30 epoch:0 dataset: 2/17 step: 0/159 time:2.10+3.65 loss_avg:1.9727e-01
INFO: 2024-01-25 12:39:33 epoch:0 dataset: 2/17 step: 1/159 time:0.01+3.55 loss_avg:2.0013e-01
INFO: 2024-01-25 12:39:37 epoch:0 dataset: 2/17 step: 2/159 time:0.01+3.27 loss_avg:2.0832e-01
INFO: 2024-01-25 12:39:40 epoch:0 dataset: 2/17 step: 3/159 time:0.01+3.51 loss_avg:1.9178e-01
INFO: 2024-01-25 12:39:44 epoch:0 dataset: 2/17 step: 4/159 time:0.01+3.46 loss_avg:1.5907e-01
INFO: 2024-01-25 12:39:47 epoch:0 dataset: 2/17 step: 5/159 time:0.01+3.50 loss_avg:1.9786e-01
INFO: 2024-01-25 12:39:51 epoch:0 dataset: 2/17 step: 6/159 time:0.01+3.52 loss_avg:1.9959e-01
INFO: 2024-01-25 12:39:54 epoch:0 dataset: 2/17 step: 7/159 time:0.01+3.46 loss_avg:1.7201e-01
INFO: 2024-01-25 12:39:58 epoch:0 dataset: 2/17 step: 8/159 time:0.01+3.47 loss_avg:1.6265e-01
INFO: 2024-01-25 12:40:01 epoch:0 dataset: 2/17 step: 9/159 time:0.01+3.54 loss_avg:1.8586e-01
INFO: 2024-01-25 12:40:05 epoch:0 dataset: 2/17 step: 10/159 time:0.01+3.45 loss_avg:1.9152e-01
INFO: 2024-01-25 12:40:08 epoch:0 dataset: 2/17 step: 11/159 time:0.01+3.54 loss_avg:1.9961e-01
INFO: 2024-01-25 12:40:12 epoch:0 dataset: 2/17 step: 12/159 time:0.01+3.36 loss_avg:1.8866e-01
INFO: 2024-01-25 12:40:15 epoch:0 dataset: 2/17 step: 13/159 time:0.01+3.19 loss_avg:1.7570e-01
INFO: 2024-01-25 12:40:18 epoch:0 dataset: 2/17 step: 14/159 time:0.01+3.35 loss_avg:2.0066e-01
INFO: 2024-01-25 12:40:21 epoch:0 dataset: 2/17 step: 15/159 time:0.01+2.98 loss_avg:1.8452e-01
INFO: 2024-01-25 12:40:25 epoch:0 dataset: 2/17 step: 16/159 time:0.01+3.44 loss_avg:1.9013e-01
INFO: 2024-01-25 12:40:28 epoch:0 dataset: 2/17 step: 17/159 time:0.01+3.51 loss_avg:1.7638e-01
INFO: 2024-01-25 12:40:32 epoch:0 dataset: 2/17 step: 18/159 time:0.01+3.47 loss_avg:1.8231e-01
INFO: 2024-01-25 12:40:35 epoch:0 dataset: 2/17 step: 19/159 time:0.01+3.51 loss_avg:2.0812e-01
INFO: 2024-01-25 12:40:39 epoch:0 dataset: 2/17 step: 20/159 time:0.01+3.48 loss_avg:1.8516e-01
INFO: 2024-01-25 12:40:42 epoch:0 dataset: 2/17 step: 21/159 time:0.01+3.50 loss_avg:1.9688e-01
INFO: 2024-01-25 12:40:46 epoch:0 dataset: 2/17 step: 22/159 time:0.01+3.48 loss_avg:1.6586e-01
INFO: 2024-01-25 12:40:49 epoch:0 dataset: 2/17 step: 23/159 time:0.01+3.47 loss_avg:1.9074e-01
INFO: 2024-01-25 12:40:52 epoch:0 dataset: 2/17 step: 24/159 time:0.01+3.49 loss_avg:1.9026e-01
INFO: 2024-01-25 12:40:56 epoch:0 dataset: 2/17 step: 25/159 time:0.01+3.45 loss_avg:1.9757e-01
INFO: 2024-01-25 12:40:59 epoch:0 dataset: 2/17 step: 26/159 time:0.01+3.53 loss_avg:1.6441e-01
INFO: 2024-01-25 12:41:03 epoch:0 dataset: 2/17 step: 27/159 time:0.01+3.43 loss_avg:1.7599e-01
INFO: 2024-01-25 12:41:06 epoch:0 dataset: 2/17 step: 28/159 time:0.01+3.50 loss_avg:1.9825e-01
INFO: 2024-01-25 12:41:10 epoch:0 dataset: 2/17 step: 29/159 time:0.01+3.48 loss_avg:1.6692e-01
INFO: 2024-01-25 12:41:13 epoch:0 dataset: 2/17 step: 30/159 time:0.01+3.46 loss_avg:1.7848e-01
INFO: 2024-01-25 12:41:17 epoch:0 dataset: 2/17 step: 31/159 time:0.01+3.52 loss_avg:1.9741e-01
INFO: 2024-01-25 12:41:20 epoch:0 dataset: 2/17 step: 32/159 time:0.01+3.35 loss_avg:1.9064e-01
INFO: 2024-01-25 12:41:24 epoch:0 dataset: 2/17 step: 33/159 time:0.01+3.49 loss_avg:1.8476e-01
INFO: 2024-01-25 12:41:27 epoch:0 dataset: 2/17 step: 34/159 time:0.01+3.42 loss_avg:1.8992e-01
INFO: 2024-01-25 12:41:31 epoch:0 dataset: 2/17 step: 35/159 time:0.01+3.51 loss_avg:1.8529e-01
INFO: 2024-01-25 12:41:34 epoch:0 dataset: 2/17 step: 36/159 time:0.01+3.15 loss_avg:1.8461e-01
INFO: 2024-01-25 12:41:37 epoch:0 dataset: 2/17 step: 37/159 time:0.01+3.24 loss_avg:1.9496e-01
INFO: 2024-01-25 12:41:41 epoch:0 dataset: 2/17 step: 38/159 time:0.01+3.46 loss_avg:1.5781e-01
INFO: 2024-01-25 12:41:44 epoch:0 dataset: 2/17 step: 39/159 time:0.01+3.50 loss_avg:1.8937e-01
INFO: 2024-01-25 12:41:48 epoch:0 dataset: 2/17 step: 40/159 time:0.01+3.52 loss_avg:1.9718e-01
INFO: 2024-01-25 12:41:51 epoch:0 dataset: 2/17 step: 41/159 time:0.01+3.53 loss_avg:1.7628e-01
INFO: 2024-01-25 12:41:55 epoch:0 dataset: 2/17 step: 42/159 time:0.01+3.54 loss_avg:2.0049e-01
INFO: 2024-01-25 12:41:58 epoch:0 dataset: 2/17 step: 43/159 time:0.01+3.53 loss_avg:1.8948e-01
INFO: 2024-01-25 12:42:02 epoch:0 dataset: 2/17 step: 44/159 time:0.01+3.48 loss_avg:1.9765e-01
INFO: 2024-01-25 12:42:05 epoch:0 dataset: 2/17 step: 45/159 time:0.01+3.45 loss_avg:1.8335e-01
INFO: 2024-01-25 12:42:09 epoch:0 dataset: 2/17 step: 46/159 time:0.01+3.54 loss_avg:1.9224e-01
INFO: 2024-01-25 12:42:12 epoch:0 dataset: 2/17 step: 47/159 time:0.01+3.51 loss_avg:1.9236e-01
INFO: 2024-01-25 12:42:16 epoch:0 dataset: 2/17 step: 48/159 time:0.01+3.52 loss_avg:1.9403e-01
INFO: 2024-01-25 12:42:19 epoch:0 dataset: 2/17 step: 49/159 time:0.01+3.49 loss_avg:1.8113e-01
INFO: 2024-01-25 12:42:23 epoch:0 dataset: 2/17 step: 50/159 time:0.01+3.51 loss_avg:1.8858e-01
INFO: 2024-01-25 12:42:26 epoch:0 dataset: 2/17 step: 51/159 time:0.01+3.54 loss_avg:2.0231e-01
INFO: 2024-01-25 12:42:30 epoch:0 dataset: 2/17 step: 52/159 time:0.01+3.44 loss_avg:1.7658e-01
INFO: 2024-01-25 12:42:33 epoch:0 dataset: 2/17 step: 53/159 time:0.01+3.30 loss_avg:1.7477e-01
INFO: 2024-01-25 12:42:37 epoch:0 dataset: 2/17 step: 54/159 time:0.01+3.37 loss_avg:1.9273e-01
INFO: 2024-01-25 12:42:40 epoch:0 dataset: 2/17 step: 55/159 time:0.01+3.45 loss_avg:1.7899e-01
INFO: 2024-01-25 12:42:43 epoch:0 dataset: 2/17 step: 56/159 time:0.02+3.48 loss_avg:1.7104e-01
INFO: 2024-01-25 12:42:47 epoch:0 dataset: 2/17 step: 57/159 time:0.01+3.46 loss_avg:1.9399e-01
INFO: 2024-01-25 12:42:50 epoch:0 dataset: 2/17 step: 58/159 time:0.01+3.52 loss_avg:1.8341e-01
INFO: 2024-01-25 12:42:54 epoch:0 dataset: 2/17 step: 59/159 time:0.01+3.49 loss_avg:1.7798e-01
INFO: 2024-01-25 12:42:57 epoch:0 dataset: 2/17 step: 60/159 time:0.01+3.31 loss_avg:1.9669e-01
INFO: 2024-01-25 12:43:01 epoch:0 dataset: 2/17 step: 61/159 time:0.01+3.53 loss_avg:1.9267e-01
INFO: 2024-01-25 12:43:04 epoch:0 dataset: 2/17 step: 62/159 time:0.01+3.41 loss_avg:1.8647e-01
INFO: 2024-01-25 12:43:08 epoch:0 dataset: 2/17 step: 63/159 time:0.01+3.50 loss_avg:1.7148e-01
INFO: 2024-01-25 12:43:11 epoch:0 dataset: 2/17 step: 64/159 time:0.01+3.50 loss_avg:1.9683e-01
INFO: 2024-01-25 12:43:15 epoch:0 dataset: 2/17 step: 65/159 time:0.01+3.46 loss_avg:2.0357e-01
INFO: 2024-01-25 12:43:18 epoch:0 dataset: 2/17 step: 66/159 time:0.01+3.51 loss_avg:1.9642e-01
INFO: 2024-01-25 12:43:22 epoch:0 dataset: 2/17 step: 67/159 time:0.01+3.47 loss_avg:1.9209e-01
INFO: 2024-01-25 12:43:25 epoch:0 dataset: 2/17 step: 68/159 time:0.01+3.46 loss_avg:1.9420e-01
INFO: 2024-01-25 12:43:29 epoch:0 dataset: 2/17 step: 69/159 time:0.01+3.52 loss_avg:2.0585e-01
INFO: 2024-01-25 12:43:32 epoch:0 dataset: 2/17 step: 70/159 time:0.01+3.47 loss_avg:1.5387e-01
INFO: 2024-01-25 12:43:36 epoch:0 dataset: 2/17 step: 71/159 time:0.01+3.50 loss_avg:1.8915e-01
INFO: 2024-01-25 12:43:39 epoch:0 dataset: 2/17 step: 72/159 time:0.01+3.47 loss_avg:1.8777e-01
INFO: 2024-01-25 12:43:43 epoch:0 dataset: 2/17 step: 73/159 time:0.01+3.46 loss_avg:1.7586e-01
INFO: 2024-01-25 12:43:46 epoch:0 dataset: 2/17 step: 74/159 time:0.01+3.51 loss_avg:1.9594e-01
INFO: 2024-01-25 12:43:50 epoch:0 dataset: 2/17 step: 75/159 time:0.01+3.47 loss_avg:1.9803e-01
INFO: 2024-01-25 12:43:53 epoch:0 dataset: 2/17 step: 76/159 time:0.01+3.49 loss_avg:2.0349e-01
INFO: 2024-01-25 12:43:57 epoch:0 dataset: 2/17 step: 77/159 time:0.01+3.43 loss_avg:1.7620e-01
INFO: 2024-01-25 12:44:00 epoch:0 dataset: 2/17 step: 78/159 time:0.01+3.46 loss_avg:1.9057e-01
INFO: 2024-01-25 12:44:04 epoch:0 dataset: 2/17 step: 79/159 time:0.01+3.53 loss_avg:1.8211e-01
INFO: 2024-01-25 12:44:07 epoch:0 dataset: 2/17 step: 80/159 time:0.01+3.46 loss_avg:1.5850e-01
INFO: 2024-01-25 12:44:11 epoch:0 dataset: 2/17 step: 81/159 time:0.01+3.50 loss_avg:1.9117e-01
INFO: 2024-01-25 12:44:14 epoch:0 dataset: 2/17 step: 82/159 time:0.01+3.46 loss_avg:1.7334e-01
INFO: 2024-01-25 12:44:18 epoch:0 dataset: 2/17 step: 83/159 time:0.01+3.46 loss_avg:1.9660e-01
INFO: 2024-01-25 12:44:21 epoch:0 dataset: 2/17 step: 84/159 time:0.01+3.49 loss_avg:1.8931e-01
INFO: 2024-01-25 12:44:24 epoch:0 dataset: 2/17 step: 85/159 time:0.01+3.43 loss_avg:1.9450e-01
INFO: 2024-01-25 12:44:28 epoch:0 dataset: 2/17 step: 86/159 time:0.01+3.51 loss_avg:1.8510e-01
INFO: 2024-01-25 12:44:31 epoch:0 dataset: 2/17 step: 87/159 time:0.01+3.46 loss_avg:1.9283e-01
INFO: 2024-01-25 12:44:35 epoch:0 dataset: 2/17 step: 88/159 time:0.01+3.18 loss_avg:1.7777e-01
INFO: 2024-01-25 12:44:38 epoch:0 dataset: 2/17 step: 89/159 time:0.01+3.53 loss_avg:1.8710e-01
INFO: 2024-01-25 12:44:42 epoch:0 dataset: 2/17 step: 90/159 time:0.01+3.47 loss_avg:1.7521e-01
INFO: 2024-01-25 12:44:45 epoch:0 dataset: 2/17 step: 91/159 time:0.01+3.52 loss_avg:1.8454e-01
INFO: 2024-01-25 12:44:49 epoch:0 dataset: 2/17 step: 92/159 time:0.01+3.45 loss_avg:1.8649e-01
INFO: 2024-01-25 12:44:52 epoch:0 dataset: 2/17 step: 93/159 time:0.01+3.55 loss_avg:2.0001e-01
INFO: 2024-01-25 12:44:56 epoch:0 dataset: 2/17 step: 94/159 time:0.01+3.38 loss_avg:1.9737e-01
INFO: 2024-01-25 12:44:59 epoch:0 dataset: 2/17 step: 95/159 time:0.01+3.45 loss_avg:1.9844e-01
INFO: 2024-01-25 12:45:03 epoch:0 dataset: 2/17 step: 96/159 time:0.01+3.53 loss_avg:1.8815e-01
INFO: 2024-01-25 12:45:06 epoch:0 dataset: 2/17 step: 97/159 time:0.02+3.37 loss_avg:1.9908e-01
INFO: 2024-01-25 12:45:10 epoch:0 dataset: 2/17 step: 98/159 time:0.01+3.56 loss_avg:1.9457e-01
INFO: 2024-01-25 12:45:13 epoch:0 dataset: 2/17 step: 99/159 time:0.01+3.51 loss_avg:1.9606e-01
INFO: 2024-01-25 12:45:17 epoch:0 dataset: 2/17 step: 100/159 time:0.01+3.47 loss_avg:1.8070e-01
INFO: 2024-01-25 12:45:20 epoch:0 dataset: 2/17 step: 101/159 time:0.01+3.48 loss_avg:1.8340e-01
INFO: 2024-01-25 12:45:24 epoch:0 dataset: 2/17 step: 102/159 time:0.01+4.07 loss_avg:1.9841e-01
INFO: 2024-01-25 12:45:28 epoch:0 dataset: 2/17 step: 103/159 time:0.01+3.55 loss_avg:1.9250e-01
INFO: 2024-01-25 12:45:31 epoch:0 dataset: 2/17 step: 104/159 time:0.01+3.39 loss_avg:1.7453e-01
INFO: 2024-01-25 12:45:35 epoch:0 dataset: 2/17 step: 105/159 time:0.01+3.54 loss_avg:2.0093e-01
INFO: 2024-01-25 12:45:38 epoch:0 dataset: 2/17 step: 106/159 time:0.01+3.46 loss_avg:1.8998e-01
INFO: 2024-01-25 12:45:42 epoch:0 dataset: 2/17 step: 107/159 time:0.01+3.51 loss_avg:1.8841e-01
INFO: 2024-01-25 12:45:45 epoch:0 dataset: 2/17 step: 108/159 time:0.01+3.48 loss_avg:1.7576e-01
INFO: 2024-01-25 12:45:48 epoch:0 dataset: 2/17 step: 109/159 time:0.01+3.26 loss_avg:1.9459e-01
INFO: 2024-01-25 12:45:52 epoch:0 dataset: 2/17 step: 110/159 time:0.01+3.47 loss_avg:1.9759e-01
INFO: 2024-01-25 12:45:55 epoch:0 dataset: 2/17 step: 111/159 time:0.01+3.61 loss_avg:1.5664e-01
INFO: 2024-01-25 12:45:59 epoch:0 dataset: 2/17 step: 112/159 time:0.01+3.58 loss_avg:1.7964e-01
INFO: 2024-01-25 12:46:03 epoch:0 dataset: 2/17 step: 113/159 time:0.01+3.60 loss_avg:1.8037e-01
INFO: 2024-01-25 12:46:06 epoch:0 dataset: 2/17 step: 114/159 time:0.01+3.55 loss_avg:1.9630e-01
INFO: 2024-01-25 12:46:10 epoch:0 dataset: 2/17 step: 115/159 time:0.01+3.56 loss_avg:1.9923e-01
INFO: 2024-01-25 12:46:13 epoch:0 dataset: 2/17 step: 116/159 time:0.01+3.65 loss_avg:1.9405e-01
INFO: 2024-01-25 12:46:17 epoch:0 dataset: 2/17 step: 117/159 time:0.03+3.57 loss_avg:1.7852e-01
INFO: 2024-01-25 12:46:21 epoch:0 dataset: 2/17 step: 118/159 time:0.02+3.50 loss_avg:1.9893e-01
INFO: 2024-01-25 12:46:24 epoch:0 dataset: 2/17 step: 119/159 time:0.02+3.56 loss_avg:1.7927e-01
INFO: 2024-01-25 12:46:28 epoch:0 dataset: 2/17 step: 120/159 time:0.02+3.50 loss_avg:1.9102e-01
INFO: 2024-01-25 12:46:31 epoch:0 dataset: 2/17 step: 121/159 time:0.02+3.51 loss_avg:1.7015e-01
INFO: 2024-01-25 12:46:35 epoch:0 dataset: 2/17 step: 122/159 time:0.02+3.54 loss_avg:2.0026e-01
INFO: 2024-01-25 12:46:38 epoch:0 dataset: 2/17 step: 123/159 time:0.02+3.49 loss_avg:1.8759e-01
INFO: 2024-01-25 12:46:42 epoch:0 dataset: 2/17 step: 124/159 time:0.02+3.52 loss_avg:1.5802e-01
INFO: 2024-01-25 12:46:45 epoch:0 dataset: 2/17 step: 125/159 time:0.02+3.44 loss_avg:1.7472e-01
INFO: 2024-01-25 12:46:49 epoch:0 dataset: 2/17 step: 126/159 time:0.02+3.29 loss_avg:1.9206e-01
INFO: 2024-01-25 12:46:52 epoch:0 dataset: 2/17 step: 127/159 time:0.02+3.28 loss_avg:1.9459e-01
INFO: 2024-01-25 12:46:55 epoch:0 dataset: 2/17 step: 128/159 time:0.02+3.49 loss_avg:1.8163e-01
INFO: 2024-01-25 12:46:59 epoch:0 dataset: 2/17 step: 129/159 time:0.02+3.46 loss_avg:1.9463e-01
INFO: 2024-01-25 12:47:02 epoch:0 dataset: 2/17 step: 130/159 time:0.02+3.52 loss_avg:1.9503e-01
INFO: 2024-01-25 12:47:06 epoch:0 dataset: 2/17 step: 131/159 time:0.04+3.28 loss_avg:1.5494e-01
INFO: 2024-01-25 12:47:09 epoch:0 dataset: 2/17 step: 132/159 time:0.02+3.53 loss_avg:1.7937e-01
INFO: 2024-01-25 12:47:13 epoch:0 dataset: 2/17 step: 133/159 time:0.02+3.49 loss_avg:1.9203e-01
INFO: 2024-01-25 12:47:16 epoch:0 dataset: 2/17 step: 134/159 time:0.03+3.48 loss_avg:1.8692e-01
INFO: 2024-01-25 12:47:20 epoch:0 dataset: 2/17 step: 135/159 time:0.02+3.52 loss_avg:1.9602e-01
INFO: 2024-01-25 12:47:23 epoch:0 dataset: 2/17 step: 136/159 time:0.02+3.45 loss_avg:1.6999e-01
INFO: 2024-01-25 12:47:27 epoch:0 dataset: 2/17 step: 137/159 time:0.02+3.44 loss_avg:1.7464e-01
INFO: 2024-01-25 12:47:30 epoch:0 dataset: 2/17 step: 138/159 time:0.02+3.02 loss_avg:2.0054e-01
INFO: 2024-01-25 12:47:33 epoch:0 dataset: 2/17 step: 139/159 time:0.02+3.14 loss_avg:1.6606e-01
INFO: 2024-01-25 12:47:37 epoch:0 dataset: 2/17 step: 140/159 time:0.02+3.55 loss_avg:1.7782e-01
INFO: 2024-01-25 12:47:40 epoch:0 dataset: 2/17 step: 141/159 time:0.02+3.48 loss_avg:1.8542e-01
INFO: 2024-01-25 12:47:44 epoch:0 dataset: 2/17 step: 142/159 time:0.02+3.49 loss_avg:1.8735e-01
INFO: 2024-01-25 12:47:47 epoch:0 dataset: 2/17 step: 143/159 time:0.02+3.49 loss_avg:1.8867e-01
INFO: 2024-01-25 12:47:51 epoch:0 dataset: 2/17 step: 144/159 time:0.02+3.45 loss_avg:1.8966e-01
INFO: 2024-01-25 12:47:54 epoch:0 dataset: 2/17 step: 145/159 time:0.02+3.51 loss_avg:2.0353e-01
INFO: 2024-01-25 12:47:57 epoch:0 dataset: 2/17 step: 146/159 time:0.02+3.20 loss_avg:1.7277e-01
INFO: 2024-01-25 12:48:01 epoch:0 dataset: 2/17 step: 147/159 time:0.02+3.58 loss_avg:1.7651e-01
INFO: 2024-01-25 12:48:04 epoch:0 dataset: 2/17 step: 148/159 time:0.02+3.52 loss_avg:1.9725e-01
INFO: 2024-01-25 12:48:08 epoch:0 dataset: 2/17 step: 149/159 time:0.03+3.60 loss_avg:1.8594e-01
INFO: 2024-01-25 12:48:12 epoch:0 dataset: 2/17 step: 150/159 time:0.03+3.62 loss_avg:1.9508e-01
INFO: 2024-01-25 12:48:15 epoch:0 dataset: 2/17 step: 151/159 time:0.02+3.49 loss_avg:1.9370e-01
INFO: 2024-01-25 12:48:19 epoch:0 dataset: 2/17 step: 152/159 time:0.03+3.56 loss_avg:1.9269e-01
INFO: 2024-01-25 12:48:22 epoch:0 dataset: 2/17 step: 153/159 time:0.02+3.54 loss_avg:1.8915e-01
INFO: 2024-01-25 12:48:26 epoch:0 dataset: 2/17 step: 154/159 time:0.02+3.45 loss_avg:1.8774e-01
INFO: 2024-01-25 12:48:29 epoch:0 dataset: 2/17 step: 155/159 time:0.02+3.51 loss_avg:1.8385e-01
INFO: 2024-01-25 12:48:33 epoch:0 dataset: 2/17 step: 156/159 time:0.02+3.49 loss_avg:1.7091e-01
INFO: 2024-01-25 12:48:37 epoch:0 dataset: 2/17 step: 157/159 time:0.01+4.29 loss_avg:1.8707e-01
INFO: 2024-01-25 12:48:41 epoch:0 dataset: 2/17 step: 158/159 time:0.01+3.48 loss_avg:1.9409e-01
INFO: Training on data_train_chr4_64.npy complete.
INFO: 2024-01-25 12:48:46 epoch:0 dataset: 3/17 step: 0/156 time:2.08+3.63 loss_avg:1.5037e-01
INFO: 2024-01-25 12:48:50 epoch:0 dataset: 3/17 step: 1/156 time:0.01+3.60 loss_avg:1.8328e-01
INFO: 2024-01-25 12:48:54 epoch:0 dataset: 3/17 step: 2/156 time:0.01+3.59 loss_avg:1.8132e-01
INFO: 2024-01-25 12:48:57 epoch:0 dataset: 3/17 step: 3/156 time:0.01+3.44 loss_avg:1.8493e-01
INFO: 2024-01-25 12:49:01 epoch:0 dataset: 3/17 step: 4/156 time:0.01+3.53 loss_avg:1.1844e-01
INFO: 2024-01-25 12:49:04 epoch:0 dataset: 3/17 step: 5/156 time:0.01+3.43 loss_avg:1.7868e-01
INFO: 2024-01-25 12:49:08 epoch:0 dataset: 3/17 step: 6/156 time:0.01+3.55 loss_avg:1.8675e-01
INFO: 2024-01-25 12:49:11 epoch:0 dataset: 3/17 step: 7/156 time:0.01+3.53 loss_avg:1.5095e-01
INFO: 2024-01-25 12:49:15 epoch:0 dataset: 3/17 step: 8/156 time:0.01+3.51 loss_avg:1.9602e-01
INFO: 2024-01-25 12:49:18 epoch:0 dataset: 3/17 step: 9/156 time:0.01+3.55 loss_avg:1.5811e-01
INFO: 2024-01-25 12:49:22 epoch:0 dataset: 3/17 step: 10/156 time:0.01+3.51 loss_avg:1.8726e-01
INFO: 2024-01-25 12:49:25 epoch:0 dataset: 3/17 step: 11/156 time:0.01+3.47 loss_avg:1.9781e-01
INFO: 2024-01-25 12:49:29 epoch:0 dataset: 3/17 step: 12/156 time:0.02+3.53 loss_avg:1.8868e-01
INFO: 2024-01-25 12:49:32 epoch:0 dataset: 3/17 step: 13/156 time:0.02+3.51 loss_avg:1.6939e-01
INFO: 2024-01-25 12:49:36 epoch:0 dataset: 3/17 step: 14/156 time:0.03+3.48 loss_avg:1.5416e-01
INFO: 2024-01-25 12:49:39 epoch:0 dataset: 3/17 step: 15/156 time:0.02+3.50 loss_avg:1.5485e-01
INFO: 2024-01-25 12:49:43 epoch:0 dataset: 3/17 step: 16/156 time:0.02+3.58 loss_avg:1.5983e-01
INFO: 2024-01-25 12:49:47 epoch:0 dataset: 3/17 step: 17/156 time:0.03+3.54 loss_avg:1.5046e-01
INFO: 2024-01-25 12:49:50 epoch:0 dataset: 3/17 step: 18/156 time:0.02+3.51 loss_avg:1.5778e-01
INFO: 2024-01-25 12:49:54 epoch:0 dataset: 3/17 step: 19/156 time:0.01+3.56 loss_avg:1.6264e-01
INFO: 2024-01-25 12:49:57 epoch:0 dataset: 3/17 step: 20/156 time:0.01+3.53 loss_avg:1.8913e-01
INFO: 2024-01-25 12:50:01 epoch:0 dataset: 3/17 step: 21/156 time:0.01+3.49 loss_avg:2.0858e-01
INFO: 2024-01-25 12:50:04 epoch:0 dataset: 3/17 step: 22/156 time:0.01+3.54 loss_avg:1.1043e-01
INFO: 2024-01-25 12:50:08 epoch:0 dataset: 3/17 step: 23/156 time:0.01+3.50 loss_avg:1.5107e-01
INFO: 2024-01-25 12:50:11 epoch:0 dataset: 3/17 step: 24/156 time:0.01+3.46 loss_avg:1.6523e-01
INFO: 2024-01-25 12:50:15 epoch:0 dataset: 3/17 step: 25/156 time:0.01+3.53 loss_avg:1.6848e-01
INFO: 2024-01-25 12:50:18 epoch:0 dataset: 3/17 step: 26/156 time:0.01+3.47 loss_avg:1.4444e-01
INFO: 2024-01-25 12:50:22 epoch:0 dataset: 3/17 step: 27/156 time:0.01+3.50 loss_avg:1.6531e-01
INFO: 2024-01-25 12:50:25 epoch:0 dataset: 3/17 step: 28/156 time:0.01+3.51 loss_avg:1.4464e-01
INFO: 2024-01-25 12:50:29 epoch:0 dataset: 3/17 step: 29/156 time:0.01+3.45 loss_avg:1.7561e-01
INFO: 2024-01-25 12:50:32 epoch:0 dataset: 3/17 step: 30/156 time:0.01+3.52 loss_avg:1.7056e-01
INFO: 2024-01-25 12:50:36 epoch:0 dataset: 3/17 step: 31/156 time:0.01+3.47 loss_avg:1.5444e-01
INFO: 2024-01-25 12:50:39 epoch:0 dataset: 3/17 step: 32/156 time:0.01+3.48 loss_avg:1.8671e-01
INFO: 2024-01-25 12:50:43 epoch:0 dataset: 3/17 step: 33/156 time:0.01+3.53 loss_avg:1.3309e-01
INFO: 2024-01-25 12:50:46 epoch:0 dataset: 3/17 step: 34/156 time:0.01+3.46 loss_avg:1.6671e-01
INFO: 2024-01-25 12:50:50 epoch:0 dataset: 3/17 step: 35/156 time:0.01+3.49 loss_avg:1.8242e-01
INFO: 2024-01-25 12:50:53 epoch:0 dataset: 3/17 step: 36/156 time:0.01+3.54 loss_avg:1.8149e-01
INFO: 2024-01-25 12:50:57 epoch:0 dataset: 3/17 step: 37/156 time:0.01+3.51 loss_avg:1.9162e-01
INFO: 2024-01-25 12:51:00 epoch:0 dataset: 3/17 step: 38/156 time:0.01+3.49 loss_avg:1.7084e-01
INFO: 2024-01-25 12:51:04 epoch:0 dataset: 3/17 step: 39/156 time:0.01+3.54 loss_avg:1.7177e-01
INFO: 2024-01-25 12:51:07 epoch:0 dataset: 3/17 step: 40/156 time:0.01+3.47 loss_avg:1.8570e-01
INFO: 2024-01-25 12:51:11 epoch:0 dataset: 3/17 step: 41/156 time:0.01+3.46 loss_avg:1.8945e-01
INFO: 2024-01-25 12:51:14 epoch:0 dataset: 3/17 step: 42/156 time:0.01+3.49 loss_avg:1.9973e-01
INFO: 2024-01-25 12:51:18 epoch:0 dataset: 3/17 step: 43/156 time:0.01+3.44 loss_avg:1.3259e-01
INFO: 2024-01-25 12:51:21 epoch:0 dataset: 3/17 step: 44/156 time:0.01+3.50 loss_avg:1.6993e-01
INFO: 2024-01-25 12:51:25 epoch:0 dataset: 3/17 step: 45/156 time:0.01+3.47 loss_avg:1.5647e-01
INFO: 2024-01-25 12:51:28 epoch:0 dataset: 3/17 step: 46/156 time:0.01+3.46 loss_avg:1.5122e-01
INFO: 2024-01-25 12:51:32 epoch:0 dataset: 3/17 step: 47/156 time:0.01+3.50 loss_avg:1.4666e-01
INFO: 2024-01-25 12:51:35 epoch:0 dataset: 3/17 step: 48/156 time:0.01+3.43 loss_avg:1.7617e-01
INFO: 2024-01-25 12:51:39 epoch:0 dataset: 3/17 step: 49/156 time:0.01+3.51 loss_avg:1.4436e-01
INFO: 2024-01-25 12:51:42 epoch:0 dataset: 3/17 step: 50/156 time:0.02+3.43 loss_avg:1.5366e-01
INFO: 2024-01-25 12:51:46 epoch:0 dataset: 3/17 step: 51/156 time:0.02+3.50 loss_avg:1.3643e-01
INFO: 2024-01-25 12:51:49 epoch:0 dataset: 3/17 step: 52/156 time:0.03+3.49 loss_avg:1.7267e-01
INFO: 2024-01-25 12:51:53 epoch:0 dataset: 3/17 step: 53/156 time:0.03+3.44 loss_avg:1.8261e-01
INFO: 2024-01-25 12:51:56 epoch:0 dataset: 3/17 step: 54/156 time:0.02+3.53 loss_avg:1.8068e-01
INFO: 2024-01-25 12:52:00 epoch:0 dataset: 3/17 step: 55/156 time:0.03+3.47 loss_avg:1.6295e-01
INFO: 2024-01-25 12:52:03 epoch:0 dataset: 3/17 step: 56/156 time:0.02+3.48 loss_avg:1.7219e-01
INFO: 2024-01-25 12:52:07 epoch:0 dataset: 3/17 step: 57/156 time:0.02+3.49 loss_avg:1.8422e-01
INFO: 2024-01-25 12:52:10 epoch:0 dataset: 3/17 step: 58/156 time:0.01+3.42 loss_avg:1.6379e-01
INFO: 2024-01-25 12:52:14 epoch:0 dataset: 3/17 step: 59/156 time:0.01+3.49 loss_avg:1.7477e-01
INFO: 2024-01-25 12:52:17 epoch:0 dataset: 3/17 step: 60/156 time:0.01+3.46 loss_avg:1.2700e-01
INFO: 2024-01-25 12:52:21 epoch:0 dataset: 3/17 step: 61/156 time:0.01+3.48 loss_avg:1.6668e-01
INFO: 2024-01-25 12:52:24 epoch:0 dataset: 3/17 step: 62/156 time:0.01+3.48 loss_avg:1.1101e-01
INFO: 2024-01-25 12:52:28 epoch:0 dataset: 3/17 step: 63/156 time:0.01+3.43 loss_avg:1.6238e-01
INFO: 2024-01-25 12:52:31 epoch:0 dataset: 3/17 step: 64/156 time:0.01+3.50 loss_avg:1.8150e-01
INFO: 2024-01-25 12:52:35 epoch:0 dataset: 3/17 step: 65/156 time:0.01+3.46 loss_avg:1.6694e-01
INFO: 2024-01-25 12:52:38 epoch:0 dataset: 3/17 step: 66/156 time:0.01+3.45 loss_avg:1.7741e-01
INFO: 2024-01-25 12:52:41 epoch:0 dataset: 3/17 step: 67/156 time:0.01+3.45 loss_avg:1.8411e-01
INFO: 2024-01-25 12:52:45 epoch:0 dataset: 3/17 step: 68/156 time:0.01+3.46 loss_avg:1.5833e-01
INFO: 2024-01-25 12:52:48 epoch:0 dataset: 3/17 step: 69/156 time:0.01+3.53 loss_avg:1.8436e-01
INFO: 2024-01-25 12:52:52 epoch:0 dataset: 3/17 step: 70/156 time:0.01+3.47 loss_avg:1.4573e-01
INFO: 2024-01-25 12:52:55 epoch:0 dataset: 3/17 step: 71/156 time:0.01+3.50 loss_avg:1.7723e-01
INFO: 2024-01-25 12:52:59 epoch:0 dataset: 3/17 step: 72/156 time:0.01+3.49 loss_avg:1.3316e-01
INFO: 2024-01-25 12:53:02 epoch:0 dataset: 3/17 step: 73/156 time:0.01+3.44 loss_avg:1.3579e-01
INFO: 2024-01-25 12:53:06 epoch:0 dataset: 3/17 step: 74/156 time:0.01+3.52 loss_avg:1.6371e-01
INFO: 2024-01-25 12:53:09 epoch:0 dataset: 3/17 step: 75/156 time:0.01+3.46 loss_avg:1.7708e-01
INFO: 2024-01-25 12:53:13 epoch:0 dataset: 3/17 step: 76/156 time:0.01+3.43 loss_avg:1.3936e-01
INFO: 2024-01-25 12:53:16 epoch:0 dataset: 3/17 step: 77/156 time:0.01+3.49 loss_avg:1.9904e-01
INFO: 2024-01-25 12:53:20 epoch:0 dataset: 3/17 step: 78/156 time:0.01+3.47 loss_avg:1.5021e-01
INFO: 2024-01-25 12:53:23 epoch:0 dataset: 3/17 step: 79/156 time:0.01+3.49 loss_avg:1.3907e-01
INFO: 2024-01-25 12:53:27 epoch:0 dataset: 3/17 step: 80/156 time:0.01+3.48 loss_avg:1.7502e-01
INFO: 2024-01-25 12:53:30 epoch:0 dataset: 3/17 step: 81/156 time:0.01+3.44 loss_avg:1.7083e-01
INFO: 2024-01-25 12:53:34 epoch:0 dataset: 3/17 step: 82/156 time:0.01+3.49 loss_avg:1.7604e-01
INFO: 2024-01-25 12:53:37 epoch:0 dataset: 3/17 step: 83/156 time:0.01+3.47 loss_avg:1.6344e-01
INFO: 2024-01-25 12:53:41 epoch:0 dataset: 3/17 step: 84/156 time:0.01+3.47 loss_avg:1.8131e-01
INFO: 2024-01-25 12:53:44 epoch:0 dataset: 3/17 step: 85/156 time:0.01+3.53 loss_avg:1.8742e-01
INFO: 2024-01-25 12:53:48 epoch:0 dataset: 3/17 step: 86/156 time:0.01+3.46 loss_avg:1.7209e-01
INFO: 2024-01-25 12:53:51 epoch:0 dataset: 3/17 step: 87/156 time:0.01+3.48 loss_avg:1.5876e-01
INFO: 2024-01-25 12:53:55 epoch:0 dataset: 3/17 step: 88/156 time:0.01+3.47 loss_avg:1.8583e-01
INFO: 2024-01-25 12:53:58 epoch:0 dataset: 3/17 step: 89/156 time:0.01+3.45 loss_avg:1.5069e-01
INFO: 2024-01-25 12:54:02 epoch:0 dataset: 3/17 step: 90/156 time:0.01+3.50 loss_avg:1.7167e-01
INFO: 2024-01-25 12:54:05 epoch:0 dataset: 3/17 step: 91/156 time:0.01+3.29 loss_avg:1.4038e-01
INFO: 2024-01-25 12:54:08 epoch:0 dataset: 3/17 step: 92/156 time:0.01+3.49 loss_avg:1.6366e-01
INFO: 2024-01-25 12:54:12 epoch:0 dataset: 3/17 step: 93/156 time:0.01+3.46 loss_avg:1.3909e-01
INFO: 2024-01-25 12:54:15 epoch:0 dataset: 3/17 step: 94/156 time:0.01+3.47 loss_avg:1.5602e-01
INFO: 2024-01-25 12:54:19 epoch:0 dataset: 3/17 step: 95/156 time:0.01+3.52 loss_avg:1.7624e-01
INFO: 2024-01-25 12:54:22 epoch:0 dataset: 3/17 step: 96/156 time:0.01+3.22 loss_avg:1.8706e-01
INFO: 2024-01-25 12:54:25 epoch:0 dataset: 3/17 step: 97/156 time:0.01+3.30 loss_avg:2.0053e-01
INFO: 2024-01-25 12:54:29 epoch:0 dataset: 3/17 step: 98/156 time:0.01+3.16 loss_avg:1.4688e-01
INFO: 2024-01-25 12:54:32 epoch:0 dataset: 3/17 step: 99/156 time:0.01+3.33 loss_avg:1.5766e-01
INFO: 2024-01-25 12:54:35 epoch:0 dataset: 3/17 step: 100/156 time:0.01+3.43 loss_avg:1.4892e-01
INFO: 2024-01-25 12:54:39 epoch:0 dataset: 3/17 step: 101/156 time:0.01+3.45 loss_avg:1.6483e-01
INFO: 2024-01-25 12:54:42 epoch:0 dataset: 3/17 step: 102/156 time:0.01+3.52 loss_avg:1.5755e-01
INFO: 2024-01-25 12:54:46 epoch:0 dataset: 3/17 step: 103/156 time:0.01+3.53 loss_avg:1.4812e-01
INFO: 2024-01-25 12:54:49 epoch:0 dataset: 3/17 step: 104/156 time:0.01+3.48 loss_avg:1.7330e-01
INFO: 2024-01-25 12:54:53 epoch:0 dataset: 3/17 step: 105/156 time:0.01+3.50 loss_avg:1.6906e-01
INFO: 2024-01-25 12:54:56 epoch:0 dataset: 3/17 step: 106/156 time:0.01+3.53 loss_avg:1.6835e-01
INFO: 2024-01-25 12:55:00 epoch:0 dataset: 3/17 step: 107/156 time:0.01+3.46 loss_avg:1.6978e-01
INFO: 2024-01-25 12:55:03 epoch:0 dataset: 3/17 step: 108/156 time:0.01+3.29 loss_avg:1.7076e-01
INFO: 2024-01-25 12:55:07 epoch:0 dataset: 3/17 step: 109/156 time:0.01+3.36 loss_avg:1.8124e-01
INFO: 2024-01-25 12:55:10 epoch:0 dataset: 3/17 step: 110/156 time:0.01+3.50 loss_avg:1.8374e-01
INFO: 2024-01-25 12:55:14 epoch:0 dataset: 3/17 step: 111/156 time:0.01+3.51 loss_avg:1.8931e-01
INFO: 2024-01-25 12:55:17 epoch:0 dataset: 3/17 step: 112/156 time:0.01+3.47 loss_avg:1.7202e-01
INFO: 2024-01-25 12:55:21 epoch:0 dataset: 3/17 step: 113/156 time:0.01+3.53 loss_avg:1.4307e-01
INFO: 2024-01-25 12:55:24 epoch:0 dataset: 3/17 step: 114/156 time:0.01+3.50 loss_avg:1.8141e-01
INFO: 2024-01-25 12:55:28 epoch:0 dataset: 3/17 step: 115/156 time:0.01+3.52 loss_avg:1.6197e-01
INFO: 2024-01-25 12:55:31 epoch:0 dataset: 3/17 step: 116/156 time:0.01+3.48 loss_avg:1.8452e-01
INFO: 2024-01-25 12:55:34 epoch:0 dataset: 3/17 step: 117/156 time:0.01+3.27 loss_avg:1.8647e-01
INFO: 2024-01-25 12:55:38 epoch:0 dataset: 3/17 step: 118/156 time:0.01+3.58 loss_avg:1.9299e-01
INFO: 2024-01-25 12:55:41 epoch:0 dataset: 3/17 step: 119/156 time:0.01+3.46 loss_avg:1.8096e-01
INFO: 2024-01-25 12:55:45 epoch:0 dataset: 3/17 step: 120/156 time:0.01+3.52 loss_avg:1.5981e-01
INFO: 2024-01-25 12:55:49 epoch:0 dataset: 3/17 step: 121/156 time:0.01+3.52 loss_avg:1.6422e-01
INFO: 2024-01-25 12:55:52 epoch:0 dataset: 3/17 step: 122/156 time:0.01+3.48 loss_avg:1.8590e-01
INFO: 2024-01-25 12:55:56 epoch:0 dataset: 3/17 step: 123/156 time:0.01+3.56 loss_avg:1.8378e-01
INFO: 2024-01-25 12:55:59 epoch:0 dataset: 3/17 step: 124/156 time:0.01+3.43 loss_avg:1.8175e-01
INFO: 2024-01-25 12:56:03 epoch:0 dataset: 3/17 step: 125/156 time:0.01+3.51 loss_avg:1.5644e-01
INFO: 2024-01-25 12:56:06 epoch:0 dataset: 3/17 step: 126/156 time:0.01+3.51 loss_avg:1.7575e-01
INFO: 2024-01-25 12:56:10 epoch:0 dataset: 3/17 step: 127/156 time:0.01+3.44 loss_avg:1.8292e-01
INFO: 2024-01-25 12:56:13 epoch:0 dataset: 3/17 step: 128/156 time:0.01+3.33 loss_avg:1.8564e-01
INFO: 2024-01-25 12:56:16 epoch:0 dataset: 3/17 step: 129/156 time:0.01+3.33 loss_avg:1.6601e-01
INFO: 2024-01-25 12:56:20 epoch:0 dataset: 3/17 step: 130/156 time:0.01+3.48 loss_avg:1.6155e-01
INFO: 2024-01-25 12:56:23 epoch:0 dataset: 3/17 step: 131/156 time:0.01+3.51 loss_avg:1.6022e-01
INFO: 2024-01-25 12:56:27 epoch:0 dataset: 3/17 step: 132/156 time:0.01+3.50 loss_avg:1.0029e-01
INFO: 2024-01-25 12:56:30 epoch:0 dataset: 3/17 step: 133/156 time:0.01+3.58 loss_avg:1.7131e-01
INFO: 2024-01-25 12:56:34 epoch:0 dataset: 3/17 step: 134/156 time:0.01+3.52 loss_avg:1.4874e-01
INFO: 2024-01-25 12:56:37 epoch:0 dataset: 3/17 step: 135/156 time:0.01+3.54 loss_avg:1.5095e-01
