INFO: Argument batch_size: 8
INFO: Argument code_test: False
INFO: Argument epoch: 2
INFO: Argument feature: False
INFO: Argument local_rank: 0
INFO: Argument num_gpu: 2
INFO: Argument num_workers: 1
INFO: Argument resume_epoch: 1
INFO: Argument resume_path: './../pretrained_models/dmvfn_city.pkl'
INFO: Argument train_dataset: 'hic'
INFO: Argument val_datasets: ['hic']
INFO: 2023-07-12 20:47:04 epoch:1 dataset: 1/17 step: 0/74 time:3.71+18.60 loss_avg:2.0495e-01
INFO: 2023-07-12 20:47:08 epoch:1 dataset: 1/17 step: 1/74 time:0.09+3.48 loss_avg:2.1550e-01
INFO: 2023-07-12 20:47:11 epoch:1 dataset: 1/17 step: 2/74 time:0.10+3.43 loss_avg:2.1495e-01
INFO: 2023-07-12 20:47:15 epoch:1 dataset: 1/17 step: 3/74 time:0.07+3.34 loss_avg:2.2950e-01
INFO: 2023-07-12 20:47:18 epoch:1 dataset: 1/17 step: 4/74 time:0.09+3.48 loss_avg:2.1517e-01
INFO: 2023-07-12 20:47:22 epoch:1 dataset: 1/17 step: 5/74 time:0.09+3.43 loss_avg:2.1084e-01
INFO: 2023-07-12 20:47:25 epoch:1 dataset: 1/17 step: 6/74 time:0.08+3.31 loss_avg:2.2017e-01
INFO: 2023-07-12 20:47:29 epoch:1 dataset: 1/17 step: 7/74 time:0.18+3.22 loss_avg:1.9906e-01
INFO: 2023-07-12 20:47:32 epoch:1 dataset: 1/17 step: 8/74 time:0.00+3.30 loss_avg:1.9682e-01
INFO: 2023-07-12 20:47:35 epoch:1 dataset: 1/17 step: 9/74 time:0.08+3.23 loss_avg:1.8816e-01
